<?xml version="1.0" encoding="UTF-8"?>
<!-- Generated by org.testng.reporters.JUnitReportReporter -->
<testsuite hostname="TINDEL-LW1-0019" failures="0" tests="1" name="com.execute.CreateSite" time="79.735" errors="0" timestamp="2024-03-27T16:38:48 IST" skipped="0">
  <testcase classname="com.execute.CreateSite" name="test" time="79.735"/>
</testsuite> <!-- com.execute.CreateSite -->
