<?xml version="1.0" encoding="UTF-8"?>
<!-- Generated by org.testng.reporters.JUnitReportReporter -->
<testsuite hostname="TINMA2-LW1-0046" failures="0" tests="1" name="com.mass.AddToCart" time="63.509" errors="0" timestamp="2024-02-27T13:23:12 IST" skipped="0">
  <testcase classname="com.mass.AddToCart" name="test" time="63.509"/>
</testsuite> <!-- com.mass.AddToCart -->
