<?xml version="1.0" encoding="UTF-8"?>
<!-- Generated by org.testng.reporters.JUnitReportReporter -->
<testsuite hostname="TINDEL-LW1-0019" failures="0" tests="1" name="com.execute.AddToCart" time="41.253" errors="0" timestamp="2024-03-27T17:38:47 IST" skipped="0">
  <testcase classname="com.execute.AddToCart" name="test" time="41.253"/>
</testsuite> <!-- com.execute.AddToCart -->
