<?xml version="1.0" encoding="UTF-8"?>
<!-- Generated by org.testng.reporters.JUnitReportReporter -->
<testsuite hostname="TINDEL-LW1-0019" failures="0" tests="1" name="com.execute.Audit" time="16.968" errors="1" timestamp="2024-03-27T16:30:25 IST" skipped="0">
  <testcase classname="com.execute.Audit" name="t1" time="16.968">
    <error message="element click intercepted: Element &lt;a _ngcontent-ogo-c566=&quot;&quot; routerlinkactive=&quot;active&quot; class=&quot;context-item mark-active ng-star-inserted&quot; title=&quot;Quality Review&quot; href=&quot;#/ti/room/2096/quality-review&quot; style=&quot;width: 139px;&quot;&gt;...&lt;/a&gt; is not clickable at point (551, 170). Other element would receive the click: &lt;img src=&quot;data:image/png;base64,iVBORw0KGgoAAAANSUhEUgAAA3AAAAB1CAYAAAAPzwP5AAAAAXNSR0IArs4c6QAAAERlWElmTU0AKgAAAAgAAYdpAAQAAAABAAAAGgAAAAAAA6ABAAMAAAABAAEAAKACAAQAAAABAAADcKADAAQAAAABAAAAdQAAAAD85AOjAABAAElEQVR4Aey9CaBlR13gXffe917vWzrdCQkQAtkXkrAoQdEgi8iAH+owjgvujNuo4+eMo6jfOK7MqHwq+Ol84zqOCyqDgogCgiC4MEAgbIEkZCNrdzrpvfu9d++d3+9fVeeee999S3c6i5J6755Ty3+rfy2n/lV16nTWn/+8YXrMpTRsqaHTGdeISe308dTHQo9pYFkNDKlKncn6tCz0P5cEG8yoDQ3TKGxsbmlch93UiXYFBDrqdHJKSj2aG37DA36zcxlrcT50OTS90yONcPCBam8mdfrzaQAkVDN/8P0TJshJRRYkRxze7IAR5dHqlLlora3XExc3CLXQJjNNehsk1MhFpbXjWxRO3rsKwRBtUr6T4BYFfoJ4a6oMp0C2EGs5PUjfNO6VFcHalqJPibyVGP3dbpTVcEgr6M0GbmewWLiYPkuTIq3oxBstI+iHvwujSDMu0yoQWQT0EnBNO83gI3WB17gqdBPReIRaPrUBe8zzmAYe08A/eQ08Eq19Cs9219To1MgKW3skwnprtHddSW6CemogAE7sImqQtPOMPvfE8IX2GTBz4mj/TDFGT6GlGawFujTlsZjHNLCiBkq7zzDthtpu/GutX2PEVmT7KEisA0s7GsUhw5FnDSod1w6DSW7D2Y2ps3iMZNKweIcMRDuYYqEuBoudfh84kIMQpheD0DD8HGQGUTAHwIBljDQzL72FWwxIwTMYaFUOER4Cp7hBNl8fDIcYkFcy7Tr0YIgGbhTI8lRMPqX82qxqhtpx+oNpKb9V5JtEnRpejs9U4Bz5kOV5Gs/V8kh6A1LrrHE5X3Fl8iLN0YaO3k+l68WDfdh1EgR+fdoYhlnArduU0rFDTHzYnogDRrx07GCk284Gcxui4nbmjwICDf6iTQExZDIlDL6Qx0uhm71Fpkgkrd6X5nlJiUTEktiliI+WmH9Coj5aVPaYHP9MNbB8My8ZXq2xlM7jFPa50TVCL571q8lX+tEYX9Qiqjj1bnzxr5abSmK1e0PnQeb7MQOuatqZ/uqqdltRNWnsXuHGIh+mwGqyPUxiPMZmFQ1YTrWRRn3xQqSz3booRy72NiUqJyxzDVprAVwG/2GMDim5mMXoTPENO3Q5M6wELBwjsgwN+3mVIItGx9tfGA06HT5KoLVykBh4as+FYWOig1HTq7PzFkW8zB160ikwtnUHr4OKIzwYgZQxcqASNBTEIsI+v7UIMQJq+YQe8W8lnIxXuUI4ruFfnkh9HlVxA3wkOtHklXAD1yK1Wp5aoCfkncZreQJKvEoml0d+1KeYs1ZxrJDXqEElP1UfuV6nWYwsKtdwsMCvzzwI9+OHU1q/hfsRyhd4DLBul7a2bkMaRlsj7vD9qTO7DpozaWibsz2AF9QpfFe9ndUN+TDmhjO2MyZS5jD8BDoGjzppMrMOvhiC/AI+xBV/Wv4CouRlyq0hMCXtoYiqjSg30BaHKmdopBU/4a1gE9GPimAuzIdWlFXU89Ay/1ynbuV7kAWwXP1diaw47fYi7HJ01lREbeS2fznktnArwzfPsRbYstiRkFMDD69oY36zGrQywdrHxZihxePEnnPL5VPmJa1Feznoz20DTgW1K2XV0hoUV0Efuz+mgTVrIOpVqVy1kdpd1Pg6sFiOYDPJUGgsB/cIx9uxaSjYE3UwVLPfwWcxxvqmFb+yshUyYMVxa2RP48oVNeHAYzvYcFFjS6UZZmWAAWh0soAM3T5pOw4cQNhiGSNJDTRQAkujEP1GpyuIeCR0vQdEieMW8A5u9YTLHkBxgcC9SZzwC1NS2yA5+iSvqxHKg+8x4llYpQ1XH2qVUg2P4TxEgYeT10OUhWXINtqlwPXX8AR4PNnRPDDRxJtnTi2NZfAKGdtP1FvAgtTicbYVrydAPR9ivFkXMeLSIm2KPmKoLLUvKUZWTFgon20psfVYA008DblNOyDDituQSZUw6IBjZW7IluQQVX54mkmMIW1zDv7zwAMTq37SLsZiXh0v6mi3oyoToLlPKK2xqkGU4FM5AaiM8dPvbzUHzRa9JdBBotIRUH+9t/1LMB+iiAlhq2hyI6kdXJMAgXDCWGsi3QC1yD+SbbslRpRgI99D6Kk8o8a0i86EdvgEZVCPazcAaIvCr8BjiXxjsFPwA6EN1M5M5lRjIjTBfCytTWbML1J9AmcCQzNdkSusj/oVc1cBp9yl5a/KV/z2Y02/UPlVmACufU7GjbIo6XFD4S2IYJz7sJoj8tXQi+QTujRlH/IXAaPzXZlM52F9B65qpSpwZdlOWap6XcLSyBUVVEtjCWYhNiX+lEm8FkLIV0VcC/hjMP90NDCtaj1KyloxxsUbj3HwNgCg6aYxtsLPQJFX3nInRwcdfinFNi2I8q5O0HWG39UxB5blnZz8sMoKEGYIjDSHSSOPGJJq55ylkZHxA8azA8gAT1h/DEQrMNi62hE37SnohTSjtEiEbhsoSxw0Hu2XB/NwOeG8RYFl/U3DzSUZJTct+RTH5RpxiokifM3FCVCO5w16mYqrvqx4+RZUhWfFrMOK25AJiIHvgMaKF9saqcvDGYwo6vawbHcEiFU4Vss0rMSFT2xJdtVt4XipreCFD0ZmQVl8X872Fji5jnfYSjkIo06RwOlBw+2VRx+gLcEzBl7yAF4jkTbVWccK4DxbNN3yLA8nVjYQd+SBTDv40trgE+/wRSZLhiUFDUVSMO+5DzHdgKO64o+IDJVhSkS9BZGcyxxVeNT0QqfyaqKNz5HjrLIwI7AH6xujVxkuR5T08WyPA5aRX5PDAlv1kqlXHm1C6qfqW5IZZoTXDlselQMQJhGMUqqkx6WKUOW2AsgUrBxVcScBCmueAdMgTobTJIe1huHVZqc4Vbi1kpiEq6N429JkWiE/YjoNYgpSRClYS9haZ6bocFoWGszSBKegZca06zZ+xcuqqSFBT0T2TLowKIG14+c63uY9nXv0Z21Wk35YjtPKuQq92s8uydMKMtZybvMAfFzKduJ0v/3lw7sCFy1/ujAnFFtzupyOfBC1XAbzWuMLYjuqwkftBE4lB1gBErUJF+AIV8SH+16ZT+Tp4Rbj4eA3UZ6nnOVkucrgFPPM1UlG1q1VcrBa+iroJ51c6/5KBNq9dyPnqC46qHRLV14No1tzFUw4jai6dbHHu2hVCRpu0vQ9HeAw//IA0IEhg9SOWy5NlyYuSFVfBOg8Sc+HnpgAbDHUareat1rmLjY/+JXXn08kfUpD2EGiNB3DBn8DmUqkB6QxxEeBisO/QSBPdZ15MN1l+xnxYOiYrRN2beYTyGNJobSiSv3oskRNYJ18MEpdorU9t+sv/BqGJ8xb5JZrC17oTkCMDTpDjMBpWoLZp+pSB30HlFvUSwyrwQJGkXEac26VJMWDfOL9Nupw5DGYAaMhFpmixjKTEocDuZXSVTfinfyIrZVMnAzYWumqeAfDcKhxZnPAaJNXrMS5Gh6RELdNaUCix2hDQ9rtzAZ+6zDQ9mOsQV3jrjeHYcmhQ4tHQ+W2/2gfoX8yDP/e5p0ZxzZdysP3XkNu+wjYdaOiqAT7gaJc77b1yF+AjdJCeZDQhS6CWg4X+BLgVumVmIA3TvojqMY3La5JPAnPidIr4k7nlBMrSO2Lqo7GcSqUsQgBcIYfxWfD3Iqgk4rC+stxVfviURFyUpTLiEajXtEE4xfwJVzTI3HaBbhms8mU9Fo1TLLuB1kvLRHG0EraWN8zBnAKApV3vZ8UyYKMPlcnszrE8iJk3HhmTgFalnIoGjUvC5CJTSaPh0t5Fb5VhhgDTMRNEa1CUPAIE/WuDTXOyRRjAqz0M02cHlzJUq6g0Riky68mFK9yLqEeFWoCXqjAXQKdGQbT5dIyU6+2u2gzBWu5uvvwGnCjLDw4X87nOA1LaTm9BGQ7se0fJ1NKmydIiW+Dhr8V0fJOUHn4g+3Sfvi5P4QcpxX2Q8Aut5oTI1zfY5uGNVFXotuKrHCxrj4YJ51WhxSk2jRPlnybxjLyRRaEa/KCJ/wg2MuYFvyNN9fM1kfdpEsiPHSVoHEAllU2cWKw0J2j42K1TuMtGqHE+MVAzgGdyHamxuUk6Qdtk3BihAtYffLNsbkc9EOh5lc5oe/g2fSId8DaUGLFg0FwGIKFbUOTsNQCj3vbPZJN8pHk3dZB46csQt0qq7jqdYUHBWZFLvekqkgneJccJZvpB27LXwUwPqJrp3+CTCbB23QlPVb3BKa2GBd5zRmv2e9Q/31HVANm0MfAitUsMFzlOobBw2qZJ0vGABcDyINIuqx0DcqKdVdjTJ4QzPomdPRAtA8umH3Shc4wG3Ty1WXDzHZUBirU/+7G0zASoXd8P3IAA21X1WLbMbSSBw/1WdkL4XOmPfjE7Z2dMOAw8g5xsAqnyHY4AXPoVkylO+5BKsiOP7gR1dkCL1bqurEllLBt2u2erjhamYO8euOdPxgarLIrf04P35g/0Eq0t4ozhj8J1II/ld7Mxl6uSjFOfZoYk5DTYKKgoxCgR6FPxSG9xkvDA2lyRK7zWafEUbek0HUXhHARKvAiAC6dTIvUaLpcoi5njJrq3brfwE8VXpxxZ70dSVvTMscINXT05LqQcSrsxB2wgMzgTWKLYhO3kkf06po81YgTuDd04hlzAogVNMp6qYZq8lrv0fYAbuRZATF0pZJ1Piu9lZ9RuuXojMfnUDTpUgD6c2cVZEqJZv+y1ypLlaIJtzBqmxDGx7ku2kFLIr3KEXd0GsIQESDsPIBurtpFWGlUlwWPUJ74EK/iVqByF520oB94E+kES03Gx6RaS8SlkKOYU2fANQ24EF+rBCNZVvdFprjUgqlh7yqoNRhcnViBEK+6oGcAj/4mLMvc0bXriZ3eo8XlQUJL4EeLYKdEjger51X0EmW9Csy0fKw0TTgpshVHFpPx0+iuFBf4U4gsqYut/LS8S0g3eCsJN0EgcIjzHtsdGYzZqbNsEAO6ViZjtl7DCNigIo6rDBGyTfELo67kyQFEfbDRh4jVjDWCr3DE29/wHwOMIJxlDCp4cygPHiKUIzLf6Kt8AJZIywbZc5cFDnxGBl1F5B7e0T14QTG7yquGP4fvKiZ0WjQTdT/rMa+s+FBE+/WBFgUZSKdcaZZp7qdbpZVFOeW8liNYnxNVLSM465JtgxhlUk82CbZERn/OStbQlWnfM7O2shoduQCnzh2Zv6h54LrCLQmNrByrseNgC6z121hdOxyGnjU/xjNuwdQog+nQbZdA1locm3M4nVKCHd+1k7Htoree5opRh2HZZdVs6Pus6zjJEuPMVcNYpdPvH0kD+GeZyRjpkVcOQ+my1XPo1s0jB2APzGGNRA3TgM6Ac5vT0FMz4aWhOlAWDmoJXsg9UB7zq9z6g1NE4OPOf35u57gMmel7Nbe6wjH89RIpocwaM+2eqUxLyVRHfNvhyncMD9Am662ENoVW9IQXOWqfWsYpJWsBFzqPvOScxoFP6DEM8XlXdC3jTLK7dXccejOs5WI0uN3NGNhODlgnLHc1DM+uB+domPsLRplHHK5j2Udcpr3Wa6HQlEsWbVwTGaaUIUk1vBIPYWo+V4JbLm2SRx5zLQf9UMZP08iJ8DMnI31O5mt1SrRHgSjbWmcDZ9lyIEF2LbaV+5p4Z2bBYvJSxwrR9ieJlfY7Fh1x1t6WC/GIITN5KyURAhjWU2QP4yv8FdtAcVasJZVLuAorXIVvxxX8Js3xUIkLMDvVSToVx+OoTpVbIvypIlzotAfLpWDGOJjpJt7AFCU1UXqqlgoVO5qmwE3n561xOZCvBbfh1wA9fJ6JLOaH16TMD584j25OE2W9BmFX75xXoblc8nLxa5BpBAKRSTqGrcNW0KikcQkUfZGfZR+mhdi0+jwiwyABuMqj4cfD3LYvrqdLyjwGnDL1V7c+Eu92yBg6BjJ+4iZX5KQjT0HiJsU8wIioaKeCEApQgXU5HLiEIjYQInHiMiWhGI2ZNUOsOiAqmEOPY5eHLohzmaavDPHouo6JOsp77jNOvahZLTIttOu91h0UGGVa9BgD2vDnci3eNQlWSU8CSyOn6cs5XQ52EvehCo/4m2NC1Lmh32aboV3YtjTA3NYY2wmRmkFxDJTRW+SClekUBwDlPDlgcEV7uEi8MOoXN2DVKk6PJGy7j+bp4ST4QwYvwrPdMS0w+aIo4jrgRp5s1BEkLQxtZSzvmw4Y8CuNJAbRRuSY+UpdWqF5PlmQjUI+TbDoaZnznE2kEabByl2jzIpSfvEeH6ddxmoiRkIYfp6aiXE5cFsmfUpoARnNU6yWuzVUehu2hsx9tn92XQE03W2cusDTg4zq27s0jNKvj3jjqgudlUAMUAGJHIZ+xYxQgdBf6EzeRQ7Qmi5KRHCXr3qUHrHyqEkRw0XdhKsJQJeoiPESYQwsjXEM9/5xPwlBgsQon97G7Xz+by4tHNgTcYFCPZt16yv3/sDVWT8X4aE2bK+ln7P+hKZkpi6h1436Saz65gXmvBuhn3psvRVsMbbjVoEw/2P1djHkCd2G4OZXfBAsJ0I6r2LGhUAN51QTlro6rJ3EWQqZY4I+3kmaTbgyBabCLkerwZkAWA1vAvykgvEcb2HWNt+KWoN3uRwsRZ0G2eTTumFBVEfCNPiavFxiQ68BnPAE0emUR7ikT4I0DWoiQaSogyPsjJzhaqyh3JaEty+NUBbORLsMdWCMvLKn1B8DtpySLoy2mX1CPiTAmJbLtMXQUIx20qRGbNAXve3WeIiJWCFdG/eh94cOToavOBM5Vdo6bRkkubRIx3YtUCxXXauocoTALfgS+TlzWynrUzT9yOvFsmykOHEJm7bf0JjmGXGYlnpicTTaWvlODPHBQ1f1TMtOSbM9+G2p6LFrry186JmBn7KXbTeMKEuHZqJAdEAotCEfHuPKQCByYGTDLONZCPzyoDCAxvwtDPvXcdcwK9EPVrfSb9NshwvvRp423LhUj1hoqUg+FHRF+FMoWTzXoNfwRPeNPxoWoZMtjyquBKNiGFEjl2bCFGpnrn8ny3Mp2SkxCtTkskmvLJVDY0hZwgCxDTHg7vDLBhiDY9pDl0G3g2MH005u+I5Z6Iptj7WOdzlQJG+D1BiSFe3Sthfb3wxbtpaCvHwnLlpvkME70gW8YgBocYSiuOhBaIPSiS2bnEg54P22YGaGXOGT3wJGlQIQF/imEQ5cjS7kqSM849yS2Xf7ZDHGYpKESR8yk3kxqA9J2ZaZDyoimgNcuvz6h/ex8OPnD/I20i7bNAcLR8BFVk/EdKsladHPoL/uRt6zwyjpH8p4yiFOl/cIF1hdCrkhL78OMmR9qggjoWnfpNFSXWTK9FZcpNmvUZZEZ5oCCiMs/rorSAPR8jTF5KAnFPzVoT+3y4bxTqz01A13D68JJFdj0YHGUZ/tpn2MYuWX7syG7ehhI4ba3RDXWfbOqVF/NOxcyazlE7yzEOK7sil/o8Mwpu4MENeDctAaSVkeMUJO4qVvzt3mKt28NT4IC5Vmt+xG7uNp8fB9IbO49gIzs5sId8OwcxyrjqypWRo84Q+t5EBzDeAm1Hja0fhzLkg1T2twbb4NuGWxAn5QnkZeWU6Ra0jBR70ZnsaysmundZG/Ha4wq90rz4rb8IwIL8RUoEos9FQjK2ZN9F6pFJgK2gKZEhWpUpukWKm10E+Nd0yI0hbalMfS2wlZxqbtF4FzC7HcLD1gbF8r0Ag9RScKcDT+iTYQaZlAAybNh/UUyvF851BkeKKY2sGa6XZcm47pk2mNplACuQ0VToOTjh2rNyta0OEySS8gWpeGfivukfDSeJS7Fui4CGvIxzjCyqGV8rxCZ7cy0Udxaq13LRGXVospQMDXqraSylpkW97CwaKbIF1pClz94yDjoRbR4qUVxIN3aUrEyLohXGm1coy349HlNg630gCSDTDC1kMyWw3Q7M9dWOYmMgOBGGQy0Ir6Ylwml2Fa9OQh/WCSYQLUC87+re0iKM1IL0DRiPHnxJxW8SyYU1lnpSfbGPDp0VVmOXQqr2uhXKVYiW/UMYhNwkrfOH+r8ZrElV8dkOl/1Lkp5T4laorYq2lCFNtYC7UoMJ4tphKOQ3003Eod9NkUqxqBDaSrIQzI8TSEfIJJWKOukIywAdmFUdjUaWM0zFxVoSR41y0gFCyMQYzDOOgkU3LFS+PGVRdLXOzYYhf8KzfvuMicdOawMzB6NKCitOGHwaZxNGB7ZDZogPPZWhurQfuAyEfOi/R6m7bFN+xcpQsuwHcZ5GuUDDAQcyTwti0AYrjPiqUrP/3D2RBTX/YtvU07Ux9DMwxHgclXNTAGvnPn+4PIPsCYkddQg5FVwTkMovkj9+etgMSpv7nNZyRX9Pp+HB083zGc1UgCfuHg3rhn4TrEb2MFim2vwPhtPg3sWT7NIP7i4QdSj88rzMIj0uWrLO5WYDV1HgNnlkNdeujvODIQEWHfhdSIXTzGATEYdj2Ms8XjB1DZIIy1/jH8GroY7w7YoRrwdSItYtBLFFmpD731W+NzEX23O5a6hAdj63TyeQB5Wf311OAoI+KReTH4WA657sknDqpBplj9BV9ecXHygYDlnBnnsUnFtExntzwOCjxCDmJoCqczgjx4izKDWMjPRfkjJfIowHRXnz2RqgzgBb3p4GOx8spcMkaMqcBeCT/jjJGZGmho5IJYCkO+lqMl7li+lmI3MUGj6Gg5eg3wCh5xg++yMKYuL/NyaI0eBGh0AR0YTsrryEEXtWNKuVf4MZrATw1HBaoYQTYuyz37RhAr+IIcl6VkR0ikxeRHZRQpBSf2mo9AG59Hc1cX3lGOgpUr3y2ePkPovR8hVwtxJON0QVZJN9lvTS1x0o//QiBuVhhhC7zpRQ7vS6m0Ywod8NuxS/ie0gg5Fb5T6Oa8mDANLneeI/wqtfQqfDuu0vFeeY7gKqSpky623wROgaplOwa4EoUxwFagytGKeri8U1gvzcEUoCJfwC6fPJaLeOhFmYw41HFPG3CU2tTglqcNOc1v3Xdw0nZFQMsriHOBcY7NkwNCh3zU+/pBYFtAgJsQRqFdLg/+GDTity3pj7TKg/h+eUhn7IAbSSNFf6X7Dtrgii6bQsZw9VbcrD9CAdsGUA46PQEbAhXrFN6lHbxHfIJnYWGu2k55hS+3dlLVzFicgUpenEl6S4BLRFuGaTAxyIFYlcNs6PfZUXnU+zT85eJW47sc3mrxtU3UPns1eNMbWchI5HdKPRDmZPIZ/EX0mSIRfg2deM4I0UgQ/P1+WhhcGkwIFCezgpVbFLBsOe661ZjBcG4JEhWDtoPstsrc5irdHF+ZB5ywYZBplIELiu+WdTSSQoniBPs0nMWQYKXMg4MEJCV/tsDVM+P5y9seqRWRJ4ix0hWfNAh4VwvBYXBuvPhKph5cLeqwfS8MJnGFUY7w59W/IQaOwDFeId4+w22QeQtRDIEirrOe9+GgOXAFj29CLmBsxHZJYnMbh69GlPnmp/FjJmdmWT3EYImTcX3HDqOwx1bNMMQ05DBE5g9hkKkpVxpJt9tyK2LkEcnU1Zzv3mHsDvkcw6zvj/kxdfJn3jSuZsQFLraYEt/DiOthVHY7HEjjdk7KtIvhGcZtYlVMfojYc1XQTzQg7zoM0EVgOzMbCZIIL+tCb/M2YMqKJmUyowGNcaW+Fc5VWvM4j7HZxdicZfVxwAEzC4TjFN+y5bEHrUX1HyuvofHQfUzIRX0haCaiclheer0IhuTeKaMw7Dh5dMAnI2IF2QTcLAaiK5lRNrkGZLzgJ0SH82vUNXVGOaAppmU2t+l01Dubjh68l7pUnwFioNOQR3nJqzFGVpdZj+KCIDiKL96anbRx4hU+tb9psxNkLVRzzrJYIfOY0FLJzokJVLGsa4zfgFiJM1xKcgNV818zBg29ylZhsmwSz3GhauEo5+liUWolYVK/4lS6UtRNpQFcdcJP4tS0qAUINILOKcvBZ4lJLfQDT5lGUZV0xBmIusU9+qQmdRVPCMDFu7wmBFQvyuLIo9TkQnBpXtqcYutko1xpt1On+x/eFbjIeBWkBMbiatoJ3mtGp9IysVRGlS0MClZPgTYVR5TxClzBAqeIZ1wN13STalwBG7tlnAqRG00NiWmM4UixIlgBickwNaWGoWbtBCIqUuAXdgV3JI1wbZdp5Zi2vw0z7pdClmM8fu2htgyrU8o6WDv1z0XI0OjqqpyqmjyWA7ngB62oT4Lz6HAQ0RhhGShWC/RGRwNGRBcCwYVSi7pn91U7LNOtxwzaAiZfxwy8GMLl+mHtDtwsEP7KBrxGviBEwpS4kpRZlYFKHRS0007AL5vGZTGLUDlWmQXJDx3kD7nyALiCV/yxB1+bbgVY4W6ZrfVhM8l3BbIMFLMexfGnWCco2lLyYwIQGFPiUvATi6nEs9whbH34WXtkB8Gor/gytNfsj/whz1hZnIAALe5rwooyi4lGeGochaPOEJffr1TvtBfbnI9+V8mQz9WQOKpfeE92jHJicOA7T6zkaOjlVsZVA6OhncsxThMMgybTivxbiaBrHrpVUYQ0l8TqYYCot6o7YTVYfI9twDtSZiPQXFG3xhsAT13qi5U27vKKMi/pAYNx1uXQk/4R3tWK+hC5DsND+paLPAIPaiG/bVf+pA3nWfUrk0OuwsXKlUYgemPjH2n2W27L9APnWTRpKmdtNx7EAmJsK1TfceAGeV635Yx0/OAeyHdjq98AXcY7XujYu8aJB3Z0NQCtO1JlFdKtnWFgGYEzZYCx6pmfsXWKcNan2bKfKGWmXqANMvHIYT5DJ9xM0++v6G/xOLww0HqsdLrVMWsbEP6Em3ebKYbeDIaUq3/zh/YAu4GF1y2Ej4RBZ9hVu6EnnPIXIpPPqIfoNeqbsvhXtnSG3mhbecxEmWBAxmqiBrm8TaDqzG3eze7Yo/DhNFHyFPLBYAYjVXkHbJ3N70sDj+tGRUIF0JnhkB1XURf8ZqBOEPIddQl5LIvIZyTW9BIAtp1W+VbQZe9L8CokQodiCAtT/SV5IliRTvq+XB+kCooimntUhYgvlwyUA1WwNlCpT22Utj8nU7ZtnDbp6LPaGMv4Gz4KoVDc+a9tLurTcqih5FZizUdE5QAtI1wPPtVvRM1+G6XGZYzRNbeTEhZhAtCoNu2ALHAToIVIqSYktuufdDOauc6Y9gV682SE46BAauiER1AR60pcXakjz0FlygrcQ2PAWRkUZDkX0pTEleAEqbBWkIBVxdVfaDRAOSnvqq5p3AOPy0q84qEmDj0R5CvbpgiI8PHWdjktx9oVSt6sh6jBK2KIzfMo+eGL/Hba8aChk3PmK5CkA7wdn51VzMQxy8dMmrNpfD2HdGCjo8eLi84tZibhzsxkbCUxXumdsbPDLJ2sEtjlB1/z6svwChpygyHfkCOiIi9ZB8CB6zX2VgtTXE6podG9xte7KRkrX1vER0gFKEQai81SjEWtMdDmv0aUBqzihsStPDcAj6in6NFyflAu5zLXAsoIT1Asl9qpxwOMjty//CClNvkQp542g7xa6SsuhRze0B0+0gM27qaYnttMDiFL0IjaG1Ukw5hB8am9tJs80MmgRtd3NoS1bse9YAee6LpGjhyUZ+NI88V8nToIXhCPwa1MjPKW1RXhJjAWV5LKLQ/TzLeD4wwYfYbeZVwe4OXESrot6wqoYxTbOGMJD3cg9C7TrMCQ3zh/oVTTjF2jxEEgY3gNfVFouSZJK7tm4BCGe6U9nc/02Eqp3gvjSr/IK99I4RLVV5n4G8lDPaJvDaPD4YHb7KCRteGzrDwbIi5Tqy3A51itN3lIXZjHLfOosDmlxmVZQzduxfMdKgfB6MJBs0ZAXl3KerHOR3Eon7ITiDZPfNVjpp9zFVubiRj6jhb5yUMqiRAZRqQrcQL4z1+Ig6QRWWXMafHYRbYZjKJFD0gBONog93jPLd7/QgvFIHJdsuczUPoQjF0F9EPq0VNw3do5s24rWyL3CZH1DPAMHxTXqIn3yYhVFLcCalTMrNuMTmb42sGmdFzjQ//6HfBwNa+0XXRneeRMkAKeJmMXHWjYLbIF0ZU4t5GaYVe/epyiKSdXx+z7ZjYYxnA0DH4PvkponufZqugWzxm3uZoXcwhOn2d/zzjyZVwYdqaB18cIc4XOlU7DEI17GI3g+p0/DU/HFOZ7gS2ac7ybZgkssoK2iLG1ntMlzeFx3hW0RFyxs4/PLgos4nPfTV1F5/qDn8m5IIJmyKwcplrYrsxR3zZsczvqPMYx78NhHAcKeVZP6tNwrkN6HOfowGdVeB2riT0OxDm6/07U4ViJ+GCRsQI56GSsUnlK4NTcCqdTQ+xBUjGr5j9UsFZa4pyIOxHiwq5E33oQ/7ndVzGiBRK/km7bfc8k3Kiu5ZQcHtFr48qzLaIiT7oKv5TPOG6lM41GpRn9F/luYEo9z4ow1jZUchD6kWppU5WI2CEMdKIzrgnG8wsyp3oLZdQuGNVcVp6T99XSK3wRMhq6tAPPyOwczOWc1BjuAVMYlFsrNXtVWsvlENcSXZNz11JQ4ibBEa5FVCuOyabU1OjkeBA4I5ZP4fLBzUOJcNrgR1MpMI/wpcPvMEMWjo69wwlcQ7Z9pI07ouPtDOn03RuP6zB71uSPjp0pL2DdfmEadNh+wPRg6myiU5Y3s5ADOuqOWzTYKtN1VpcHhbyHPGwSnbt56DCrOVzkaGcHsZFFJOWuHuyDfWDHYoz3EAScABA8ayGEIOQsbtYBiNLCNXWUlIgqSqoGQoaq15JYgxP3QnIidhRsY7f9I4i1+Squ9zC814Z24lC1zayKWSUSsPpX0oZpFa4Sj9zUQJNeupIoufAHqiVL3qMC4OPuX64BhN2+01AQEKT4GRm1Ck/tlMSvM+ClvhAVg68YDOCnbkUK8RAiTBx1OAZ0wlj3WHWIFYYYzAEIvzx4yXJFOfmQh38ecOTBQDz4rYS4fA3v6OIgKGa7zDiOdtANAajtwRp66iEcvCoRZKrFN97JKlrWqgNOddaNvirroz4sCsGxWyU9FtkKRHqh3Yp+9HlVTFVnKCkHlL/xRbyir5brpdnLGFwLmzA6QseZ+qhvadNu+6scS2kvjZFmplvTcunmUFAtpPMklzkSPg949XvARqxyMkAdxMEiwuS2EN9Ic9IuuORYB7IaLXWFrMRGvZKr9TVONGs/3GknWRahg1isGOX6xrPHOOrxgG2aWVxk5D++Dmel9plkgnGsUOliMlG9WufMknmpQBgI5jGilYN/JxqVO55/0kSmeKfNZxE6UJZo02BmGdARhBfZsliZK7087B+yH7quqkFrjmee7+tpjMWkpsYGNKM84N/3xMs+xojiKDNMgp/PPFb2pKcOZrfsCmPLLZHxTNbI4a/Ls1f4BQ0qJeJ5rcz5/TCeofRJC0f38zvAu3Oc8DjDO3zwjJUj5O25ZXNwnNU95IsPndNnDVmV8n09dNNzwpXn8OIxVtNmNkVZDDCk/M6fq1Dmcf7QfZEn353r8Twf8ImH3qxjB3RAWURukbHLSmJMaGlogqdBFlsyNejUHZNslmlg2H+Jw6qa+Zl1yyenl3ahr8v65WsTm09Pi6z0zrOqmQ1+y6DLtsntbNE8yAqb+pK+LKFX6inUi8t8ck0UqJ+OH9iHGHniIn98nmigN2g8ItMxjUdkyo5yisLLIfNkHnxf0CzYHizTbEQKYxvj1gjQeDKBU3Ctkq1I6mTYQrjdfNv01cFYtkqibRgVcKkto5X1NoGWv8ofeK34trdRP5EZrsEaFY1pgRStKPsn813RCvHol4GJMi1x3trhqeMr6DR9eKFZeYsfemuUl3VlvC7AyUTu93JcvkqBVGkXuObeUk7mAxhKiT4T2BrnvfrxTi2jEEt6IYittXj1Ga2y+UX/pJwCtgtAwgFov6vf9PDkeMMGuTl18+BcK+NBMXN8cDQrtkKO0a8JNlqk1y0DEx13hsjXCk+odPclNSvYggqKKKpQbtKLp+iMVB904XIlEaN5T8B4O0lmzeLbKTx4ujy4hhyJ3OXBPWSfuwNTnaf6xQDUWTI6YA232M4BrgaYs5vxHSBekg5jlc4yBoTmZYgBZk7s1SxcDTcebn6TZ2BHb6fuQw9jzk5fRQ0ZAAfv4zwwOHp5yEM66hn8Okd8eBOGbzy0nCX0IUlHHy+C+50gX1pXOcrKQyI0x4OnnhimHnrI4jKxxeJytz79ITLxDmKChAUUPm7FLSmzmlDTuUtnNSe/YLoM4HI01EXgtvDaUmbJR4k5Z6PwUuxpMeO5DjUs4dqmqb92I5PxSKfQU91IUZmHfAts3PKMde0X4oARUWL21fZF/ePh62rUSOkgSoxZ1WwsUQ+IindQ8fiX26Vw4AEXuNZRZl59ByOOqHZgat0UAzzZxglz0a5y28qDD+q/uNJ1Rdp67CSEd35uBxpQR5VBKJ2D4TyDrM4iQ434AUPhV54FASh4SiQwzB+6cdCAdxgfS8JvXsYcYfuKyegCox7yELhq3SHNMsBjdEeBeIDJhr+QuaDXvI4gT9bXpnRissWguIUesq5BjBYK0NN5CjM9ZSkDq8d6quqOzRvTngPsVmgxyF6vo8g23er3PoLI/pq2lGOOsXwrTL1X2NwOqEO2lWDvdjr99JW0ZVeQ5mYZWFNBov5EHcty2h5FMz7XfQO2Qd5VIzJOYZRaIJKWGXDXn3/jZZHlVKZwceMSDZ82YjtNZcVFdOFsk6W+RzJxrkZ1Oh5ewkoeh2eEgNEvFbrBW3JHSLJ9Vlp4ehin0MxNTPokYxjFINxtoJFZ4GxP0PRZGm7INssZW1FOU4puV2MFPa4LBuHvzG4Jnn0+OK5Sa4sLHhhTyj2znr5iwDOL52RsH3RGEr131jO5iTz9BSY2cb1NPEORZ/HIXvqWA6zOnRGG2LBPJZM2bNfxXl9/zv7rWJphcnSxsy/NbV/H6ZBszVQ+xJ/r8Z4cfV53FjzemVuY4XCSDeDPoEn0sQDubA+e6oosqpuZ9eAizAw6mZndnFfPyE1/fh4D9152fWLQzfguIHrgGW85D/pMAoOrsTjoMTros/LXc2UPPXaOBE6np0a6zBsjk3WNTLjVcd22OXggbMjLeILnfw/5hryjN49+Zua25D5Woxic9eYZXbqiqDHu5wnm1u/EsMNAY0Uxyh3y0o8tmdEYHWN4aEpx5lcRuCByZNyRhH1uKIF46fhzLDRIjDn6/OYIz9umsoGnoTrHCqZG5YCtt1LU1WcdqsjhfCsBhXsUuZXEicZinvyFUkNwS6c6W0s4K2WNLlEVxntNavva6QEzAppIguNEmux0U1hFtzIGXoFAin6tFlAmka+TDIytRMSv/oAmkP9HAphe6lxlJ6jj0HY40AtykK2JNUMZoLlW/NzXjtgFGjimW80qmQaxekLuIkMLKLJbwvEcMT/qxbY5xVnmLXQgIsMBSe9yEq79lBxDny7AGMgaAtERKLLkauHWHEQtaMUXllXJlTzdQbzIariiZoI5XDv5gAdA+KWOQiKv+aVagOxUVGasXvGdGwecvihMp9LdwJYLVsFioOWRy26PcNCpgUNH1/W7OMJpmDkwRqqOcdAPo82YDvEYa4Y9wtcBsN1VfgTTqTnwVQx0EmoBzoF3pDsj6/dwrMhB39ygHDtDbxHC40mC/iAQs1nCkPnu5l0iEMp/rugxHRcdqTTiHYTDpHEqVocXjnnjGmAGpXSgQ2ZPPdHLJ0GeTVEiNIx8Ms8zqerOfGcXKxYK1XITwVZK9uY8jKKnwZObyGvrQoyxJT5845ecSjoE86w26egnGpegAGSYCpnxM/8aN00a8FR+BcloI7qZdC5L0YWbSqY8jQr+6AZwxRtFljjLUUf5B1AmbGxeLdKgwJHpKHHrknUH+BzWUAoAL3gLPjfrn8SlH9vDohujbjsBEH4T7FqQ2zZi/WFVy5l/M+vDNwai1h/+uh4Dzky48NEOY4IDKeIdDCBg5CRC/sYRYLgYsLAKPQyaCEW679YMqY9ZUvBc7TbASoGy2k5zXSRvrjZD2DZZ8ybdyBXtRx3ZzUUelT98AXDClyrPUkSpT7oM3QzCQ4YMp9ofnJNYpr80P8FoKvmlfK0hOmlVf0RMvVSOUxObyEIx6iBUYZpjMhfBMreMYF3tU07rGeA/cPeR9MCRd6V09hemLbOucIFJetSloJIlkJ6+tjzGNbrOpAOvafslbtpNNoHPtU3T+u6A2bY/OpCBAetMh0HnMB1lsuy+GypFMfNq9rhkGlWVqjmpfWeNq/jeJ+MMK1l19OXJQW67H7F9VpoVrt7Fb8skrdoGqlzCSI+2G/PAHC6SNcdd15ZB3pNOOjrpCqssjuh9jkjLuMrTe5WdFZlIq/xNq3Hi6pTXlaUz+Jnmx6qV0zjx1IdbBl1B9LmnfIY1yoQTX/nUkfDea7q7ZfzJ625+pu8sd+WX315+yiVfnX2b+RPWeOHkyYpbxLnDxjxLVxmqk4dySEc8ZdMvbDbSctjJXPGkJx/fI1OO0/mJo+78mf+ap8qn6kw80wxXv3QrPKuCkU/x1IX1Yys/86S+vOuq7uWtHFV203SmVyfNqhPj9MtbXMvoHn613Idp89nDtH5jJx07Qrvi+RKrjbwX2C+vg6gh+3Xb3YDfUldlDMAsMWBtyDbEUvzxmJPFG6cyPWT/I/3RODVzG/HMqXReZGAUO51ajW3lDvpL8IzTBT1p8mtQxp+SATdxKRgZx0CD2yZlwgm4FcFh4L98quwt0m32rejsBd705nG4BCCLbzlU1xbFWOtbrZ0Vpn1vVDA5+Quy+C5whOMW48Q2sv7CsIKNkgseEbbOtbt2DtaOtSxkk8EC4SM7P3ZHAo6QjQMjkrhUZLwRNQLEp9mTFWx0VsCoAmbUcawwvASOyltmgBzcuYWCrQzxUjnbJlyRiu2NDWFgXGFjf3usvHkMrydEOWhk8Co5l/99NyAGvho1SseM05DtCEO2K3Qx2gS0z4nTs5i5izAi9uyQOO0pvsHllscqtoNM5IuBAhRt6HXI4kxh8GDmjP0JzFZibLmdQphifOdhuzqCIHRilheI4OudaAe7oRcNQiqhBqe0u+VEMGfskkYjeY4ZQQfc5NtTzcII9eQu88mKn+Ee8Pm4apUSDOSUHVEqwFJSZ7lh6TG+NDYSDFaXk6pCiCWiCYWnDV2xlt4bHJKarXAt/DpnsBSzHbOUlzGh3zaDNkrxByYXO4t4CE2BWTFqCv0sc07IWsvy5YccetYgcvYbncb2Pnj7zahID0MMXMrd+pVnVp0NHbnY3uUqXXXWBeuwxk4YbNZ9DSZgDMMr2reGnfXJ+hu0IYBo+aV/POrBVTTaRdQHDUBXiz1S3IoBraApIO1Ok69nPHXSdz40GOPhR/48qntI/c+txPpLG7XNLFjfwREWOPOda5iZsWWYU/NiLGHvtpGIFSLEjHuOpI4rT8HRa6hewztxCRkz0ESKfKYUaBtqCd6SiBVYtyRTby0X5dPwRgZXfgKk5rgCl3ARM27jpEZKkgD6q3Syl7iAr2kRyOWG7nNZWPNwUQZ6CkxNRfYtrG7suXFf+uqveVZ6xdf9RPrRn3hd+vAt96Xtm+c4qDDDey3SSiQbd+Fbeoktjq3oTKEV0fYW3RUVRIpR+V1i635etQiaxG+i69zDeHX4GYy4XTPpRd/KcJtx/1Z/O+gvg9lI0toTVBkyH0PWzxzbQOforCLLbMyZqKEy4aKN+izKLup5eDPtrLVRag5LuzIzzRKShj+fObqa3tZMI2kGiRKp9bzCSUujwJ9x7XjTVpLLtMoXb8XtsCJnW3aSp6Mx4V0DBNp+XiG2su4p8Bo68tb4qvn0mcnzs8MqXkwUoUdX2DSE6ucZoDWMOOKF0TCjMHNbwgu9/DkU+HYx5IInRllUlrptFDQnlBLy2vfGZJr9H1EacEGXcYcDQeGG9rsaRhiCHZ6xUb7SUm6dtKhwyMLRJkVzyBbPcfOJk/+Q/DhpLMSQVa7Qj4alfLxJU17qkDhW9LJTJuhQ1zqskNkHd4aWf+47vQZs9Jni53jv1enzMJXsZJYdmzuJd9XUPrmb9u+bSQfu66Y9d/bTu35vQGnwDuTpw7R9w9F05AHGT4TzhH8WOcJmJ8jl8USl3WJPVEjZFqlgFOjcIBvUSY+Pj1FuMr92eBL+ZMLT6I3HTQgBk8j3crIHcqVQcVvhojUKM8TN/XCW3Bh/Qtd7pBCRoU3MOg2KlWwAPbhLpd+Q9JlQmZTIMZlg1+BUJCJ85uqsyk16xIwubToNfCBxKbTqc6K2thH2uC/Ai/HWpiuUYxIJ5p6tUmpDiW1YCJ1+XRGi3Gxda3PR4NcGuhSqCrM0pR2TZSqStRP0y78UgIMwXbuC1aQ2jeyvSjFUH32FXNCx0tkpAufMP6tlujgy3Vl9vtHi6lIMxInXAIoBnQNL4dwKoiRRK6BlvAYULw13+qw0OOCkuNziWLv1kHuB9wHKu21pXZ7JkqJS5opDCJHCgGLg2fF9uYP7GISyyuDg1/faNC7Jgzn0og4CnsFyvG/gSV+kx2qeRmIYdsAWRo1+lL24+t6BD2Vffs9b69CPAyK3WpZVxhFTDToG2ODHsxFZ4zs3DK7d0hmz0L6757dzkDuqo7IrN4aenPMAuZEAuKwHaUa5RNkTR0SPX3wAtIKTJtwoBzlBHauLyBoAUT9qJam4q9wr3UnabTRh5DPpxho/iZHPAMuwte4a7xqqsaXfDJkrz0o58Bs6Oc8EV3RCaVpkXpUSKKGUMkQssnsaWxnzhqy5koBjuvUN4eJxG/CUIoZYrms8zF3psi1puDtR4EChmagQ3wGq9ZkfbSroBR3oug3S7Tfy8M/VOd8FDXxrCzl3YkBjiz9XrHuMht0CpNLcsuuKsseB+y6JhzQMgO2xqmcbto65OycqJ7yGHG4QD3npiic/JmYajSLXgHoS9VRViWpdDR8B8dz+icx5tdk4B0GWEPChL7HBzFERP3nJcFIHDH7hy0Fi9IhsQy3OINFxa+BqovepkW2AMX+IFpdRdASVP3ugmI1YaVfQKAMCUXzyDLbiCOGv+CmnPBmS22GcXEeZxsSOsJSbs+j2FdFHiIuepa8LnUgq4khyggB9FA7Baja2192Rzj337PTc535R2vmLv82k/12pt2UuzSNgiCat4qthosJJy589tNBRn3PSSV1DBdbjwsg7rSqt39BJ936yk857Zje98Ic66ZxLMNpOY0JrJuc3slb1nhUL/0lpq0jt+OpvtAKQ/rabDNc0B+otp7CV3BIawpkorUl61v22K3W/ISZ8xRWu+iudytRwre+19Qlv3LR406qrtGpYmvRLGkThrDsYIwGW+w1Lxp53RFtAw1Ue0+Vr/lxBM424Ds/hoStgpjt8Mg2aEa55E7a66oeWBlGQVxB/btussgsnLQH0F/lNDuNIHhpt8q28LUNwAkYDFRf+tqdEROUkPgxP03XSyVtHM0/oYaxmGU3TIK15MqxBp9OP64Ab+TFc4hodSncyXqRpThnbzgkHCIcxi482tXi8k770a2fTZz46m97ym8fTHZ+eT7vO66dDh0a4tt8ezxcPZvHEzmOcJ5CfwyFkmwH+RlET8SVY9UWwNTxqYCfnSWJyvkl95DyhjZbsSyWZpguhlovPFEZazuGANhJe6qfp83LyKb0GbxcQVszXOMsKWp8nTTMrGSm3MSTzZPwkH+PMY9WQ09orukq8ESJLUa+BXS4xlq3wjZCFOvHlyZRTECLGHAXe29oNuBUlXiWxCjiR7xo9wraQSsgHWQu+USoAFSTDZqAaN6JV0Evra1ZWoiQckNC5uJrmOzUOGB14aqxh5AQHZu4ZEdIH8XgXho4pDBIPBXEwieYdGHq605Atk87kx8voCuDKl6tVGm8+AxROv6sKvLPjILbDC8QOr2P1TVniwQ2wfHlwZKOo5pV4jSBX0zzm2Ce+LwBrcELXQXruZWAkDB2XA6Yu79s5GLUSxACYdxci7OlhlaeoPqhCjcA66OVPrNB5iGY6tJ2twxuFZBDeDpDLXDkJEJEfqy4dv3kTehMeeZV1gKwae64k0ikPGEz7bSK33vliv3Tk62li9VALsIkPIfWOG2+RBvlI4RIVIqCbwVgzLon8xaVC57ukGwLjSRHKlayBDWYhzhRaBT3IVWvIOMq2gS68YgCv34Qap6fENfDi42q43gtKTpx6DU2WFPiD2GQF/XqyaW5T6Nsy5WEths4HZnbEaNg58C74UQ1CRtsEHupyHCnNgKMb73JSRrQJe3RPlhNvyORD1HXf7dRnvaDu6IYaYsHX1V4EsW1BNkRCju6m7bkeceJarP4CO2DLbqwka6xxMEHPlV4nG6xD1CUPJegQrxzW0VgR3kh79N0dJk5iJps20OWgoCFHbwdf4fzBr6dBh4GmINF2lLWqBMmGDILUnXkzn7FSrZEZejGuAEcmCLcdMILlAhUgQrGdOUfXulKJGQuUvHDllgMPxTWLUygbqHJYXm6CJr9hnOWwOxTsaxY93l1jC1313IGA6/ORYg1xv+E1o67ZJrt4eG/0GTO8m9vj8KZF+qoBE1nqs8uHkp0kGtCfDoC1rvX8qDP3gQctSRSly8N76J/VkEX60qNHj6RFy2COvqYoKddnBnVWKJxbK6v+jMmx1jX7u1FY2AflrBMQ8LeOd7X2XJ/SV/+HXnrWi1k13OHkGrrht7hQJKCqjbiXOKNOyJ0o3qmCn0ZnMq4dbvvNYDvc9tfMT4uracvdK47Dm1ri1lddTavxNWzatDjT23Q0rtpOusaJK2ylgXfMmSZcG2YarYpU+RqWZptPG0Y4Xb3rX06GNlyFacsgj7Z8bZritmGnhY3TiTcJGwlrvNSykpRy8syA3M7HLabTz+qnC5/RS3/7p+vSn75uPp3+lE467KsdLcoZgzaoB1FGOar5yRAtlBW9te9tAy0ZM9jHtIWowJWl4ZLejqpgMR4oAdPjOWt4Gs0Cd2puqzMICIWqecRvXM1Ho5925IMQLp6thV08gSujFWjWVbEVQCJp9MRdCunos8lUSY4xUjxz3LKfdVVuk6AZozxrxhJFcAxcaXKXrs8dHpCGatLoHhXA9PwsyTBL4eyZHh4XNT4rQIZVvso8jJJaLQQbgSI7xVhkd6ajGmOCtLOUwznGJh2rYkKoQAYdFrLqGGh5aawx+PTx3TnKBykxRFxVYNQHUYpSg26eAWQMwoCPUtOIw+hD+Nizyj1elKZ3GfDNldhGqDnF4M9BTBxj0BQQfB1QMjPkO2SdDZxAhTRdaSFbGI5+RNQXsWM7BbR5ry5G16abD95T6zDgHXqSJIaglSDy6LtA/rnq5VYz5I/BEIZU18G4Ax57QN4PSvDnq5msPOSDUjpdVtXIW9Vl/xgzeQyiu3wTJ7ZtBmd4Z7VyBzIGUAyWD91D/llNwyjLzo6X9NAVspXYuG1AHwy4Y7VNGGV0oCesg25fjD7iHiMGfOYrysY8sUoX5ZZJB/0WXTnqoMKFwpJcw7gltwCmVdjGQ1wgS6DlKo3QfcYL5KgPlU6UCtGVGPeKV6Mg6UE0IWBNk03113uL9dq8teEvRyBn2OsA/ea6opHsxAMTCOjZlapQlu0hW3ETrKnLpTysIZmTK2/V2IO6xp1tCB5RVoSa7/v4XptlR1lH9xVtS5+GP/RYJYtDfDzxzQ7Obcb8BraRUoi+02ZdCcNMealr1o0BH4Q1vofsHd/BxDDzSO2hJ6ttcnsP8bYHJ2RipRop+dSGddAJGI8ot67lVbtcb3vsZxPfI8LNK7niI7rUUY0M4iNShVJhlD8DmT/LgnDUe5OJMzzNRbTU9ZSyQ/dSCEe+/QujssY9EnfyYrVt5KTMuxxqMMtK/iLfahoscGotZaYh5vbsGfTcp/3ObNgZXL9SDQAAQABJREFUq5qBiWHdx0CeBQ8lEb8haLjCqvGmBrw7QeYW2i6n8Kk3+87hgbsJc4gCRp2l0+UQiAWMvx7baTXYY5XWAxyKZe27mGHYLVAfQ71qFI/1r5ZLjuE67kopjEeeVKiUqQLwv37DEOOtm77rNb101TWcnEg5zx/LMvkMy3UcnGUFMGEyUR7+prlp8BWuqWE1Iu75qB3xfBpNh7G9Lu/aOMvxb8NUSm3YaenCVb7tPLfxKq16b8MZN6mnijsZL2xO85rbbhtm5B/pSyiereFqer0b2ebVjtc/LV9tHP3VTeLW+Mn7JBz9n31qRLfLtg0njSpLm94kTDtt5M/jG/JJ+xrpYpQ+8k3jMUrNQq7E0/7UuTd5OXe9kF70Tb102hnr0m/+2Hzaee4wHT5C/0KH5QFWR/ffG+rP31QUpZSqMyf2r+XZ0pbglPhls4KrOaz3ChritGQaS5+gWbqygjoGWclNH880qat7gmrw5cJ/5VKjpBD+1UmtDaISa5VNjaq8lyN0ImVZuuUlpCZpyLv2SPqVId6rLphVthLMN8tvakJO9hkkzTqZGH1MDDynIeW4VpUAcxrcw7UCN17rQhYHKVmoqirvpaFPwGfI0gzb+UCzcegEmGHJYviEYhgMZCbSI8aBoTO70nWmmNMY43h/4RzoYYR4FLCHwHiUPkMXSoyBgO/UeLJjKRy388TKhVsJHVQS9phfjnOKQV7g1ZUAD/so280Vz4+UOhB0Ntrj+z2goUhLKjK4esAKgZ3i0G+lOIh0tQ6j0rhcmGReXFfQXOVSRvgM4zCHLGZsUXNwzJ9Vpqm0oEYVspPzNEkGs5vZijazka2d0AKcPPOh1jkw0UdnLtv2QYd85m1k0pQ2fF052cj3cxicWcEdkMQ7fw6kCGcj1BTKFV1FVOAqB1EIlvlCz3LBqEzrGIBD13eXGBkCB66D83kG8RrXyJGxJRAZCl4xmM5UR+n6xlsAOEYG9/AfYbC3gK7q4T+OyTfMdhHD1SACAQ+OLjKVvVOvkg0nHsDBG38TX5JJ0g45PK8xNcUFyjBtQv+znh5mmEtuLxVezDCJuE8IRvAYEw/HqV92TGrebVxec5bA5Z1M/3RdhSmhKOsy4ZBPEdMwk34uI/0+qO13YrCMIRjvcCqdK6y2CU8rBS5WpAl7BHbQsF649dA6rbGnMJ6GKqxtzrIVxokTjtiOCRfbre+fHj1MDhyE4GhDMRmhXNZLjEAH+ovzPLSlaT3BcItvX1HXwwClLgnHk10KwMBPvVnXCMZx2R7JjU77RzEMbVfAzG709NdeWsyKC9ien/dgkNC33YV2kSGMOTStSApJvpdsu8zSm8i/cgkYwDmOqy4mZMzbhBPyIXXIEyotmbD8YtWM/qzPihhmVejZ7aMzGFULlqMfk6bMYlsk/VL/KLqnbwyHwH72YeA2VWA0lqPPsm2rf/hFf2d5M5kU72H6TqZGN4ZezxU6aPXjxEN0C50w6DTyotw3RV/tQQrdXt7tkObyNnF1Hx9gJi+xjTZ0rVRR6siR+6Ms6Km8Wm6WlCf+abyl9O0/101Pe+5i4iBBHHU9WNfSrHfTljpP76vtVNyQn76613Fl2/7DLW6juuLKcB4mVDmCY9DocnpgG7bb8XnIt8EGTJpFCqco9nwX23bWposEviuFG8kSQXNDnZFudpW/8SNYWhXvaVm3BkEnyytNc59pWGeW6iLzLVCVD/VoEPIVpkEjY9tWl/8yEprhOH/beHAl/0hUiCgv+Y7thbRnYDqRXmWiH2305VZFt/47abGDu1SYqApfIYe/0rIudOLdgpqmHFmfmU/ux+1TMe95ZiFTsJVyaIcxRn4WZppZf5Xa0rt9/nq6+EO8B3o/cvCk6G5EVna+RP0oY6OQl34u8twuW/NKW4v8KmfVQeVEr0eadKVvHVLvsx36SiaDa94qtPg5bpLOCGLlcmvD4Sf7/QV1OkhXv5jHyfxM+t2fnEmPv2JnemDvPlbjRztLRrJnna1zNwd9+4K7nKb0sSNOD43vRFlO1dhY8Y8FGqEd8011UwgK6q8mNf4WjZZ3jKxt3BrauJa3iVvNEzhQ8V4UpCwrkcpjkuUJ52er5EZUpLkaXSlqIzgpbDetP095m7KMg4dcltV5QQtZoBc2iHKNRJsgTALjoU4dlEaqcXim4PDEXYNzgHIizqnbCZwx/pWcGSl+OwQFjMFQ8DKQE/FlJdVcFG2RzYwDHdnZCTs4TOsZsDEw7TBAjK17Ht3PwC6O5D+KwYLx4iBN9tETyc9tlPwcoMSKlIaY27bY9thhG4+0h8cZSGIAOmtsEfuoMz7e76ifBwDPQa1wi7FKABMy5yMiBrWenQtvLsQpv4NejBRoxwqag2IHKKykDfiejSJ2XHWIWWw4InRsUTSewc+QGfHBIXha6VixC1lcpWOQqdGaP1DM8NcB53E75NxYPA3zzk/cTvizDLqeSHRwokcsg1wH5FYijIj4dlycCOXDWtn9kY858AY80HwxTTiOXmbpjiQGdh4UofQWYQxwLSDCGEhRruJYT/r8jpeHygxptpwOA4jF+zPeAisf8WI5t+DLADDujoiCOPf8ECzIJZ5b44SDT+MM487cmXZsnOV9GfRNGc1yStzeOzAQDvMLmgVuDDcwp1ykL3zFqSA1voZNn0mbzmGASl6t99YDV3QDk4gZEu69nvx7hHLwVj+hmBIW0rB39Vz98iK8c3vaxrHWbtPS0IpjudFp87HqGABRH61LDK4HAsqHl/HzoAJZnGCgzQwYVFtMGiv5eG/qu7CwduJA2f0fxMqvfn642D5LnYyydvBuu5pj0BSrxdDmu4Qdj74+4uqbGFxoO9bl8KsPouTliWIxrgFwhhWxAUYcRRZ50whb1GhUkZYj9ba7aUfq+20hDTlwPNzEto0PMHKiweC7pMCodfMQ/YOH7cRKW8SEAaIhGJMKti/aoAf4yL9O4Mywkq+8bhdUYP+i/aqg4uzGcpclL5yyhs+7cfQBKiHiBc4yBWiLjuHsRumVjpR08tdFXxihGh5BZD7oyvKJaPRK/6Wx2y8fQO7Z58RnR1jtNL/+NYaYaNRT3x+UfFRBjbc8mHd1DODc3/neIRXI71HGJ0mg4YDNzz8sujq37XHRT0lxEQPb73vNbT0z6x55Fg7cE4bcDLsPZvgWldvTF9hGPsv3qrob6YPSE5G76M53MXfsYAWPAesMOyWI9jCcxQNsO/dPeTXOoy7kPKjyWJUVGKc67KsD2YhwoSR8GaZEjt1yPTKK49bDeBuml3znTHraNZhDC7mMoy2MYS0NNJzxzHZYiYysGQsNnxUM/g8vvC3NdC5ht+jjiKW9WHfoY2ccRNf2HqSJp+H4rOpjvOQ6oSxz0Hh72tB7Rtq57hnAdNlscjDdP/96aFxOF72LIs1GnHqb6e60hkIjyyHpqol+vJcVQoLHABkQ04TU52Tfkf67CW/lxNCnkh6WLLC7KQsqDs+YxaHPOd8RH9HVQJ0h/+HI36KfFIj0uTAWcl6IKAzlpDGhMaUORi7L1sWImiMfffmzxXmR51a3Q92MP/ojROl12RkTOaWaIZNjiRzupEPzb0vre1em09Y9DTyeGYMD6f5jbwZmU9pAvsKIi0zLjwmEDivF9PNOPC1y9IbymUENzDmMKV1fA11jDj72/zOeIons1j/HFpn3fJRVr3M+/M8hj8K38zfKqdTlcXjxbWnz3PPT9tlLiOGYkcW70/75N6P/q8kdbSCGpfboTMZQZ6yXuW8Xukve70iHFj7MZOZzCPtsLc8HaKuzY4sfg8aetGPdy8nLFp4Rx6F/HROH7wbnueAohjg6jiXp0G516qeR3RzmPGq4DtCFvAM5gJe/5K6SmsVE5NX/ghHMTbPpXX/Yj5W4xUPBJJhlH3mijjAmpnvieUN/7vuxuY4AUcGXZ/fPJ8WCmXBm3191bX+NW+5ubTkZF+NwEKOe5Mqy5mJoG2XL8a4wkZeWiC1vRqUiteMq3hjdlRTiwAg3CVLDbdrCuQNQA87WPZlmerh4oEqhUinx3owCUZAq+doMuBaNk/Xa6MacHa+/cDEkjIdQAxNC5s4suqsALXD4K72wtukwI9kOlw90xmoAWRx2GRySlr+ZwtYq3sHykJKuh4vQWbj6oFgDZ415+A8dZDAwCPUw0OgzwIyPZ6NwH4Lxvg84bmHsMBNvB81IhAEwxp4rdW4Ri++x8X0VjL48qHPrlSsO0FjPjJ188MfgGZrxfhDv3JgBZ5i70OlCL28RYgDq4JoBVP3+VbxnFKtRVISab2Tyo58OUEBAFgxOtjM5cHW73IBTLJmqCp4OXP2kwTEMp2/+tqelrZs99YkZbHNtBfM7PuSsy2ya9FV08OEBb0cfKwTog1EXeSHPapAaFbiLbDUDPmYMY9Say8WtVhAJWB+yfti0FBh4zNDHdkmjMoyy6CybHJNTIrKJtcOXN81BQ7tB1bOaA4YHyfs/eGN6/033pu2beB8KlH37FtKXv/CSdO45Z6Juy00JTp2zrvYwzo4cmU9vfddH0wOLfLzVLITwmY/G2wMHF9LXfv0z047tmzkpss9KHB+PBTaMD2SKLYp0HrkRk5dcTFkFDMqvu/6O9O6P3My3sThpktgYCFhvhYCfeY2JAAPQj4M/Is4tt7nM4gRHt68CbacTg31gg5aDDL8hiI7ytmSNG2ZfXdGqKjNfrqbIDXi/KdiP2VEHBMpMe6Dt9DDkF5FfmJktp8eWu7wVk3rHQHtRY0BDQxB+AwbwDsIj05Bxq2+s0ro1WD7icJCFg6DcITNkok/w0JE+A39XemLLsh+qBVY92LZ7fCPJduzgyzzERAhcPCxFvk6a2D79BlYfQyNWeTAEe2yp9uO2GoCuzrv9T+NnkS3VsYKP7GMHs8A/8iMv/Tg7dAezdeBpuTqgUn6fETEXRl6FNM4S9ZfblHFZN4KEboq+xMgDM6GRI4ihd1bQpJBX1uz6WCFhcGOT1bAKg9dtp+g5DAjKOtp4YMkFCZ084j1X53j8rhbL57KLPCzSP6q/zixc7VvJm3EztPN4X5F6saj+7Tvpm3rsYHA1rm8/Zf2jXPyg8rzvy9GfOVEw4D3KLsbggtus2SmwyH248ezgmQYeLEElEp9dAfb/Cwfvpt9nlYR+urNlNxKTB8tC/dEvLjC5lj+0TP/HZJvfkgoY+fPnyiLQ2Y8PBpnXMtfcFkGjLBbmgV3XTV/4EvLPN7/686Tmol4GexRtX9kfHErruxekr7jk5xgQb81lWMp4ET3tPXxL+uCdf5DuPPQGvkl2vgWQjg/uTC+78I3pzC3n0p7s62EYInMhz39x/c+mOw6/HmPjPAb016ardv96uvJxL06b12EkQbtPW7/74A+l9932K2nfsfemuZknxArLhpmL0ldc/Bp2JfB9UXUcGXE9tpeO8J20P/nEt2CIHMKguTm95IK/Trs3P5F3Ea3bEIWwnw7Zf/TO9LF7/jJ9at+Pk58vxjh4S3ruE9+aLj3jueAupvfd8jvpo3u/J22cfV7gaKA+ffdvpM8/52ugQH9251vT++74Wkj20hW7Xpe+4Elfk45HX2IJUR3I6By7Rj5179+nv7r5mrR17kuhyzMmqFGGyLw4uCe9+ILXptO3PJk6tZj+5qZfSZ9+4OfRx9OR98700gv/OO1Edk/mffsNr0m3Hfxt8nwh4cP87klXn/X76cJdz0lb+O6ZevUTFvuOfDZ9+K43QudVaWPv+UTTN8Fz2JlPL73gN9Kuzeek+4/cmf7sU9+BUaThcEt64uZvTC88//vj+3Gfvvfd6R23fCmG9PPJWyd95SW/geG1PWiH8Fz6GEf7jtyRrr3zj9Jth34bI+4S8ju54qemySfl4zmN1zzhTen8XV+Q1vMtORv1PLq6dd+16b23/0xaGO6PlcOjix9K5279/vSC878Xme2AcaW+HJs/kG7b/+H0j3f+bJRPL1bc6De4axxesP2nqDtfib6eQOnk/vzg/P3phnv/Nn3wnh8nLzvhsTEt9PembXOXpy+/6OepT0x8obNcL+iP4MVjhUnTden6e/8m9LBx5oWIYH9ru1vZWb3oVli8H6ZrvooTKn+f7/b5PjRtfFAGwVE34BnvRxF3lIPUIq/RPxYOACmHsPmyMt/HUh+EBsqYJbqGQmaa3iOuxca2caIuqsAySG16UrYmRAuwIpSwlcLQEs4RwWVJQqDGZZSUfcrSPEHwL5sdZxlwqz0rQv4sqhbIKq5kahWosWQbp1KEAdCkKHkJxIhEf5YiBGriGgTANbNwPovUcFFq7QSCoLOqJHXcFsgD21UDW3YMzBw88L5GXtnigYwmfVcmwkEwCxSrddJg4BXOjobOr4tMvptVvjgZA7QYfNEhLjLjrnHkYMMHqB8I9Tj96A2U05nmMsg13w74dD5YY682A0MPYwjDjBz4rkeHlT17th4DkKFbCllZiIEKqMNjeZASRidbu2IwIk1gYjCHoReHNUgfeVyB88Pb/agNDvIQApl6rNg5YD90/2L64f/43enJ557FDHH7PbOgpqAhr5coJcvHfES4lluucAFYy4ZAbSBRdchPHdwIF82iwGYOpMIrUwxKJ34JRhVNSiPZa2z7btbs/P/Lf31tev/7fjltu+TSNMfW0X03vTO98lv+U3rxi78kHT+eDd423sn7s0zmfZZB71137Ukf+/i3pztueyDt3DDHAqQFTPEg1za2tD5w01+nf/8Dr0tXXXk5ZcPgjP1XG1ltML1POWhc9ilvs63uam59p21u3br033/9d9O73/ZNaceZX5buOcDJjAi+awtbpMqDK5ewePDlajvdd5hhAcaRq4KnbWKFyro7oD4zgy+kf0f4kOr+oxjgDuytXzhXMI/OD3iwM1kgrFmlDfqOmVtVdm1hltcVxSN8ANZ34uBlh+aKmNuEu2xX5ZHLQIF42oQFE/khX66yLPIOnAbFBr7vtW1jL913YB91mrYFkd3bMBoptz3HZApNaMy4nZLgjh68qPt7yX+ire7aTJ52MONum/Z9TPqKge9wotR59L8PA9CB/S5OMHQLbWcds8ZM9gxc+kP3bv88ik72Y3zTs6Vd29bzPhjGAUbcgNPYhuD0+Y7TcSY1DmFsW8fsF3ps35whH33fGzt2fzpjGwYfW/7uO8w7nxg1CAlt+LndkNUiy9RtvNs2M/gCv48+ZuF7jHpw4KhbYwdpx/pu2kK9iU+ORN3P5SgtP6576NDhdO+h4wz2Utq98zTkYVJg/wNp2wwSbtrK15kwREM86hHGaM8Dh+CzhW2767ZuTnczkaGhu2MDYY7q7zsQhE9nPX0cMvm+2f7hxnSIB46Gubg9ymcGAytnm7xhRPTYluoQu8+OBycfwqB1ssbiKuVsffHD1gvMjMdWauAH1JsZV/8AE59iDfi8zRJ0J4Sc2ApDHmNBgih8OLD+4MfIkZcrs07edTkZt6+Rxsp6zwks+tY5jDrpODFhv7/owSnAaDiGrNTnakRHoeRKGbwUXxdR2ZuvJMzxnaq9n0rp5RxactqZrCCykBVdcGS6DbySH11T3zbMbmMQzkpi2/HR6i3rT09nbb0o/dkn59M9R9+Z1vWeAPVF4MkXepuLb39VKTNyvPfKNsSjrJ5cseun0zVP+daGqgdIzVCPzzntSo5n/+n0hk+8EoMQQ5kcMq0C3S1BNyNUuvYePjcoi6iDxzDANmf+yNB2m9ftSGdvvyTN3LA+ffy+VzNp9ZR054Fr05Vnv4g1oHXpvNOuTh/ZayHnB7114tzTPo92SHul8O84+CH6rvOp+9excreB/gTDnF921CvrJkqe61F2ETkqGQfsGh5HBx9Pn77v3enxOy4JiMsf99J04/7X0q4+lS7a+X3prO0XRvyd+29Ltx74GVarrqGK2l8dxDD9o/Sk067K7MrVfSBnbbsoPW7rD6Ydtz4RY+fryT8GiB+thv16ykIZ1V3smImJS9/JnU0b5/I4Yx19hdU1Ok30uJEtwOsmy5u2GuW97cL0559M6fZDf4heNEKt99WZ/3Xk5e3p+U9+R7r0zOdFQh1/bWRy7eIzr2Fb/s70phu+AvFYbWfldBYc68zI5TJQvtM2Pz5tW39W+nPge73zeC7Qr7AKefXZf5iedc5Xj1CKbycG/s4n/Wv0cWF6yw3fgO7yNsuoP0xKz1I20U5brUb52uUW4wDHaEuoT4+wXbnx48xzhumlrHa/+Vfn02nnslOebqC6TUwK+l7ccXZ6xIov9cFanWXhRr9hv2Kf1mdiKbu1SlDAH7str4Foily8x0NxedDJlDqOnIyfFo4SC16TtWwcutKMZmdSkck+JGTkFhPW42g5VOUvfKaBjMfxbK/0SYjJg2VxSfA/BlAtKsWoa8WMeVc24MylvxN0tUMdQwsFIWH0WDXFDNppFyaRh9yAHTA6ULJzc9AVjQ7YoB1PdBqdBwzwTkU80I/RofuOCzNovlsFKfAYZDobeJi94A60HHgyiPSleQ8D8b2r2LrGgz7evaiDiyJezKozk+57cDG4kBaU3bITx5aXQxqiaBic9fzAdRQA3MmTs5oahzl3xPkuyYCj9ZF/cJzBm9kz//SbMdAAx0I278rPaAMAH5DOXAFHZYhBBvnIx/lDm62XxmuUugWtxyDKAZN+cYNO5AcdxhYnaKtvtvXMcWKbK0IevQtwQH2uXFRBz22fKp8yqw1tlsGzBu6GDej+IXLr11FnGTRFuSNInOoHLw00Kkhw3bRpQ/rEJ29Ib/jjN6fP3HpbuvKKC9PFF16QLr7korRr9y7kGx8ktUU9foxBBAMv24o14DDbWW++7q/aIEv9W65OO3evT/ftX0z3f+ZvSXf75qQ7M519yeXpIIaEg9sZ9Hfbx68H6My087xN6bjPP/Jgu5vH8Nq6YTbd8rH3EXk4nXHZl6dDcTiJEwwYUXw6Y8iTdrj/cDqOYTA7R3thS51tLjvaKgYlVg0Dlm6677Yj6T4naZ70eDZjUeeZ5PjMdW8DdFd6wsVXpHvIMmvNtOc5Bjyz6faPfDDInHHJ09Ne0vZf++ZCd9pta9r99JelY/vvRt6/BiC32KWQL05nXbEp3Xl8MR247m9IPoOf5XArv+JOf1k65/GddM+xYww6aWt+loT+y7IwHzd+5C8BfFF6wtO3Y9Q+EMaZ2zJnWAU7sv+edPqmYbr9xkNpz/w9wNGO022F8PnprKc9I204el+685OfJu4Wfo/nJwzbmBvnQHRdOvOC09LdhzD6PnQLuwwvSE/Yvi3dft0H2Ah9JO2+6svCAHJFS8PF+QM/gH37zUwo3ff+tOPcCymHTrrpH2+E1l5+N/DTnc3vjvCldGE666qr0oH9bG2zP6PcLHdX1OxjXYW0X4oBfqzkogaMKlf/+hyA4lYmJ9vcNqmL1dCo+7mfI5HX6Tbx7hhl7kOQtIXYqUDfZ/mQHn1obAmj/7JO+a5Rnx0EDBZjVd/6o8PYCwMOWn2M5Dn60phgYEWWhwKrdGx3cwKNfr7HQM7Stz91i2d8t9J82AfDw+0/po+9oiCP4uqkyAVX0a7dlxezFSSKZPtezQkXgExq8CzT7Tl0a/rgHX9EfVqXnrLzi9KTdjyVgf7mdNWZX5fedOPrMNTPDRxX63WHju9Lf3vzf2PViZVMnw3E7Tv2Qba7nYkRdFO68PQvCjifQ+/5zO+kzx78e1aFXpV2bmTQvmF3uui0r07/cNfXYZA8B9wqx/q05+At6b23/gqGEls1oTDPbo3+wK2N9meupNOn4Y7O70//cNvvMSF0JD1h21XpojOeEwbAFWe9NH3y/l9F/49Ltxz4YyYxXpF2bno8q2LnsjXx5Wy1vB06nDS44RtZyXtS0DLvnz34OxiGl7Nr5LrodyKBy3V3/UW6Ye87MbZcUaaNz9/BStgzgOF53tK32/M2zHxJ+tjeH02X7X5B2r31PAzgC9KTtvyb9Ml9/ylduvtFQdIV4Q/c8fugcnAO/cghDKIXnvv2MN4kd+DYvemGPe9LRxcOoasnsMr1LNrv+nQ1K4UPHL2dlbhfQpbLwc/Gv0Rj1Smkg4LPcPRkOUU9Q/9RJeJivOOLTaza3ZX+92f/IOrOk0/7gvTknU8PPled9S/TzddjXA7Ph8cog64cu2q7ee7FGL5Pky3G3KH01k/9V+rMTHreed+DXFsxXi9KT9j8tawu/gn504ijv1QG5Lppzz+kD971P9JpGy5Jzzj7X6btG88k31emJ239xnTLwf+FLPPpwh0/3RhvC0yS3LDn72MVUmM1r06eziTAVemLnvia9PabX0j9eQFlekf6i0/9TOhhy+wZ6TlPfiX94KZ0+/0fTf9w+/8PzO50cOFOViE/L5dbSH8iF0aGvUG66Om99GZGjPpjjBg6VeW5b8hxRvpTd/pordTZ9UywzWA4H95/Z+BG4j+hi3kb5cs+95EV3rFUaBg56rjqRCVaC150rTDy3nbtYC7pnFrjjavxtMjwR1qJrHBjNM3TtIQ2UMtfu/0aFYce1sCUu2Vmm1aEhs0qxptk6mhpCsmTiAopshbsGNquKts4G06IqqRtgw7UEJ6LpyfavUnNrYqdzTtI1DADk3dXYrugq28OhK3AzAClWY0WB4gg2TE5E8gqXLyrQ+fIIz4GG74v5rYrj8yP4mOAEasKPOBdBetCT7oDOkG3RMa7GwwYQzoGJ5LXgHIGuM8R2DYgt5M5o+7srvnrQz+2D7HFCq4hh4bjIqc8xil4GFehg9ATFL1X2RkkqJdFjTxw6G2znOYeXs5uzzCL76zYkI7Ho7k7rKxFfkmfZXDswQvKYOeMN/A06hx4xEw2tOIUQikTp7Hpqk528ss8ldH8+Oe/peoAPBopeOrPW6QXn3B6rQ7ec8XPUMEMACt0xgFGpxBjTn4ZOegESIHJtT3YeAlUeYXLOOFt4ggJRHiOd690gzKoRhsmRlyOz0j5g+OdWJ1sEic8OQcj3Inkqo24d6lzrqTE6iuDxuykoC4zDUW8nxWeJzzl89Nf/eXfpMsvvyR95Vf9i3TgwIF03Uc+mn7rt16fXv+GD6WXvvSi9HnPfBq/K9Pjzz4bQ5x6AMn9Bw4CeyjdfsfdkH9KbLtcpFwv3j2bfvONH0qn7+IdEPYrLjKwtazXraNuUz/cnvmTP/kL6ff+59vTS1/2zPRjP/JL6bQd+b0FZ6McbOy7f19685vfmn7iP/9i2nn+ldSjAR9R3pve+743pLe/8+/Sf/6xn01PvPjydP9RJlBIc8Xvto+/I/3RH7+RraDb0wte8LL0uAufkY4cW0gbMGDv/vQD6du+7fPS937vt6ef+4XXpN/9/U+lM87byvbSMiFh26Jeb2BFcc+N+9Mrvunz0jd/0zemn/rZX07vvJZB/74D6a/f9Z50/fU3pu/+zm9J51/5onTrngPpNL5VdPtH3pt+53/8FnnrpVe84kfTs17wvPT//cl1adtWTkWErgauRvoMK0+z6O7WWz+bnnvNj7PStjf96Z/+ebr0sovIg7XTcqG9oYNZ6s1b//I98Pq+9Kxnf0F69R+8L5119uOAQz9UmcMYo7fccnt681vel379v70lPf7C7WnPYbbIUr/cmrmZFcE7P/3Z9K53/W265fZ70zd/w6vTOZduTfccPEa9mOOV0X7avWV9uvWj70nPfeGL0g/9h3+bzj/vXPizKerQofSOd/xd+r+//08JX59++bU/nF76khen+Vg573LmyyFWXjEUGaxtWL8uvec9f59e8fUvT8941kvSa17/c+kNf/ZX6Zd+/tXpV37ll9Kll16Wrnn5q9Pux7PDgLpgLrexonf7B+9Jr/p/viz9Xy/5sfTd3/cT6QP/eHd64xtflS67/LLoJ+LUxMgLBvX6DelNb3ln+t7vfl16wqU7WBVl5YqBUI+VrkX6HIZQ0Xe53dWttRps1n9YQcv6YU+cdauh5WEnbnt0+2a0RQaH84fuBS/3z5FGf2z/Nrv1DF7TvQtsSse+ke9Y0Uqjs4ktfnffmfoMPmPghlGq4bbIit4c22gX6TfkXVcEPdFyHlqJleUZ+17ozzNhZ/86t2k3W2/PAN5twvahtBvy5idaXLXLH56Hnnilg6KZcKR5l3reSTt22U+Tx9p55W4FeVdxwqkaXEU9tnAwXbfnByN864GXpq/f+noGwRti+6MrUuQIaDWSnYbA9ftelah+UTfdpr157gt5jnpYzNnUe+oKTjaHF/amT+//7+noJ25JZ2y6OvKy//jtGDxXU47qf+SOsUX+Q3t/Pm3mUcjrR7HCu4l3nrKrfRpzh5Tx9ff9GoP3j6brsP/P3HJbbLdbh2G9qXceq3sHWQm8Nn12/8fDgNvEtsFztj6fbZQ/hV7vT0/a9W/DQJXurfdfC/xtaX3nqhC46sS0ew7fkD6w5xfSdudICG+evZgVOsrMUCijKJKAfcGAj1Vfe+eb0gu2/DvCM+nCnS9Ejn2spJ0vuXTb/R9PNz7wE6xEfxnG4h3pzI3fnC7Y9exIO4xR/Gef+Hfp7qN/AI/82vazDv1a+qKnfFvQfupZL0s3PPBf4JT/xgsxPyOzlKNyrdJFQYTAuQQX2JL8kT0/EDE3PvDM9K3b38WO3E2U93Z0fj6509DLsAonHevpbI8DfayEONvgwfnPpFsO/R6G7afStnUXROz9xz8Z7x8eH/iM0GU6B+f3pZsO/Gq6nrmgjTPb0rPPfQV1oZt2bbyMlcqfBOf8dOVZXxUYtoX33vzb6R/u/g7qCc2HZvjJPa9gC+j/mzaxxfR8dPaRe74hPXCcd+V4R+62g2/A2L8+nb7+a5Hz24LGUer0Dftfl7bOsiKKkTUT78lZiqN8BeCqF9ogaDvPoo/e2fFcLIw49EGc9eDowXvhqc7tcXJ/J0n7gagn8Fukn3F1zn5eLEtw5Nrjm1HsSfmCrBf4yOoUudr/nLjuHpwAZiFriqueHOA+0uAIZsSrHZfHhhU9E5immgpXqTQwlWdNmLibHPzsOCjfKOPSiRhfPw0wQrO8x4nGWHcEsMQXskA7l4O4Gd/qFLUnxnchRQt3FI7FqSVcW6AreGl+KzjlCOlWgKlJVe4GvvEERGQpGkhRKI+TaFmmtnrlmq2hBx7wlOiylSWx7SVON4uVKIZEbJNy+1WoGivV6uLBIW6hdLtCPeZcnvGgxaDxEJAYqvu+hluXoBUHNVgzeCB7cya5Dix8WX5AbzATB4NorNH4rZjMWucDB+gh4OeHvB0kRAfBNse+Wxqlg2E141bHcBQuGXMFzAF8nxXBnHeesHQsbheK7VQMghzMDBlQ9xl0+E6N6ZaBgwaNTPPkqVYeUCINZ9+cTe5B205Jp16M89j0vG3AzEGHQbtbnnjLHh34EMjw5uvt73hP+o1f/5/prLN2M6CvHZ3pMqeKsacdJRbquYE6GOvwjkDWB8kBi5Eyw1ZQZBFbeauzXIYc/R1bxhh4UKgZAOUPmc31PZhcSCSFyBzC0oFvdLwOmihz80wZgwCI2xwxhNkKUl3UiSxJ8FZDbu07Rtmccebu9CM/9F15dS10JxY6tfCzKhqBfRDedNMt6Ud+9NVp1+lbUZ2PxOIiYzVnTWxNHbvPYLTt2Xt/etnLXpz+9Ve/LKdFfTeD0uSvKTe2vGH43HTdu9KWLd+Trrnm2Q2tq69+ZnrlK785/eIv3YdcN2J03JZuvOHG9PGPfixt3rKFPG1NF1zwlPQFz35muukznwHvU2n93Lnknr3/x4fpxhtvTPft3ZMOHjyYnvGMZ6TdrOK99S//Km1czwQAdf3+/a7k8MDeuTVddunF6brrPpruvPMujEPeo6M+nHX2WelHf+QHSbsk/at/9RXp/CteyGvs96VLLj4fI+rT4N6DcXwFC3dDdhzy0P7svvTCL/2q9KIvfQF52ZS+53v+TXrta/9XevxFTyp6vDlt3XpNehIraju2s42HLYIOPWLMiz5cHbKtzHTyIP2sx+1KT73sYt7rA8p3jHjH5fJLL0xfcs1z0kc/8rH0a7/2W+kpT30WBgPb/XhH5GLkinrC6tHikaemm2++DX6b04GDR9Lz+OjzUU62/Lu/ez+HvWxLd9zJBMjZ1KM7Ppye+tTLMFg76doPfzRt4DAM2487AOY4GGnvfRiX6fS0nvebrrzicvDuSjfd/FlWB5wM6aP/89IvP/9L0lOefAbbk/9jOuey56QDDE62zXXTLR/4cPqhH/kuyvQL0969+9Nlz/rD9Klbb09bNpN36vDpjIQ+8/6Ppx/64R9Ir3rVv0933703fey6j1HvjqXTTj8jfed3fEP64i9+dnr6074s3XvP3vSZm2+P00bX0U8+77mfn6699rp0+2fvTlu37Uh33b0POdkKSt274opL0z/+4/8mvIV6cQt16FvSD7/yOelnf+Zt6ZynbWOHeT9t0vhLH05f8/LXorNB+sDfv4nw09HFpbEN7EPXfjht2sS2S/on+8x11Jl772H1Ch7WDVfSevQ31rUBJ4hq8OCLFTQn2uzLooGhy1gJY8CUy5msY4S52hVNynYALU/BldcsW10Xj9JXCgMF+9C+E2i0nzh0Jt69433Hpv3TJzOatI+eoa9aYHJNY8L3YhbpCwfwsdXGVl6lpQ/13UeFmYfPHFvH4qApV98Iz6xnEgOZFo5z4AXvCPY4AdP35oyL7fHQXuS9aSfy7EI0lP4Pee8Br2lRHf6f977vbdv7LmxhWZbemwiiFAFF0SSWWJNoiCVRA7FHYrpJ1EQS0fizayzRGCtYIiIoKIp0kM4uS93e7+7t9//9nnmeW7YAJvn9PsnnP7vvfZ93nilnzsycOWfOmTPbHm6Lk14GEzwFZoG7QnOqU+eTDjZ0l6DwMaX9cPA6PZbPOC+1KibxDNogZqN5dm9cHjUcpy35Js3CNJLxt67n/rhn06d5Xsg0Wxnr0WrNnbyU2c7F4ge+KQ6de0bct/4nMO/vx0z6kZjaeRI4m0zZcPOEwpjg77NrXpy3/5dg5stRhVWbf4ZJ37fQyO1LKiltHRoIAcvJNyn2mXRWdFcmgwomOwYfSAGio3VQ3Lfxcs7Bnc4Yw3xzxrEIqQ8hcO7Lc9Ei9aPBW7HphwgmR4ByhfSspq4kDpx5KgKAAhVmyWjdbl/35djJeTZNJnO8jYNIrVx36+lx16a3xJFb0aRj/rh45uExc/KFwKkGazBuXq2W8wDy4tRl+OZYCA3ucGOYcP/6n8dahLc5Xb/B5uiOmIwUd+u6i+LIBc9FOIWGdS+IGZ3Pxlx5BfW70TyGjQKLpciBEHIwjz3mE8nrHM6f6a3j0GpPimXTX0hflE3HnWi3+4fvRcu4f/btWA7Pfk2LbX03YGa9LrqmTgP/U+PFR3w4Htj4GkxHr6T//9xhiyD/DOYrm9qah44Lzhcs1DHNfjHmrseMvtna/xjjGJP07qfHrOrMqePntvVvi9ldai5xTwOvs3rn52LFxlfGkfuekxq2faecjHnvv7BxxW+cr+iJtLPJfKoa6abgJJbxLsxBh0a8J9RNiBoDo9U/4YMbS9KS7imNOOTIRtx2fTPmLp6D5p5NIPms5J9oACH7xCpI38IrsTxTP7RpEJ7Ii7/lsUaDfVSFkq/0aEaPvvOhKrBO/HjfEzM/Xsr/ue+yi0o/Sdtq2jAe4FH0jI+sn6Xd+VxS+av8plscoAYipCbGS1d3DclL+84P7/eQZAJcvvejfwbzjE9f1UhsHeq31Tdfe4KhTu13pqwIfeKDMVcrRwrjb5q63DrnWPl1zK/2XVry+ALc7q17/DoyfSl494QCXArMRtpZ5X/u5udEs3NdHNUmKbSZhsPurPo8w7CLSeOcaDBgqXFiwR/x4lwPsBMaEJO8D4rCPVPjXq/nYkYqdWQTs5whNFEeXLccha0cOJatgMTv7LEUlgrM/k38U7dpdWSgi2tNghTysnNMJLFQ0OPTBtOWZ+6E1zJJlYIdxHMYoS/vhAO2JkyCjkV0AKE2b6hBO6zHOiFyCoYtzJF0CqCZkRff8oDpJIIYzJHaRYVGtYQpYFkXYLg7nYyO8T5jLO6kGJSoDVLHZsoRtips3LA1vvrVT0csPS/iARjVyTDCPZrwrKmT8L0AiotWU55aWidlH3ywel+XBYPTmgtvJxDE2XQ5GzP0wOzA9vOCD4tsY37ZxkVrU+rx27Rmkp2fDRyaYvG7h0o9XzAThquP326DYvJG40izkC/KtFhVjPQdK1opQ/uwyTxv3BlnnsPupdTeQDWNNtqiEGkYnaXVe6J2oqn58pc+Sp0nohoD3xNCnc7v+lnY62cT83sy+O+5Pk4+mR3k0WAa4HLNGp+cn3ngmu9ONE+GWivqnFGgmT9/Tn7mzMa2n7yHHLI8043/05+2jKKBsQi1e2jLULz8Zb85muTLX/4mQtxR8eIXvWA0LuaczDNMG2PFM1Qf/9jn45Of+uDYe54++cl/iZe9/MXx9NNfGFff/hAxeCQDRwP99pv1sfEA7md0DsW6LT+LP3zT91IrtRXN4Pnn/zYCHE4ZOpejrWI+w/ybvp+8g/YR42J4wPEOSojXFDg3LTgcL5IGEfB6MUvMtLR7xoLu2Aacw8Pr40/+5G1xzTW3xe2re+KIgxmjBLVsjepC7bWM9Re+gHFdhZtvvjXWIAS98IXPq2KOjgNOOiruf6QV/X198Yvrf4Hm7hV18nHfz4hYvADhr4+x0RvfvPTb8a53vnnc+4irfvzz+O1Xvij++KIPxnba2ZqEIOOwoH2veNlL4vuX/4hzp0vjogtfHi976W/ErGOeGzugQyse3RLnPf8UhOS3xrXX/gKNpfUzDyvzyAve/JepdZ239KD467/+Zz7v5t0sPkfjfOeb8eWv/Hu892//it8yX9NjyhK0nTt7o5ePOI44PD7wD3+DFvOV8eIXPxsB7hJ29Y+HKe+Iu657EKc558aSJYviPe/5e9IezAdmkQNcP/3pDeDixfzen89KPnVYFnOXL42N2/HKC/yD2zewn8Xc57mBNULSHjfUoBHSvexXvpsw6y2sHPrZGR9mrCn4DeL5Mp2vSCNIr+MYz6qlgxgv+UZocjNLi4i8w1N8sunQ0GstginSfgLVQKCigrxP0k0oaSBTpmyI4WjDDbU02QQYN7fa0RiqGezDlFI6q0dFz132Q2cVFIcG1kQnGr82TMTyDjrosGuJdNjzim04X+lgw0XNoaSurV0893rTi3LoePKa8P3qf3LgsKmzLF5+1OXA2EA7hPdNCh8Y2hm3rP4KZPBgZ0dpv0gmdHHu6rhFz89n/zy8+XYY7j9KQasTzdq1D/0dpmvT88xbCxPA/WefkJ+n9r0ybnrkW3Hz2j9lzB46mj/pGL+md8/HschLRuPVeN67xfNi+xFH3VX9nuX6jcM/krRgSudsBLBCy25f/X00zbcA8zksDwvj0Z6vxYYdfxDzad/8qQcgFD2L+FmcV90/61jf8xCCwYfTyQejYrReHxxTSzEt9FPCSNy/+QqWifsQFjwLV3CS76Tt0MG0dGjMw/HI12Kf6X+MYMnGFx/Dqo03x4qtf4ug/CzyqiVGCMeBTB16oENq2gcxVYQSMVLpdzaw+nITgf5GCGz3TBtzpokwNDE4TgXBFVg0+ZfvfM5H/lBhxigs7RO/edS388VUnMykpQ213rL6m+RdQlLpZSkjE2VexjseIq9a8Q+YTL4TzeYS2jads2+nxaHzn4Hjm1fHtQ/+C6arn6a/7Fvrq2DhcfnckxDcHuYc3owUwHy3Efw/sOWrtOtwNH/wIPI3hO04ORnhDKxrmM5iZItdbndo4l4FTUvroPCtAF3MSUtssgbUm5u6u/Rtne/Jf5e2eN9kayabC5qtI8BJgxQMG3Rc8mjSF8aBm3LtbMg1sZYawDlSoiL5BWqs+ibrzkkNH1IDCzHJPuOlUYbyVeJLzNhf39Wm1j7nMPTbJBmRT/76HxHKNLGFwlV9g4+CEn4btUsYbQEIKa9rXFRvMv9YxrpkC6u43CxRvrqeF3U9o2WTYjQfD/m8CzijeXeBr/45ml9Q/PEkgmU+kenjhGJIz54d06JUkGvPWNMnJPWHa47A+G+3ZE9oPllyPK4AZ5In2VbhAQg7pQCVESWyFFKNeIEW3FK9k4vJhvmM7rrbYNxScGPxTj7cBqJZCL3KMSH1lFaQ46SicBdeL8VGmBpBEPIi2ZGetSyeEBcYybyjKheP4ihBEBQCVVmmNguim0KgO7NMbJmEkXRjTkIEgtTmuTijFdOMxw7VzXUKWgpXloQp5QiMQ3qLBN5sGQvsMGfTBiEU7twWz5OWR3vcba52gnV8IqMqPc7D8y2vH4AgwlQYJDTNyQizCKU+N2hXs5t7qXDKMMD5GR1NSEmsWycJTZ0qAFd6dEPQa02aTR7wi7ZRrZ+CqxxNcUDhIjDWux14sfRszlFL9o3Ns138ZLpI24/ZWTpboJsQfvPsEuVlWxAkB3oQwpz5BE2S0myU59SQ8l6cqlU0DPUB2wjpDfYFbutTOIPRGklmlHZTp/dMJdyJT7sSwRUGUa1Mk7tcEmFZyPTyLDxyTKQX797R5dnIdDtOj7TD6D2wsTtmTKeNBdTMTSV8eyZRDUDBRT0yTVAuXZwfh+4/N7bOV/tHZDWO64JKrvLXPIbxVUzFKcndN+NCuzLdLClMM5aHoZfBuI1b+2LO4hNiI0LH3XdzXuXgA+oso98/xHTwssu+F+94+4WxZvXamD4dZweYzinsNXUKAg5HA8QEC7lYfMTZMRMHGtf/5JtoUyalMxXTHH3SeQgjAylsPLp+K4CpbW3G4sXsqs98Spx05KKE9Wd3ro6vfeO78dKXvjiOOHRZXH3VrVmFDHAhRKXdnYyvh9Zvi5nzT4wTTzwhPvf5L8Yv77w7LvnH98UrX/na+Pznr4rlxx1O3jlJHB1jzhp3BRRQ3UBxOKk9YbAiyPpOYYz5Blxpisfc3rx2O+aC3fGpT/9rnPvs0+Pr3/goJofLork/Y4KQMCUeDopOxuUBh58Rs2dOieuuuRSzyU7wVcbkiac+P3EuEy8MVJAmguhC+X9ExNoHiEdAmLc49t+nM1beBy1ajJk0Zc+dM5N3R8XJpy0nWyN+cuX6+NrXv4eW9w1x1hkHxw9u7+X8Snfcd92KeN3rLozFixbF+a9/d7z+/JegmXwGeedGD4LmtJmMw4d/Hm/+3Fdjw4ZNCG+nx/Kn/la0wxz1cw6rBbz/9IGfkP7SmLz/tNh3+fKYgZaih/O0B8yfiQajGfPmsNmBkHb8mcfF5q09aAZXArN9af/wKs2uOuJ73/2PeN3rXxvn/cbz4rIf3x+HLumOtXE1Qud7Yv3GzfG+9/1rHHbCgXHH9ddnGzu7ZdQIc/bhOFxhxGPRslgyfwZmtVysnWW7qeVmFvMIwSorZJ4M7qzOkEEH0q6JflZr3xxx3tHXAJZ0DdrazjUGQ9As39vvmjk6l9VstlUTZIR2dmHWWGgwG3u5yYO3T5jqMp0Y6AweBbcOaJ+76kPeIWmJesx0DDEfZP6FRzrhTqljJc0kqVvvlDkObZdtQMPWhMbnnXScF3QzsYUmbkA6Q/leKdPiDOMg5/N02hLQp0abGxQbrLXAVU9wYn61kMgFxy2ci4D/KngW7ScPfiIe3v6vaDU09xVnCW5+9w32xMoNN7JUDqBR6sS75J0IbwfTVtZYtFPbB++Or951LNqdi+Kg2WfHQhxkTEeDNBVh6xnLXo0WbiPnuS6Gcd8vyyuNKGfrHth4I2WgcUVofmzb7WwCsCmGpq9OYwZp6NQuvEHbfsL23g1x3UP/hgOT9+RZNE0zdUffjzZwFeUpwE1GUNl3yhnAOwlayeYhYeXGX6RDIhBKWRODffbIljvTQ6NtHEIT2cvVM95hxmjcJbEElrGXZ+GOQRt1URyx8bxYMstrDWDxwdMNj34Opx7iEjrEODH0IyTXoYO+tdSmJquMZ/EoTF5gXwfxbZ+7ltTrSY416jB9G1cLCElhVutc9bfzoTxb/wz6ow4beh7mTOFnYsXmjyJ8HQIcjq+JQbi9l+6RHR+JL9z29Thk5ts5L3lqLOC83+SOmTEHj5jnHPTm+PfbVsbWgbuA0rWzlCG+FPr9GDw7uZ4xdsWK9yJw92Sf9A5hzUM7DF3wW7j8ogysfhB2xbk8q3SoDqatktdR/1e+raNML/CHAM2wKOwIc1za18GGyyCb9elVOhtML4LfAc5oGy+QudlUQWcL7Qbh10Omptf9rEVq6hzXvksmPcvKlJlzDyx4xpvWVIYJ3/mjjinv9/h3T0gs3bB7copL+Pf2fvccu8TQPvlDS0mklvk7mmiXcjNdFVeaw1//50DOmNGsPpRxPxZfsFmSlHrHklvsWMpxz3VkNVnqn2M5x54mvCN9jt9d2jCW2qcqh198sn0TE0z4Vbenbq/mmQXucqyiYosn5Bn7MQG6seh8erx3JHBM2H6+XEn3Gh63rXvMRaF0fJafg8DfVjSuJLUCTKxsvOfDuLMpCbTChWfbEN7MI1FJJkyTRBbIkVp4o7h0s2/5EIw8rE76vPMMgaihiQ0u70mW9bCKo7jhPBrChwNGJyAj7BRpUuluasJCWTIPXm6dd1QkuMAg6JgztrFLo/AoQ+Duq/A2ERA0qRFGYR3ayc6cZyRkEshvs5MJQeBzgU+zIAUtCEEyLSRQC6dpj4KJu7hDls0EGsUXZSvklYHn8iEzhiApYFYCcyMaZB49bzKsa2wWlDR1Ir4lXsQ9/xVwsBDnYxnkT+ZnrBOzDlz49rN7vlMPjPSRGQd36FZcQYs82K234+KvTaEYAulutuZ3ptMJS0cnBByHGZY/wLmcQbSkyeFhcqI7cIVVGR6Lsq1pWqWQC4NkX7jrLWMwxMLA6mntpEUoA6Z+YcI8qonHQ/tSF+EKmemJj/cDvRsTRgVgF81mC7M3vO5JnPXcOAij7L0xSZcSYqDOcclOHMxeM7fKTqCfLLcE0EZYk2eNehByKlSCQ1tMdb4u6C1xVWT93tcdnMPxnE4qmYyoApDnkzAUOAqKJ+M68ME7r48zTz85++AHV1wT+y6Ymy89s6UJ5DPPfFV84Yt/j3YL8z28BM6YyWJMpRLBEkrZCu6WbV2rt2Daln1a2l2zOJs5g7WFTYtONZqMiSTZ5Hls9Rq0jtfFz398XVVmxOtf96ecCeyP71yB6eF+82PLqpWjODGR5GvW9MmYgP5HfOQzn2eIDMXf/f1nYv1jNyLUvCVe/epXIMB9DM9nh5Cas6A1hXNAoN1N9/4y1+IUJinn/4jaFd/bCj60yfeBts6BNAPzy2OPPSo2b94al3//h3H2OWfysgSpSMQ98NzLaD8u/osqTERRTsHAlm07YVYG2G2vMELb58+bE6///VdyZpD75ByTzPVNW9viaz+4BVnOekv5mzYpZN4a1/6oCLPG/tYrLiln1i6/NhYccgwMLvDGT+J3X/2PmHE+kAJkB5syv/b8cziT9lfxhjf8fsw/7VWkmRcHHbg8fvGLG3hGA8uO8MPrGMuMuwFMh5ccsw/C7JxYs24NDhPwqoYzkg0IQvtMK5sPg9CWiEdj83aEcZys5HiQFhPrhxkXBx19Wrzt7RfHy1/+0jj/dxDgvv7sGFh4Nt1+Yhx33DHxzW99h3R38zmIj6bg4AIc/P4fvCXmICAOsBmj45oNm4bjk9+5Jbo426a3XelNa9Kc3NHu2/bYqBCXlgFsDEnvkjF2Ywv6W4RzKBG00s2ZNAmvNmCs02GcHiDZ+NGzpZ5+FRIcD+l0Re0b6UqA/tif2Sf2YYnXOsIxZDLzqdUbhn4ruGVS6QLrQDtzH2IEMwf9J7t0ssV1L/1eDE9ZCoAtNxTRFBZHKJhbUWY799L14/RARyd6/1XAG0hzyu2xdQMXnfe1o+FT85atXqEAAEAASURBVLC78FEBvsevulW+LL0XCCp3YZ72szjtgPMzz8YdOMzY9J6Y1fVcYOEM4KjGp+TupV++v9JzXJw9JEerORMNCsKKZwWBZ173c6B3Tc5IrYpvrzg9utv2x+TyY5i/nZXlHzD7lLhj01uhwsvyd43qTTsfi6/fe3ZMhmuQYVd4bG8uBMeuAYZSf0//5vjJA5+MM5Zzlo1Nxx38vnU9puvtlI8QaQcISycwrdj8A7xRPhda3R3LZj4VYaFsrOgIZcXm77H5dHwpv2rjePzctfaH8eNH3xjTIRHC2N3xVMaOG5HVXE6Ydv1DQiw/blvzrViEZ0y1mQ9tvC0e7vkg2rdnI8yxZtHyjraDcQJ0C3T7pbkmLZ11Qlz76ExwdiVtPhgt1JVx8PR3YFZYBOvtfZtiM45i2lv7sIY+QL6Ck6J95CzW4F0ImKtYk+v1F0EJvInHghCoW4Xo9T0Pxm2rvxVnLv9D+rYRW3ofi9s3vDv7e4j+zvRmGw3yIAjrbEYumnwBz3ju3P5jPHu+mbvazo5nLb8YJ0aHp2Zt2cxnxnWP/QvtXlqKoU7nx4r118VNaHS7W7OhH49h/qi2bxra0nmUx4ZZ38/SOU4n2ug5aEgXcY7w3i3v5zzkU2jbL9CSHhX7zTw6IfIM5todd5B3Of0iXSoh5139Y/R7fI+ORj7phzKXy8jbuXOYNhLjOg/N7uzg7kjmpXNTB1HtmEvLp/RjCZQ8knTENREc5Jln6GUqDsBf8orQVK8/8Y5T63HzxwcNgkoYD/v45/o9365tZva1348X9pTG/ONCJiGq5hlGX2Uy/9RUY/TNk3vI/OZVFFXYyUoyb92yLJ0/hX9MbnSsfU+iljrfrklrNiCHv+WTwI8hv3fBgXE1TJloL3/GRh4JWIPsi7rciVmMrd7IINYV7Dlx4t62OG8ETVjK1CWOxngJt9zKnkNdj29Lmt2qqRGy5wJKtirT4wpwdQV7KyfjLQg4BKUwTIknIniR8BUgTZvaLph1L6lmWyMFF5FQtEtq0coOUGKwyiYBUKgTr+lchCVJpl1ipyBhMkHQIYnnKRKjmVjGr6BxRI0MJi/IxakZUvBpcb5FrVoSGMprouVyR6aenA5j02nGo5mjE6bRhCirITO9gohMR7Vj10RIUxBJxgGhM+c4i6QTwt3ZelBkOQViGAUWGwjIMEzCcK+at4KzehI56DSR9ALh5GpoUTm4X00yfidi8tulGlKb2kSZFIRK2t3CHNWp5lkPPeKNIHTtNvnNnyFbnXAMw9wMIbgW4uXAZ1DCqPRj0qogUA7xw8wCszjzfEl6loPR8YzJUBJH3jsOclKgCUOzlvdr2XcQVc063Tl1RztN5tQW2r8KpoQyBGSiYLwSZzjcgKDqRa6Ja3fNIS3ae1+GNCnNgQBjSNlt9A+1UIhjoJRUjwfLNql9x8kOxhEMWjL37N5WjL2vbbVmamoBkgnll2VmafzJcqvJll+18JHp+GPKMrNHY4w1pLxYvSv9bSywV0KY4/vQA/ePhQsXxHaEtp2cWZQVfNMfviu++MX3cQ7t183AHob9njXldz6P1pkIqV5ayxhJy/ZnYvEjcbMcmFRw2kJIefWrXh7nnntmOjrpwUxu/2X7x4EIGJ/4xKdj1T0/igOPPDO26KmSDnCsGSyzd4g+53LlM888Pf4DgUrhzfDlf/tqvO6158fTnnFeXHfPemLsL3KIzESeuSt8+RtBujDgJhh7l02TGCOgy+TXTmne/ad/g/boL+NDH/pYvPGNr80xWqNB7b7BsVK+gdm6CW4AdeEgqVV53bT/jz7qGMxU92Hx17seTAGOTh5Y9Uh87gvfzy2vIgiPxHPOPTcOxytnJ95cd7DRceDBh+AoZVr8yZ++h5InxSSElzvv3xIveNHvxbIDDkBjehHx/XHNf3wqrrry+XHOOefwe0pumPjtFRN90kZCjjngFrP28XY2UXa4OeUYE0/igOcUevld2oNDpRRaeG9jQYDztpEM9kpwdSx5H4wfX31NnHHmaTwfGvfdenl8/KOfzvre9ucXR/fCk9AKOi8w0WXcH330EQi0c3HigvBFlZ6JvH/FqvjIh/4jZh44GdhlVBkBbEDZTTl3GUvC2cF8d873YTGgQybnkHNOpjlpEDD6LN3o3foo5aAJ428tELRjsugY6XOTS1pK9tzwyrFq/xHhOdicGeTLNst8wc5ikUCmxEtSL9DhJpGm5n2Yb6rpzTOSFKPZb9JlYYGOpRbOtlC6NL6PHXgZPxnBdMKCFk7aqsMq2z2INq5TAY/1Zdq8HfGzqyJ+7XUosNmLtMkGobW8XyXUdEv4f/bY78Uh885IbdVB80+Noza9N+5GiJvU/lTmgf01FtQmzup8EeelMPtDe8xlBuyrsQbyPDC8Is5c9ilM7BYnDf/JytMQgl6DhfjDowWMMt01wAJPaHH2em7XUxDElmT/eu5sQO0ntdgH9XxzLN616R2xZP1T4rAFp+P18YB4xqJvxJUP/TreTp9Nr2m2NpDCwZqdn+XKiz9MYWr/2ScmnqxrzbYVsaH3C7TvbODE6VAFSwWKSXg3I+Z3H4FAeSh1I4RjJjvAZiE2HLytgc+k1R9GBvxECw+MOm8ZQNDotH85SyjsZV00zQAay8UIdR+KR7f8DmfljsQ77JL4jUOuxgnKVzjHtzYOnfXqeMqil4wKnHevuzL6RtBIxjLKvRfT0IfS9FUYz1j6V3h4/DxC9PQ4afErGHeFZq/uuYfl0zXPsSjdLK2z/65fc2EcMvcszBoPR4uPNcP8D+PY5A2cYXsW8km9HtZtE2bagjfO8w75M+gI3lvhd76L98c7N70vNaB1Su+v88rwrMs288/xtbVvA2n/nvO6Wkcwz5vL+etbPZlO4mzh7XHXuqviaVOwDEDjefaBb48ZDy6N9Tt/iUbu2XH8vi9NHJn3kc134jn0EjR6T0+4sj9oWrVUmuS/LdjLLQbH9s0dcceNjViwP2vQVrx9M1bbupmfdKxpvCc3LXsYm23wE3kONmGSPiaFyHRI61hoYCbthg90od9NGfKMZ9YLbTWzJRN4LJnz18Q/ObBKlI8mfdxQFfl4aUyyWzkZWTJPrGe3lFk0TZoYUBXW9Gas9CqR7beB0msptHT2yQaLSNjKtzTaETc+TPgF8EV5MD7FxOe91W58fqo6J5S7W4PHl1lSlvaX+bALiOMTMxZIP1peYibfa/mUlnwJxYQs5UdlFqmAt/cwAeq9J8vNhELp9pyoSrD3kVllsyEiHZhG5OTzt51crVw5OUjr2TS0bakx6UKUYmJ4V8+ImjEJGmXI3HNBWYxMhpipXXP1gxFnq7Tgi3S2XYZerVUbl+bmqu7KDsYLTvlGIPCKANMO4/UxL8tGS4OURyoJJSHzEJVw8y3eeM6QM4A22U/JBPjsD+5EqhK5YJUJbPshwDAYphWuwSHMsYTZcghqgfiTY6KJORQcS2r0NEksw5lD2GqeUOtTSaYzn3UaJ4xt2Gyna2uvIvDl+JCUEc0UTIYvJTwAA5HC7A9ct8nkA4tCau7ysbuZi8ZoTRZmqcIpfjEP2sGiZpNtJ5GJkpy85ESdpFaxHdM0hbA+vAW2Iyim+SQLxCD5yyXP5iU9ZcqAJROWeBefCGEwRJpDFaGlEAfPxaRpKDXbfj2/DeKApN4pU+jWFfgggm05G6B3OD3RFcHKMjswx7IpAu3CqOAjPiYE3mn6KkeeTGc9ueyrOuSieihwdkcnZwIHELK9WyqFacvmn8JPYs4/VcjuyOfxZdVv60RkEKl+QFBZwKvfJuHRMBlB1Y9h5cpV2Ozv4J66c0YFt0E8EW7ijq9pHFzXq2QJVb1ZvmNhHBwmyLlZVZD1M39Sg6NA5vtGeqzs4nyUZplHnnlErFm7Lp522q/HbTetiAXLT4+tPQoa5bB+Xfokrl64//rvIEhdHDNnzogbOWt2/mvZyWfj4Je/vJemjsRbLnxNvOAFv0ZeHBPIgJs5xwQM5AiMIbiQDnRMnpWeCAsiwDR5c2bYFvOoGacJek81XPLBv0OLdHS8FicdX/33b0ZvXy9mkpPznX2fVVRjwM0Hm22w7/USWQu3jtEf/PCqeNELnx9dc06NXs1KHfcw6LMWQTu4r6qY3dH39hv/+rmS49znPCvuvW8lToCeRvrJseCAxSkAxrq70L79EWO1EQccsDwu+dBn8mzZFjw3eubsHe94a7z34mvJszEP3k+nHw3tzNlhYCla+SZnn4gEfrzkjz/dk3O0ICSzMR/ZeMGRiBeQpVkggxF9NC/nRM8Oxi5ajn/+yOfjWc86Jy7+p7fEH13we3HGM0+LG2+8OTY/fFMcctKLY9umNaTnLBH05PIfXMVZyedHx+Kzo/8htVIivy26F3MGkbOAZQ4AE+NSOuvbmkEdYO5qtle8SZZ46V3HlNkwSNANzr7pDCTnZnYIYxWGOjdmaOuAJouj5VEynSiNa+cs24DrRPZhO+mZxzwXjW5CQDn4XMT8SUEuN5YYN6mdR1jMsZQbJWyuYVrubr33pFmI48mzcV443u89gfxTKG4xHqXpms8Lh3Sqg0vC+1OrB5uL98qOaQvQ3cAMr+qJdQ91x+wFFilgCZ5NecKQY7xOVQ1SNwwc9jc8/KU495B38NyM4xe+GK+Hf5PmfzW+62yeQfu1Q99P1c6vQr+/f8/fc57sCtI/gDbvuhQuFO5OWfoKvNSewd2PC+vscR/3pbUaS8GG66qhTBbN8F5+1KUZo/Z0JxuP37j7DZRZC3H5KtNPbT8nrnvkg7i1PzbPYh22ADf+614WW/tvY2yr1VGjqvMQLpnedEMKcGrhqgGN85Jrq1rtT0L1VcNi245e+DzuPDsrXytU3LPuurhi1bMQcs6BpDLW9xgKzXZu1EW6cTpmFkcN4N0rIFqNI+LKlX8bz++6GJPG+cB4eMLZj9ZYk8o6rFj/i7hx9bsQJM+EP0CYbzsSL4xfQvA6oWi95hzPecOjmI/wCNkfgVnrfXH3ho+i8TqF+tiYSaGqxjebnXTbdQ9/Lp437S8QUDrj2IW/zkXoXg2BgEo5rt9jAVibs7jLksvdt14YB8x5CmbXHfHsg94ZTx94PYLV4kzaxxnSlWo10bj3D93vhBktwusG1Kx2t5bRJwqIHmuwDjdr+xCWz4yb1rw75k85KM/LTcUa4MwD/4CzmF6XglO1hIlTLb3r40er3k/coSByPIxg2/E8WmV5kIL+l0JhUmLtgxBISHWzybrAURImKBv6WjQRL82oLL0cN+3M7QFgUas+iLa6oXkMc0yLFXkY156BxqYYhv7Ib4wPBVrHUIE/+3NPTRhtZ517Ykvz9S5p6jLNMYEO1EXwXe3vjsYkSuty+BYUP3VU+TWaPB/K+4mpfDEKYRZSfiXfO1ra7nkmllz9Illdf2rySuHlZc0cZYICcMEh9Vn8kxgPo2WXEstf8mZ2i6wTjH+/x2dpYxXMxGdveM9UAJh1VFnEvUAzQ0Yrd8TvVn22WQBt4/gSqoL8qtOMi9r1sUbd+PhxLRgfXT/vBkr9YuL3rkApQMg0JFNMGbZKbZfp8p2NgKligW94jo3zbS6O6R1SkxrvXstJBXIcsZo2piDGN56pRIKCUqIisUhxTDwXq3JQFjGtaq0DKIdiEk6bCzw8p1BnnZTlHT+6mpZw56IH8+Rl2krUnnOQCRhk4R5g1zUFQNJ5LiwdnuTuI3UgjMJJUC6aPtqY0njV3Tk2qLcJQ9li0W/BwKhxKgTNOmVaC/wJXw4BcW8LNf/bivXi+mQ2UltpW6p218Tc8jyA387deHpXkhg5MXJyWJT44Lt4tErM8dMXdTBuNQLjej60U2G0IsqjeDE99TZhutoR4HK4A7e77O15fYLoxAQJBsg+snz/ZSsgnO6S8oJ6eEc5Ms6mG0BY1LTKPnC3vl+mi13tAZgrbdVTeKvBJJ/avXQzjiBnSA94wGT5Mjt5Bkz8gIP0REeZ0QOTIT6qchQXU4PKQpWLuTiFiS7js0oE7Owg0G+cLaR94rZrOnewTZuXh6Bl+p3SdZm2TWagtLAuo3wLzmgoaExcik+D465oKEZT5YPCQu3R6LJvfzfOO+9szrwVJn/dug3x02tvwLvk5nRPv3mzgjlhdOGsKvXLOagkTRhjdP1V1Z/fjFvw58XuF1/8z3HMsUfH8SccF+97/z8ikM2M8571dNJvjCmYeRZnMDK9wl7KcA00PPc5z8YTZRfXEbwtPvD+d8ff/c0740OXvDem4HHx5JNPxlvY2aRaSw84EqAEbjBw99JkBMaZk7s4j8Mu6JBmpxJGUyBgwWBkatuWCK9Hb6n7mJOeE69+1cswQfxFfPzjl1Rj14R4o2RspIv5qq3j+0whfufWNWx2aDpVsKGwFbE0Dj5gRiw7bFYsP3rfOPiEA2KK5y815c2xHHHZd78Tz3nuWQjUzwRHF8eSxQvjbW/7TfLeTlu64p5H1saRxy2PE0/Q0cimOPe558Rpz3hKnH3W0/DweFheD/GCFzyP5q0mz4Nx8623xkknHc/zgXHrqg2xaHoz9p2D05oZU2LVTY/GqhsfwXQLcz1woqbIjaAhNXaJ/6pvoQNqmmRakpbRlLJodKd32QMXT4mrf/xNLpK/I8484+R4ycvOxzxyTnz6M19ApXFGCuZlXpCPcssdkcfHoQsxcTt8Vux/+MxYfsyCmDsL6STnjAOrLEzSzJz39JuzX/i8zN3NATGa6SizX9NrmEnnSvai9BK4O2CyiqdI8pJOwSvPJYNvtf+plfQZ4Snb5liwbusyJM2XzhDPJ4VKvv1t3rwqJc3UTVuNH2BoZ8MvvfZSrrRAoXlASwXWoHqUeQY3tX+MQ4ekcPYjgHqHXFYLCP3QGdhDCu+OW65hTdEpz+Putgr0rsEapU5cnpNjvvTfpNZBnEu7iDNjt2aGudyddsrCz3In2ZWkVbpnvarSS+M9gzYNoWOa33iPbHE+aGhkNQz6OXH9Y38ctzzy3WS+FZrmoyHT6UQfc+DaB76IadzFMPkH0RbP/UDPK/NFzQEty4/OSWZM2pe6yx1wTDLwUgiA60YLr4Prd349frnmyoTX81VP3+8tzOn7KLPMfLVGXa0TEda+i8ZIzRn/wO0OzBFXbvo2gpDaRTeK7OXsMtpYaI7jTCcj07ps43yExBnANJd+Bl/gru63zLzrn1yHpP8KQqYHfw4lK88v1yfd8s+ILQM3x7fuvIAz1DeBL/gUU1fCWy+au5seviy+e/9vk/YA3knDveJnfqzb8a24/L4PYO7s3C7rrvhRA/bgxlvie/e+jWcZcmEVaHq8apubSN3NY2Pl1vdi2nh95p8Jrp+26L1YOFxNHvt7YhBPnc2T44crL4qV62/I+TKZC9TnYe7omcWtveviivsvQci7inGFV+UGZ3k9jlH1me0SHs/xaY5Z8FfPWpHDNlDb4vjeipfFzY9clsK7EDhu5EEGafeD4Ojrd7wRc0svXueeOcqqg5pPz3Jqumuo6y011Kl+9W/P0ff3NuOma+CnYn30ss7nRnbym6wZVCA9c7PXLd6yyc5l91zw7UZQ99QFWOvAy1TppKd9XGEyAM/pJtCeguudtMoy9gq/LyZ8rGDs4/hNXkF+ofok7yL/wqeO2/V7fBl0bJXO9OVDZuAe+20Tdv3QXaQXF35Xn/HpLEL4qvmwJxxkXNU+56bBbym/FlHJd/Ndo8D3+ZwoEG7rLd8sNL5+3JBlk9eRWOrZJTmRdMuvEABAiMaA4tEfew7ZX+NeZVWZXIhKcBNoNxBSBuJFCm++3y0FmS0oC6tK2v0r15g9JJm4vVDnq+uov+v4PX2LNdO5aEqY7TQ0Mw0nBfENmPTgfFg6GjENQLSxUCIlFKHFM0cy8p6XcmF2gSRdgwXU6wPU8Pjec1h5XxDaFZ16NFhAU4DKScbURCOj4JRESSpOVw9rAsjCkIJIAiOcfBiYQwiNw4M4xkDYSY+Nlkd8uotW6+fghYEYUZhQ62I2MtvJ/nVXWaLUBgHLHfxkDECnu8GOTuECHkazGcljLiaW5Q6LJ975bM8wkJNxkdEgTdFIaTJUtAuZW4atKkNcSwDVgLHVRtvBkWU5eRkw6QBEkyaHu7jG/Mm8hjR1EqACVMb5p+y2ITgPL88yMk4YCbrczcXHesCtDJGETq9ztt2gcC5hy76DQpg+z7FkGymdsvoR1NzdKjiUqUJLAMxD9J2fQkVBO8KbrpoF0eyGLJex0daEUANDqbckUGBUOzmMRkBBNuGgfsvsZxetiYkbbrjob5iyilio6vbsjWd9kBwTvog7QG1pT1Za4ayuX4DaWAhyMnMWYHAHGlO0WY4Ie5eK+didxvDt71poKgWWv+PaVUc7lhJVSaLq2PKdOIKZvA8Nz0tf8oKM3LptO67jb49TTjkhBSOdX1x9zc+4HwwTmxz/JBOcrJ+HGpFEK3wlk5slFViLkMz4ccwC94wUEveLE592NF4e344gd3y8811via987ftx3+0PxNKDF8U6zATFtf8Mt1x3S1xwwTtiEc463vrWd8UNN90RM6bhmY3xolfAaVO64mMf/3Bc+KZXxutfezkbDWhTgXXdBk0qb4n7f5nFjP6ZsZjd6YTfeVDGV1aV1WGCa92l6tjCWb45S0+Op516ctzJRdennXYqd6ddRT40f0OLs4/oEX7PogjLkkZkj/JLVJWCrK+nh63ceCBu+fkDfNdBoXl/sjPfSGrdM3HZH7EvTkxOiIve9TYEtZPiooveHpd+94dx11rKWHt9vPMDX81zg8sPXEbapXw0aXYu3xEX/NG74j1/9Sfxqt89Jz7zqcF46x+/P358xb/FbbddFk8954K464bvka6ESz78iTjlpKfGK3/nwrhzDZdx65BnyCtIGMPj8JDzwDnJeEo4HQs5pu+hoGPSWY0XgP/rl/49/uzdb4+//suLcJZzd3zl3z4bBxxxVqzZshaGuDDJYmj7dnFxQ9zysxsKIKN/T45Z+3ekuaUmnuKzA4dSbsL4KQy9w062yX4C69IzcSdtcp1gTDodxXx6CMyeKBWUOJ41k5euZ39RFsJgv2elKZc/JCh0UZo7Qtocv0ZTajGjtB5oorWQ3rvq1LgNIJAlHSLODaM0PTUfAEkDvIdUk3jPQArnEDjt6C5mpUOaxBsAwWsFhqFrCT+bd0NsZs09bDAu/+yOeMo5k2Lp4TKYMvClnSXj4/1lBcApRD/3kF214pMIC1M4d/UIVc3i+cT40YMX437/VApopNOOjtYxzC/uEmybjpdBTQ7Rbqo9Ed/8q2vd1Hc7aRbyrp/v/eKKB5+DRux3Y58paGugg1638PC2K2ND35dx7/5M0mG635gSvcOPxpX3f5zqHBOOiDJTCk5wLjXCBhv4abUtiZ8++DkcZnA2EC/HfVxBMLnjFFzzfwwHwI8ACZpSzPG620/Jb+F3zWk2Jse2wXvje/dcDOxzs13b2dDoG34MnM0gTVmDFPa6W0fHyi1XxY77vHzefjfk6KKcDgSHlXhRPDbxUa8lJc34v2yANOdgMnh/XHnvx3nuwnz0Xso+BpwpoI2FIX57RcK2gXvjG/ccx5UIb+JuuCNZA9oRdrfHIz0/wszz38HXGWXcCCu40Oyws3lYOh15ZNt3Y7+pL8TDpv0yhGnlvfFQz3vB14n0AxsWCDnyLGq5fnT/J9P8cefABsrpBqaT4qcPfyhWbbkdoNjoZFOrKy+8nghngZjxyrgZQBv6rftOiEWT3spl4wcTxz2R+ARYtfVrmH7eiWB4NH2mlvAEzqndGJff81GmDvd87ryL+o5KOMYwUJ5ynrhZCZytxtK48sHn0a8vjEXTTqedePWWhvfchgOVf6JNx4CzhYkDcWGwD1ucp9ve/2D88L6P0fbJ9NUK8jJ2wdV/NnhNh6dQ7rlxWlz9pUbse+wM3Ch4tlrHQ1h2wVfpTM3NH+lRmm5TIxOcd2Xjwba3aV7JhrQ0ROujAT2fA7rjWp8IDIwE0TllSJolveHZLZ4yz/LV/9s/BRzgrB7+L9SegkOWa19W9RCZT3W1fBe+SlyJN5JWfV/DZtRYqDMaM/HNWJryZMrR1JZd/X78XLuWsutviHEGC6xLr7/H0tr/u4YcAkSPvSlPw2VQkNzfljWWwjL2UJTRJK1hKT/H/x3DfRW7O4iptx+fZy8pdwWoBrJKzqKYAguOQHJXC8FCvssJhN0kAgRMtQ0kMomB8Zqk+AuikIsmmpwRdj5cOFPQ0QZZ9TYThRUXQkQePtZsPj1M6lBEzYiLtm6htQxrmzobUMrkTNf6CmEyDIlBtxnInhOYZ3rDw+01M9DGrk2rs3iK8l3eJ9SFFocFu9TrYlGehEIhrthSCxcCF0KEJpKe6dKZibv7apGyPurXUUqa7VG2QqM7QC4GudPsYVngaiIseW7NXS2dfGhCmRePS3gSeFuPUAWO9VxJQYlfBcBypQHoQAASh8IqE6PppEyLrq81I9IrIxlLQTxlSEFsI4+WrpDmNztNMCS69BYf7Xw0exrCPMsD+0PUk4InGg7NQQujRG68WJVzGfRTDgR2lF2kUgDEdKZiyiSI8mX2bcocdiD1phBO9ZrZJDyA2qKfm4kXxwOmlQhmaW6JGYSFqJXTRXkK+baNz6jZpmOI/2pvE428NRTigkvuXvoonU0YWZjXkiD/Mq4oCwDdWSr/LJ1xmp4lLXiEvQadszTzgLTOEZwPOalz3JFEdNYB8MpiYHtZTPikGOhzwm5C2zAWNJUUl3NxsGG47dY7uArg6BTe/N0Pl1g0R/yo6jTeIMwpTFdlevG394dlsA/4kICfjD84Td/lLmaswmnGUrwePgNPj8/k3rkVOAr5Ypxw6gu4g8y+WZ0XSLcSD5bWn/eM3XffvfGPeJ3s2Oep0f/YfcRT5oJp0bf6Z3hA/N14wa8/FwEOuRkzSO9h++A/fiDe/96/pb8Ys+BA+O6+69449enP5qzdCbGGcQA28/xVauvc1MGtdUcn2l+8bhpkIjoVZuKQeP0fvDm+c9lXwA3j1mD7bB5lq0HU8Ut7e9nFlqHvmsbYHSzmeu2c/zvrrLPi6qt/ikmqZlJuPjD2yXPFD34Ub3/7BcDxXDTOCPKpXXk0HluzJZYcdhZn2t7M+bCvxWXf+HwsB2fLDn4W3ibPiu98twhiRz71WDwAcs6Sud/dWBz/dPHfxBvAxxv/4LcR4D4Xd982HG+84I/jA+/7i3j4zn/Lu/h6uCrh0EMOjNlz5+F59Iq485fbYvZSTVtpS9JImHfOpbUqPAzj+XGgh/EHXWhBc72Oomg4oWHQ3W04rDngiIPiIx/+h/i9818Zxx17DEL3/6Gds/PaDOdoXoJNTBOHJc8655lxzdXXptfOIfBn/3RCo25FW/g7v/OqWHjw07hKgPPHzknorIJOPf68JkI3/NI8vWnKRDEUM+Tc5ymHqnk5w5rnWHOsSrnoMOhxB1pPPUEOpiBlVkdzmXNZEL/K5HIeyQzyzmmVfQZ3B23KO55cE5izMmhtntPkfc5Jxk3OZehwA62Lc8ylqk28uUFFvYbUMkCji+DvYCqbbr2cp3PdSG0Dde3EWUL3ZOqFs7z00wPxmj/FlJOrJAaHgDtNl8cTgix6wh+gomRoP2cy79z4J/zajnCyP5qqJdnOnoG7cAjyOcEnfj7xnP9ifui8Y+XWS9CiPEp+N+xsl+MdfPAk4+9ZJmYK7W7gsOOc2NR3U6zZ8ansA1vU2TweQUPzQzf/xLOa623xy01vAi9uypnK4NoCHef8sM5RpPu67l+59Z+Zhw8zj40/mnju4sPpxu0b3pi5LNG72Cy7BFurwDolVm77CGvAI/y2XUuBZWnWUae1vhZXDGzqvSZW7/gwJbCRgvCeILnW0nctnLF451jClgOrqmbcV9aHVUXf8Jr45cYLSTuE0HEwTkv2yecaX2bJNRTBsYVw3IqzuQfuSq4+uGS0tE4E6mKu6RgR8rpdjA0E4E76Rs3YXZv+gt9s9pGk1VwGDs5OeIW/5DHfIGfQ/pgkbGxzF54XdtvGHYMr4/b1X8rS2xrcQYlL/1IXXxOCM0btPPwD5T+CBnDVdjZtKFpUdLWdSr1F2DdSnPcM3kPffD7HklcFdLTNpYwiME8oOn8Io+/acozsGHqIqykYF8TYBy0c2nRzXpFFljjxYXqCCfjjWOgf3hh3bPxTfm2tcL4vz9Uab7LRkKWO/vJh1xj5hfb2odiyvi2+wf5C90Fs5YxwDpU1pE0+gzGp9ZQbMC3msTStj3N+0qmOqfP4zdiGZxrkjkf9HKQFlLWwITPYtg2rGzaF4SulF6ZNmsC66PzXKmAAPshnNz6ziRWQZdjRF0zQFAB5OzptJrTof9aPmj8ZxXPVKOnMaF/a0mo8Vb1bGlH9KPShflMV8CSbaS6pVeayUhApTOJOPNalVgnS5HnveDVjXdhozgJJ/qxgG31V/S4pqnSjL0djMxXR49+MnekbHzvuWdiT7o+rPh9JUyN9tIa9PFjceBAdZGYnWkq/h7BbjpJmNFpU+4OgFy+FKLDppa16krQnXNRkTPNcnIKdruQ1E3TQm5cJZuPdlfV3g934mIJtvJoY8iq0NZg86TQkQWUXlck4zMSx4brK18RnGNfBeabB3dcm5VVMYDnnwMKKhkrzPHdKm5i7SJR1uV8EL7VdMoAsJMnAFg1ZMrRiJyehk5cGKQTkYshfnr2bzWZ4L5sTnUTZDu84ojIYfmBDu9hCsHHHFhEgW5EOOewAyu93FzidNRSTBTEqfP7LhZx0OYhNXkvqwmV+CFJqbQRCOPk3yM5R5jOO/7ZM5jMFR7PBYHTSX9lkmO0JwTIJ2Wwzk8/7VCRuPkus7FOFwaEBdrlMg9Bku90VH6Df8x4oKKt25QJu/nbye9eKO2FC1IdA26TNEk+Ay6ZYbwcCkES0mC+x2CU4FRwwX14JIONhe9xP1+SpjzrTKyiwKZi2iMtzUZSXYyrxWBUlxed3KdcaDVZCi22bYzOekn3nmwwig8Gc44G8Oqhx59czet7x143GoS6jbALQDoRMfIvSPvDiuADePYVSpnhlnPChpxmL2ejdkmta2Yl54X77LWIRKv12+OGHFC1Zlf+6627grrXfyry52cGTZWeJdLjje1ueW5sfV/3oGs7TrSTFfnmFgOmKF8POWLt2Q9xwww1cCv0o75dhKqMpkWP/0Ljgze+Kv/zzd8RvvehsBLR/Yb4exHmzb8V1v7iZ9zPiyONPwhvkRjxkfoXf+8YCtES9mFJ6XtFrFB7l3NsHL/kkHikviBe+6LfjqmtujE9+/LNcawDDm/OLbMDigvvwQw/xY2E5a9fYL66/8c747Ge/GPetXIsSi77CqctnPvXFuPW2O0m3NHoHmNct7rY6tDN+dOVlceGbL4rZM5ijvCvn9Rp4kpQx3QdPmF+O7T3QGWDctIXznnhzHEhnHEfGF77wlVh+4MG8s//qOVI0XY8+upr4RbGaKww+8+nPx/U33MjvQ2PLDrQaOjiCaTv/NX8Uv/2K34hTTj0eMtZGef8Wn/3CVzl7dlw8+MhqyJoaYthzzuMqbL7vHz4eRxy2nOfZmCfuE1/51+/zuSn+6ZI3xAnHH55ObH7BJeBf/ebl8eUvfC2mLd4/L/AmQxrrPbppAyajn41rfnITMYfC9qMt72Te9m1Mz5uf4u6+n/78Hm4sOIf792wr7NM2Gazj4xOf+mocc8Qt8cEPfjtmLjkI9+LoSTDD3oFpezSOii98/t9xXLOMtIyi8j/HkQL7qlWPEL8f2kWZOgLDXPpT5hiJpZkEPfHmWOc9GGU6MddghDone8YMOuwGlESO4HOaAlkZH+lK3za0EZTlfCY3iRBMMUVPb7HpzAGh3eqq/EyiAivjyU2klhr7BufzWGdoOvmghwiL1pNn7SyTFx1clzCAAOp1CM5lN/ZyI4aSG9Bey/eKhHbPLfMjHV4lHdYSgjN5mE/aPpmYQTSj8/Yfjlt/0BeXL58U574aUajFJlM/lIv6nziYpgmjfDLfBZfFlBCTVjRWCl8lsHGZZmriawQG/TC+j8jn8t74Ekp++6TEFa3dDLQldVmigU3APDs2lk8WYTICQZ2vKq76knY5lqx9mPoP4UkY6ni1Nu3j4HUTrJ5T5jJYF3mbh9JkhRNDnW48HPZ/EeLaE2ZxVL8vzwofaurG4i1r12Ae6WIH+D2TZ8pNocP5WN5NzGG9jlF8I+ORsdO6szrbWONrYo7yizEDLI5bHc3UMFlWjbM6rqRvAM+pVbrSfnHabHAGerS/a7yUHLv/FVbXKzSArUVQgqVVEmFFE5V9VeNMjd2k0bIn4mD3kktMwY9jRIE9x0UWV/pmTINZ10Gu0UfnRjv1nZSR0sDc9Kj4jok1jmYajWZajZblUt5CeOvv64rLPtMWd/90c8w7jEviIT9uqnewaWQn9bHBrHWOVj9MvIyzztycZBI7z1vwJ278Fh6OJNAFrw7QMsu+65cWwON5CXS3PAhxvdw/61zXzFkyV7RPVAEdA/u0y3HvpkI9LimX+P/+IJ4od3d0/cpV1UXU36VM+KzRCIuEtv4Xg8XVmPC7frZY+Zb6vc8Ff6V58kh1etOUYyDGVADWGfm2j0ycQ6vqA384SrO+Kot1Zn5+T4gqLyb+tTDLMmFVbVnhjN9LbqJdD6rkY+Vl+r3kGUs19lTXXceMy7oXAS6bWSfnW8DNJUR8KSxpmidhc3ciiQZpYLSzkbizDyZOdgDMm+fC2po6LGEnxNnHpHBB9dwDKyK5HRqgl0nDjII5ttEMHkx5inmjZiyCSuWjO6Iu1HSKDAHOTFJ4ZPLCYSccuRtgM2ACKKnCsfAzkSuhLZtEkoJhFnSEQp1q5Pk0YJRZcFc5mQIHbw4GIKOdjTQrpCoEE51sKFzkAKT8HCh0nO0QrmRiRoUVyyl12o9q7SoAEi95ObjaLAU06k/BwPRVKDAT4TvbIa40YVIrIXzMuGqYQrDFLL/FN4tUO9pF25bN55xGmQRVwdUgtHuzL3ygjrqehKOUxl/qoX11WiKon0uWxX9BZuJCxsYzNBLD3q3rSA/RVtgDZ/aJfSSMnRw61sWv8Hs9gASwmGGVCS3T5zjIKyNMI97ECXHu8gu6DJl2+G1c6C5RFnd5/kbzieF6mJtpLGQZaJFGhvcBFsYiUBVTrSpNIps4+5J3ltkLQ2ldkzkHR08SJy6Ex3GtINhI5wk6esm7xbIPeFUqG63cXSVNaS0XRQfBWZQFZRrPGRrUStXhbLQhd9xxN54PD8V9vsKJoRGXXnpZnHHGqenq3Zj6Pp6aINqHlrIV9/Nz9lsef/d3H+XXIzFz0Snpct7qe7m2Ydq+3XHZ1Q/EZZeeRrGHx7SF8/Bgxjkr8D/vgH3i2z+4J7596bHIakfH5H0WC2289rW/w99lMWvxobHy4bVxKiaM3kc2c+ESNDO4tkaI7+1DYOHy9WkLpwDrbXHpNzHbmnUcDP8wLurPJ/2ew8xFJyF09cX0fSfHFVc+gAbsDxHejo8p3IWIfVa8/R38juXUNT+279jBOGqL1T3bYuEBp+JZUSFydsw7cHls3rIJnLRi844B2r80/vIv35XvZu93cGzEAYz4d6ZMXTg5/uzP3sHTnsICIpsxa78lce/6nZiI/iO/58b0xdNjh14baee+B+8bV131QFx1xStxbgqe2LS6+qrXUDAXZk9jB5rppDWvQ2IT5r4LDto3PvGxn1HOpTFn+T7xyIbtsfiww2RT44I3fYB4TafqcGQceMzxmDgyx7jnS8+J0ziXuAPh4sILX0+iQ4GNu9QQ6xp46OxEeHyU6xHe/Ba0HzPwBLhgcmzZUhybbOGC8XmHzI2PfPRq6Olfo9F7Gv2M571uaAP0qhfz9SmLJsdf/MWfUC5A4yGTnTk+48McTCgP5YyPGgroi/NewuJ8qGiAQ1wtfWrzpafGO2hMLQOX6YgiofNHd/0iR/P2QnNJKv32fc4zM/NMnKaTuTmIxsJyiCUd87yifxnDnMsNI9YYzcxTaINmaC4llByYsfJ87oX7S9Cqv8KhkCizp0k3mc1BID30oAillEJ5/Wg9s90UYLme2x0aaI/5h0+Jb/0fhEecUJz1EgSy6dCkfvI72EplVr+XIG0swtH4BLZ1JIWs8bHleXfhaPc042OKwCMuHy/sGY6xHDYgsQm8Ck/luTTQd/QnnoaT3o1l2u3pycFuX8n4Px7Me0XoLnXu2q4nyMdrBUjX0WxjtV7uUugefu5azx6S5GDYUzrbq0DmuvqrhSKQCeveQumbMYHdfnsCHIwWVcGlpq3u7tF3j/ewSxtz8D+JAipcO+fM0tmNPnNTZ3znM1Pih5/bGnMOGowdPbxoMLeZ69Ih+RUdvxmyBvgAj2zk+XzjnN9mYUPNFPJ56fdAYS4ZJGcaZB2hrZwJZhxDd9KBnvPfXHyLsqQMFCaN0v+A/I7pangzcbaVTP/tAQD+F4TE1x7gFPqaNtQtsbtTEK7T17wTOMz0VbxcWeI2f/PG/iDC0VnKpJ+yc4z3TfnOH/nHPBWPmb93fT+W0ifrtgjrzbIA1LjdcxFLvXJ0hsyXT6bl139lLEyUqJ9IAydoVg80LqCa6ejNx0O8HujFsUaD3QnNIRNhJsfRw4iX4vqpAFXQUAPT2DF+QSKxrt8VhOigEYU5tCB5qDeZACcYkxBBcJD7PVKYEG22X3gqtOUkyglLHXwPw3y0uUD7rImfQoVMMILfSJPFnro8Gye8ZYJV6HWQUF+6/MccTWFBYa7szMBmK0RU7VF7JEPgIEsNEEgVVomCbvxbXPZZS95q69q5hqB/J2Z6ViWObC9f9dCxat+lqZ7CmxoqIts0GaStenOrGQhhLoRGYbngaBivczpYyTIo2UHiIM6q8q8VM5wwfYxOGCJPK2MClgwXbzJUaNCErkONC791njGCNq1ZufP23JnXC7SrXbWWKk/isirEKGGX6c9eSm6FnS76V++UNI548gKCO9siRFynU4xqYW5Hi9nChj0dCbAB0EQwGuaSdu9s8lLddGaQcDAeAWK4UlFn3Ti7GUSIs/VpqgYB7poEIZ+BAFjBm6DyJ4V8FmXhd+fdQ9C2uw7pVCTup4/xSoUJ4wBjfdQsE8ZthPNwIx4GJkPSDlsm0hkZbcyVdp3WdMGUBsx8bkD4rgqmS4CAM/PwB1wND9OvhC1btnEWa0f04vky5wSJ9kd4WLniwbj0sv+IU04+kfNJPfGDy3+M58P5cdhhh+DMZEOaFW7Hpb3BPii8YgUjgOoifp9lyzA9PDDWo5EShFK+dY/E1MmdXMKtl8k+ztgwvsBjk/mzZSsL5ZxO3p9OPkz03MSh/P0OfHoKMNsQADTRW3LQaQhs3EVGPd47qGmnQqjlaEa24ADMvtpOi3VbdsakrkbMmvoM6gcIkUiaMsFxdMF9guu3KRwAOxr+Bcs5ND48OTaiRVS7qeC/xLqpy7qbzLO+bQhjwLABDdM+y5bkmaxNnBVklCTT3wWtGYB2LVr+9MTNRswJFd7sOx2DDNHeRZTZiRml8yyB4ltTOjW0W9B2bUJzNwUN1/zjj02Tw3XrV9O+ETyFTosB7rzaZzl7+42nJ+yTOeQ+fdlLYv26Rzl7toMdXDyFQh8HMf1uopnasnMg9jtmPvNpQazbuIk+wdnATpjTwa2x7IiFAD2fuSGt5SwnJqMbetFuKxCJJ+AuHlvbY79D7K9e7mNCfMO0eEhmhTSdNG7hIafFVrxPbkPwa0nTpE+Mzc2bN8T8xR3R1Xl6rKUv0nkHTId3tzkOvets4YGnpGfTtg7OMapFR2jkJf3MrjSXA2/YxJUiaB2LuXVBVxnT1l7/Zo4zrnKo5yjgJ3SobwChJyMdGYwz8KzmVRNOtkl45TJJPdkSSqNfdYCg4KoJU2OQtzjF0Wy39JNknjWko9BFN47S7BJriPTKS6pyFpp5m+0gIoMDj/L5L9RloyqpG7VDfakzgxOJdvcrzAGrOLAfct7TPhk9rzgp6xTjCXPe3t6OmHPg9rj0n/viwbvb43nnt2LhcjQ5eAZWBpU0eo7nVwuJ2QlZqhZMiNv1x65pdv29a3p/P5k0ibhxmUfXtHFxlpTTaUJc+fHk6thDRqL2lndv8Xsu5Yljdy+vxJRV9onz7y2Fo4wRxOvSp2NPe8ux5/hd8038bdmlV8aPnN3TTCx74vuJ7/YGr9N5135+4nLEgKnqUktdGVOV14ZHUMh7siuDfc1YcWszvvGJ4bjjR+ti7sFoxIZnRyem+PIX3k3r3JRvSqdKNNo5nfdIupmbE5ajJWleuY0rZOZTcHGu0scmTpfaOmhHJqMx4syN6Aw0UB8Crj0e1cizdbwobSQtmZpskrvu90Jn5T2TnmRhpYj/v/wt/WcHVgiy4dWz7/K9ceOCfKOhktftuAq3e0pvCaYveUxRx/jgmjIhF3FFbiC6JMi8u6Xz9Z5CNRYYLKXGCsis3Yops8znAk8NS76qy0vhZUJM/Wbv31lQ1cZcLycmZa92QjMBrpCURAwDmdWSR1YbD3lyHspFLHfAYGgaMCgKSpZrPbmoYY6kkxG4mGSg0/29WhXPqFU7mTJHhXUnD0yDGPEet6wZL42shmivKiZA08cp5FdAcUcUMxYdk4jI7DImp++GGjDtOhIh3xA77QXRFExdCpDtTsxcjP2N8wQYHetNzQmpbUGN2kHOiglPaRixMKpq3DyHZTo1inolq/PY/rqc9OCoDTZ1IIWALg8oy8z6D1gVNqRGWXkpwXNvCoKu5R6oTfw4mAWId3rhNH3m59udHuuTudAzWl5CXnUuuTK/ea3RdLpElhnyDNjAdrRbbe7MeYXBWFDlb/AsmXdRwS8BK4QPoSXdgNvvCi0yP7wcZXApJSceMJU5Q62+pz4PA6f7XvK2MJG0nd6plFpYYeNfagHdZZfvIq6w+gACk6n5qZ7RUtCj3iHceutx0ou9FSaTOGaD6XPHKM8K2c1k0CCmahs1aVVQ7LD/7b+xUEzk1hCxlDTk934iYBgLEoEHwe+BaN4478g40AVxJwKtc9EdPeeCdvYuCPZrF+caFTKHgFHBVHhpDH2FwDwu2FawTR7GiXD7D9g3bufg/PyT4ndf806Ya3AuXrMuhn9zOGZzofLl3/tKHHHMKXH7zQ9RRk/8+gueG+94118ng9qG5mX1hp3RNe+k2ADT7kgrQURRBn2z1fnREH/CkDVnf2Z/MDTWbdbxj1BXXcq356h6vYtsE/3hb3Y7HVtrt9BOEjfd3KGKdV4Yzvsce1k+qSvi50Lcs3NnbHaDhHcjCGLrtrCxwnsXRcvNPyBXWJx/4kmmWZO1QbUoJmGsdrGRtH67ngL1bqbAxRgSaFLI/G9G0GvreYw5VcrJMcp86UA7u3Hr9lx8NYXt4iypApX9pxCzAWHGtMkEVAAND0G7eHa8tXjwDOiaNY/meHDWOFUV7tGZI6jhxKMPOgQSBqATm8BPPy7zvcBXszw3JfLqA37r4GnD+seyjV750cK00HNnDYS1zX0yGVgptPCKhgl2J8KuQkGHzIFnsai3l7NhwrSd8VfgVcCQjqJxpa26wF6HMKsAIxrSZBAcie92ytqGRnargjZtcyHLMamGgQibvhEhHs8DPCGYGEN87QW31c7Yz3lmPL1FX3a64US9fdJG6YmI8b+V8z+DcQbh48s5Zf3OtD6uBsgAvRDWIWBp6WAAOuAZuoQwyzOnD85ZoK7ihoeZv2xetLWY6wjj4iHPxUKDpV0KtrYjhVTzOW7yn7Hu7ONenLGZVhH2l8KkG3+8TK9tpBJ6YXIN6XfzMikW1bkmOQZtDHkH6Wt2NxEvFeKG4pYfDsYtVwzEub83K448ZSDmLsJr4CS09ZyxLrVbctUuy0g8Eeez8fnatDni+B4fTFOVI61zjTF9PfsbvMt443xRUwWesx7z+CorMVEVXKus2/S8M43BZPnHuOpdHeX3aMLxkWSu89vbidQ67bh689E/pqnhNKOwmJ44X+8Wqsgadw4KE2Y9Po/Ll2mqtlmo7c6yfa4L9r35ocGZOxNUcabht1Gj+CO9MJaCfJF5x37X7zJTSZd9a3yNwypNjRsrzuT+qUK1WTnWHvOQMPvBdGUea+I/NnZ8b2E1DJbF7xwTWQG/HSOMrQpvHtloG49DYazrrnBq0+UrSh6LtA7rrb4zneOyDtZVBevKYJxw8TFf5ilj3NkmHH29LZTlI7F6VStuvaY/fvAv1Dm7EfOOnMHVKMzbSVp7wQOo9YJ/yTUTS5hcV6BRTc7ke2a/4Vk4NoYNbTrQgva52es5aM389ZWwc+ta1ng2rLDm8SqkltZdaNQaudZnVryI49VVyyryegxmWNxDV/03xJk6y+QlUdmC7EIaRuZx7S9F/S//u3ubRluYY3usycbXUeMbbQkGv2sFSV2G37vXYGrjc7ViCNep65jqd1ZW+iTr4I8pDEnFSVZ+1/nzVemiTFsey/5alcaxmcFyKLsug+8sM2Mtt8wzUxcoMxPp6/zl9xP+LQXUmQtAu2RiZSNmXLk597TtnYLqWObTCYFzkRz4MARuHSazz2DP81sstkU7xSD2vi7KGtFWmPg2F3gXahdzhRoOREtoUuNWE00yyDi5i8vwx2Mlh+2pQ7BEXrrEl0x4twffjXbQ3gfYLp7WLepcmJkwGezQBEIRQs0KTBBMtwtuMhzUpemmJn+ecTA+BSMmaBIPCoFVKmUIBf/TuQmu5J2k+XsSzDh1uriXusxTBdqlSWUmVFMlzmAQkzYlw2FauhW8uODrSVIt4xBerQY4EyIu21QLiB//i0O+xVsKTbRN8wjd4xcHKBAe31mmTc9/PtN66hYHnhfki6CZKIRFONhi910dZACRcjiIPDnm4ghmhEV/qA/nAZyBGiFt4tgKPHmjUFEH4pDVcTDCWEFb0IBY9tL+LXoNbS/MWWkxtathxTS0CF+lAHVEeopsl4GXqDLe3D0vGlAcNDB2ONFjKzLDiOZVBHfTxalTRcG+PZnfohXqZwwp0DX6ONuCdqRrSiu6Gtzv4jjINohe26TWDWFQXIMNDiol2nkooWqmuM0ATts18+Lbmh0OO7bhEQ9muJ1LQ/XMuZN+mcTGhrhNt960y7SjZZSSeEsf0NepHQAmGdbCKrAgUfAdDzO+VYNk3VQk6nfYb+vxAHla3P7Azpi9ZAmXRXOI+2s3sLkCXK57lNNBeztzAasqyy/HTWIrfxXBsJRfmHIrkNxwDopxk5oO8JLoSvyUVpQSgV6TXV46zixXk0/nuTuUtsSyso4ssbQizV1ZFGuzUN93TuF+PZjdYfvVyhLVCnPCW/CucJNsCe8zhuJTQKHu4izHOcO4JORF9ualqOxXMiRPwPgecM5v05QGPJKGQhg3asthElKzohlfV3QR1+s9iNV8dbE3iKek4ZSZQgDwpPaQ9vbRhl6FQDuhmr872MAQqzknSWu9vcxxCiYfeJOWQn8UyvqgU8KRGxTQlSbxqX1K2oFg5hlT6HGn53izG6ValC7OxDd90JbjcGpqnoYQ5AbTpA1wnHf0T95hmBCxxNgPxOWYsFHimjL8yiKzbPrQKpJW8YL+cv74XqHXzkj6IjyAoLOQLJ4EMn8kz7RdrAcKO+5Yl/nn2CCTZTlUeFS7lmAYb7nih3/D0AMMpEC4y6ICGAEg3Qyqx0fCSHQxfxY+NXWcS/S8IXW4yCt0Z1sFnvITMCsGYGLydwpd9dgAeMvNc7/gNe8sNR8hd95tS+a0LcCGNYlrVY4RKrAaMucZ4B7MeqcvpY0Mje9+oj8/8zH7Wry8FfssYSzafW58Oj/BmzA3RqCBjKWRvGDezR8LZByy8UJJ5IERHWatBEgvLU4zV+9jc3A02GgdYpyBhxLlPVygAABAAElEQVTAFRs9xesuZeCFMDQZpz2JCk3hoI8srHyoR9zbMbzMGccmk2eHhKCB18ERNjQyHzBis07stMw/ogDt1QMpCJjaWVtChWXS0RY3CXgjjlKbAfwjWb+WA8JP2/g0aN8w5xzNC1UjvWW64VPK9G8ZPqTwVeKPDTvrSNpOJPjAVyH5gc0zrUQp2Jc4v/1YPiMZDe4I65dOOBojwIAH0JFhhXTwAlyJC9Jl22uLCvDCAs47TO9wIKIjHPEuLkbkd0wNwI02zZCLdpsHAv1MXIM8MeSGB/2B85fsN9M10Pp4STqbXpnfYmwkjkZyHIzQv8DWwJMl2zHEuWHgpppl0yIfHBeJZNtN2cAZ9hHn1/jDM/OKzZkGdY0kzoADz5/ZluF1xEnT2QzJdMIy28KBEUsV7p1jZQW9WGE5TvldxqMmw/NIpCDFcQPHon1bzTUK4dn+d6yV53JuEbrmePVcK2t2MdvmNxfQP7xikE9brLvXsdYWC46dzf4M55ZhEBtN6ArCV1v6YSg0RL5upJ+xxxxtzzthaQeTL49UUIf8hX4RrEVnaHlcg7GT16+gWQMzhf5AP6Wp0g03kJrUofM44cxpAn3J3/A0TfJpSi0sju/cTAT3llWCtY39qmP/p3/X/NKe4fzV2iMG/OwaaszsWhojf48Yq8so33UuvvO/Y6oOpmDu+Zc/biTyfzQYbzBq7Ln0Wf4ejawfMjmJTUNc0pYqbtzX+F4v0SX/uKrHpX6cxzqD2XcBoc7FhjKpsnV8ZwMhLGgQGux6wmnDrzOgJ0M0HJic88jFxXh2HkbQRDRgiiVYptXlfkwjLcQ/tSxyuDBf7jSrgZMgtOUZNSYUnhoTdZwXyIPs1u3klmlCo2bnCT/rdjQ10WSSwB2CO4QSdtGHNCs0rYJHtehkDjOxoGqH3FSQTEajWkgkZoT8yoUOBg6Nn4LoEJdB50XaME6FCloQaTN9sikUC274h24ohduG5kZVmZk4Ic4MiYPESTJpwAhRcidZD4w63JCAWHYSZb7bWPTseD0nKeRkudTnFQa5sMsNZSjLCJQCZrUsPrlTloWRgDxN2iQzUWBHg8GOvWdRqIWyqcV+gSjblgx8nfusZ8Tqxx4GbzKrvM+2smjV1WZpJfnuf0nkos+XHv5WPbgqzj3vVawzc+BlYbLJ64IiPBTMRwHdOtBoIbzap/WlvRYyCE6n43L+sftvj3e+8/Xxlrf8AUnpw1JAlpKPCRutyD6gj4w0rmK8ZfBkioXNFzL9Xk5tGnFdTL8K3gtWZcrGh/LLci1LDayCgox4mh3aMsaLZheWPdzqi50y7TWgCYvlsWDJXNQBeJqYoLW6bD/mG5jeuXPY625eMrZtMZNzXg0EAaqtYOJhmvstXbGBc2Ezp8CQw4RvYk2bubCaS1X5gzKUtp3fNZObeCHC/teDYeLK96TK9mVe6iPNoMIEv/04EdXqWU5qcIjKcVMXUEpIwTu9wuUCbcNFu3OzjDLLSojIZ5v8ZQX9zP98rMpL4Z18bo5kH5kr3yU05Zlx791tLqTWoWDY7QXY4LhHgRr81ptE5i1jGDh4r4fULI+GusO6QzrGeEmBAdy3oAUd9HM/Zsni13hNId0I2qGDJoICTQeaXbWCRRhkzmkdAG4H6cc6dCLsy6AqOEmBOtg46tTUjjnulRqOCIUr71AcoL1qbdUUbfecJe88P9gFAzLYvxZGgculqUNBqIyvYbS9MFsI2z2Dq0mN1ocy1CjqOGh7/6OYPxbhWPNlNx6G+lYnvPZlF9qmJmXu5NqAbEOiFw0j3hNTCJfeOBhIi+hZ9RnVZBSQ2yd86vElThW2zCJ9KcO99H1/bmiZlZcE+18zIzenFN4T92bIgUF9vFdzpvZU4V1NmDve1lVf3O68q4orX4LrQGI8qEGzr905V5DlThreSAcKBPaJzobE9aDX18DcCZnjaDQYYdvJoxA3wGXt5Uwp7SSfsEBNM7n1pvDtusSYAGDiKYDyBr1Ch3YM4CBmAEc7M5ehqcXD5fadnXH9d4Ata7ZeNyhhklNYoB3M8/JR++lvhTGY5IDJTu+FWKRkHpnaTXxYdxFySjrH6Rw+vmNNDtZoaG4pR2FERtx467Bcx6zCk3TEdJYtAubz8Z3lWYbtdR2xDJl08zr2mMMJI3Mw81uv+U1jG22XbXBtsXxhtT7hNl4GX5yZzzrA4Wic6RFuGuTJs2DmM48CkTAJq/mMs84aPusw+M52Gu+MU9jxt/g2CL9ttC22wzL8CAf1Jiy+ty7htD8sRxxYZ51POA1+I7Rku30WJwpM5qvGxSis1mc5lmed4sd6/W1dftbyMfje8my/3+JVmGyPcNpHprfdwrWBj8Ex4W/bUPevddp+48Wf+c1rGZYtfoTDOs1vXTXueMx85q1hNY1wiAtD/Vy3wfLrNlqmfUGZmI5jLsWz8MBvZvt9v4aP5ftMunkzY8bc7lhwFJYTOKoaGCSe+ZdHZHCKlgoDLcLgiTpwwiQ/1+8RntyUh0eSnwK2NujCYA/36cqvGgMNVygb4tiF5o5q4tIvA/RBU24pX27wU64coF6/5WGzLYAn7W1HQ5eB3x41GcRiofDUxAp+/vHBNTQ5oaQVhTL6/v99KGDl3//2yu01P3sKxu+p1l3j6nR1fP27LrPE+5cP9Hn3UOfweyzkvsDYz9En+9aeMdBLo0DmmsE4y5BMBOMhkxlXpatel0QT/z7Oq4kJH++XFe6piVWeFmOKDSt2jzRdtBkwFnAYMDcMRJhVBx1cB4CzKHvptpPWAqdAKCwchkLm00WrCBp8m08myko0ffQdJk+pkVD4kzlgsWMKRhsLNLZ2PIMckUWmoSqvDruM0tQNX068K4u2C2cbHgDTu6KaN+BIpqFmOChDF+PdaIXa2CUcxk18eweT0B1Z/rnjMsScHmKiD8p4C6f1VxObKjMko8ci3ICpSVf+AJPsPjjJi7tt/2iguylPgGUMbEe2yW8KVBWvUCmH01CIIEiAvCpAIa2Y7YBj2qNHM5nEZDjpB+8jUvjzTJ47/5Rg4RnIUR6y7WhCEKhbtBOpGbwJn1DQZyQrbs9tp/HFjMzMCg1TpuLdjM9/R+jZOUtZP/phjLVLb7brNMBdcIj1OAa3DSZN+3LHha5WvY9Jgim+Sru2cXfYZM5eOTb/e4KMV/lHeRXqHPc5Wb0zbCwSmFyglmY/yLwVoZhxDSVwF17BWDPK5Fbzbj9Kknm0NPKmYJm4ZoFCcBgNop8du26Z7S5MsTD3UjspU5naKPq8X0GuDExwYQaqkYhUMPfDUCaiiO8HFjEmzhwGpsn5WrLl77pdRdto3vKyTuJ3Fs+DrS7VVH/FGR/T+J2hHvvVzxJnviqt+GKBG3QDJyEzM/TFfInXklahsARL5z3jviXj7ZzIOkp5dR4QXspgJhZQgAumvV9GmbrFu/V0cPZQj4E7MctTQElNBeMxYbEqgl9DmDsKc/Y1oPRxt59124/mSZxWGwJWqLZFZx/23U7K7WX+qlHs9koQBv2OrethMHBdjcmswprlpFke+WyOgr4ftzAcU+b3fTHvg7XZuiG61RQrNKjRoi0KMrZFYa+BqerAEEwLY2OA+dQ2BE0ELvu1nTa70bFjx/rs3v5KONLMWu2S5zJ1nGMahb2yEQG+MI+tNw7aEfYGFDzyTCitp6L27lkpnPVryg3MKUCKi9yBJH92HcjjO/uXx7pXfUqtf9Iz05iYkDCX/ig/xY9jpnioHWDD0H5NYZyC1fiW3wWHmqMWZwOOVismv9/Tp2bdLawB+jk/mtXlTn9JZl32V+anbW6SmM0x4H/vJhQX4si6FdaGGVsW5HR0jgi75q7SrQE3xqyE+EE2Ae0XyzNNBjJ0MA5ccxRY+/oYq8zdJpYk05fyjaa8zDhonyo61qu0dpDJRfBsdbLOYZZVrEfWwXDaPvDRyx2m7WhPmAfNzgXQTs5iNnWHruZuKrKj3pFxK89l3sOcv07m01HnRiFORTBpAZ/Az1hpnzSXNdzz3mjpWDvaOnDvDqyuRSOOsXboL+NxGEY3YW2DHxC+nBeU47t+zp+y6dTmPXBbH+UdlhTd0ELo/TD0zbTteplOWkW5OQ4rz8PyCJQo7uQJss8QXJpds2GsGa9YkDS75DM8g20nYXHB9RImHNpJHxlH/qQflKD1SMdk9NfArmVLrink5VVuBieTDhx6vPZMlevj6PoLEJrdy9yraVTAF9bWJLwVchZ0AI+zw/24macfrD/P9oPLIeISJ47ZNnBjmfSlpuWtrk76h+StGYwZtbRYt+j4xo1UBUx5DM+mt3F+1Q0tym1NUkPOcYEh+Ab+eY+uLu+Her08fjZ50bwxJ0aGuPMM500jQ9MZJ1ujNdkByFjEFL+J1VCzQwESzOhdFW2p/MYIOGmjPmnZCGdJG01NscG8Fh94bG0jXdJl6WUbJt7AO+y4aeI631mAl1U3ABoN+k3UtyH8dFMuXpqG+DS7gAl+Z3hgBu3hyESTzWq1n/CF8gKeU3MTpX0y9UO/BrEs6Zhq57ABto32t2aDs+mJ52EYtQbnyjz33OOQo06dlOnV3Kqb8JWeke5DMBuBjrqGyn92TF8QA2zy9XGth96xvRNWT9aus2rdKJA6oLPSVMZvaQj9yTgpGz/yZc4HLYYYw6zzTcc781r+TKupHCOOI3JLm/TQHW6qMa/4Q9tppwoEcOY1Sh7jSUd50NHCa5rzf1EoEzNxUEbZ7rDv2iJHeB0cNbu+r99N+CaT5NO8FZtSPdA/VYGWI70fK9+Y8aVXKaoEpqx5v7E8xGUdvuOBIDtSPfqLDznNkJnG3hAzLuFYiRk/+mr3+Pr9k/q24icoopUMmVo0Br2QDzMBou/RaDD4FbJSw8Zgz/NrSQRplFoTB6sZMB0ZgSg4CWxemwRIgc23EiYW2mAHW/tjZgH1MLjdFVVbZxoXagb7GGPIuTGJfPZg1QDK0M64gQmAxERBKC+rtoFU6oTpbA7FFLxWWpbnX1avZ3fvDnZhcofJnT6JqjtQQunHXSYEvH1xeDBjckxHGzKEY4/tEJM+HFbo1CAXa8qrrxzIfRt+SwzU7BVmVBhYUoGphZmnecodIeCAVxLCFgzSrKmc5SNv3axhdsCHet3tIlEOFIkIv8hU4yJV9dxt0sZioSOBkSHsrjHRK51aBl1hgJP9gHGE0AKHjFXGWzQV5mFaZ8+EwCJRmYaVe6ImvPxP/VAjqCmdd5YNwTQpVHuH3mB6lWOxlSl3lc42UoXPjBUZkhE1s8Ybnf8EASbd3TMiJfjiJnHuq/9kqPO3YJxk1hwXLc0mavy4IVAH6svdVDuNjw4kZL6Fuz/PMim8sQSz6ZGep8jrt232HJyL3RC4iHjAZBNCttd+l7GnbPtcxy0pdGCvP7ltJ+71WaRcZAWDkOOR79LbZRhYrq/Vqq3nzJugGlPGEG/4ndnFrWVRZymuQCTTmMy7MJiVkN/1DxLrUdM8NRwKZoY5U2VQQFyd1jT5hr9VnGZbPtqz/YMtHKAUxi/7IdOUtzbO4TCdM0GdHTB+mKRaqfXKLKVZjMKyYyDr2PXPSGxh99NbFphuCERsZkArEmlVBs8vdgPvVJmXrNaRV8acpZVk/ra9ttEYE5Zd/5mzpXkEBkuzhTOTKcznyWXTQ/KJNBXTZkij2JDwZzsMFo2a3iptsaxGGxtk3VwCjgZKINwdTtoJPRkEz6s5YygTrrCmMF+3V83u/FncfQeNG0DIKmXJNOAcCEZZMBOnXE8w3MHcY1fdDRIFYjd+Mj1MRHq3dYOJuWn6YZgxv3NeJtRwmu3md7c5s4F/aLv7bkNuohFJXY7zbb2c2dwCQwnCxZIhrwKQ4VQLp/lEpkdzhnbRODObNu/QdD3IGPpKUyV+KxQls8ScVPuWZi/gu51NtBSWHKd8xBG18WGnSLpqQW7A9UqXoZOOFYLxqTnjXbmjrkz03BQURuCzxw2CmsyXpqcJKvFG5kuec/6UhAp2VOKPfG064bff7NfBpCOUTbake4zFGscKC7qgl7EcqK4FAbkwhDqvgnZj/uU6ZmjTJBlBQBqRzCA0VBrbhnVDOTPI3aWkaXBH2iBtH+JaHR2qZBej2R/A+ZBrxxBeTw2OF608vK/UdcxLrXd6vYhjuhPmkz4b4WwQgyeZ+zbM63Q+NIiDIMeSwo9zun8rmm4EwhYbFy2EhDx7icl9WwfreVPhpy/6Nm0AsyAg83FtBN5gi2AIzYfh1VlVG+tEP8556PQiOMFzDLrGETrREHu9yUAPAjRMt/2U93yCj4Ft0hE1qAgjCHSdeAUeos4BHauxwTbAvY62M3uH37k5zNhqa4gHNOesSW4stE/fh82WVvRtVVABhuSD0ORAJwZxKDQAP2C7+ymv0cQpGjyQRwo6PUvF3B0cVONPLZohkt/jEw3NTRHUnCM6RWvbxnoAz9TeQb8wkYYQlj1ir2VDB0JtOiDjvKl3D2r+6nZi/yY852pJA83qUwhCKG0j/wDjY6i3nCnv712bsHSwcTSM06fBHWwqDtIH0OdB5mYDga/RzsYNsLrhnM5/GEdqyPIICk+2TXPTpHm5Qe78QojJcQ/GrS+7kPGAw6h0tMa41Zujm7Na9jQ5Exoj0Gj60rPADcZjc8DNDDY/GJNE0A/2nnOy0CLncH8vgr49BKHBpgKEMH45l9vWCb0AhiHmhuna2clPFDvnwb/9XUwVixDmRk6nAiNrh74N3JhP02fMrJ1jg1hrKQR7j6z9m8czdHT2/zH3JgC2HVW9d3X36b7zlNyQgcwTl0CCisxjEGR0YFBUkMkBP+E9R1ARQZ+ID8GJh3yonyI48QkIIoqAGBl8wgORIUyBBMlEQpKb3Nzcoefv9/uvvc853XcOCXzVfc7Zu3bVqlWrVq1aq2pVbQ1U6ld9nkkrJhLEWR4DKYxhTvWlLr4GyvbT2DNP+j4WuX3JvBrOTlRkRc8D38A5kz9MkuU1WeajrzHApzyfF2NSzDco2OqHCz7v09hn0m+6uP66JFJJ3T6tKet5evowX19WYrvE+QlwvrzxuntWMPpcRHfpMrliMu7loD5d/Zq5eEOS9qHn3VEtfFLpCnDVQaZypJPHAo/7UQlkQY82X0IhkMvi5bFHxvaIJcXqLx+OIbj6cX8vk4c3OmCHhVmZBssYV0hSGMsRmkLcgIlQ9lTICU+JvPW6MGOtKtGECPocOJLVEgZOOnDNYPDIwWujRgxw8BnWyMkAKdwEfp0N9TkKsLPlLhIhlisPm0en1lA2MJeZ7TNXGkPByMw4r6Hlg3jTvYaraUbHbSeeTKqp9sXL8cu+8SNcX49ddv9273ud3r7jmTvatuO3IIzXoGxxhD4D3zx7IW67DaOCFZHrr7u5XfK/r2mf/CjG5LKuFChXzNycdzqzP5R5K8eg24RIgFIgwdcGtpnHg0IudU5dfFZsYLVVHm5hIPja//ky8baIzzUFdVe4vLtWyTd+PJjGj4bnaXysJ8Zxu4GP8f6qUOpKIpYqnOs51vy0tv2EE+tFzYC8jWkr99eACM8pBdovMABNH7eGd1S9ldUtZ9fBl0FODKpuVqTu+9ig7vOgSXrfr0Rbul9vz9497dGPelDbseMci6g2EyfSypMLzIRarrzTV9N2VVGb5ZUT8o/KSb1viXQQTpGuq8+E/vPAkFf2ckDB3771HXkZcblUoewws5jT5bpDQrJXg4E5AgAIPf5Ve+4Bzz9K/kS9v2z6IW2BQyPW4sqYkE5bl5USPmZwcgXUd+J53LBuf/XOtiDGIRUo3eDvwRq6AKoo7kWRcDDYwD6KuIFYaBfERbqISAZIV3tiFDFYQraNa9e2ay67jAQoVnFhuZrfI4ftpz2w7WXPYoGWT71SHSBY8S7GW4M0KhdAbrg2dbg7aZMirJU+2BMOumkcbWa2/b8u+6CJjiGcyesGTmm7mcX2tNMgBlxnLxdp8zXMVl99+b8fA7zVSU/HnfSktofXFnjQ0DxukK6wOJhqHG3GKLzu8t3tawvHivfqcu7Ie6m+g8/nAnTtid+OQq0SpmGNUoESqhxRKfzype8mzQl87PuHCtC1pNahEtyB8d/atnGS5R66qoe7qJx7kElw5roG0uIzV73kxMQhRBaj5ParqNpC9nfiXcmIol0Maf9wMsS4DLSUEzdm5HgsdelBP6sVVuQifXOJVQUnSJS9GkSZoFL2WISlpEMAn/vIh3RGr5l8g2/K4LN8YkysscGEZVYg00OEWwaZrZf921yYv+8rKgbynfBVAlUoQaXgCdoxj4aVZgbv8yJzcNEIdC+nEH0FTb1zFOgahcjMmsxi5Y0x2v3Qcxg8KtTiOcN47utLshqA8ZP93hgryiuVUHGZZh+lElbD2xUJqIYcZdKEfj2FnJvj5eS+yBhpRFmo9iiikyjDmaRCQdaZYEBf8nTWBV3YLCcTEhowu9u6bbiVYZztX2QimLZZs/mkyPc5VleUc7rpO76WEY8xR36VJXHiIdfQhfb1Jcq6pUnXBbwdnNDU6CIjeRjTbDfq7JilR4SGsVHSXePHutc7WG0FHkCrRVf7bAiAZnJDuKSj0aOvTfMOMVdJ9t9yfWg6peuxHkngO4m7n31x4CoPxpkTo4sYbLbtmq2n1r2TfDybYoXe1bTwAWOC9LU+2SoAfAoEDls8gMtDjDpk4nrc6aGrxkletcN2BA2rJQ9VYzXOSWXbP4dkpOrwDG6ZWfG0QtCi36/L46IP45Ltl75DHUOgPFJOGKCN8XIBIDJOQx9ZVToucu02E3nQlSe9niboj5PwSSZESGeb2G9roltY6mudYWt7diE4UYY45Jpv6em9bowpnzq4915DrbxboAB10AspcoHVzOxpVUbCY/LLUia14Wdw9KwEy14A15njTqUfYGgD3/vgriFGewzwKpAPLGMJHiBhxy+7cjDJGvRADbJJ6rbEAoU8Z3onmPQQWaC+C/Jyd0Kv3lT2pQmM6UzQUDdl+NRGdBhkxwKnaM/v8lAtOIKPNMoAXITgvnh0eJsYvgjjcRWz8lsS9mH8uo/Lr+Os/NOF0VVF9HqfOgHVtCmG7dRnK++dYB6c0qc6eNW/aCsSl47YPbAgPv70HjW5EaiFqHfyG68O0/Cxb+iRZZ4qLRervqyPdCw+Hq9bn1AuLnjEcBE2T54Um2epb1/BPmP3q0w2v5/g0gHrfpKq1zO7LIf4Gc8xlkSgoQPPTSIhDFXxuj7C92ACpTS9KIRHKOp+R2cJLF+wS62ztw0mrENNEAa69uACEHeMIAERZW4YdhkGFw39kJ0GTFelg9jA5p9gtseTDVXalp0p8XRLqLCsIDUfX7JyCZDcEIlgIj09maS4JCCIt29ehxPg5vbFj6jMLLTv/6Fva4+8+Knt/PPObGeedVrbsnkzRhsGYYSWDDGihELK+rnHZc+efe2mnbe0q668tn360s+1d/7Dv7T3vvtdJD6hnbnjXDbCT7Wb8+Jbh7mibe8eWuM7bjDSEJwVEhGACGUZSh3Vd29deMam9iMvfVKOEfdFugr1ZQwPB99iwq7hUsLqL7tWx6zO6mE0LTEbh+hjZm5v28fHgxx8j851X721veefL22XflzlH+ObFcaJu6xrdzsZVzKU2ts4tjztCr23bJpqL3rR60ijQmjdvsLncj7OPl3Ap+pUPvhfHLsX7r35bOWj8qGB8s723ve8b2jAEZEOaSsG98zy6YnLwMespe9mUujLA3bA2u9kLvPVr4pb+ebzE4bCnJmbb6945evapZ/+VyIv5oNgbR/lY7AODhYOjkcb7tVOPu9UXJqgJ4Nn1XnEKIXDlcww35ODRRhYIZ4rIPKrB6UU/sWrHkRRqwjMCiLgZxgokqZnvP6XUmwD+WQfkxLrmc3eu4cZPvrC2k3H8aLTqfaVS29uP/eCn2wX3fPu4MZqMELO4GCz7MeeQpSYSt8BM3s7d+5sP/+C/9VOOH077cwsJeX5zMIi3CK4EhNY/deotgWtQ65/XL8iHPxRKBlxt62fatf/1zXtt17x6ri3LuAiJS2iWK7MmTuzT3O8+2cu/Wz77d9+fdvOJMNuVgRmUI4cEPdDS4/m33nNTe2lv/Y/2xmnnY4iLX9UPS07EyRCIyqyBf7wpDB6WUeDqXbJ+z/c/vwNvFPttJPqNQa6xxUJ2iZcVa/7whfbU77/Iez3fG76vmU7m7uouyDwlFXCjnyAzoW8ZXa0qZij/o6bDHB7qlseWgJ9H6XA2d9Asg8QDa4337yr/Y9XvTHKnmlAJjzki9T34BL1it/6g3biiSdiSHQrC+KrvMUYitwRoLPo9Dv3IGfvB+2evhYsSC9fhCdMW2VLpL7tMmgBx5lpByfbTkSl/3AAZtbNUyz/kT7/ljd9oJ1w9km8zgEZBGzLUim1zlmFg19mPLWRuszqvgWsrCBBZ/f9VR+yIPq77YyssN85UVKykWfAitLqVdIwdpAmCpx7Z6SrydL3qZNpTEsa6+vqH6ZZ+kQEjHwFXk7KOJse90zSGYo+/lpxI/hQd42NPEsk0TxWcdeYjKtrFAkURb0MyNNhYGbyMftPugkOmRhOmPDE92aq7GdVyvqbq8Oj8nFPPl1gdd92tWuB1XmwqVV+jCrb0H0/GgaWM88Y6cpWZBf4qfxmnGHVReMqhmR4CxpqOIADwC0uCqiupa7gSWdXpmyfZfqpNFBBn0LxnSZuUbgo2RqOZZzsq/1HGEPuP1LBj0It/oztWT0kn0aVRqL4Kcc8mKdkFe3ESsYsyvs0hs3SMic9o5hPcVJn3Bs1dMFjDZNkc0z6uQ8+7m3UW/6f3+0ELOQAb2HLh/JUJpUxmAabT4kxvMBqlgZyjDvosYxRNccKje1lX8q2DMpSzmrIrXGFjDIWnLAm3zTtII9WOfJVWooVvK8lHjAEjWMmmScZm5m8nNmE6yj0necwOMuecmUH+sWYjGsdLoPQcZ79uBOMyxqGmTTGSEkf1FjFeJwzHtzkOfMG53g4yKvyD3zmChBPsvpoofITnyE/83R1CMoiDlMrG9zWYF9epN2UEJaTwLMYvfCjEwExouUPeM6J2Cqn5AtI0r6UTx6xCwSLEB9j8uuDShNuoF+6wiVPTEGzKeDOs4Awj3tkPAe4r4lO5AzlS2MPL5FGujvq1uh2oIlF9rLRF1wt9bAm223NttPSj2KsWrbyFxwX1Z9o/zVbTs25D8GOdtfNU1ziUkk/S31vu6FN85JvFALG5K3A1XPHles6iE43Zesl307SDmkLYNg2GutLGOEapxlf0t87OkhX/uwH48G7TKCMR666XpmD4lc9H952sC3HFilpM3zKhfGEPBBKQTJOnbUCcd21GPchT7ktWc6vyXyYMuWpghY+GmWrSFOa3vxmSU6RGIUh/42iAF36eB8VLhNAwHlhb+gCcfJz8OBRxso86urMdS/u+yz9b0Hq7/p6je5HVxQyDKtzDR+suhAZo/gNAv6uSnKEWxzJ6DowMpzuiIQLnkYWTNfXyFojdH1lAC0UoR+h6GDsMxnRX0r2YA6JllklZpF6BUamcIVv2YNHNN5chXPw82RJfs2ta9oyq3a62zlrZwcMWCuQMsCThMfxSoF9KAtf/MR/8CLZh7Tff/VT2yMuvn87++zT2vr1GJyHCKNGAxcaU96aQan0s23b5nbuOafzMuT7t2c98/va5z93WXvv+z7UXvzLfwG0r7Vz73EvXDJYkWPlIJ0MROoPRUa/agQOSCJUeKk3A4RBFlyLi8T+G/a3Mx98RnvmM58Cfqa7E4LNwN8cqy8v+ZX97cabbmxXXPFf7dOf+mx7xzsvae//17dS6L3a3ViV3IObxT7SOfN19gVncULj8TxDkM3qdnO3zFg5U1s9CgZfOocBeEe1gdxFW+iS4eZflcwNvNPoY/92AjPUKo4HD/KDyoV08oAWZ9RpZAZHZqfoiArJWQdi2l3BUJ3RDsqgECOx4NpmO3ac2b5y44Pb6Scx4C24R+CRPKwZm2pj+IY/g30h197yEWf3QTqj6asobuEwkFn2QK3d4H5ME53Lt65ZfejguG8BYM4aO5OdvSreQ4vwkskkKMFv8SgFJXfEMOgjvPuQPOCsG5iHYXDEBAe47mTx4Ma2/eSTSHZNe8JjL24Phx+PJcwzqP3Si17Yzt7x8HbtjShr4fMSUtJCQZhZNG6KysYWnUIp0a2oVMRblW1D/8L0k7etb1+57APt5b/xyvaCF/y3UfqkOvzXh//9oxhwL2ub1p+LAecMq4KBgRTeWL8OI7R9qX3fU76LF5VfcHhAh3n65294DQfgnBH42cOmUsCf77e7iT2OD3rAT7XnPOdph4HwzXv0ta/d1H7z5a/n3AMUEXhuP26TTkBN4kK0hlPqfvAHnthOO+3kbx6Cq0rejSfDW970JxjHJ7Oq6mSUr3zgheoo2q6oeaKsjFRu3qXsyl/K8Vq1ou+TLkot44Ar2fadaRSmGCMYQ4bqmzImk2Uqr8gJZ1ed8a4DDyrNKJ33fMLLTJjZD+T4AsH4Y0oULRVirrOaLl7m4d4JEd3BlXVhcMZCVzoKClFJCTzS5hUx0RSsVD3xBFGNV0++pCL+Z1zLmBpcSEfewCNtuXIVTsa7smHdXJkq+DU54sRpJlE1kC0buemY3dg+MEB5VAleZgyW9kLLyZ6uSlmGcSqTKJxL7A3UbVzPCD0ZsucaOWz7Kas1blzRcmIysps8IJS8TjRZN7cD5MAWaCUMjq2OkstDlGgUWcrLih00dv+fK1Ie2JQ9cbSzhqlufRrquvomLYZBXM54NljHXiWMlIU97Lun4aSHe0zrkBgVa1ZlBttwgTyl6ODqGsat707Na37cAmKAr6bYL2+9yQTNaRLqMoXu4XijzqLBwBf30pQVK40BxyUMVlc3xdVVOhV+9zHNIadnd7G6iOx2X988qysQkUlA95yxKsrqr8fSe6ryAEXfFaEp3gW7BqNEV3CNAcdYJyWyWoPRrBE8cI8U+Gj0OS7GCI0m4ZgGL2bCF7ysA3S2jUE41xlH4ddyP5U3a2ySBMVZXo2FAKn78IWaW3iVcYn9Z/KCq79Gz7M65qFxmXSSjPAeyJPe/1A06cagW2jgGQeoYTDajmh9+rwaZRr78qiT+/Kcq5XxCktOxi0n66xzJ1NibIsf9XQSQr7kCyON/NBvmsP00pd0YU372uZsoYHOC9THCYAYfPIFlcwECO0i7wAo6GtQu8o9cFUWmDl8jrpPovNZh/QX65Y+hiyiHsHbPpJxE8qTXj7P4gVy0VeQQEjQBg8Mwhyc1NFReAcL47FO/x8+SOFQ+RDJ6lnRXs7oA6V0AtJno3ifFwb5Fkc+XpsmvNAlMfuKvPIJMZP5FTwyz+sAMlOF8duVNPDJ+NM+x8pfsc1fkK70UglJlt4jyj7vIaWa3nURvamzEuoh7nogKx5XPYsiKx4ceJP8Xdlm6+lxiLY/EMDKmMEEJ54tI3SY6qVCENuO1APVV4IOsKyST+cpYcGAQYdYZoYiAQFO78onOMC8ywt0LHCUiMJyH53CDe4OMyO1EdoIeYVmBknSMBO1TAfwXRwRRgBLXcWFZeppBo1taxbaZZ/4AlCPa3/6J69oj37MI3mJ8V0Kj5RVRt6ICYARIFatu0jqIviQ+ZJXHNCdUJ7ue79va/fh80M/8L3tbW9/J6cg/jYpTmh3u+jk7DOS6MKzc2egpf4ykcv8k/OeRIbwEZjjf96HhxDMXijJNBKsQeVov0C5OkhlCF1TpVG91qyZRnmablu2bmrnnHNWe9SjLm7PfvbT26c//bPtTX/zjvZ/v/YVZL5/O//C7dRjjj1DsxilDnRgj/C0XgOM4ClnrB3sQzNex7ybGX5nAV0JAgmPWZ6cKINr+1Z4p91g1mGoa2lvG4IfPcQ4V9qWeAedey/WeqiLqxE88BTGRd4rNasbxTDIPeDmfpQ+AGMeA3/3V/e3nWtvxRCVwKSzB4KXBpXXcDH3IqT7FQOvfMaAM+Om8kX3wkxzWARClbZYsx7+Fc+kR/noDJYqsmgbg4982f9GHg1183hM+YLuMBghKq4aZDnIRqxUrEI/IZ1a4Lpv67zMXgxde+1Xzq776yl+aWTwdz+jQUUyCqZ0PEQQnivUP/yMp7Vf+Z9/ER5dx74lJx2kQnI6aHBRfVLUNHppy/Q/iuUvPJv2MgcwzZwr0aO+fPa4p2Hy3Pb0H/7BAM4L262n9BMe6VNectaXZUiPeQY6QwZv0mYWGrYSl2ovVyWIIAzh5m71V7AdltPXv8/roD5gsJSHVXJTm7Rv9T+hVT/0ajW24newWNPeOaHHX/fueffXoPh5Wq3tlWe02n4Ukzl433BEGZK2MGVq3v16b1hVO28N42QgbsQP9Xj8236mcTCkN6sA7l8R18xqq4jRTwpm8Zg80Jese6CfNazE5ACXrObIGyKh4VPGkjzhPlVXtGdxRxO2L/tWYXM1yrEiJxn2innyu9qFsUH/iewhheWmmuKXNEQQJlC0Q+OeTD4ND4cAFM+94oXnvo9qgpXQrKCZSZc/JyWVlSSIEmBang0PGzJjB6/6lnwOb0MLi+RhDrKikpQDznElFENgeO0AQr+WrvJyjF1oYPFZubM/Qefs0YksYUhl/NZAELYrKCp8E+5BoiLCqdVIJvuQ5znMRQMA489JNd0hpbGrG4ZFVp3c4qABnLYFhgeMuQKRlQfHeuBoCCtnLdNV5szEY4CY35W4NRhZqYv0ZsJ0kUPFxFs3T71ZFnZfzy/yBT2hqooBK054NSzsK7dOlW3fuWWbe4iFw5F7jWfA1z1Ljim6NVr/eYwgTrMoWQweGlW6Jbo1g0SRsx5EohI9GaOL1TzwcLVHvoyLJPVwxVKDaOCKpgShnq7MWJfkJb+KufiAcMZ/y3XPY60O04vg7XneO4mVF8+meVfypGf2YEkxdoa5MiceGBiWt8QEdYxv+U9DkhKLX5xMc3QDrrzMuDbF62PUN8KHPHNPmvCdAO9D5a278BLP+a868TvgsBNXV3NwEYX5Wp88tw+nZMdW5bJ8wLdjbAdfXjTePyHm1ivGikpcECys0iZ5tQ3A4vbqpK5tDy86AeHvIhOaQTDVsM72HdKLmPBTlv3HA0GUGciUXdfBtNAOr67CRDoxkeThLh78whjonkQSAwf+pD1jLMM/gQ1vpV3BZQr5Iv+GXuDuSl90Pfp7ygYWkIOvB8PErRReWAL+AJdh2y39R1lI22ugumJnf6byEEV54rkJTgyoQwMtq8nKTWnX17Lo5601t+3Hw8o7n1RM5A2X4lo5i25wbtoqPGhjdiFPR1/DdhxdDFEKekonkwcOtLCYZAdmfnlW7d2NA0T28VXk6K5rUqJt7B7fSnWo734iugSv2YoHhSoEWobvKqPnUSKikluBPDEJYciXdbvie3W6kvMd3KTsygmsiq9yO+A9NPvD6mDUqPKrnx7V/cAZh0mUz5yyaLXoQCGj5VNo4MOgTD1x7YlNqF/OSqnwu4LiSozXxLnsH/dIUvkX5gGAnVKy1hKr8ZSjQEX5dabZEIZLHkvnXphcLnD60XGbmS1j0LvsY3/ZfvGXXtqe++PPaGeeeVrS2cHkQ/MrVIJvnhzuq4hZZVa6/noEr7Wzzj69/ezP/mR7DIbiK171uvbG1/8Rxs8j2+49+L5Ps0TOoOJskUFylRGQ23T8vLRbJTqrDBVfeFb5FXOU32QZz9XjO547woaIsI4dCWJsO25Le+jDHtju/4D7tKc//cnt93739e3Nb/4H6nFhu4U9fm4Sz6oiwM2nC40DngLGP1d13HAvrKJz4VGzdlWGOKzsBPAI7ysqfEIZYGP2ySP8yhvCL1qjgMBnDuTeh0csKMEZdsJ4xcOdRJG+lKjq9s7IpwbJyx38Mo3h7xH/mfnhsa4y8pGD3KTtZpkOGsIXnm6YXXtyMyzW2b/9uOjUHhL3Q+IuxClo/VHy+9zvyQDni5XXs5nenM7mEtlBuSLlCNNQOOxkT98ch3Zsi3Kqe2SUP0/rAg8NJsOIp1cQIc/6L9tGxfKudz2lvfkNv9Ge+MTvauff4xHtyusZTKRtAI3qE0jSmoue0tVfSahy6QOf8SlXPwdwdmGy+valz/5re9Nfv4WVoLtSpoYZfS7w8z2kWY+bv/W6BsVJpcmzztAuHhCLwqRPIg7BI4lXfx28rGF6Hq9RkaJt9yvfMmB2MDoUDgd/DMvVBd+599R5CRfaBVynFrPfleKCDLy56MRWT6OD08anSd4TMdiurs2q+1W3fZaKPvBh+mjfBzseVfmfnOCAB3jQoj3hMnwr73ECwuQMSiiWQPYpwTNr13PgAYqQ794z3YD83mu0TPMePl+D4KEtVRZ5PZwJRWy9k4ukccZet0dig26+YNYiD/1b7X4YanzQvVn+myffqG7d2EGMeSOvuY7blRXpqq/sqktlVLeKY0wilUPKEcYrgZiPPhR29nk1GT8+K9mXbMEvsewfRO5AK136k0UYyINM7GCUuIKlCmsaDRWNEF/DsMAqdlxKudfwkKfTBtBHg2ohRq+8o8dFrXRTgY4yyGhpaT6MFd+RqOuc7ZFVHBVNrjUZgnXaWnqDM0pzViFQQOdRmmO0R5GGd6m7E1kqp8bbVk7YqKDWgTTghrEiqcRJfDyx0LppgClN1Bf0ZImCiwFovPl9r+yyRhqrea6Qecrg3C1f5d5DvjCiMGLnMAZVmJXV7tFzImQB9z5Pep4kX2Q2Kx/z7PNz/1LwkiKRe8p/J+T41SBmT/yUq1HkGzC5ptEnrabZTy8ZPZJe97sBY4HGpSttGn8q6W6RcCzV5bWnzxKGRA7RsJUFUP/BUSOs3Qal6DsxLkwjkRJKhtddlwl8HacnoZ1G+sI8e84oN/vBu1xRcsfgQGFgAouyYwgJAz6Zwr2veVLkbeiB1F3Dn4ThpyApouYdC9XzAjFPfWSKtDXJdcE2TQxQri3Xp+nTGr0YOeqLcxpdGrm0G8zLp/pu8OuKhKvJ2ZdfVKg7SoNHpaWT506AOLZ6L2Ya24scMDZga4LZ3Wcn/acsG96Lxxi8I45pc2BZd3k2ui78q36QojVw4UlX06rpCg9KD++F/6REV08aI/1rga1G05zY7gpsXI3RgZxM1kAcsDLshHEgiU8OQ0EGWABtqhFcf4VCojsZYoqige3JTcIoth9ze7r11KsWk0SVqY/vIfg7glI3/f0wLcpAxIEpA4Yn4FWXRXvpYHrlyXjoYfXYjz+r6yrFb1u9g1qPOiWz11eN7OtZCcxDCIgOjgUGsUqR2LF7Y7MuYbLKUtlJ432SdvGmNa6/zS8RwTE3fpnDT5+KyzsxDJZxV/G9bzLwBC+ZHRpyKRTUFMI8X+K4YSQGvQCBDxPndEqEq9wjE07oN38r+9HSWRXDMlbIiZ7Nr5vL+XMgUqDZMXIYCkf9++tMioNWlBTq7+zSLIx+Ij7hX/7ytXjT7W7/+K5/5LCMR9AJ6WjM5qnk2pjpM3cQkUqxK2CZ6QbjCy44v73uD36zPeLh98XF8qfbiWd+S1uP28peV10o3NlQ9+L4jqmcNkRcBBUDaztO4cEMS7HCHYTlwcH0CmzxUjFQhDVtpKvoAzHiLrzwHu1Rj35Y+/Ef/c12yrknouBPtf2cYCUNowCwSppZQutEPgf5NRv04V+Kq43tPSK4ZVQ54xhFKeMo4GWOn16i3bGYAjtszUy2xp+nVc24KusAz8CcjdrACl8EmKnZKK4yloxG9uXBl+BTQqj/LTwiNuBlDxTRTagGFHGuwW3/7q9yrWIBDxLtUeveLzFIt3YlcSPlrxdyk6wQTuH+M+uMMvQSVvEJZSqgAh7lCv7dzz5IZ6HnVE7l8yBPsu53WAv3MqKo7L8N5ywU1LUI+MlpVzKA3z4fYZ+0qVbVzftDhb7tH/vY72w/8pz/q/3Jn/5tO/Wsc9vNnjB3iBAj02eALxJbn1Fi4/qILaxUfumzV7YnPeVp7fFPeGw9gWnGkifuoF8yF2GUWqFuHLLDZzRElZUovvpSc3nQr4OVO4QB7H3OtBL6Vd5aGT2Lsg6W86BFfMMjxSyrno6OGDwZQKAPhwDST+DZ0OzQaN2xNTsENNvcjkNQ2TPMo3jEGFBx5W/tBldBnKDTOGAF34Me7DM+p99m5Y5f29575UU+1E+ZG6UJuPYfX1zuqyjWIUs8intff6Q+sNDGU758JGkO3rTg6zPGC1eTioRVN6sxfG1Ahn7iUU6CFzD7PsUVsKkZstFJlsAgr/LBsch66ba4on0odAr69K+H6BANffrr/FL3Bca5PvQyB6AxxvSMEX5N7oiTNEYWI4viig4eHoDRly09NdjmF3Ch1jsmtOn22WmwyVtFrq5I4EFz5ZPuaemJyn7L0WPGykooP1zyABisYqnIWmfvLdP03Ps8h1mg8JpelzZD0pEvsrciuNQDQ5xYZcXwCW+g4Lqilv2prL5GqYf26gcqvWAR2TiBW/GMJ09y0JouctZryVVSeGVm08nBpVZGMPziEshKnZPNGAuu7mWFj5W17M2DT12pn2SyTyNPV7lFjDHdI0Ms9R7HDOT7PMagKzzxGJIs0GFuFx4o7qNlJcU9dOZZMj10yXgh1sp18KsAvZwRM0Av6SRpa/XMvuAdyYVfV3zbwtVX6AjUD56jbA+LcxyRR1Ju8lQu4aifWJQx8lbi5AvbGhw1JjxgI3tXaUMLjftoMCo4QUEMaAexqNhAJD242v7GygPcWuesQALb1Vzp7rt8nbRfwHA2fb/PL2ib20l+y+9wKAoMS+4vRr8Wb1nyDytmAxYTNKYXeFdn3FR3wX8+Y2uHh5C4f1B+lld8jQJVoQ3cqsOqGLLVNs/hedBkEjdHV9eysglPL8qnrmars1oXJk9Cc/kdHdhVZvlDt9IJDHZpscz2mUmMw2n2dvvMcwuYVaTP8loQDwZ0/yrj/ZKLJ1LViQm2KU1G34E+WTFGN6E9RLVoIweYWlpXO+SZhDAO4o/TzWcdK3lFnc0XkNwfOnTQhrDGYQ5zpThgSkj5goJWlt6nXJl75V2fJpjmxivr4m9dB+XunhgALFrPrmI9vKTvbwLj6L9W5/W+4HtVwfuhbO4j+a0uPV7w+PVYwjvpctDclOmsIrO+ag9pBHGwsSWbiGPATdyGgaV/Mp0zMxYhaSFb1ZSoCgA6M58I5iwZw/x0znRqDpkoBgS0whyf9gkYdhn/cX3IFSh5UTfG4AKD9UkcLHHFRy5vp525vv3jJX/c7smhDjateyo8xW5E3juHOq4uSAaPUV+HT/4zn/ED7awzzmgPe/jz2pq7bG0nbV3P3g9cLtykj2GqQHUQSj/hK24lvD5g9eEYdw62B4eajtUxnwy4aeP69mM/8tR2xhmnYQz/dLvrOdtyZLLvIrM1bf8Mzvp80zaexJTXDShYkqKnuoM2OWzzAwLU4GTHrM7SpvMY9sX8vTBiJly3DwckeMuZSt0rnR3L++4cDNO6GHcSsw9B0HvykXYNg62b8t07496IYacGr+nwnoOm7QEPO8AjlOvgnX6gKAXE97ktcNiMrqDCHoZib3Da1NbK17SxB5MYPOFQFJ35Xr8J9wx4Zd6BwpcWhyxFlxrALyp+T06/yChs+5I/DPwegmLN3A+SwOBjMK5DI/eH+rLvqfyuYZD4mZ/5bxhwf4c3Dy5KHE9tO6VvOpGyKgjbMiAMTdn1Ka4rjvguwUYMuOvbFe2FP/cmDgdivw2w7B9HE3r8A7PLYH/RNTQuad0AcDSwji4N7R2ltFLLpnEBbl8+OmIeXSF3QioopLZln4I3cngDpThGOgnkzzc/iF9h4X4lgy7QvC8GmpfLo8aSynw3mrDixvsNo6igTKMs0WuwMcqdtt77xgQOyrGcOI2C5QqT8mDDFiaOgENrQhKMN2evKXulm7MY2MDJ7k1u62L0rcOToiTj2zDau/rLM+sFswjK2Mie7kFkS575NN0lqRwbONK4ypTRkjspyK/C7XUfUkBcPIdGm/ANJFRW1IQVcfz7/j9zaKj18aGFuKW/IyPMrxzx1zyC4jqYYKwYPc1klp41VbHq28JJKhMk6IbmwRSsgm7Gs4anC3iagFRwS17TKUME7ritgc5KlYZiFNq+st2YIOQYvMpO2s/7bJHgNzDS5IWHq7PC1JBanGKCmNRLc+ShDA89gREwcFC8ge3ePE/9W2YM8L2ITrp5SnX2NEkrJ+HAUWPMw0ekq3vYagUEw1evDMbquduuh698jx7pWK2ZjEcQeomyV8XdlSh+fdeYxpUGguONyn7R3QqJmu2M4g/1c56AuNMX+sPOqrLWmVpJC9NuZNXL9qFfpM1EmLpV60ggk0toL/gnn4ZtjGQNcZ9pYANDmvRp7R/VpHKw+ZKda+/oXxygogvsvK9NEBcyuFJbK7mkMVkCFzbYWMg4SrRYKvmdELGdNEZ8TVQOt9Ngw8DVGGkaM4zNhRu0EaC8Af6LrJ4Kvn9mnzfY54YoJKb7Mp85UjlqwyufXBhwJX6KX/nGPlL5TSdzmcdc9H1d86F72q7fW0s7T7vaxnYeechXi0yyGrns5C71sLiBRhUyaUEjn/F94Gov/CiO0syVt54fNB4ncd23nktsTXIFWV7TlXKBlcYBekJq5z58cLBNMsENDq4gegBgFkms6zyTLvugZbYCQDv7mgilgVMp74JHEOV6ZejoaPqEjrPMROj5pe6E0D2op4Eb9ut5sE849ttD7n/HHh3x0vJtq/ojOYzqXrnQlVubuXAkpisgPHyIwvp8qwu2+skCvFx3vwBP0vruCuwyW85KenT06fIMSbq6sG/CPSoUf8xiTcCc6Vw2pB0bpkoHQLAus2k37auvrt2XWi/7igGEjwSIuyODqy4REQow44RCl6BPcR+A3BFTQQcc/JaXmY3QwAvz8nyS2ZRFlNjtGzDertrfHvnYb20ffP+fxnjr30el4jeE1QO/k35tM0+Iq5nhJdwRH9A+9em/auedMNOuvoV3QaHYqsz7jrAiEnWUKNQvp9vpCtQ0SL65wc6gwm09HFy+85EPbP/yvt9r11z+Hg6VQIjZmew1tpD4c+3hAs6gearYHDOSGlxVOYecrramPSDYEeEFZ6wQSg6SCSGMeSkHIaXRNeeMGYOQce6BcFVuDSedxeAgLp24L0P8RJGvAa+bmNFXHRzXun+AdwSGb0UePnQlTJdNX2BsZ9RI3M8g7YAfNODx0ES6OHgk0qr3hVlOF6QNdItSGtTlB1fbfEE8LigI5ClcgWeY6fUY58yYC0dQDBp0Ji86YP0lgFTWDZSd4S2aekXdnu86+Ge53YOJjtf+wW+0Kz57VTvtrqex+oqrUNr20FClhX1XJVysgrpf3NyFfY6Xf/b97aUveXm73/3uk8jal3doeId/4soFBwJgtEaYJHFHi8NnvJ1PRwK5JMftBPMNyDaBG52TGDMbXJGAJuFLaQN/R4n5BiBxmCKikHfP+xZzb0i4my9li6tOWd3lXp5ylcMXGpf4mKB/e0gLsohnKv9rUIqimMoTKERTPNu07WSe8WJ0+th+FOl9yAlD9U95tZMNOQ23Q6j/6RHr7/MrhsEyfaG6GrjquknfHj7r8/TyAJpHBiUevnXE7J71SW2jkp0rC86e3GEii+U5n0XdpDtUho+Jz2TGMIILk5NQY693WbeEgsOveBPhfs+sECZ1D0DiiysrfLp4owC6b7AGb6XNwQLpGfcXcDvLa3s0kFQqDeLbZ+I37QDOtlHcBoeJVlZMvCxtBkXWQzwyFtC+ysXIeI0r7n2XbHmvUGMnC1HyszoGj7hvaUEdARmuoegplBpUHlqyiOviIi6RrrwtwSuuXPiu1EXS6CapYu+v+8xcPXOlSeOhTsYkDzAXPMHSNmSsU0mPQg7OliXdFtBRsteKWkuCcq/TONWjVQAAQABJREFUOIAK1H9mK0fOYyxG9yFF2ic6SkZM2R5er+s8I497vnJKoaQgj1Qb/XqtpsUHvGKQY7xNcZiGrqtwUGDGcHN87eRCcOvyUDxBXBjnuCrYJdv97l3Pkgf657Aky8rHvGJ9YDCvPBJDA/7y3tW2Aa6cOY2bOFdgs3/MSVrTQtcFDn2xTaypeaR3j3fVVkyKDqtLDf5O5ARZvpAZA475n9yInqBYCfyv4iWGwTiUkeZKSfxWWZac53nk+M+kK7zixIGH30yxV1O9VRmsR9Vgy4lBxWI9YCYTAXKzfRi+Wbz1xraAC+8SPLikSy4ITtE+MfDAdxm+9SAcDwUCg/SreLg5oQIPmNeJBN+3nFMSpRunmWYPKnSb3Ep/cZsSRmSoZr9wcsG2oaxa/bJ61mv8Q2m0aX28PvADsjLX8DNKb75Kbxt9vQFTfdUf/QBUF9RDoaMlpBT5Bo7vP9lSk1pTc54N9QTy9rf+joeeBIkjXR/69N4nj/ValXf8XpmVupvGtNKpz7M6X1/IN+mXNTcYEmaqo4IdEGB6/McbQqnhuyvPr0DeyjlwUKlllt417pZ1IUCARuDA6I1ZniU+yyi0zmABoLpSmE/Go9fJjPr8hjgwjeXwXGG/iRfRXnHTbDvjpJn2J6/7pXbG6adQJE2r4O8oLR3NcvvCUeYcJhsxtK6bF95zR/urv/6dtvi1G1n9YU8HB0bYATJgU5Hie2piHW9kQ/CyBsodHYbIHRPgKN4QTyF08SMe2N70pre2L176/rb9ePYZpg4Y3Bg0eb8Jg6iuLBmYnGmG9go9O575xSADUjAYx8f2JrWGG+nQNJIivF/EARJ8wfPaE+AohoBD4Of9Kq70hm86o7gD7U+VB37kValx0oC1HM65wZfd8lIyxqEDNzO2+5n92odw1aDz9NMYsODTYU85QA1iVUg2FAdbvmJ8fVtw0xifBS+FW19nZ2MtU1iB5zvHBNbh668KQK3s9UD9VUjiWmEuq66w5Q5TEnxGEx6mDP1ycRRfqUele8r3fXf7lvtd2K6/lZNC2bNhuxXelDlsP67H0DVnmke8uVZ58IW2+/Ky4TNyIE6ql/pVYbmsIo/6Wxp50t4cL+Etdhj166MGcqSE8l0XRldGjBGpT/D/o1/3dDihkRcCQxz5KorOPK5ZkZ9Hi+zKWleLHinv6jwHps/g1iXrKRk3KfqCfckJjHXsCZKnXYmbxrjQwFtgsk6mcsXNa1euddXyxEkSZyJmvSsd8P8sio/GjC8wNpP1F96o7YyzHypX+oOPAF7MFKTTD3M19iXekUdFjRhigvUTSlfFrFfUbeF1layslOtkTJLx5bM8Zy+R7n7Jl5/68hkdrKBWlO0Z1jQyebunlBVwypCxeliYEJRLvctkQSJ7tBGG0rjtUQmN5GHevhzxLJxzNDp0zCEPXf8Yx62HK8LKX40Mj/R3vC/sKjXNYeFpE1fF5lxNEZ4yO22SilX1AKYcEUcPxxB2PnwVtK5UgdrO0Df8TnQmpCxZXuLXSd6ZrSfjIskqkrmRxeENxitJ4aSQbpUD9RbqLM6lXpAf2I4105swgqiXdHKiwN94/pg6FQNuR8PIduCOVqeEaKjxI/ynAeUEhvzvI/HIp+pt+nz4iiFGGRqRvnIoB5bQZ8znmOpx7aj9uXZYUnPywBuvM4HImMYASYriqZSX3HVF8oThHfWIq5519I+ydZf00BjVZU8StW1iJAZLsoODTVlYd5BsUyNNy7WuplPqh+iNxntwxwKTvHGXVV+AD1yN0ngRzlL4lLbNKltPQ8swVF36a38t1TpaXq75nXCvmh5b/lmmK7AYblSKdLYj/S/jNT8CIY+f9KXuOnHgr/fOAM8z90jKs04ELN+G8Y+nkCtnMaJYnFA/sW3d85l98xjplrFI2+luOelEFC7ek1sx/KCJhwEuwQcewOUL210J1nxZwuBczsEqoJuGrT2p1X2poe2KPHQ1VWN3mUn/9AXpa18zAH/C/fXISFc7Y0Sr73T9UF4dfaruPQ3ym44wFl9Q7+DvcBmcNfpjfTt/6mj+2X6mMtiv9K+oKYYRKrafn4OGgz04VFzf7lXcSnBjcXUJEOEM6cR18q/M9o28G0PxkMUWezBDEAZTmCj48PNF+4WpyvCww9ilFM5590UO71DUIIxkPjs4lVVAMGKHEJlFc3+dK3EwswJ+SUPRBhROOp3FQzXhw+R2rEkYOMfHfnFfe+cbf7mdfvpJI+NtVUOtuj1kJfMgdRhPchTkGSsggoM66rrpyYAXXnhBe9/7XtOu+/JH2uZNdDQ6rgZmZixxd9LdYeBrEk4+kTjdKO/oMIZcB7oU9COVUwK7T/XkJ39P++///afaFz5xddu6CdcHZoM8VSuCj7oqxDz5zSOcnW1dw2rXegbIaQ4UUBnTkDIAtQfJL3yE8qaSPstR0BnooJ0CxkHZASPtLi9EOfCOzowA28cMlMdbO2vV2ulhjSFgspUiBy/Bd1Gm4FdbcooXi3sctGU5DJIwA3bEBULa+jhjFT40Ax/ddhSyGt5FTeswqkfVCddG0rqHyuOyXWEwjfAcqPIOKDJr/Or2lZnyAobrKYKWAa21qyms+hI3lAVuPCvFiLzQQHyEtzhXLpqmSwit+psj/4qXRuoJJxzXXvmy57dbLv8kx+rraoSSgYLniuWAfjm5Rtenctfs0B0Cr/bxpLrFdhcOLrn+Kx9uf/VXr2xncHCQsMMbXerVeYdADnMRAc7oZVtIzQq3B1Kfd+WvNF+3ib5nG/EXyMP+PypxZa5vzl2w6VDyZ+0G3pvFZJju2JE5xFUNRnz5jcB0vGVWl9dTsNLAzfBy7XGD3kxa6dbkyZF2HHk98oM2cbJlAM/5jkR/p3E9133Yl2evYzbd9ppltc2XGOsuqUtUr8yvxuGg92ljsKPBh/iLg1F8oqh2/annNuPTwY2XX8zLIN7T3nKGPESsB42UnE0hQcNJneK13OYr5QPbw1OEtYL9xuKDrDlMQN9SpsYY8B58/BOpyAZXBrgFoS5Qt1SAVMpWJoWUPypGJhmmTeHIzMg5MEsfhp+AlQk966sxYz1yzT3GkO+f0+iSHiXDBWrxBd/flIEcVd7G6ybjwRBBUyST+4lc3ZIuwTFJfFYhEwPIvwEKsS/TVrcwbeCTpFfz9OrQzTPkMWuBz49xOWTCg17Ia6IqASx8CG55xYFuukLvgIwmNeFW97ehhwSW5fcFDH+rTHkpB4agryywuhd3S5G1TH4LLa+tqPjysVTTgL+Hm9RKX1Dhq6tKtHragrYKEnlQE16+CHrefGIlgqtCX1ejc5gNutdgMyvZvoMs46LtKOhQljh5wg/pwS4Ts+QVcmDJIkzxT65lVdz3q1EX+cSV0dCZ9rLdnaRcwoWVE2wsOgCcpLcN06ESV2UXZOJ9NqSpBnZNPmR1M4WLaCXJ5AUrUZMYL1mNcZxk4WCRbT9Do1uqkC9jlxdj0DNeUc+K5hntP8GKm4a8JoUeYK4YZu8cbrLy+hJ6S14Cj57hwXxUuk5Td8wUV/ShJfqqh/tJ29AOeeXqo+6Ry6ZDB1xiNdtq2j95WR7GISedYuwuI98yCc0El7yzRH00Uie3nZr+ryyohQ7NeHB3ZRDenGQVfYKV7JaJFQjkSa7Azlga8tu2uQgN6ot7+Kq4ciz6KC+LmiT2wo+8FJ0eHh0LfanS1I9/pvBDDeojLWiIUR8pkGNgDriMTO6RoBC7VP/JM+HzPB95djX8jh96wEN7xnxGCjufvhAj76xQha1uI/EYUtOKEEbtxX06Lrnsu9FBk0Rx3ZFahjGTlUeBzmsCmJUYBoCqGC3LOPo8p+bk7YmTMomkYS3a2TL9tmPImcYOxAzGBPsa0gGCbjKliMBmMN/Oizuv+tgb2zvf+bx2z3ucH4XxaPfaDHFddSFzh5HCeBAgBBqVvSr5EW97V8RHPOLB7Y/+6HfbFz75L+2ErSjF0GZmAzM7DH4Dl9IdKGLYMSj0dDoi9KNNkAZYkfhYyjCtLqkDlPqf+IlnAudKTvniJDIMs4EzlCoTuN6pRHngiO/rmUHoObjFt7ubjfKExtZ28KkZaBGS3gvz16EAMNg4mELvMvQ6XpM3mDGbQSAPdKNz8EcIeeiIK34zCOuBvvoYcBO6RnZNFYZOtevFvnlvFIOJ+AVHFMES6A4WCBlw70MGa24ElQ/1n6G9MsMsv9pB4BJP3BwF4zrBL47kKVTsRHAU967y+f62/bv47Ka/kM48zpav4/Qr91cYogDlyqfyIOUIj/p6EMJ+BPo+XXxWr8B1eY7lp/hguT38YQ9iP9yz2mc/enm7y/btrIwcj4HAB2V5PTQWv/Q7+ya4GFJjLm2pLetm2hc/c0373ic+vT3u8Y/J854Cufk6vvryDgRReBwYf/Qx0toXKkNkaoFyEF5mnxZuiGGfowd1p6e0tvKDQc658TpeKstqjph3nOoj5Eifqm6P/L2SjrK3PH74zyiNKB0sbeI7fAtjZCt9PEepw/vuS7UPeJS/bewqNQ2Q/Zj2CQ/qUZaswy1oDW6ivgtrDmVpL7y/T1cklDPfo6YcqPofWNPqqz4eryPXw9uulf3pLoWi2B+7NSohvGh2+6Of4YMuvQfKlBayssg+HTncX2XoV8WEInp6AthyQXWs8DrOPzmSL8g7CaTC6Ook17q1DZFJAyLTlC9BEJwAmlGb3xjOKKJOssVQ7aCO8lefrkkiVg847XPgqgAVW11/8Q2qtIWHXAwYB6aRGaF7KjKGt/d8sprKymsmhVTshwV3l9Qn47hpnSDkL/xFSRoP6ad9nEZa/gqK1XX8sLbup9b4UWaOAtiKB+XGbRKFuIz1PoX0pzyUa1eKdLFM+Ty2XJSVjHeuyAxcoXO1J/pQCJ20pg839IwgaIs0ln3P2aOo8Ws8was+9wwTudN6IxlsRx4od4NzxY6+o5myysXqTk42NL30od3T9tAxcK1vF9JWifVKjqhn8sQSniPu7Uo9gTMexN0g/cNedQsPV5keqGQ/zGoVbcvgGDgaJQu7eHF52tl2oDx0nq7YDkr9FKRRlJgVfnXV39l21clMy6QP73GLsUKndX/aovv0WOmLQUzW9FN4QMNfUoyRI4UJvQ/iUJML6C4mRP4ssSXElUObXnkFQ/HMMZ56SCfovMSplfJLTr7FgLIs91Q2dbstJ6f+rs75MvjgpudadGf3WWJwOinFRNzSLk5Gpay2kf106jUaP/DXEhNYU7hpTjIWg0R91BfdP0jQbXcRt+B6Riu5HQfeTxs7Cat+IZ36w3YAUQauufsgXCvZ9yjb8MhBmsW4J59TD/JIVojhf+VO0WolJDnTjyVUKSufW2rZDYcvP3KarP3vQVOvBu19PpZ9mADumUTpGKbcMw+T/g571CMsdlKnv68CvLeVEvpH9gn1TPdnwo8QvT5OqCVeh1PfR8IM0vJu9hgwq9B8ASKKenO51s3M6dkUasNFeXd2iiYNLONFyEJ47se9CiwvT6i4CxPmTgchXV5EOofCL4JpHQW9+YGAENw2s8wLuq/kBcG/2r7zOy9OfDpcro7ty8HB1QKDMGrGzA4q84l2Pc+gdGygOxhWorXvf+qT2vd8z1Pa5z61s62l77uK5IyM9YvSzjHamV08xjJWJC8SjUVVhF0yLoFdPccSHNWlg6D137Hj3PZrv/bT7HP6ctu8liOlnQWnHu5Rqw7pLLoHFdjStrML34gFV1ttR17BbBfvg/Q1yGRlUEkPUjCzntkqBhZX9Hyx9gwGTliBtCovrnKVEiA8Dz2AJ/sAjPASq23O+s3hDrKP/Q/7ea/QbASbxZCGj+18ANl6OOC3hiN812DArWXGd50C1A5CyIlqXbqqk/zKzDv8ueDBC8IVML81805x/KmY1upgoKTudUx2R5eOJgUaKiLo2ZzGimYZVSqzhXtX+NfxY91dKRxwJH0Z52x0B2dfUDwxAJEOF9tmhiPd894syjNfKkdbLJB/62Znqi9rP//zz2tbNnNiGwZ/6vx14NZnTd/ob+7oX/rfvHt0E4oLypiHDofmimPE4pDcdUxwbPPMGpPrne98F9+faetYHXWSTb4qdOEhFAtU4GOCPZ645J6y7+v/xPUM4Dnmvp3GFXyB0enrAOQfV26mUDDkLfdn5R2JTNhsxP3N0yp9Qbmuze4hzTPGldRT3NJC0vZA+mbFwxTyqWFVksSGhzsWJ2KY1uR23FV5cmueDmaSmMwHdt1V6YkhmL5+KkHJm6Qd01DMGvHYwQguKYvsNmUHo9rEeyPq17jgWzH1zeOeV0pxpVwRDbOUUpDiiTsA7WFZcJFGtXvGmPAKIkF0lGNIs+DK7D4GlbI5CAO7w7JwSjZwJc2cimpguvriODGCaWJlv5Oa0yqoupWJJWX0ba781M3TvWpFE+COFyY+pCn8xh8IHWhElWJZyk7g9g3Q44LcVca7OpQPKHin67ITEe63c3+Tq45RXHmurMqYbg5XQhiTevmlja3xYrtoYgYTygpM8rqi6r6oAeNcPfXbDw8PCCks48g0ni7TjEs1kWGOsdyhWQfFsvjoaqliKtSMOxgk2Rt2y/Ws8HiQyAGFdRALjk/NLZmyby2wnJjABRCDd5F2MVhWcgwZONESqbs48CdF8zy/gSt1eoONeIg42Mgps9BWZVVk+/eqmUmedruOexKrIlWWRfqseL7KTXOnst24S0sMMKym0Wc91CY8yfjmfkknJ0YdtOfrgl1wpToIYMT6Ko9FjNacls6Ese0/4WqYE9DucYOnhR/vNSeOxdWFDvTpHm9PUXXVb4pFjAn435XYOngFXJ20wFisfZxM+qA3LzJZMaFXD7qOkw9LtMGSk7xOQEh/+pKeSL64PG6VGpUa2vSR8Cc4RvlXX4c8+VAxqT+87+Kl1vhn9Nw+WJ8OAD9ySh9fJJTuff5R3mqTY/lO+x0hwzANfNPLCbggf4Wj9eMPnPoPHVThabL6WIa3zlIYdyeHkoVSpgsyb9qHX/gx7STytFU+8NAiY+eS/IPRv8SrL5Y2ndQWaeMlPst4wS2xEjtovDrApdmJta4W4YLm3hyYKUygayUzeq66OJMQ/2uW8VMADCRSE8zkodmqHWK00SFkRAbnCEnzuwrliTvx2y2hEoSdoUXIMNrXjBwrDyUkF9qP/egPcxoZaanY7Vl96/PZuF7v3HlL23mTh6yg1NJxtm/f1rZucc9UKUR9+p62R/MrbF0pt/Di7xe96Hnt7/7uoRx1/bh2263MEglAIyerR2Mj9dEAHkuTRg8wOouD9JDTiKQu2VAvU3Yh7RHh1ccc+dc80vixj7m4vfSlL0DY7KCp9zD7C/2pg519klU6T43ziFvd74rxaGrdvDidszWOBm7jK1fcdvwRDBQA8EUZc6LOzCD3+sznpdg+489O5wx8Zheyolc8Jl+n6lZ1klmuExWACNF5mB3Y+bMM6mLIt51CWijouo5ieycNvdqBUSGnOHNlYIIXjA/z5ko8FUn/h0F9K/txOOQngClNsJlwtExOfmTGdppBYj8PZhGy0tM9Pguz0MfVzHZX0nVA/eFGPNz/Yx/wPVfiUwrxeELKGct2LJfiIB3PP//c9md/9ivtWc96YbvgvvdvN3C8svjTuNCSMYD+Odjki82ZaaQP6obl7PD2DZPsjbykvfiXf6094H73Dc4x+Ml6e3Eax1+jURr0bTb+7I64LiWvgwQtnDww1Oo71af+oUOX5Pb8OJFhmHL2+XYGZZ597W1v+/v24899Tjv9bg9uO/fhSgZP5hUXw/7dy5FjL2h+br5dfz3tK98muzzWt2J/7a/TNfZD+d6gsizNuvtudlpjeAaXql23aiSfyAltyEIMZk+btBDfA+dnDYprDjTg2Rz9ehp+9F2MKrz9wUW9TOjRSVlByX7W4xhkwIr+ar/uO1N+TVPpVCrSR8lfvGW+6q8B6ZehhwttzZln/nrRp1l5yd0oJLvNkbRVtk9V4gOiw6/wB6te7nSFpVTS2PdVXuMqGtyVgAXHwzGkkWkTywPLjXy0sErZIZ2IfC05yUR5nozsC6VDm2ijPh7hGpiMX+5zM+T9V9mjlEoNaS9+Oa7euavwuTK0+D4Zh1/kc8aY0LfDqLS+ZOpCnTxARBjSS9Qs0c8ofdcutHVoLQ1I4PUwTWhctJHOljl8FiQKanCBjz1gokLlqYK9JnSwLcR3xgWe/Q5Wc4QQsHu/JnQVZu/UEvy8xMEnhU/BsOzAMlLc/Ch3HOdYsQJycBCfoF7IrPjOyoaFUW8nT/2VpkM+ShmjmqrPpEy+7UdTrB66wpqj+vME3soz0aHdvB4rUfpHrUhaqgk8V708kMWVJ10BraTvUoNR6zOWv8omeixudGlpVV5WtTRYrItjvatM7hnTKGGVK3SlTGWFhouUdD+aBo7kDMEoP7xioV2Bfbk9Him7o39OxbRyMXBYBXPPHAZ64Flf2kZAab0OgPKxAhc2UupMG7CSpuvtMts7fG+iK7iTrqw5uQw/49aCwdkZUy5gaJjZfvRv9Wa3LwhPN0lX7ybQs1E6ONWdA3OkiXj5LkQU9uVbroEGyEiQmVynQUsb0RZcgA4487ohtxg5nskvSxxQ5KTIhCt7Vg4Y1l2dexnPBgQB+KCTk776mu0YcF1dD/0j342ohMlNvmQd8p33xohdhbrrbo7ip6d53z373/GsfZr+12cpzzYaCyvvxh58Uy5DKUquX3ELS9F2aQf6wxJ6Vk5ytv3kI3hhyYMiaUOYB9sK+0l9rKOuq8VCC43kFa7pSXQzE86w2obiHoZEebDzTcGEOR0SIe+mTXMrEvwOWkJgFWViwAyBM0wu9+pDDGIqJu5zcC9Umwaa7lphBxBDgDvLJUPq37yMi8FxwLjio//Ufud3fr2dd/7ZGaiPxniLkOhbFqQc4M13Gy+l/Pd//4/23n/+QPvIRz7WPvD+y0H2RD6b22OfcApK6QXt4offu933Pt/CKhD+zF0+EhCsmDU8fIjvPEnv/W3fwqrhC9orX/n+dubdN7Xb9jKTRyec4QW2tAyCQ6Ek3Y4u9HWyA922Z2/7X6/5y3bLzbs48taVT12L7JOzrJBsaGecdUq7iJdy3/2C86h3+UL3Av9IdUg5HUrnnX9ee8jFz24f+txX2wnrOZ3Jo7HBOa4e1FEBsIBAkJmcwc3pjnDS8vJKxVhwUk9FTEHT++tmIER4u5I3NbWRF8fuxSUcgaZgDq3lTnzbEWbul5hYByMz6C25D7Nriij7wExPsBADv+FFLqx3ynW1ghUxB7O4tvgM5aMMQ/KItzOAuNSZxxf3LncG3Hir98JJl6aiqXJffKEMxk7q6WCL0jQxYN8SuNdJkCjluINOO1urEG9scs67ALnsgrDzwmHxB6Z4l2JU7duns4xxnPr4o/qlbobv/Z7HtUc/7p/auz95fTtt20y75RZmMxHqa5mtG7jXkGQachO0i79u9l9ckmdPac95zjO4VxGhXwHv9uBiu/X0C0K2h7zKQFfcYqw1veNCX2bx+ETbtccJhnu2v//HS9pNTOjk+Pex4uL6ZuVAo1bMqWuI3/USbqr21sX+Mc+7+9a1n/tZVie31MzuyjqOAe8uO0jcVUHSVOPtgx/6cHvSk767nX33h7WvYRTNa1yaSn6WVt6F345BhoSc4jrRbrzppnba6Y9pO+6JyyJ4px8JNfxBGsCq4C4ji6do+wUHE/rZ5MB9rmzMn9e4p9/PbI9sX57lEARk7q1Tx7fj7n5yu/FWNv7jpqXRYLp5XJTipqSyowIF+u6HXdyvrKCfhx8kitf+EiyfhPKj/Dfv2CN/iKPECA3sVx7mwUQj8ZPTPhAAn7SP6agM0a58WM8cKe/IWUAqLdcZMhJfNKrn4+mE1YUU05cl+uQZhwkw28ki6hm/4i04A8aAuTNpkAi/zNN/DyOJLVhRNpOrnqWpuFeOxp0Qvsk+4BFaw4TCLaNQPDSCTORnVUDuxBOAZx2GJDgwXRRHeFUldQrFYYFDyyKzSB3+DDHJx79yzINEYrh4lHohnoJjoMBX7l2iEqQ1mq9kLc0iCUMZ2lClWUUVOW77VkLo49gCLm5T8F1vHsU+oTcJf6kHgNVB3M826b47FdiuWtVOPd9lVCJP4ZJVTQ23EDBIpdhANZrxy8PalruzAZJuCLcwh/A5UTC6jXwBrgv7UepjDHRjUFeVKkjAxYPB3X4ARh5yEvjiMx7MS5CWI/qRk3tJbT2FU89CMe4IXXwuTQccQQ0nVsGvR6t4uOR9gIr7MAitkAhcrkPTKiXJTSoMR0rrzwwnK2zb40boCpIrWrZf0u0nDfT0MDyNI+lkXXKgR2BWeX19KlNy8tVj4FVh74LKsquerlhgPHniqAcjNbzMwovoLlS6yggYYIS3+KHcSFgLQ4dIycJDV3H1X/1B2mqQ5qRI9RTpPukkCBjgAh7jCa8ex3JX1Fydm+TAl7wuwtNSpYdKOvkmPYzHRQ7yhYbSBVdbDa+cNQHN0p6sojKLwomU3GucqVOzBcOV4EniMhEktng+RFdxIi2GHMabZdGHljA+fSWBW5p8XUhoYbuGsJRuPeTXXo4mvu+TEkGuNFj/XKz4OkjUiuf9jfU5WEg9KWY8rEhrvv75+HWfwbjAzlcfu+pXAP3z8etRMtuBGg4j+ntj+uK9CL0SA4249zkaHV/S1PYhEhmHIKw2NI5nvm/YNlh24gwd0f6xjOzKVrM+D2v5Aozcg4/yzMUxJ9B8zRQN0OuybrbA1RHGW8tsnzMuAqfD5SCRubIKHUwmWdJH28DXl9mBzPKpmFI9mC9I79fXGqbyD6T8zTHAdkh86HUwECEZRF/zSWd1HNyp5ORt17X5tQqJk9sTnvBofgkH45J6suLbcqrxwSU0mmyfufTz7SW/+tvtb9/6F6S9oLUtG9qZF52XQ0XmUdbfdelN7V1xV3p5+8mffFp74QuezwENp0apK9/6UQOuKGz1jQ2iEsYK1VOe/F0YcH/LqjkuqHshNnVb8NSt6/G1XnavwerMh75PnaCtv4usMr3hLz7UvnDpVWRA+A1XugToDDht1K5vL3vZ73EYyY+1TZsY9OxsR0E/4atD2Y6bcZF79CPv3T54yT+0DReuRcnnnTdhFJVseZG6otgtcjrTQN9rjPx5jfpWgnicYl6bt/Y0V8VnYFyFiS6SKsCTzFppwMUFIAXQfribitAc7pCzGEStfQoMv1v0wtDBdwn++yqzVGdzup30p65VAslS70FbqzuDM1wEN+FLC4/4n2W2qnBm8otr9/SZ2/I2ba30ybT6i3IsxEF57RaEKIw2hxLice8acvP0CVctM1hRedu6BKSAYMrMvobQgRx8wclZQQ95WWKldgG6quxOYkSxQ5nPOEWT7Zi+LEMc5M8tWze3X/nl57V3P+ipbdOp92m37tkAX+G+Zh+kqAUEfPY+soq+iDQ6jkN5PvfR/2xvfOPvt7POPjN0PZrJlEMheCAvwhvUNe3ZZaq9B96EOvk+Vgr06fMuSYRdZjdVzpA5+1iF2nTK+vav7/sin7cdCtWjiNfArtXaj338E2W8ObArrI8QxuurMq8i/oUvXNYe+pCnteNPvx9GJvs56TQ02zCYRw4qPiraDB8e5sK9IvJhBQHuxThc3/bOa9RIZcon2rZZUEGW35iMWVxmP5vGtaUuY+hOwCPcObhPTLLSrvLCGGH66akbkOr2wZIRe50190mUTvaHRlFQMeQ0Sjb7TzvLzp2ThJ40mbRODgDPV3msQaHJSXWgMsWqtodezHpQQTf54uq/+2Z7Ag04/be1s4FoRRkHrDBKv++68n2PxqEJokCzh1eXWvqxrnEwBkOZ+2HkDcqnD8fg4Tp5oF3KAF5kikKSbCmmu1jOW8GJS7B8Hqfjc0EZgqgAXipcBEGsCOAhPWzjIXgLSV7ikoEbLtJeZI7HjwMdslLD+0CgxIGHqxlxmWasrRdEC2EcAwsBrm3PZ+B+HfDxnWClEAaJoGIujznXnUtemeZk2gF13M8JzMGNBCPIjlnqAvBIKuCTvoW4NCV9JfVxFZ4yHbhN6ieKEQyqC900LkKLyO8FJ4ZVXgzSmPSsN4GnMnvU74qKAgEe+XVdtALud3Ku2jJL8SIlfDeFC70HVKjfMF1NWuk8Ct4Fr779qdMi70+zHHkn1TO5OPnDZwJPjCke5BUEHTxlG1hB3g66Nwb5jUbMYWdOmvm6B+hRj8FHJuqyVAa/LZd62Ofsk5RlMvugLqzm7bMcKHcLSnkhyHtoZSj7MXBps/RtxsK8MiG83CPaQzT/+DVZSKJsyDvhTC5Psn9vmgl9j9fXWIAZGdswGjIZS9vzu8hKU9pJjM3PVh7pGprYfl7nY5t51bdNz8V1DzUKJ5Rh+dc97NLGA0jco5c2Co3SmimTDJWHOvblWGJOy5RvGdezL81VNOow6djOJ/pQ5Lyyk7bzWnKwVShUsUOuxT0Y+RmuhBfC37Yp8sz6Rr9Gl1ZGOgmU13GBb+EBLGDK3ShGWVCZcKUFnck20mDjAlHeuX86weFkmwss/tJ3rXsMYfes+povy8hkIwfaIF/37jOu5HX0b/rBpLLSuPSrjk6pQdfWVTmJ9nUF2/FgIWzOsxXP+7QdCsnXxx0MSPjgoA/GIscBjF+PkgzboYuakDYgKFuH48AnHChe8FXGB9pXueLBNZOOJSxq6bk4iWxZ0rPRviSvyaMa93KL7QIPTTo2OFGpLIP+kU9JDyYY5JP9OIm+tKS+yqKN2Sc4wX8SPmAEpAuYkX0JCiWRCsMa57I3QjCzD91M/QQWoEvJQSiVhBBWAEMis+owbwqwxs4WOBMKEjlVEGaRDGyAIAkVMi2/m9dMtCs/vav93Auf2s4664yCCh5HG0xpne0U//ZvH20PfvB3EXNuu+Dej2637cd5YRLFhQF8AgXFFaVTt/HuoRNPaOvbg9prX/v37a1v/WB7/7++vt1tB4emQNAy4o5cuuWWstJYAdvRvvdJD2xv/+cr2yknTrbZWTqS9NuM4eLgcDuDQvisM7Ziui22bZObUYowklNhKYkSxX6ZtfTrF7/4N3mJ8wb2K/0oz0kAPST10YRSJieh/Wkk38MenC3t5sYsKQNPCAssWTj8gYBxxcmZnlrFqhIOLEoEzGfDcEAJ74rRWO8VBhVeV6nihsnzcRdR2xKpwxczSXGl5MdgvVJ5JgKoXA1BltEFBRCuXW7kz0AIPw84pcl3CGnI9Omsh++q2q9LA7HBsdFWB4QuRxDiIcU7UCq816pIOmNGbvvPLMZQuWWSDj70xZ+uyOEETwSUSn2qANvNMMXpXtZ/L4e9SA+FwSSKbmvn0ZE7ngljH0jdADjMV5+jVgRbe+ADvr398ot/ov3Gy97ezvvWk9s1KEYqrfuYvJl2ppryrds6lOLPXbW7Pepxj2jf893dZMphyrldj2xDyjNE6R3W0fau0OPf3x/NryLHoPuZKzmz8QaQUzTg17KqM9e2nLqhbVz7YFpkFPqyegW8bx9TRECH52S9CU5qXdsu/fh72yWXfLDd+1vvBV+pJFRdRhAPfyUvSu+rrrq2/dAP/TiA16EUD9rNGHCr+27k5OHBHeKptapaZuBBBq1F8fba2J6lzVyucV4RjyFlfTIzb+qAIA+DWE59NQ24kojTIt0rqbvnDAYabh8azSj5HuxDYpLQr+kbtsXAmUfkvX1lkgFuDYD3OzjxmwMwUHCcdCn5IE7IB2BOTu5J35Ve0yrkjFeZ3QavtBeTfrRu1cl2Og4XI9qfZUzSIrPoo76nLCfEkso6TDFB6TsnrYODqKuD8xiKKjqCEPlMxoibONEvSrHOQxMcGMg4fFpkz72Xw/guVx/nry3i4QCb1gzCW7ftm2s7b2M1k9cJ2EesI/8JVV/qjSEgfmk3n3E9HlIHaB2JR52SXeMBuTQK/bVjPs80yvlR4ZNHeuQrlW3kpMtC28BhOjsx3JavnW0nnIu3yX5fB5EcNgj0oz4e9KA2Znkqhgf0D9JRxIzuiJQ7q2ua7W2xVCX1VX6ikNpu4lJ4FPby1eI8fHErdXNlgnJGz4u/sdoLD3gx/AzsrnEpAAMe3sp72Ch/AeNidchhGaGckKkDLVX1lD6welcn2877tAC6zoC91dbZd9ZlzPQpZVcLiUQF6RTDhN+8rBkFzr1NaWPiKoe/q4JRgMlLy+HNnOypDEo5PCBvZMiqbCtvSQfe7mGfYp+de8EWWKlKsTnQxXZMMSuzpaajOvgw4zaGeDCFrtZ5ior5Muwl+De4uGqJcRnDsQNsf0r9AwRc+AuQ1I8vZypCtZJZJksZfnuhkS8TJcA77AmaQBGex7WVXhMjR2xseyEIXj2nzyGPQflhu8TQSST0s/3sD9DVdhuyL3lqD6DtD8zA8Kegpq/yyiJXyqLbwpspGP7Jdg/us7I+q/wsGbtkXyEsL2Fwauwii6JHmxa9xYP/NNCc9FrWwAd25AJlKkttxyVW9qyN25km4et4y91yXeTxPPr6ls1b2w374eGb97S7bMIbBVfbKWmn0Q4PTUiXPbwOTB1fPcWFG2GninKW9ZPoRxds12MJB6QPIwLB9hgGgArXqBXxXYKu7YbJD3rRA1j9cGV81TgFUZZ93wCNOkSLb7mXOaQZfC5yy5xjoDzo7xexfxx/CjrxymB5AiNvAvng2OIe00xQks4TRTPJQY5sW2OcXHKlWl7MFjV+mUiwT2ncyXceaRCaeHIiHF7WvoMtGzZDMQbDJQqyIhNOs7gEjWGigOoRtcK+RT1vk6dCWRK2P3qwBIxSx/7CcG74pAJLGHA1Y11EmZlReb6UFaDfAE86vp2zG2zE70ihV4g+85kvYLw9v516wbe3afJfdSOrRVjFg3UIfK1clFYH8zn2HM3NLbSd7FE6/6Jz2mVfnW1PftrL2nv+/lXtlFPuQkNBaIl0pIK756bftGlDe+J3Pby9/W+f1Tae+Rhm/PGRlkYboCUK2tHCWl2kjQSq7aab92Ks8TJqrqvFwNGr29hDCPAd33I/3Dh/lxMDH9nOPefMNO7R1WCE2ebO2FQ58HjvoaJEEoWdjKLhNtv5ZDugHaqMCGTw65/PoazpYpUN4ACKUE0PkFFIFZpTBGXozlWD0KmwG4rhMFSdYSLZKp8+JkmAIwDxdyYjLETUHC67vmMuShnxliFmlptKJcLr1aGPMwPX9I99t3yNeYlNTNLxQlVWRx2oPGilr6fCPiuDCP99zMxtnLGXfwJc03BdAcKbbOtZKZT1ZxfY/E+UdV5aVJn4ynBoSbldrtv7U+052X70R38QA+6tbTcub5qHYqYh6gu1QzNqsX6a2Ov+qb3kl3g9BvtE+751e8s2n/2j2rOgKAD7PpY28B56NScNpPPtDH1O3Vs8odQVLulqe+ga6vvH9tP39+92FQE3G+TY/k4g2s8GTjYh53T/sn0MMwhRV5IWkB9nn7Qpxtub/ubv2sMf/uCONk5yJOlRfam4aIzsunV3++mfeVH7+Mc/3864293atTuRVSjtAQXjWhevU6fwqS3W1/CoihomKvRwKWMQmLJvCNl/4KacFe3jU+Uvcp4QjwnkvzzuIQ9zKPH7MY46TENbV7JVBASqvPV3jtXltDmwfY2A8n6RNlZmOJa4ej3NvRMf00xkDByswC1GH1p8eIa+5eE+vsR7wOm4ZSjLtV1v68mh0UnsFC6fbRqlhLpZtlImdads3x02x6nKugAOXN1LnycTvcCBdA0Hdi2yz9XDCoTv5FIUXFfZqbey3P1ltl8BDWQBVD1zkVtwp18xjq3FhX6UqrIFZSM73PfPwYvc3vDlm9sNHGDjftnjzj6r7WECcKrDcZinwHd1Y80I/rbfput0z/wJ3cMz3LDakYOgpAeKOg/HUnpLa6O0qzyuW4Myx6tkxDQraCJJenMsYKwrC266Ymc76+53bed/+73au9/xvnbC2Se12+CHkrWkpG61iqrxDM+Ko0rLqiAaenRowGmrlnJUU4Jb1g3a5vVr2i3sz9/N4Gc9RyEFgBOZUHYtby3G73QmhyuVHCLpJpdoy2nq5usVSL8HWvtqlA0I3ZlJeI/9V65Owjkj8FxJE3GfWuc+LSb/MnYw0bx2uq3js3eWiS/ejWk/Xs9BVOtp51v3zbdbWeWfIq3BXgakXHuVW2NsB+vrNRfyue9MC99Di+LbyjmCIIBRUEZ5MEfc9aDB9jXy8FS7fhcriR3PjFKPXeUZUDNIId/Uxeh/tT9KqhHXFerPgaGPrXqZ2BhXq5z0XsTVT/yll4fXDSc9bGw/fXYBU5Q9dBRnGuD5Y6QGDslKLzBv0S33PPDAk3jf0D7Bw3ZStnJnTQbQ4/iNa9osvLmHiTv7yeb1azOJdcNutrhYhO0DLeVR368W4ykrshhRHPcvE6nH9GRbki/EMWWoEdV1JQCebSuvR8YCk/3wHgjookcDnu0WvK0buigdAP5kG4dGlzKGyYqsGuvq6B428k8IA/k0was17OgT0pZ8vp5LQ3GSVbbl2zCOrQuebhwxDc3kPibHWWHeAho3fGV323HutnbXrTPtfe/8SNt+n7u3Wxc4ZZptJls3rs0kzE37mIQDnrywNMcqs4sv1GUSnJ1MdnxWZ7PuCRTX39hmoyBVK1Vw6hONEkgo7kgzBDb+0Efdg3G4xh0qfZ/d58M8XRn9s/yOJ1COc29fUICa3HYxCbpaTnzV1olwokZMHuZgRiqbPY2+o9S8rnQiB2rCU44AFuMEgwePya98TrGkdVzXaIZPJ5y8dMz0QBLo4f2Eskj+cYzR7nJ13FdRsXWqJqGQ5bdcK6LAojUon5FPMneVFSGFfAwv0mEpNjL4ksKWARTGcKkWhCa3npqTgZa11q04n+xrgwllexMVIwFdVwkYdHk3yinMPLHlpBhTjXeHaLDtZc+Yqw5333Eev4ADHTE6mqDAUpDu2bMPN8LfJQvKGoS6adde3G1wkSBmljq4KkOFOOFKIQd060C+r96y2O526sb2mY9/ob3uD/+s/SoHeWRv29EULhAwVTjYee/1rffkHr9mKdCRtO1COC+z+nRU8LpE4aKigLRwdgafxjZxonUYdYuULu35c4Bt7bPM6l9dBpxGsMx3pFAcS6qJdvLJtHPbifIlvjK4mfmCXrrQ2KpZ7uUn1TMvdTckaa7qmq3UEJhUHsEt3XUVRAma4bQpjTjf9bYwpuQVQOB2ArLgeaw+/NXDpby03ZYT4COgahRRRPEv5YoPeMbdCzgK9DkEcmiYelZKxVtPGcupwXa8BlVgnXp3EVWkjsCzkhoDzgrH5Urjjb8FB17rGgIJm7+uXWqPiWippvXB54xxGBTsoANPaAT8GH6ZDXbiI8DIIF49tn3+Y/gVLWBJizPPOK39zf/7Qk5OfUo77x4Xt6uZ4PC0QFeRLG/T9GL7/Mff2X7hF1/SHsCKHQRNHzmG0o4uaUg9qpf0Gg4CX19Vq3xgKBQNxU9LbW/23XBvQfKGfOvsV09bbqdQ7GwL9yaa3Wc2wxy0O/vETe0Ln7qk/fbvvLp931Nc4aeduzJ6EClwxdeojkZbpjJnDkXvN1/+Sly838AE0iPbf31NOdi1tzTv4XLdl+Epj1WjFQUc8qZTLfK8lLrPtqsvO517+ox9O9As0+seT6+NsyQ/yP92Jh9X10izqKK7q62/K5N0XNkvZhhkMvnnQG8cH42kCRUL6DvAOMvrVCKPgE2ClJ46OsnCIKQrkLQhLi5XtJEv7TXOgWwGpcTTLPswx6rxFAoM7yKoEsnnn4OmwRn0WTxKnDCqk3KJA86AUzH1iogoEFGQqZVv+B8lXqXFA7g08Aa+OJc0JlMBG2xgtZwZ8Tn3sTg4A8Se7iQBTJNBPMog9FtDW978FWQ2LuCjoOxGCUO+6uUwDIN70CR72/Oe/33tqU/9k/ah//3h9qJf+K12yt3Oa7fshf4pBxykl4jnx5KRyfPKP+N6RIueSdMVIP4qKOlf0FP5Gf4K/QXJvkPGiV237G+7dn2RxOIo7l/hY3tLG8OpbcPpZ7Qzzl3f3vHm329nn30WPPwqxtxXt9Pufo+2c48u7wTwC9Vob10UfX/YvpuvAf+a0hOfLK6QTsMlSjFsEdWH+m3EGLrusmvade1LpNzRjj/nLhhLyqfqO10BaRdhabjd+KVruDJ9jy/KeJM3buLT0xre2HJR23zc+rbzKpTn2ata23ZG27hlo9OBpDPwG1oS43tF4YMFaDbBGHLSto3t8k9dSZrP83Fy4yI+9qVP8xGTe7WzL7oL+gQud4KDvsUhtFTXhgUbeCQvD4tqR/z80ycibMzKx+8eq9wOv8gMzy3gFjqxnxOjmYT+8mUfyNO1Zz60TVOuCqN5xaoP4pLDupiYyLtGfUjdyr2U1MnQ5+hzez/Co5cppe+o81kGdZCvwiZdfu+T03ryPOmAY8XHahXIPrO4xCdh5aVPGRdF2jbIXwdfGYXcMW75FvUDRlFWp8RGN8iNGO0WesUn3kWcgbGMNtvVPsbvnrb1/Eew+x0uxxCP3a+izipXDiZRkaYB+z9LVH56bygMqm3d8ZEqsfLlYWW1vYiVV1/0baXg2QlXzfxDWZ/chLIuJAcV2tBVryxkaDzCAxMYTjkBFP2IE/Gsfg4p0XizdLcoLccdGBgacbh3LuuaSlmZIKYRMq6pQ1DeBs4UuOGmm9v9z51sf/mGl7Tjj9/WXvySV7XXvPrt7bSLTm1X/edXmTSCblu+nYmY9W139qyCIZNmE7jAxsVSjNFzGqvkSxoxyjvSpeLUX6O0QjAET4nCdWijXDTeD0H5Nf5rOkLxlXXonpvZPP1tUq36Mmue10XoOuxnYIE+rMzs5ab6gLgOy2A8cPJdg2rZ8UodiDZwvGEAKJmOrmpnTh71N/Pwl/YboIPSjjZz+MPtZ3j8TMq36oee4o/NxADRJl3w4FePraZbLb+2ZXk9UAmfUb7GehbHrJeHfWHcC0te8ZUTdrKwFQa1tZaeOoYTOCzCAYyIVEQr0Iaq1GVsiZhxAraZXNJV0Ul+nkksB1AgT+RdWjwQATqfVmUU2jzjPoMgCsnGrW0dg921V+9vz/nxh7dtMNixBttcPvDAkje96e24Td63XX0DiimNo8GgAIhLDemmUARy0hGulO7Fsu4DiHLtTXva3e991/br/+Ol7clPfkK710UXROFV2Tp8CBkpv35POvmkdv8HPaz953/d3LbhFhricAiJJ1AdUxCeFatmgimYZYL+DnYibSdaQ6d3Rtj9W5YzUvr6DnWUJdpuKYsJHAVfu4KiTu3K56REhQtMPOcrIVJNccs/P1wkjh+Yqg9GTQ024F4lPPABvntOZMBZfcqZMff9cVXDAmAncPZCPoFDCMZfCfuMDDgQAfBW3FJnWW3GbYLDFXR/KjQYuMihwqY7zizuKB60AqPSPzRghJmk+abWKb/P29Mgibov8Ssllh/6QnVeyoHvpbuK5zy8PReXMeenTOd/KBO+rMjTRcyno4Bb78ADbuxr1Yk6RaLoUd+j5F/vVc+jj3v8Y9tTvv/Z7S1/86F20hnb234U7TXsWbCNXKVEq2nPefYz6D9l9A356utAoC+7B2EbF78odvvQXRXR+8jb/1vMlfyyt9D9rWAbsk8ihlqV60A6q8sKCSKgTYimuXvPray8bWlf/PQl7Zde9JL2/Of9RPqarkO9l0DBPNh3Vyceyd89Lf/4j1/fXvGKX293u+g72peu24XC7+BS+aWVaftQnOSdcSN4/fND/crfPV9t3358+9KXrhiWf6g8q+ODhW3Fn14Razlx9pOf+FR7/OO/s52+46Htxt1z9HMNk8LLbz+6YU5hDLk31Oe97M+pc6SY7IwoJw+sb9zryaj7+ixK/RReHDM8iwEnLaQJ+fxzxcTTFePVwSqNocq0XNIyEM7j4eHEyTyD8/RWjg93wJT+7iUxMcKg4LDqibeJBqcKl4+mMdxyH8DEqDxavgMsip57RRecRaU/a1i6nzuHiVDGInJgC4dxXf2FD2DYvKo9+9k/VC7v8JYeIAsY7oNpT5tV/nF6Le7v73n3e9uznvXD7aJ7nt8e8uD74c6HPGjX4uZ7QdvNXuocIBSXQeMJ1Si5SH1BUbcpV7PUlaKQUhNXJ/xYK+nox0NBMnsPLn04bsNMu/rz/9Fe8tJfbM965g9ST1xeWVWy3gbJP41b9ZVXXtse8KBntkc8/sJ22qmntPXwwllnItfa1+DfCyst36BAHmgtMrg5zqNo0sKFR1qRMddnBBYBYnKZ3mptY3Xr2suuai944TPaIy5+UHvXu/+5vfr33tpO2sGK5CKynzbNSj3tIQRXWK787L+0t7z57/C8uR+GXh0i5Tv2XDGfoR7po6HZcnvNa/+wvfIVL29//aa3tIc86P7t1a95ffutV/xhO/XuO9pNGqCFFpBRrl3FR0+ZYZzasGENxtt72tN/+LntGU9/LVstzkVmquSxt3bPnvbJSz/b3vDGv2lvY0LmjHs+qt2EV4w1KtoDzgBs7/NuM3mFiYIYQsT1xlw17hCJ0EQXKWnpaXTZN2xdiJti3HBl6fT10+3X//zNeBgM2s+85NXt2r0LbTMneMeVKwXXV/Y9wetZudtVq8lp4chieSREEnTKrWIKF691GfRuycl4j6pnS8qyCqtjK4aIKqXGtOX2fKf8Uc4DvYByFRjAkSMyv0zEIjyn14OTOVmJNAcTP9I3SjVlTPK+NPvtBMqwdPNI/QrWgnJUNejDG6HDjaxEtutn2//zp3/RHvbQB7TNm1CkKWfXrlvREz/anvmMV7LQfVzbvm0DE//sG2MidZnT1T1pVFkTAuQLPERY0PnjxueEUuqtGRMLTkChmA/og7rAidECuo519Hlyu/ABvTyJV85Y1B188sTwmQZw3DZ1lZS+yEB1Z+WiE+dTHsAiz+gBIAqS07FrER5CDtVL1pl8Qq5mGs3zKqDdjEbCl25oFzz03vTZk+nH00y8nAM+a9pVV97YnvuTj25P/N7HtQ/9+yfay371fe3ke3P2wa1MbmAcM4+ZuuSF5BiUExojynJlKYsuy+wzDt5uQ9GwQSa6MmX6CcZR66gxkuvIEgFKCrmJC2dxoIVCK+qPbd3RlgRdsKJdeiBWCBAuhUejC8M7bt13pnzLMw4Yi7zIQ9MRz+RFjDX6dg4R0f0RvJe1U6DVhK84cxIPfisXWsunDdULrLeFMA5kRTT2A3LUNqGeKOSshrLi3/FCVtrIY3qvc3CJ2fnzTBAPfRRP37k9sZuV1sCBvuLrwoR7knWfpZ1zL49YB9pbl1dVYW2bQY75t2GYsZR5UkkS5uQToXFsKTubY8SlAukpZNZn2lnQLTALVuKEpz2tZ0Bzdsr3ykH4ZfbzuKGy9hbYUDIvlXbmEBcG/UfX2bluuqpdeOG92ob1EE9EuzKsy5GCwm0BV7Z3/MOHoMcD2u5FDspYh1DRcqUT2XAOIHJJHatsZ+HWjgJwDVH9gRcmnOE9v13yLx+IAbda6TwcHn3a7ccf1+5734vah//t7W3tju2pJhsbyEr5tztAR+kRDlUAKkrAu/tYmX61wY7pKXIJ4YS6PPJ3Jd67V2MJ31wHDDNJPwPlZ+aFzmILWqb9L500Agqf7xV1ROBO4lbR8K3PKZXASycGVgS8s7XUxWIDB3h29ikO14gSbbk+HCmH3JCeUlAOZWrTTs3gCsXg4cSC/VwF2VPJ9tMZNN6kVpQvnqWg0LDSGSWP+tySsixusgMChqn5TGf6PIfnUCJns4IojDJenWOutqC9FJ7mC13sD/B8F6TlYMBkwhTuY9Rhcn+56NUMZSXqB9SuwD7r7f61niqNG1hJ+MUX/hQG3D/zmsftbd/OPaxO3dJO3jLTLsNIef3r/4pXD5yTtGhZxE8AAEAASURBVEeewLjd6IQ0tpmhOLqu74jvatcekm2X1u8j6tcuZdv0SICF/JNbv8jjgSKnb9/YvvTp/2xPfNIz2i+88OdRCl2l61cDVoI87F1gTrY3v/lt7fnPf247/8LvaF++/tYVxtth89+uh/IfvQhF9pxzzrpdEFZn2rnz1ERNo1nKU3TE6kcQTOXCtjRet0k9MnRFtJmVKHO6BKEMDKaZfIKGTqwFhuMCMsY9o7ZdXOvoX+5nFWYMD2C4X9SJk0mUNAe1cvMrDCPTlZM387oYFAwHXGejl/QQYXyeyBnM1dc9xn4B7w/l2jxulcqmKY+IV1FBfoYtGXg9sEmXooGz846NGqYaeCpjwI9ySsE5FRO8PZJfd5fWTsoqq14hC7jsukK//fjj28lnntFuvHFn++p117PqZX1xyZ4tw2z2/yPuPACzrK7/f/JmkjAChAAhzLD3RkEUUcS9q1attmqrtbW1zmrrbNWqrXu2amsVrXtvVFREFJCNyN4jJCRhhOz3//me+z5JcIK//n7/C2/e532e+9xx7rnnnnXPhYlUqkz8boq7V0uutZUvgyjJ8doU24rrV4hQKpovmPJHrYVplCCWgQKugrXVhW3hKW0qQZhwdzH6H+iTxku0KeB+KrCSxa1tbo517doF8G2z9evXIxBQp8YCOKRWp9ku1oa8rtn2ysvT7C8332m9exXYX+993NJ6HmmF5bvYW8O4ojTdVFpuLXDLSiNC6DaEop08k0JNgmFr7qcjXMgFkdrpF+6IFZW2zdfsFrgoViK6Lrcxo0fYoYceZGXbSxDgbrb8dqNsE7qlrcXsb6qVkkk0WT1X/1Eu0p1y9vhU7JJnRK11xNOgOa6gq1evxV2cI3F87JLDeswbnTp2sA75HaxNm9b8Woc7dR/6Gtx7HaahWBgyIj8zd9YtnmJPPfUcgcqOAw+SGL9CKyrcwhqXau3a5bJXmCi/Ew6yJw4/2M4++yfWqd/BCIQE6gB+rTPTLAvBdMuOXVYud1nmBYjNNpJt4Hmtu1+2bp5uO3HBLCJSbjKWbgXIacK4ZCOgKrBVdWoLa4IiNYlolkVbt1olz9OAdXZK3PJyM+3oow+1zKwmdvs9DwOkCmuKS+nGUoQ08FrzC8pmLZpkWFY6+w0JAlYDKmeI16L3JTtZx8BDn4f8Fq40T4tZK+rezn5MPWuZlequiApw1SSTPeXgeYnwjLyiAy3BVeFKJXxYBuMroVl4Vyn+nDyqJ8JXgVYwwdDqrth6mI6CoC6VMhGGq3bJ9R3lLEIImGo5lCFaUcSa3pqDduO0ZRv7Livl+q5yyRsqgHUVL8iPGG63M2Y+ZEOHDcJxaZutWb3GPb269+huPbp3w9Ort4089WbbmY63FvxCGutx66Yx3GDZVsMyLSUIEBGbQ7/0O2btmnOsB1N7E3NQKRV+pS3H71QBhyJoUtsM4JyCay2wFwzkvbNVsAVIEn7V55QYOIByQfMETs3KULzsSMY1XHyWxol2ZIEfrVOriKJeioAes9Y5bYAr/AzKsEzgXBvLIB4CChuswqnw5a1z82krykeU5Rk10Ebchot3US98eylWo3aD2tkjj0yxbgX34GHVzm79+/PWeUhbWz17tu0zahh4OxZ4U3/8CctvO8L5/60IcZqfpmiYCG6K6qn2GcKzb6diPJjUPqcVNdM9ISS8aERQamm8XY7QdRmuqLwrfpu9CyxG4IpoP3TFmvEuNN0/2l4lBbIrtMkrYQXByo8xQzEDwlIOrQIOoQwEI9YXj7PBIInvqmNPrQRo97KRxUrupxKiRNcJhKQAQ64YqELIhK47TwptlgeJlI5x4ReNT1L71F55I7KnUfym2hEnsmlM7dKeQ20V0HPK0Vl/okl12p/Ie8JJWd3k7ijhTnjKxKZP0BgMIXUtgQHrouQh5xN5LMWIrHfOu2Da1dwC8YWFbEUjvgJ1xeX635L1FytxTNFcUQRSm9s93EPGTXyKkCNAV/PR5NBwqDB91DhVymyU1sEkhSuPGqNnaA6CNokma8AFQP6JhEgY0JX+yayqhVEN9Cowa3fIExDIRla9uifJO0vmwqJie+ujBZY9kP1tIsQsDNIIuAVQiEaEI7CQgWIhgSBJcIwhAVdjpVGFssxVyD2ocz9cWOajOd1OdDlM4jyLCNv3tUd5ZbVom4PAi7E+lswGbdVF1B86+n2vf+W5gB0lh5jDSnf8CXCr1LldDlEmPf3VQm/JQ61HjwJ/cQ9B6HndzYFxWbceZIUECtdUkQSNKhA/MLahTapTSQQ5cckFcNXN+oSGW6HHDcsO4yPBZ/fnjfBK7/BcUat0ltqu+KYQMc7LohKe0bTdk8oUHoGLWpy8fPKIIZeGVq6Z0uapTr2u5M1VO3SDxqvPIrJa5GSNTckS/tHeryW4Ay8kUZC+KCzARNpFHqsmXVCn9pRJ81YhCyDEJCRwUQJdIil/nfb56Lcju3oTpVBPPcQS9UVP/yffWhjV/2EsbLf+9Uq79JIHrPeI3la6fTvC2wqYptPZQ3mkV7GneP+D2gPMnYGn76F79J+xCCn0P/HgBxXve348Qmuj1x3O/BZlDIMWvhtlqQ9IwnOmmLVplm6rvthqffsOsjvvuMlpwg8R3qJ33nv3QzvppOOtW98DbGMx1inRwUR3GzXjf+XS8X6PSg4j8tWs6oO8GmqkfCPJAhlZ15gMzDlCbSP8RAKQn7un+enzjMWVRVD7Z1O0EPK+hsNppugzdEaKNKc1XGscFHjIrXBatMkrpZ6iRTK5uJaFCVyuZV5Rms97lSemACaSBYm7ot3hYGirwlqmg4LFEtJu7QVzJaHKJl8N1pDkpqwZifkhrKyG7oVw27QHRiGF6GEpMEViPuSe5PNDeAxX57OXdqvM7XXJltt/X7v++n/zuYLyWXAREv56+yN28YU/s/fef99OPulE7kWpn194uVxF+70+/+TVKEP9d06X/VgvxSizsANzJTGH2Vhh1i5ewC8Yi6+knIKxlkG/yhAQpElW0riJdkbRQ3WvUlIQafq0z+zwIydw1YvPWj7hHS4stcNoy8f69JebrtZP0ghr3R8GkgjUKxe+73dyeoy1dV+oLVpLelhm53YOs5yWrWztvM+5t8HzNfzpaJ0HDUKEZD+q1mySmG6lEoQVjc/MKY/zPdRyezS3bdWy3IQxL4KZbt1tPwIBXc7z5XxCHz6c8omNPWAf++ttd+Audhv3+/BBo90FJpFURVANJQUEUxI+ymLsXkVci7aLOrdqmmmrF0zmjNdXEZKOQLDdaPfc+yD9n0SuZXyGWOfeeXbpr4+xc84+kyNXTnce42c/Pc26DjwEF9hKW794FfloW9oIa9kxAx42CH418AaZCNnFK3Zacd0U8nSz1j26WCmb3HMQUjYjAG6dG2Aa2g+ziwtgasdRLoxJyNi8eK19vGwJQjJjBEymT23AmViXAwhIhQIdD5Yc3PFWQd9Dm/nybR64wZHScbuUcLEFYVso1ZQ2bVlSCibN4ukQpN3mVrz0bc8b3Gs3c51j7fsMsVoEU+HiyrlvfuU55RSMsywEGe1hTAGeonOpCL9NUUasnT+X/KIjUtCqPF0fYnkj21gqe8C34zKbjuuhYFG66h2etbK8vsNs5We6JjUfZc3aoOwFhxV7QdigURS9Xjb7TZv0+DMuvH322SwbNep0ni3WW3bksWfaPXf82UaMGGQv/u0Mjtc51fKHjbalsxDIbQY5BlqrXrm+V1KwYKa7UKg9nss+f4NfuZberR8CWoaVZbSybbOWcG+zte3T01bOeI5rpQ58Qp8yu49HGGYvJf1eM28O9xFmKCO49yJ8tCiwvE7NrJD+prCPMAOFVdHWXVa0dDZ5mgD71la6eAfXwttVfIRzfa3t6H2AZw0Rhctt5VS1QS0VLHkHl97Mbj2sKe6TZTvYswq9yumTz3muF/GM1H6MFeRhdLH1VozbtFKZz7fpNuM15kNmR2vZpYbjq1if2CPnFtBqXDulgIbfd/dCGWEkGDFf47h/gwgujGj+eFAPCRtuOGHQGSPjjDvRePFHMvq49RJapH18LgAgOxhHiflMVB7w1hTcBc8Inb9nadShs/PAI0ckWaYkSImOSYDU8MulGN7flbLAxcuVxC3hU+WzB9qTDDuy3ooGoLj2IEhYHOPyNIMvTNqufZxMLvrqChDdpx4JjrFICS9kdlfbBM+ieCFS/EnJon6yXsgyKsteaLIEViiKlDcSGOU6Tr9iWGS1z62uVUePNhnXcRF4Q9VRnyJYKhiNqoppXaNvEtS9PNbhOuInuECoOyksVuLadRB3HKlRpt5ogYhr74gKyG5L/wEPJWLnoFMMrgbRJxAMqfa20WivkRxhUgmgtAChMI6QZNrsrlK45YOpjZu6ZsNls6ayVO1dUueU1q/bZEtmFVkuhE9MQA3+us6wqN2S6Om4u5toMAGwhEe5u4hQJ6HpSkZwqEarVZCbYc89s9G2liC87mWKGKTu3QWnL53Z8Y5KiAMKe5ca55fWqznny3WyNq2yrF2rJnzSrX2bppbXJtty2JiqhXjlglfsP5MuRcuCWV5jpJHe05SA447tTBoRC347oni7EfCFfIkRVV80foK9agjjrMVa/QxJxRFjzv/6Hd2IkjdLNxraFxitUvatMG5i9LztyiMGqyE501EXyq1h/ISHma06oEyQBpB8LlVSrhgxfy389ctEdXI9bdI8x9IhAlGfVGetNqWaiGVDcmUFY+nCRQLZVIW0PcInP5Ac2CsJJoo8qTO0NImbQJAzMxNEI+Twv/6HsmSVFvMlJlHn1Lj1zfsQsjlT2PDGf/3q1FOPt859O/m5YznsA9Eid9ll5/oB95Fw9V+vNDEcjUbl61X42HO7AT2+nufb7kTvJsYqzAFcScCPNLnPaTFJML4SJAITTmv4L3rXRPRJZfB+FlpoV4rAxD7zzP3WsWMeGlhIaFTHt7XhK/cj4U1Hmxx08HjL7Tqa4wLQqgsIP6SPXyn/+38GaKvZ6u/3f7RIfHM+r6tR/30fGnBTNxQ6vkILo2DPR5En07RnQrQXuCuIkVoiy7Ws5PX02csLDJ7GQMo9rZ+uLEzMf9UglzadD6mH/i7v6Uwu2PzEXKdaeYpICFCZjgOiW+ID2NOBNtrXGuamLH+a+2TioxTohWiZFJKqR9Y+uX270oPyJKixyiWK5m36UQMDUIWGtgptaC0BMaKSKll32vRsb71GnWTDxh/E7bFuEdLzTLxUxAAP3ucI644Lbc/BYviUAjJUymLI89dff8tWrVpjGzZstIULv7B7733IilZt8n07UXAUWWG0327t4il25ZW/sqlTP7F16zb4O3Pnzuf80AetaPla27y8FKYfC4Lgwn8FUpA1McDIK/d+6SoNplxp8D4FVjBglHXHUtxjwHhoxYEw+ilYo1ZhjXrBPvxouh11TB8EkBVWsqzQnnn2FbxXprJ21toll51nixYttrff/oeVr55j+a2bIbxV2jXXXWIzZ862DRs30c71lDHNzr/gFFs9912UvxutW5tUe+21yTb+wLHehoPGH2zvvveRffbZbPp3rBUu/dJysOIFjJMCjnNSmUh5PdvSzrE2ZF8pnwjGgBCi1AbXYbNu1n8kfRnS3LpnBxg7k8cTKfmU5IKayj6jZLk1gTeogKmnCcLbdPvzjX9z4W0VVpz8vkcgvN1gHft2th6DJ1j3QTm4dpZjUf+FXf+nW7ysn555ql100VW2ct564LLB7rjzcvtk+iz78Y9HWcnyIvYZo4iAz1KglpJlm+1nZ422Tz79nLH6I4LSSuvE+r55MW5vrTPd6rds2UrbtGmKLV32BILJJOuMta5oW7kLb9dd/wv7bMZcP8okg31YU6d+atOmzQR33rGerZpx5E1bgqu1Qnh7m4BJJ9mUKVNt9Zp14McCm7/gC/v7Px61HCylGxZtsvYIP9lYj4rZf/ir3x5GubjV3XiGdcC68NbbUx2v1m+YY3PmzLebbvqDbfximRUS06Bs+Tb757+esOUrVjGu8+yLxUvtX/+cxP7GCtuyeSfRVXWmKO7CgFq0cN2CaXbt9b+zTz+bbOs3zOKz1mZ9Ppe9xcfahs8+taKSCgTYNNvGWZ2jOzWxyZM/shdenEQbZ9hddz1oK1ettn/ddaFtXz7V84UZLFyIE/hHPEgnGzlqiI/FvQ88xneVDdznKBs4/ix79cUVdtfdj2CZXY/1FwuKdUR4W2e/vGAiZwXPsRtvOsu2frnMWiHQKmUgeO3YUW3DiVw8+V3a8cKjlo0CpWxzmY3v1NQ+mHqfPfHknbb5iy/sn48+YStWrraNG2fZ4sWL8GSZhJK90gpxV9244Ev70w2X2cJFX2K9nUcfpnAe6ZM2YWx32zB/qeWy1jSj3FLOaT1/YnebMesVu+W2i6xJTRpjea2tWfcoYzbV5jCnb77lV7Z5WhGw32k7lgL7Ry+0ZSv+Q71P25Il99u/Hr0NPp6zPzdvt5ZpsuSyR3RXlr38yrv2/gfTbSyRk5eXxezlV9+3448+0Ps5csQwe3fyVObZw/aXa8dbCe3MaZPHVIInZ83zbR4SwhQkRXyehCudU4iFTgeGa3+cjltwQQea5FYnzS0psMV/uxmW9+CVRN8lGEkA0jtJ+oiOKx/4IV6wDtlC1ibfK6b7kkFUhz4SasTXS/Gn+cqUdrovoU/3lYf2aU9gnegcgpDqUFwPrSGK3igX0XhL+HRZzlq1p248urYVIVhtkVaHPtHu0o1YvhDwZL2jLjdQaW1BMe/uq8g+0eph8JNxd/FF3uGYEfUjjqeGPlG/PCAJNKZOwWh4M7YLgRPYJlGXvBddGGaPdh18Y53eJWo7WlFAJ5jxBvRa7YmV0C6Vz/7iOHJVSpzKceRmQyUmRnGh6rQ6IAmX5BY2gK5OOtCoxDdSynezhuh1Etq0MAgwCEIyTTqQdU8LI9/OAGsvkyRY3SaJCNdiGavR3iortQ7tE8Kdv+dZ9uCPQMgG7O3UjdUruY6+CLCYhN2nWAOaSEKMWg0m32JQdNaJGIGYXEX0G6RKYfFmhGDUxBjQXIrf0+aoTKVWrbL1JnDjtzMRoY3+cA//BOYiZBbRe/XlBfwQg7CYj8qjn9adjxaqSuvTv6Xd+/yruHIcxm8Jb/pKAJrLb0teD8WJSVGI6EWLlpN1gmnPuGtOKELBXxQhTi4mfsA2SKcKAmMmAEkLQZ8TgkxUlyKbBUlPTYHZ8jYleibhh7HxBZTxcKUAJulkkDaVvYNJitDk2g4mU+OkMnQO3PoNVuPjlkm7QGZgxAueU/W4hscxTHd1g2/y6CgDhczXuMSoTz7lYjzlf6+w1F9PoUz1V1eRNYFG6Ielo/2RwOZn2dEPLf2a3I7z1CGtbrKIl7/rX+EPz3QOWzkLMVtJaB6sIdylcDMMnl5Qn0jq838xOe4Di7z2uXbPzRfYUUf91rYmNeX4iStsv7H7eE3Ch29PCZjsRcPqFQqJvgh7GieHbYQ/UfGNM+zhtTP25PVD1lWOV6PzyKA9/pMbmpP+xbeuPYGPjGcQpBWBMGbZMEorF31oH330MRa4PpQpC9R3wUUF1VfqpUrg0ztr1663E08+m2kywJnOMlzjXBCMqvfcvJ0Ai9MSXeu5qhRd/sEpUehXYP4/K64rbZJQg7WeeaS5LAHH6aeDiDkJXZBngwvNohd81B/1pBJBLx06LdorLPfFlsVVKXSbuQQNjrP/yOcEd6ulrZS1Swo45oZwKMBLjFgCPtLWZrJ+1Y8recgb9uSoyTROv5n39TioZjH/ZTFUkAdFMK3BZcXpW6LBqtMVfmhyU1g4Y7SrmrWkFubC2wutqpFboDa/q1/UU5Pa3DbB/OV604rZDxxoWVBY7rRtO8ptI5GFc5vTZpLc1pW0fqxaNdsVBisR4JLZ+9WXI2r0GTp0EMGFjrHkbgWoPHH/gsEsXD7H3nrrXTvkkPFOQ9asWQu+1+AG3cMGDuxvh0wYb+f96hKEq5WW260l1gXaKsaEugS/aM5w5fWHEWC5Zw2oQoOhfTjYUKwEj4+22WrrShs9eqTl5+fZE0/8h+VSc2unjTtgtLVqmW1P3HOp/ehHx3h/KnBJk1fD0jmf2lP/eZTgSUd521asXOUM9Nj99rV99xlpnfM72uWX/8ZaDT+dPvbHbYzQ9vyTq2NbjvvR1oo5c2ZT1kasH/28nx4cgfazmlsJRwWVMqfax9QW8CbRF488zbpZsm0X+9IqrF02uNEoRfkUUMBpBt+i8WAYFkktgm3sx6ec6G/cfvv9MIfrrN+IQ231FsZ+Z4BXOvO755DD7MYb7yFqbwtc9Aqc2TNc0jFt2LChQ3BVG2qvvfEO5azE6pbvFqYmvt98kfUoOMv2GTnEmTI9L68usOH7DbCnH7vJunbpaFu2FPsnv0N7O/W0k2zkPiPszJ9daNM2fWJdu+Xb4MF9mT/SdyTboEH93FVwS1ERlq5qK8USsGH2cnvxpdcTvAG2Idw/K4igKVfC/v1626ETD7aLL7nenmFP9IBRXbEdLba+vbvZCKKMCidO+/GPrFOn9uDkGvZsplFHf/8MHNDHjjjyTISGaXj9dHMBrwJLbPeCLrjXdrdhI4bYsaf80lZvr8aSibWMoDAl61bbx9Pe4Uibkc5vrFm9zmGrdgwdMtAOOnB/O/mnF9sK3HANS2teu+Z24IGjrbCw2N588zmbOHG855/XWnyQjtqQEoIx97kDjdDkymYvGrBQChFxUcaA6NvKyqzbPh3stn+8abf97RGetuM4HQS42a/R5vPZ+jLIthTJQrbKMtP7WSkWa9+rWQhejWpC28bwvMQF8M20L79lku0/Zjj9zkcAf8XHcP3aje7G2x3Y9urVw4YPH8rWoBGM/Qt2+KEH+zhqH177dm3tyMPybeTwfnbxpVfb449+QlTXZNtS9Q7jcrwNH9rP0uC7Tjj+MOvSKc9WA/sYrryDmM/6DEYImzjh9/bFF5OsN4H/1mEZLsd9WMdA9ejRlb4Mt1N+cqHNK9ppeU0lDCfhljzUaUv2Ay8xjVbb4IHdrR3KfiXNsWw8zuQeu2rNCu7sRPmGgjuOp4ForSxaonWSCaAd4u+TdAQI8Nc+PPF+OjIChkYaOu7BA3GGo4fHZ+2N4wotbydFupUHhLseYl2TIEU4TMaP8VJZrCUuGErwg4bHERplVHJZROsMMElinkvY8f12zidSnuYvgRGd1fKyEADFl8oopfpwhXY+VROF5NvGtB7xXPQ6nkJ58sbjWrdFA0NQGJ6rHYIBSmB5l2i9ikkBSX9FP3xZ4z2VrzVOZ2UmJYc9c2wCR4iUIAZNUtXwEOL1lE/tcz4R2OqstzoshHUcQZIEH+774YBpkL0ol2tf61SIxkL7J2mTBOSYnwEhU6U6Q/KAH2qc95U/jItTc0mxMKhuphRwxMiziAm42lhq6hQSubsuMqEEh/ChmzpjQiZTAO/FSrCSCZHO1TnjvI7Jpop+WFJADJw/qIP2NGI+xaT7uRgCtZgN76cmPS1THwCkmG/t4RPZ9mhqCHDrmIhKGpy9TfE45eNaooFyCGgdCL3WxR6mhoqlWXvllWvQQv3VXnr5dXvpxdf4fpLP9WhVrrVpnzxoH77/hB1/3BHOLLrAIsg3FPGtdYZRCo+3sDfjieemWm7vZPzxNU4IOVhV09AGxNI5xwm/9xRZUkFhH0N9g0QKECCzfnCdDWWpavVf/7wdibb4eyCW9g6Ew7Y1FtIwwIyIMWKCaFLpWntYhG+hrkS5XpwKk8UKdy4WqF1oStxdC6ZJQV7q+0+u8C5/hcz8j8klgNfFtGjyhGAK4Q3Hh1DNN/8lv/g/aRMVDl3MYDrwSBUh8kkili/0XF/BihiqVoF60jgJt9yCQLsUvj4N0/lu+KbKPH31zcal/LDrSECbMOEAO++Xh9KQGXbuuefg189GaXFu35nUnr1rkzPvektaf08igyFFpe1didHb3/wd1aenTiw13sKBKHGpvSV+T3B2wOM2J2GefLIYSHjTXNtvv9HQXeF5NB5RId/03dCLSOArKSmz3154uS1etNo65bbwaH0uvDV+Xa+JZgrHIiTw5go3/WEid6M+NH7///A6tActIHDzQFDULRqqfWuax6KtiMA+V9xNnucS8ER/dROKi5WHvWLa3+BjAqXg/RoEtPASfQQGsoB5lFoWZIFENMPptmY4NxogAQORSN429omQ0fP4nNeiK5cW319Rw/rH+Ye0lQLDWyzwKQRlEL2pRnurPXGKeJkkWpFon2iU6J8aoj26YjhSUXx6gCdVon7Rbx2vUqm9CRoy8qqGOjEPRAd2pkU1auHVPuMmOUEYROmpKHnaK6g0et8RaP2325j9joax7Iogl88cvQgmtsj22Wc4VpMbrWjFR5YPLhUu/9CefPIRF95kqTmB4ERdu/ZFeEPQG3OYvY7Q0LNnd7vzthtpyCqUSZBXAZMG6m86TJbWx5ACPCK3wvkzlmHZm2ar5y+29fOLoVHiCQLUKytRWgG3GjdRi2/IwuUKt3XyHHfskTDb79jZP/+NXXn1zTxraqedfjJC3ZFYkjbbMcedAYPfw7oQAOWa626A3CfbBRf83PYff6x9NHMNHiTdWNve9hY+++xzbl0ac8Ch9sebHrL0TmNsUyVWUdYkV9I5V6PWBxqe4M/4rd4p6TvgkzNDfi9xu+GL4UUgL9sAXsB4sa5kpaXY5iUb7axzjrRuXTshvKy1u+6cbj1GjbPlm4PFN0CRlQg+aFXRDuvQu7/9/vJrCYJ2hP3t1qesZ4GY40yO3QiCe7W79mqPf2hE+OZoExg2pUqEKqXNWMNuvPo8k/D2EoJXbm5369evv7XIHmlTP57uOHH9NRd53hsQRA7Y/ygrwQVu165dNmHiCdZnyDg7/OgzCDAUt02znsZCdKULb2uwvJ3/60tg2scC+/1t5L5HY+182xUFd9x+nQ0c1ol3Kih3AGtAaOSI4YNtG/uhxow7zgoKJLQPRNF3Nfe22+FHTLQvv5zm43Pueb+jnOHAahhn4f6U+8sQDvvYbTdcbjWrP8BbqLUVz9tmr0/6qwtv8+d/YUfQxoLug/iMsP0P+pF9hPV40OB+9sh9f7Lq1ctAqcBMqy7tzxw7drQ9ipXrJ2dcYLfe8S9L6jjWirfDU4LPGvdaPKiyM1hfShdh6eJ90oW/Ocv6DhlhCz592dbMesFWLFhuvXq2xBrbz5p1V5A1zcV0Vyoof3XCjTiMDYXqAoWy3F0lnOroKd+Dr5lNveUEqMvPb2fd2HP5y19eYvmd9kWoHmNH46rpMOjfG6X457YfLo/33v84Y3kYAta+1mPQYfb2O1MsF7j84fe/o2YMKFqHDKFJAgdp4MAeBGLbYQcffjaBR06intPtwstuJhDLdjvk4DGU/yh7ONvYby7+CwFKDrOCbvvaIUecgVC3hD1+BXbTdRcii75vzbJbQ68IHodRRntEa3SUSsdkhPKB7I170ut6Byt3i+yhNu7gY+3iP95jqV37WOHmtWH2yFUPXl3WHyPQC5uQsUoh9MAbujulJoL4IeVW4A0UPm6x03og+PFfAo8beFQb1xIIgwCDEEN+95pgT6hvdeIFnUOdRJCcGEcv6DgHhfCPy3Klb5SCSdDpuM7bQ0DyACFan7WlCNoab5GLayofaH6M2Bo6D9KDjkDvxX/Uid5KyCqh3OhMNZoeInl6c31sPXiLDDmyyommE6ylTm6UvGvAJC6BTmuT2osLpdrplj7WkRhrTYyD6r2PCLqCSwwDWTLejcnaEyhhGPxRbVolBE8/dB5rZlI5EZZL1rl7pWiR+kSDyIrwpz4AryTao/7GaFOK00BMmF6AmrND0ipQd2oYXmQI+M/kkGSdkFSFwP7BkqWN4k4g9RqNcouInktSlJBHWTyiFO6RVKdL816GEFdmSn3zjEGvZ2L8zvf/aWAMES9k1tUeCDqr83vgyGg6glwTFiq5bHpLAsGXdck3CYM8yZKWyWf4GWuz6A9P6imaPjEcWMcI10VnNdB7l8L4KvJbhh155MTvfTmC297WE723aOFiW7f8LdxljsAfXppl2DAhFkiq8QzhnhN7XGTWFtPCPi7fl2LTaN/XGX+1JUJUAF+fAvOXiUVUPr7SIihnxGRLwAMX2LPIgPF+/Wvk8OnCjYArekflOw4L7HoO/jh++e9wz5k1JoD26cia6JohfmtPTnCjUeb6F/TS7gn8rWPjfywpnb20BE/BcqDjCcpFXPQebQwYDt1g8uq5tPkKcpJOVDql3UqP5hZtl+VX+/+S2cS7Q/uI/Ny73nBaQdhp1P3d2/Q//CUBQxrVc3/xMw6kHmjSGgahQ3D/9qR+BvaPPu3lXA3v9XKc8o3GgpuI/H8pRbBSiQGlhAvc1QO/mfjWc+FYowfCI50PWYDWd/G8d+3OOx+wo4853F/YW3oUCXy7UIRcc82N9sLzk6yg/zhbXbgDIVmau5AcHlGjE/eiL1eOaKEEPyBiCTh9S+bopf+Lb2+8FDzMNWDoP12TiYcDQpes9Ir2KKEpLHC4orJmiE4o5L67v9BO0QAfEuCuhU5CXzQe3kvu1bGg1aWxNiGEyZqt8iMGx/FQLvHs5/E28MfhKUY4M9ABIYEroKDz1eyp0b62QIYCJQGolJuBVR5NsNrB4iyroc6oE82r0lqnfsDAqBzNVeVxdKI+rSuigypHeJaKy7QHO6FVqkFkKowfN0IrWQpFJ/PoE2sSCswk5qD2i0kgUpK14Yjjz7fVSzazJfsgtwI8+MDtaMlb23XX/sHGjBkV8qEY2P+Ao+3oow73PWM/Pv3XNhM3sN6DR3vwjFUllXbE4Ye4y5usJtdedwVH5FxLyP8xHlxBzdGZdx62nBKjAEpyO/zNBZday5YtsGjUgK/JMHNb7f6nPrAcAjkoaT64h0lEx1yxG9qvPX5HwNyb9bPUPOBqS2Faz/L8C1hj3njtSRuy/49ZLnba9df+EUZ/gA0ZPNA6dsi3D2esJn8BcA40SHuclPA8JGgGCjMCfPieGI1VuWOJP/c/VC/lIs6fji8ND8LVN9IZ5zmEewlaQBkqNQtXQrMvsEKJuTZbicVQHjDxeBvP2Zhkqdey1GytqCIC5VAP0lLKQezVvnViKeMdBDSaTAow0lVIMGzhgdCPhEsY8OqQLw8bs8effJ6/pbbPgSfa9Dlr7Jpr77Z7726DwCEc6mEbt2krCH32cWAH5HYsKLjLZnbAGLKpxA6eeIodd8xRKAR2IoxeZO++84zl95vAWXhxm1dY7nzF25M/sAkH7W/XX/UrO/bY8yl3IOWFtae4uMSO/dF5HFNQaJ0HDnXa9be//QmBoqOdf/7PUQ50w3J6rf39wTusx9DDEaLi9tork4hr18r+9dDtNhpczW6/v839YLH9+PSRNuHgsQjxW2zg0NMYfyyXw/cHpnH7dFWx7Y+AtnTZCqy7I+x3vzvLbr/9XviPgnpce+Sf/7YLCP5kTUfCLiZbM7aTVIMfUghJ6aaz6MqgO5Y3zm68+X7rg5JgQP9e9tnUp23O7Hm4bM7EDXIq+Pcf+jjAOvXP87rFt0QKNcdpnmqcfN2QQtn3Ugvfxe+g5HNjAYPFgElhoXTL3+6xBx74m3UbegRtMXv91VcQiJrZg/f/1fr06WHPPf+a/fr8y6xgzIFWtY29oBwbM/GQ07CsfYYFrbudd/5R9sA/P6SkEHdBZW7dWmon/eR3tmDWIuu83zgPKnTnrb+3Lh1a2IW/Pc9h/8erb7S7b/uDdR92JLDvYO+//a5deVWaPfn431H2DGV/5nhbvRP8yEJogZ6K/ursU7dq4Xqudaoh1diqkhrbUJvOWYfML+ieBBfFitDxAQDJhS+nd7wX58B0KVFcgJZiH/7ZXSiFO9ofBq11N0nhf3Y7WGH4a9+aJaIILMVDSlGgNURComYebo5Ow2mntw23d2uKwCY+fidKQGinLGFxBKK45AopCsV3qh0SthwfWDMl2LF2+Bl8MjDRF1lh5WYb41zmOu2n482YAqJIIGP9irfKgyBC2xFwZQ3zo29kaZRxypWr7KDmWtEr5Q4pIcxpCvXG5H7J2hT4TBUN/aKbMbfsAyvwKKkZMNL513pPvAdtFt3ROhNnf7ZvMZNbKfCr0bYgziSNaUuC52WcWMM8SAqwkYdaTO1smed9AnBolYClPvz1/xJAtAkvjlnPkxNTIW6Y3A4s+Yc6UdJ9vaoCGAIGXCbWhntqB0BSHi+fCwmEAFJAlQZiOxF7fmiK3E9UYSyVAReyeYco0dsVhAtnAGRhwNaqf2IiAhBBDvLV0UZG1HJyWnpTHBx72Si50YnhCgVSQhaaW7Q8e1OWmuwNF1XnRW3qF0J/84ee0NewEES1RN9e0Lf/IZuEJbncvPTim+Qb6JuSRZyEXhJwVLcjsDBSzId++3Ne1ndAmtDexjVpXD2fhkLtEUyUjSmH6XcXUUzlqirNtzQ20rjziI+iszH5uCfBnjt8QvI+umBMWSFz6DvlIq5DnBThDs2IL8zhPe1TU/0y8dcyQcWU6Qy6Shg6d30McylaA6OqEt9qMAmcb8KhrqkwdqlMYAn+aSJalOvhzKm7QVPC7j82qZajlVHUvW8sWMUmPmprJUqQCp2twhyT1TMQpqj9iTaoHf/FFFmU5GZ1xpksqKTo3ndV4wSWDOp7xHx8V/7Gzxg1kizdjKveZ9S0Fy0Fy1/Akca5f/i1t8vxjzKoR7DWPf8n2sAn3A7PeOqa9C65zTnr7V27+urr7ZfnneUNUD7HtT1sjvoRwfH++x+yu+++xXoPOgi3K9xS2NSvsrwtjr/fXKjqlHU3oymb+rUvL9H+b879f3zX0bIH85a+yBURnK3xxVTtQAhmEaoG7zWvpS2UIkJHe/hcUUeYh5p/OhdUNEGLslwYfY+yTwovxv/IQi54OWOOhSpFC6fGVQsqObR3WRv3w0yhNO2BY2+I6gj0nXxO08mmRFk+h5nHzpA5HoCVcp1zqxxiJN4GzijwTJE0XWjjudwl3dLobYVoqF16R+siTaJAhMGsgNsB0WGuaY/opaeolfohukYm+qKz5RR8RDRRadnyVQhvG6z/2OFWVpvGYda7ONh7P3vz7Q+JqLjD2rVtZ8NHTbDNS6faccdNxGM0k/1KsxDeXres3Ja2eM47tnTue1a6GYaG9NLLb/j3PqNG8F2Je5jWOLUF+i6rJP1RCp4UhK0YOtBuu/0vzIErEfj+6J8LLoBx3rqNY43aeV79adwbKdqC94oR+v9tnvZlj1i+tW0hRmmQfTZrgZ/1euAB+7En7BGb/WGJzf74ZZ6l2Uk/+i0C3kib9Opn1qu7eI0FUIUAs0DHUag3YU8x7qICdS2MoT5RH7jwFHgLXdInn7TK4QPjz729wh3TfkjBQEm/E4OVgIm/oblJShH+kbZsQYK0OeyTFj0PuOUPoj+8pLYWcuzDWo4k2sEehIChaopK3IPkVYJXOMcuRNBVuo4zaY86+lSb/v6zSLCf2XuTZyAQHGiHHfZr9lh2xN2yxrIIUBJSkmUSRc9ax3DvY95VzLAfnTDRFcDadyjhbfDoY62EyJLlWJq6ssdOwu7DDz2GhamWwFZDLK1NW+4tAiUCLn755VKEt6nWe3hPK8IFdQduhZaBS+A708HXOtu8udDeQADM7XMwEVLLsYjtYl/gRHvi319aUfFWaw7zPWZ4F4AwE5e//YBnsn344cegy2xLbWO2hHYtnTWbMPmMGemtt97z7/3GjuAbiw/joGM3tm3bZvf84xVr3ftQy+/aCldd6Al72FNadoBXZr0UYjCW5YTQbEuEv2kfrrKjf3Q++zJfQrlR5kqPi373K3vh2Udt5ozZCEyH2poFS4Gd5mEEP6/a/zgOQH8NCzWN9rI1PBrLIPQgyNH/FKz0m3BJfXjSZMvtO9GjxBax563r4P0Qoj6w0hL4aiS6996dwtud2C9bYsXgSN8uwvMN7IVbyTcyZ/v2CDtBIHF+i3tLl69EeHvdeo0YACw3W1lJIfFRDrR3PvzCI9wWFZfYW1M+I4DKeKYmLsLVqdZ933H24nPvMy6b/eiE3n0GW8VWcHb7RoeRux2jIHarF/2O+GaPCGmrrTn7OZq2wLrk0RSBjYQgeBMpWz2ao+YLc8jnZULhlCQ+SIE+UHIZVqEkRacX7wbNlLUOTXZ4Bl11rwvkCYXyd2sbB5DLdVFHDUjIchjDG4je+9xFqR1XHAHWD8OLTxEg1Xbtj6MhGIGg2/APuHT4fEvCIqUI+EllCF2a1zruQrIIBfteMu7FocleH+uPu4eKBoI/bqjwtYL+QbNd0Qjv6PPY6QWFSKkunhVBTq6SED3uUb8rMLnWmuC0Qz3hWuU4btIavMpqZbnjkXsPAEenWYn8rsSM6JK+hYSu/OHCX+Ke1jXPzzfXOvg7xTf8SahRnZ6XPzLTiXHQoYG+wKg9dIXGiO3yM3NYoOuQBMWEQbu4R/lixFyrmCVQ8SydwWSBkPlVkWNUvgZMTLsWcVXVAmJjRZwFB5ING8T1nqeISOb4+XEdbVeVXJ1wrUP7pQGJyRUP4NbR0Vrq9T4IAA7UEAo+MFMsvtyHttGgPq7tUCsEkr1NGzZocWG/GG5BjuilIFUcBP+hiUbIf3jPUtTi6Hv3t8TURL3SBJE7oFxYRODvvucm6zkINxeiIPnEBh4SsOoI7pGGhlpjpcO407TJkglao0UUJuebkmrx+a31iHrk/qRNoBKgBXt/rkmusSAJhyrBkRRFlQNZdR5ZJpuqQ1uVOyRN7HgdTJFr63lKoxyhKTMFfHVml6fax1IBMZFAl0p0o0pf8EV4YDC1lwaLq0T35ARcVYNPplDN1/6qlQoV7soGMZzUi9Onh4SuhHnV+Ai2+qe8wjl9Kxx06ANfPKtP6rczE9zjUueRaT+Rz60E85KgjxGI6l/9rgsdEK22ybKmb/X3+5LGWqHx9yR/lGfuvIX46nfFUg0hpoLvqyXAhVw+72p9r2NGMwncLCIiiowrTSCJqWgEJ936zvQttdNvjVDoPlcaH6+bwhzkjD3MhOCuxldD//JbZ9myBXPt9NPPITrnRR4IQYt1JIx9ZzNCsfV/lffpp5+ziy++wM96W85xATpjkSHxPIkv6g4wiRhVtUUaOZ0vqPPFhN9+FhD7h31v5V7AxmHuhN+rTNBj1d+Q6sel4db3XkmggauhfU0BnJRKKJegdbJka35Kc5mqvQv8VnAl4aDjDZ2jeyR+00edB+l7zqADrqxhTVBy2Ih+EzY6BcZAeTVV4kRVSxIz5TBTMRpj5dZipzbxqRETFJJqE8xk/ZNwoqBHKSzmqSz+eqZz4BTwSoVXsvALP9yF2xugvpBHSiUYkBjCY5UWbRWtQSSvsqkM9SfxgFDfrIdaf9jb7f3HswWNj96qT1qo4Swog0ibcsvR8sfZm1pblbZtRwsLfGtgEKU40h6KdATOz2ZuJ9pgJS5rmZbfoSXxCGEJO3XUK+x5GerMdDTf1Ta1VXCXckSpqY7rUUo01z0qKD8Izn2ZC947+/zzefb887guZnPeHYx9KrRs42YYovZ5HjI9FMJfKtFQhMTYwFBIEbhxIzDp3JVAPeUIMlUE/mhtr7/8vN1730isNr+w3/7mZ3baaceyd2oJZ3LNtAcfetqWfrHW2rclPL2DgHVJa0OjJPbEvfqEY+BaSOpIoqf0M9AmLThLGZ7wvp56Q+sbqzuMh/ZnJ540/vab5I1oRW0iSmWbHFzDSBHDG8oMuQM+gqNNWlsORxekVhRzfAKMr+r8WgpjHMCm51iBCAvfkEqt2+CJ7BW82T7+qINbo1584TFbueIGW7Bwob3x9vv24H2c+ZbfCqufLE/AhfkRqqLGGvgs9o4xFJ66dM737y++kECYSmh/1lcQQLBShMzMPh1t1fpiDnBWiPos69GxvS3cMiOBE/DCCcGqknHVnPG5T2RIZ7BZN8rLK2z+5xutHUFd4HacxlS4W+1S6ALv0JCWiX2H+R3yvC2HTBgXcFWN1FwiCVa6TGefl1JTV3rrAXOSMS9DOFy2Pc0y4fNqWNd9bsBAC5p1YnLF4+F6ptKKAUqHAW3sS/aXn/SjY7nT235+7kSiUY7gnMV9bBhuoX369rIM6Msdd77O81xankihOf5bQcbc7VkKGPDMH3nGRG4aLMudjsko5YyLls2l7KHJPN7urphYR2iXorvqMG0OZfMjPkRXtLdUSR5MSk3ZI8jA8eHlxKQqL9fvrlhyURwhSNWKN+LczThBcwS6SvbczlzSxHJbs2eXM88U0KLS50NPb6vqzuHweaR8+oFFTHeBZ+0uXO+qyuAyAq9AJd4/fWmfova7urujLI3i5yWw4F7s9ElddzpF3ALa6W6G0CZX5EELXaFV3wcyQwtlyUtSYEQmcVzxM+QCqbbofmIux+H9XGiCtzR4dm3FirE+eMARCUHQbrfuaUwUpITW6xDuOpXFx4850HFSnNmqwCAQbdoE/mEZE52tkyIRrzodlB1T5ElKUBuCJQzGA/gah6ire34UgYZBro4SGAF2IDPCUd6ENsm9M55BPRJaVZqUYHpGfx1EeGtpvsRQhCTpGALl0nouHk9tU17BUeuj+BTJR1oz1Gbuq52K0FmbjSUOqyTMNugBX162mfdVLniguuCTU9zFkR/MOG9QEgyvLFG+oFG4Niy6tYzKTL7nAF6FqeLGSb88/CdMs9DdpXoxZ8I2JrsOffR3uCfGRCfX18mkmEDinRCDvU6CFim/QzsbhdbmU9wHcoiUJeAlZxDSk7aI6MRcAIHACBEkdCQYGxEYwV+DmZ5UY+vmrcZ3fxQWuECwo8kUatmzvytXrCIjC3MdzIcmI2DzSvT1/zkJLlGSy46Et22ck/OnG//O7X1tR7l8vDWSAEVjKCYMTUUlm/F1h9UCDQgLjiaVY7VufnPSu9I+OTOani0g8zrnt0hLwvuNmQ2XcyimGtzyhZjrQDJVT0Ob1YgI77w95NNjRT+V25Oe+9DiwijGS4KUrGXC35gYReVlAokpCZp1TaJQhk8qr5c/X030tQJlhiaNoksKQhLQxWhISNTBsaFdagBlqljeiRgBFdcY9jQYBrgFhUDYE7ioHEoK7GNEvpQVwFP98/Dzm/4G5iUJjd82m/LRdDvpxCO+Kdt33ovG45szqS+CU5Jrox+b9Iz9GZcsJSfGibZ/87vkifrgGiUWBsoJewf1TAUDD3dfhqFpNNzfVl7D/W/JLPqitlE0f/n4hX7UpyCIAG/Gqy2L76ovNtlgNt7fcsufYXZRQEEP91R4U6Gqy115oClv48py8sknWrd+42ztVgQH3z8UVR0wJV3aQXBU4fKrtS9AiJxobwr7koQvwiG3FNVbLL+lv1HRjb4d36LsfEth8dW0G05+9eFXfkf44YEDYNfcYgPNVPsk4EhpolR/ZpuPNbYU3KRlZXJa6zk0szk2BJost2FpNKuJMiaGT60UogkMmmPeYp/g0HPuVONW4lySwwpmRIubLeHdA/hO5NeF5iClyEquca6WywlzVwKj7jvKAXspfVJgALSvTRElJUjq2w/nRvjS/XS00ckIqzW8r/1zLqBhZQxDBY2jsDTcY5IZs2oCcgUhDqaA/rviSpHcVGsC/GG+fIliLB8ySOCULDG2PUJ5XIU9aljjE+OVjMZcZ3NZWxiAxD602rgYhxxotYRB+DpoeNm2Mph6rdveMi9PY6a93ZsRwL78Ygk5CdUP46ccwoeQVw1bxEcMIysXR/LcdNOfucIqYChVPXWwFghlNdoP0jh5p1QamES9qk9bB5EOaC+/sZptZl9VlwH72WWX3mOfTJttPz71GBs8aCBBKwazH2oUhyqfYvfd/7Bdc/VtNogAHUoRrvkPv6Gb1ON0RFirfrGGhK5yO2BymPXRC9HbwgWl0Gt2mdFv4Voo0tvuv8gBriiicUVGG+7si2Vznv3iPLOuXbvyG37C28AYwUOo1FA/1nv63hq3vjWfCl7v8eljLYd24furCeAk8CA8QYnlHiUN+TSGbXtmYTU6266+7lQ75KADrWePAjvmmCP889OfnGIXXHqnzSQSYtM0FJHApKFIZg2wqE+J62oEcY291uMIPzQfPEof80BJMFfwJr9OlNiY/mlWRjWp96olCLQtYHrbwYQyNxUnQfyVideLBseLrG9XKXvaJBjqLLSAqol8ZBNPsmHDZlu2ZCW/RjLCQemgdiQTIKMitdyyJFgIz1kn5ZIX6lOd4aOgYetXwRBjte025HCEpmr7x4OT+dzpDZk06VmOnTjBfnX+mXbHbS+p1nqYoH3yPN5XlLxWS58qpJwIShB1iaVqt+Qw4qbYZ+FYA5zCHjDB1YOqyLigNjZ0l/xqM7f8ZV3TL7/DlSs2ZfQQ3JnnqriOeVUL7dE8EH9QyF6wzpqntE9eEJwBp+MBQmKGcG6glfLhXGTV5egLjgeLWxfGPNFf/+4WhKQq4CtLc0LJ4etzokRrmivkRyhBWIbnQYOFKyWKLbUf4SpJljvRWPF4Es7ou6926pTmHH1QG9xCpzKFn2oP9+MqF3rrwpZoZgbv0ye5QjqYHK/UdgRK6pabo4xMcblr1uHqSD7fS6aq+OdFU57zUa3y6Rt8Kwq5eA0wcv4vwCPMaZQhyD064sDdaWXZA+7hiArwIxK6mCt+VADl+lFrsjaST0YrCXpyyXQMwO1U7+goAA/qKNhLqaOgXbg9+rnYKCKwUgAnlIS0S0KZN1rjLD4bXJSALCFVSsCY6iSP+sXEc5AIMHC2/NBNkpsj0YqHQ7xBJu0X4kVfEIU0DJR80N3fVagmhAeRHKHUdFnX5NbCwilGOUlSN1Iob4Vz5oR0VOZIyn4fgbrKoz2NsCXLVqNZYbN4YpH6GhH3Fu7+R3kE6NYcoH3ckePs08tvsWYDB6NpYjFiAuiZPhokp/2uwaVfAILb3nYhj3y3M90VYY4dOO5i3OU4MJG+6gDHPUmhDix47HlZs06LXG7CB94rUUV7Usz/QR61I8BMhKcOteaD/3jS3nh1Dda3NpxNtYM+iykI7XUYKT//NBW1UFbC4AhftO/QNXEJ3GnceL+lIgCfmJ8ghMnax94wJpKCE4R7u8NFY+ETCtinpCPgcP5L4+JDvVFNiXf50sIrS0AMq4ov5mo4Y66w/lVoLXySJUqKGA110bNRnPrnnRKh9E9UR6J25eWfGNGqnSwmTKhq+uAWRU04kpehOvjvZ6BAJDJxgUtKZmJ6opDGSZpXhD9ngJkhYv490RdmNW0ODFXjV77vOgMt0wMPPmX9+/Ygal1PYLJ3Qsh3lu/ASrLncbVdt3ZDvWb/O9+JHkaDqAG0lfRtBGByoPo4aeEO3Rcso8zRy3vx7eWT/yug1vzcPTGWwAZksRYZuKnh1iKm4z+P3+fHcPwQuCmwjRQic+csIFrawda+xxgrZS9ptLfJ6ZnjBnseUV65eyENTRXxZ/Hz4ydov88BX7wFhwAL79bX+rB7j776Sz2OIKnAFGLMG2iqngjPohzkFh47mAJcfD7osd8DXuBlk4wMBHjRt00oLVkI2RPqbiISvmikw1lWTayNYXLxnhZNLdKipV6WahWzyDqjjrFIpeFaImtYnSxWJMGgDi2n9JjhbDmEJ8qVFU1vq+2y9GkPWXC1Cn1JSs5C7shlzmm/Ku+y+OnMsDiMhtynvf6E0CPXZ9UvQVRh4wVeKa90rIeEarXR28cDRcNUBEyvW32gDHrGF4u2FmoxUMpPH4M1nqooOzWrBW2ACWPPTcSo6z3NbwmLsggmibFQFN9Eu1SvhAwlCcaiK3L/sS0wpcJZwczr62ibcGFTmjFzJhHrjuEKBgrl4Tenlta6OxH92DcV6TATANktuw4oVhpIZMSyHb19LCQAlCrHUAlUAABAAElEQVSipNdNf+ppntqiFH1TIv0ytNfxtrluwdO5YqvmLyPPSsKwr+fzL73A/r1j7Kc/O9V+ctoJdgmW6hmzF9q7M5f7s+hP2NtOeH9QR4KtBFmGM8AeWOvsLPEXtS5QB2FW79YrF33O0G5PamOinSqkPjH2/PNEHeITdulogoFtCPLwgv3hD5ew56uzXXDheXb3HbdyJAFRKAvF4Oo/3gu0rQPWyiVz5trV15xjXbucg7V0HnsGp0RFhm/hf2DhXWkkRQDmEfoTcD5qkejI5sXv+jvXX3O3XX+NFGX97dzzJti5vzjTA9ncesNv7MADLrKWA7G8CJfIoZ6Jd0KKD/OQ35sJGqOkiIiqK5uzDjfjkquWZDJHizdiPevWzT0piqEPq9dvUnY6FrUm/PRh123/CU8HvVYK2Zilsizow70AYfXNZ5CyeSqUFZc0efIU+/k5Z3ClNi3VLZJa1IHPWv0gDTEr6AgPJaV+olYxuRxsLWRQHaIRriTlOsx+fUNPub//mJ6Oqp8vx6qCEiGvbzvcJTvbTvYpnnban3BBPchy4Blze7azwiVzoDGh1S5scG6j+D6oA5XQjxyOpqpind4NCCE/VQcgiJZIqNS8kGAjJALfQ9uZ8Ql4KXujN2lt6FvIp16o1nBPNMtsLi90AEdECbnPxIUahGmobHG5H4pPgv5As+K+nzbMXy9GeUS2mom+CMZ88R2s/dqvK9qjm3rG7woCbeCOKX440Qzuq5BEYm7HU3FrVMh8lGlJspTJk0690rYkdQ44BSOA3uRdaBwR67COsf6goJcsIAuWI4/omSdK0LsSUBDEkghGowiUWhuSUNJ5uZSlVnprsGZJYJSgKPkkeDVQsngnp6MqTPSdL37HpehLAZ56h3XDBVhfk8igPBSqvO5iSl7V6QeSK8ATtMUtbGoqAQXr4GcFw2SEtRCMhbVKkfypR9EkRfd1DIDwpY4xDHvjNG6MEf2VsKYz6OKK8in6D/3ywCYUHyVfV6ScgMf0ssUjSNHiZ9RpfBvGJEXtd2Cq83QwCCMIXxA5necgbYfn128k8zqYFHVAg56kRrDwBqTTPbJSqQ8EzKmIq5hZLaZJMo0CbFnvfCiElHR6pw5EapVmc2fPJqrPLmveHAGwUQPVvD1Jhx06nihQVxBmOLTDN4sjYDoyqb8QxribV/nBfwWakGZFUTBF+Kp8Y/AA30yr+hwue1JxozwK+fvO+7OtXa9sq2Qii3n4QQU1KvO/ewlSgUQS3kR8//7ws3bZJZOs7+huaL6IkAOBEOJpQkpLqYAfyYTGlnujC0Y0xsfex4cCPN/XIaX3VY6674yOymQW6rdSeDNc629EHOsZbfKHw5hhyDx3Iq9eTJTBS34ZSEAIOJCuzbBojqqYXBLo1DJvnf/xVqkymDnwnGeubeGZ/PlTmJj48DIPtfgkUqIuMaCuvQRfqxR4RZoVyhHRdtoctUnUUp0Evu43rjkVleHkJ5Tr7fL74aH+6p7/otyGXIkHiTvf++VzuMpuY5/JfXf/yV0jv/ed78tAo2pBFi1qy5ausPN+caH9+rfnOkMfhN2ovd9XkOiX8naln2AFZepXJcRS0R+bNcnjV2CEv7+kb8kROIpvebj7bUYPgYtzctg3smXVNPv440+IUNajfn7snvu7f0WuyCs5B+iQw3/Coj8YAQ3tIAqj9FTtu2T+AEf1VwJJ2LslKEAJtRig+auRoEMG17xqfjpbwgt6TxpgF+q+ux2Nn4a5B4zBp2LCX/cffaoVtMVtTyjpZbLgJLOwssjUwUTGUqDltDCJcxbrpKVMYXHRoqFFtprIjbgwij6U7yKYRMdhVsj+Dlm+5U4dJfVF4fW1Zsj1U3NAQUFqd0gbHeG4aAHaYehjCtpazS3NlxSisFZVS/gQbdJ8hDllDlfJ6ibGlKQx82/KT8WCqf1q2m/lhetBCvSCeym4YCURjIuZDs0HypQjONawwArDuOFWOV2SAUtb0PJqPJzBUXUOJ+pHKemMmQQ4zU3+q31SRqWgcVafFbilln06vpFe6yL987OQZDl1JiW0P9QX+gDwfKwDFfMn/idJ77BPq3ZXMbDlaBUJuhr/SlVMG0jVam+rbHv5tfdNh0bvN2Y0fT/AdFD1kFxcOOsYB5ilxZ+/bc8/94r17tMLK9djds/dj1u7np1sO25wnuppTRgb3RMMlMTsFhOMQ0l3nEZrEDU+uilQeFf0h7calRUec5Zaqza2fu5CQuyfb+PHH2DvsF/qqj/+xUaM3c+27qq1s356Muv9G3bCcYfayKGD7NUX3ter9alGygD2Qnk1fjfgs68TWA0UHZlh8uSKv8S1TyRdu3vigPrONTTRe5DILe+JRA1kUJCaSqLANW8qa22JPfX083YFkQIv+d359uIrH9mCz161Dn0n4BLNmKCp38l+tyVz3rBLL78aK+LlDqd58xchR4sBR+5GMFIajUCsvY7NssBPhKx0vc/x5UOH0j6lwKVaC6IevvLqm9DuNCxwt9nG0l4caZJlDz7wMp/n2dM133oQRMQyOF+MqZbTWkw4mM7YFJViiUjlPLQKzcmBjh+nnnqyDSFIVXr+gTZv+nb2szVDMAp76m3zB3b2z65wl/s5cxdY2frpvNeez+4pgpbw2mIw5DD+fs8BCt3SHitND+ZxSOEN/ZVSXgeAv/PuB3bKKSfYwQcdwO+m7JvraHmt+vnU3Yrnz9qNyfbGY09ax7wcu+Wv99u///W8xYYdQD3R6DNKXr5mjEqup5AOc2FlFubfohWcvffivdaD6KtXXXuz3XzjH23QmGOtAlfGDaU7rEvfVsw7uc/XWmEdDDrCcfGWQr6hJH0K+LuOvX59rDNBUpoQjbToy3fsoHEn+nioL2koicOM0BtRAgthxuMw/PES3AW9fRFWRe0Pd32YI3SLXvc+duEX9Cpxz+ki18qq/ob74VciC1/QCnkGZbC3iiiNSbTXFVrKTVZIDDgqCGqWhBJkkQrB+nQMSvCakJINNRBk+MiQS3DWod1SzMnNXEljz95+j9iO9UuT3yPYi1/SM1VJYA1e4pLKJTfofWil+uLCcTWBOXyd4xm004OTJJRyQe6gTK0fCC9yCZVrJOIRCgKKlfCqPqk34vOQL4w4AxLe4gT9kGAUR1lPo1Q7ifuSVaRYkEwi65jicmgrl4RJHXmgAsXAqS8S3GR1pS9ej/ZWsi5LZpGQ5biH1TeGAl9rplcCDRJsk9UO+uvHHNDiJI+GjycgHhaekSoEIK3JiqBZJ3qe3Z7ftFWWQ+oMfLXyCV5BCBavrjLqWCe1/y/wz16YMnrCk1qdoHg65gUi5eHw74KZ9q6FuoEg0rA2ELpVjQo0KHUEglDlGr8k3GH8HAdNaiqTH6uEJgck+T38sqpUY+UPKoRHSKjEH7hLh2x78YWP8J+HEIQs/r1Hf5yIxAm72s9u+suN9sWsldaB/SwKkqHz6uIMXI2+GQR1VdPeNTdi8Pktd+T8Nlm2auGr9u/HLvWwuuqTC37f04BoWkUg1eGk61e+xaZrNupLWPQKqUTf/8spasu3VaM+iWhJeKvCTH7nvf+yX577gPXfr7sVbi0NY0ZH3LVM48k/H1thgNxcNch+7Q+5F3BAEzQkPY+SWsPYC77gkLTfKkvBC/RxwYkcEVSES4FgRWXgJ45Pu1x4vNpEsSrVy/XfTB0mdQKryafxlJtVKYxaELC8AYm86o+YEO+FXvNrCRK0n3L8+AxwwxmVRH27fQWOWPIhtAnDNQRE76pEBc1xd800olSifVGSS9guXEpcI83vMPn8kYNRfuk+T7yMqD0CcwTPBHQikCRe/a4vCZnt8rLs4b/fzIbwyZ7VLU3f9dL3PBPEJbzVgc//+Mej5C4Gh4B1fbvqL761JJWhJAuOIq1JeBPhFSNapTMoIVQ1ohcEIEj0OsBIL31nUrmN6q9/mdt+rZp5zrWIslLIDRYBK9GJNYs/Ipz2m+w32YcxY947kxDyfu9f+iH4Cj5bt5bY+Zy3VbixxDq3zyN2mbS2wA6PhTRcPVS90xUIvS8GIj40CsznCfgjHPLGJRqqyv13RNz1w2/oyfenRsUo89ZVafbllmSbvarC5qzeZQuLCZZQkmwLy9JtcVkzW8javHBrnf+evbHW5qwrs/lbKm3e5nL7fD3vrK2wuZtTbU11S8ts3hoBijD60PBk1gT1qyHhUqaFXLQfuHiAEj0WCUmgdpjvYlbUSD7893tciD4rMmQKkblSWKiTfcO6YJCgN8oj/JHg6PUi4HkZ3BcANZ9YILUPqkKBhGA63NqmBR0NbxVugNW4AMmFTHO4WlpT6CLQ512KUtm0XdrYtObt4VXRcEuQ0HjxiehDMlrlZOiNXklCyeV7RaL3dS/BvPh7lN2wr0uZQpKlL1gz0DL7WpnoEo/jMDuuhRc+qizmhngNnys1JdYWHuaNV2ZyAO9HhCfPsc+m32W90BDPnvaKzZ++GuFtNevZk3bc8Udam9xW9uF0gkXk57EnR2Ul2uBf4TrgoeoPv6VkdTiHpuqB00lnEAUfZfM1TuWFsVH+gMMMNLCRC6uYde1J1x6kn59zpo3ad1+b8dFLLggpwInOHFMqLJKFBsaQFMFCZ1PBzcFEsYYgWIm+e7184w5hVRwh42faCTf8xdD2kEm9ZMwIcqO2qI1Rt6Nvpw1YLcO35l/40FEOSq7E9XOMXXnFRfYGh6p36sR5Xx88bZchqK0vTLWVc3fYyvmTLa12u91z74MEe7kCnEriWIen7Pbb/mx9hksQ6m+vvPS2B52YcMiBdv0N99r8T7+wZXPesoUzXuPw6nts/Lj91XJBkL/N7PNPPyMcfxfO7zvQLmK/4JqF79u8T+bybDmC5NnsgWxm23eA8xULLA9hcAtBU9SxNAT9YQM6WXztUpjCbUTEzLNnn3rILV65bcCPN+6zCcf0t8UzX7Plc97koPGNHPr8HzuKCNclrP9348aa2vUAyoJvciBTav2EBdw0z93R2iLApTIuARnJD8zErHsPPFO4pgy9Xyv3zY497J8PP8KZmtNMx0dMmfKmlZZBYz5+0eZOe9HWznnfXnjw53bohDEcPN7UXn9/JjqMfOoIRMPxCsQK40Q7GEpRD0FMHyryNaWZjhGoXMhh4ktw5U2xc84+zUbse5TNpZ4vgbfOj73vb1egNGjG4eHzzJaVWq99++Ay/KzpmIXu7Ot+4snnbNOieQRXeRW4v2hnn3OB/eLnZ6gWn6siA37t/VMfvQXOM2svk5/ZFbL4s8hambi125dA2JAkfCGUJG5G5bpiBLxyOuJ1a66pXmAj66sUPto/JfdVAnj49guHG5k5i9IKCsjb3OmG8DpF7ol+9FEHxiY0oFkzzTNKw5U9jXPWXFktyHp9+qZOjDUsZOAWFlztQ4NGu0AE7aQCf9//6JI2xTmXrU57mAUTCVYuqGkektQfCWBqO231ICgtUOBiHdPIQvgQlKDROi4AWl7HGuBzmfsOF4RKGY4kSElJ532H73OMAH7yLKsjUqXcFetop89rKUAlHAIn9UEuj3JR9AOx5Umo/kb4LgFL+9C2rvO21BFFs462uWeV9lTzvmhKwED6An2OISTGtVWrBZFqWf9iW9ezBjBGgqEzH2GGCzy6nwSPquiVitYZwKwn9VQYEEgJAxVGsHQLnQwHEj4jBOSpEtBRw2kKnZD2zzf+uUSuAgVwfSuFRVRXSZhLUcmGivVc2lKZu2WiVHZVIv9UdZSyRXi1R8IHwaViiLL/onyeK6CA2QqbOWtuwtwf6lR+75wq/Y4k/FGVcjGYQRnPPzMNV4c+tmHLDmfUPCqlMvBxTQADJc1xCns4urVtbvM+fRY3jqvsZN/0mqhoTypOZE2gJWeyzeBONzTJ9M67QCEuWKh///vJQR9VQwMCFLnBtZhGaZ5Wrlhrd951H2HSCbU7fCIb1AuZB3Jn1ZzCRAxcgvVK1kncUzSGvOu8kWs3AmA0kWShC66OmiT1tXlZqlx4K9eKCoWjhcjXQcwd/ipHz/klQhTtTVH0SXT2/n4YeVlpI+hq+HiWJKuc9t7AgFGOAiVw0/vokSURTv2AYJ8AqsOxzv9KKJdGp95dkX5pL1Y1ezGDHzoT1ydb6IKK1RTxpO5BeEQMVJ/8x0U8VL6ilWVgEZCm3gV/YLFLE1NtF7EixWlrlMSk1sqfXeWpEv6rTWIIU9KYpJ4CPFVdKCF6+zu+yVjlp7D3tQsv/RPa3cHWoUN7LzsIzd/x7rc8ElwknE79+FO75dYnWYwnOD8b9etbXvvG27mEQodK03sgBz2ogBi6dYW+y5qjZ/VotEedjjIFWDluec2OXPUj72NLwRofMeDVLFwF7Vt4xMn7H3jEDj98IvXShqi4b2z9129qzCTwaTP/ddfeZG++8awVDDjEttRw4LPQFksI1BpBAQ0a+STU+55Mb67+6BPhjAg8kBEzREO8PYkqfbHey7Y1mv2hlBbJ7JlJQSAJC09qGtCSt4IsVNTrnUc7ITzN0DP9i3HAPfsq4vxOihEQiHDUmm2uuKCdaqvC++t4Dm+z+qMu0VYpUjSvpUzxG7qpSU9dyQga+tQvmAhWta504bEjvDrLWHlh1MgaFVOUG9rr1jKaW70Dpp72GXvg6kGjAZRGlvJk5VQUSK1Lohu+8JNTpTLRPECKxkUCXq3vQRRuUL26wALugVhY9JOx4tRy9piECtUTytEFi60jjF5ICDHeXvU2jJ/vmfNgTOADsFCKgooID3U4eG25mC4YTmivUjIqVVTLKInSsVzCmKGBjbs7dY1b1FPxHImltLDNwKn9gG52xBl32NRXm9uYfYfbrE8f93OgxDS3Z953IihFCftiL7v8eps34z3OKhvF4c6MMUFxgrsRLfU+qF4hLCD2oCcdwROYpjhMBnMmwiWnVcqDpUOvJcvNPQOFVcUaLFLpzjTLqu0QAF7FxRsJW9+GiJaX24iRwzg0+iB7752naeNi1sgqXBO7+SHCH0Nb7rnzQSsYNMKWz+1jH32sCJtH2rGEwJdXSxOi4z366CT71a/Ota4DJtgm3LygluAu6wPgd4UI8Ij6IuZdKSVJTBD4Ee/DM+FeSMneR54ruAHHHcjbg13OjFroq/eADpZgOc7pOZ4zz463p556jDPejrWb/3IdQY5KrHDLVi+zQ15bFwh2VVTicvmYnX32GVjoDraVW7YjALa3xyc9YBMOGWdnnHGyXXXl+XbqKUfals2brFPnThys3ApBYo67Raa5+xtzpcNojnz4K9bSm+ykk463ffbd4IdkZxIxcdAgndFWh1XwOdqda80z023Bgnfsc8LkT0RAnET4+BoCjhQVF9spPz7b1nXZz04/90p77Zn7bOSIYfbas3fal4t/ZZW0tWu3Ln6wczGKp6uu/ou9SRTQAfsOsPkrmZ8J+ETfIDj16QNcN7KW13B+IFZx4YGSnghmnvyi2p/peUyEEEVQyx6j7LAfX2lTX7vbDjhgjBUues0D2dSA3106d3HX9fUbNtl5F1xhRauhJ20xCIB7KkPjKRdazYyGFGFjVDueBkSgbVIwzk48+wb7uEOejebcxCmTn7LFi5e6JbBrl86cndaKM9RW2K8vuZmzvDEgaO8eVO32u/5uf7rm9xzcfjyH0o+1NavXWHbLFn6O4py58wk0komrKbROTDktSYFGiJ9yGEBfFGhEAUZEv5Kcn8VVHitqajoeF4m5lZhqTh/UjwhPA/+7ijt4bSVwV/NcSb0UTfIkOgjP4DBJFz3Bawg6JIGgDt5bNFqusqnQSi0j+KGj96F/0HR/h32aSQgi1XHwvi+7NT/81E479Wg7cNwYjxqqIDIvv/oah7efZ50GjcLdVnSCciS8SRmDMKY9W04L5QUgHivqFNkCJvCC9m3BEyVRvT93Hs0z6AbNgaZzBJMnCVbi6xxGII/ofyBFTqOScNmsQ5knmOsoAqe/1J0sbz6vG7rN2iGFW1LzXN6ljxJmxbeKZkfKN40LSj3jLDxZyuKygIFfICjl8F2O9wc8iJfvAIcasF7HY8g2rHEqS0Ko0xq1lTyO6uqEmp2JvKOZoLol3OJxmCyLnu4BRK1lvrbIUKZ2SQAVTiNkak9gTMFO2Jak8ZSxrFaBzKTgg04mEcBGQU3qGIPYdnhfRc6U8EtKcaKnfhBtUFrxJBDImyaBzjtPLjVeBUfAEA7TYHXIN+S5hUU3hW4ktdQRXQSR+7wbE3L5xn0aKYBL4646GNxdnAmCVzyb/z/gQOojfQ+aA7IeQir0m5Mv8gIE9ensmrvvuJHJfpU98/Q/rH2fQyFyWWjAcGNir10N/ZCPvyLCpeI8uqmk3IW3y39/vV1x+YWWxmRzhjUx4b65xoa76q3aKRjqoNVHH3/NMvO6cxC2NAO6DxyktcBVKVpcGt7+L19RFYDmn8Af2lRfZ6J970yeYqefdis5KqzXoP1t3UYiEtHXIBhpb05zLOTaHAyCIKSH0WRyqVDGIjG6/BCRz0DDmu1uLNKkglF8GpKEETmn+OQA7hLePA8w8abyy5GaXzrYV0RBTL3a3DhHFJ66oWQtGpQLLrqmlokblResvDDKqsvbq7e40F9gItdJEQpn40RUwMk0/ItrEOBqKiFO7B9xfPU3+CM8phchqRx+O65pMoa2iuBo/5Jbb1jUXBCDSEpgdY2llxFeTRQUikFYCUllSQhMRzEmtzCIn1LUqfBrD//SRr3Xuomt+PIT+zdMz++vuNghoGbQ9L1Kapfgr1DMN3C2jnXtzX7ouC1ZvsUPMW3RAs3eHpTbgDeqXgy2AuOgpYKQ6pksEXK5Y7JEw7VX7Ywy++Gi1h0ahpAfFw5DV1j0JGSkgK8uNFYSVKFtMxferrnmBjv7rJ9Erzvu1f/4nguBObLW3X3fv+2uux+yYfseRpjuZGvHQh80pAFn1Mc6AvkIP1OaYo2TsArgBDsNTpwIgLXyt4dO1rGvDPsxw6j5xy0+fsizFrq9SKpTZXjSwKNkzUzFBQjXMBc8WV2TcZGsI6qrBBEx4/pWxK86GMOUTEw8wK+OvijasBbGFJhIdydMDLq+Stj3KzwJVVGPaB5zPwU8VtRIVhT23rOQaZ7qEf/8LEbwXf2twUVSAlR4qPfFF8AcVEibzTVzU8FOFE1WCBxL2YHVhY3rlO3nfBLp2BGbcfYAW2iR4+RX/S6gsTBGWnCBgSJVhX+c1nPH6aT6rue0SYKnYC4PESkvZEWt0b4IYODtVLvUBq1fwKhGm/4TsFb5uhZzoGi6cp9V2oqFqbSkFJc6GAWSPDREd2tEk6CfJbi/bd26lYAjG/25wpQrMq2E5bCnK9UZ+WbNMsWDgNc0thK4Nk3moODTwL+LEJAOtgL2aykwj1xU33hrit12139s8uvzOf9NDFk1etW2aNphMhBy1ZcQ4CKdusuY56W2uXALhRNYRkotrkTDxBeoT8GrpDXu9uuBT4zDuymDqJhE/bD169cRGW+XbSe6IcjkLn3VuEKVcX5bc45BOOzQc+yOO37P2WMTEB66Uq72v1fZ448/bT/55b1s1OJgZpjNdr3ac9bZk9aUDf4nnHCMC6HVlFHtPAI8hzODGkEl+AtdsvZrDGXpEw3ZuGkTlqliU8AMCR1iup3OgCNK2o9VzPOtuAGLHvlY6BEIp3xRqlR+4Ni+zz4EJTqB41Z+aSeeeDTn1g2w3BzawhirnLfefs+eeuYle+7pfyKwHuwRHrWvavO2Cn4fZGee+QtbsWI17x5leXntiMzYjAOZt9l1199imwhE0atXgW1w76NM690+G95lqm0r/y0WuLO9Lp23JvflhQsW2cP/eoLgG4+wr6uvrSlizzoHWh92yh/ssXsuwso51Fq3bOnRQGtizax5+i7bWhmzUSN/ZLffcbkdxbmA7alfSYex64iJ2+5+2D6cPMc69u9ppRwDICuo8KCMT+Fm4epYFCXQ6Xi5K2+EG+XM2fXr14OP4CrulPJmiNZNN8pi1VzHcx0uLuWWUlOOrygpqyR4zan20EOX2fgDx2IcAg94VgVNfpm23HDT/ViSV1oBR1AsX1FKULVK6lhv2zi8Wh7EqInFTfJOYpSEC4yBZrOXk9IUeyueL5lVKDR+a/c+cIEdPH6kdemCNY882wme8jgh/8+49C7OOyZ4VX5TW4syIB/L5R1/e8Ln5zlnncZ4dLfufKo4vPvxx56ym29/APfef2Kp3MZZocKPFNws47YOgXM9W08sU+sW65poCP/C+YXNbf26DcCgkn4AVw4mR1dGPhSIslpZN+Y6xwoUb/Uz39xSzLulnO9YAl6G/a3tnGel6VrGyJJq5bjHSrgsKmF964YVjTMk9Ui0usYnQzuvVzd3bof2lDGGLdIYrw3IchxxociMxUXWpX26Pf/UXMvJbgJ+nmhdiVjqwXnAd9RjfKhUFjTRQdYeCTMKAqLkyh95WZClPkqjP9BYqDWMEuX4fi+tIYyRokOGUfKMZCMfPJ8fWUAd2t8FE0Y/onUOSPKeuzCW0R7aolD8MTzrXB4RTfIFhXJon9okIVbBNmLAN06kTaZMoNlaexLyiIw5vl6x5mi8fJuAjEuUp/XGW8d9bqijvCc+k7bDq8gSF0NZ6dExhXeenz/kl3AlI5gfWi4Lp3haCXyCGTKHr0Hi7XAd1T7XmOCM8sItd6LxWltUpmQs7XlDvpKrZax6i8Pf98rhceBrFHy6DjH3tmb0OCjRbP3UJQ2XzEUjPFqMChXzIIsaz3QSeVwhO6P9EXRQVhMtfEETlihHGCcACQ5a6GTSFKC570w6C5skTFSdUtdau+bptnT2K/bp9Jk2ctQwF8giBkkl7kkKLlBJPuGfevpFu+zah6x0w4e82pFPZ2gTdXGmhnzbzdbYwMFH2FV/ONeOPvpQ125G72sSNibkZP7WJMFR7dQ5ascedzyC0QQrLIW5540MNN4bKjLthH264EJwHe4B+NSCdM4wfGuJ/70HIp6a7FOnTrd773+KAy1ft7we9JXFt5gACym024UgNVZjy2CpfQ3MZ0NbNI5BGFcehD0XNjKtdVaaLfpksb33/l/twHGj/YU1a9ba2HHHW2VyNvMYwcyxTu+rbMG2HtO4I9oTGARZ/hz/+NuqaRqRAT+2P9/wZ/vDFRf67bKyHXbGTy+xl1+cbh0H9EBQhkFCGeB4onZ7yVHZwj+uwTdFikwHf2Wti44U0EOvW0SCMWzXqoktnf+2vf76ZN/kTBNs0aIvrV+/3tYNjWoR2iiNtZgutdeDIqi1AEbtVnRKnQMlOMmKuRP3LTEbuS2zbeXCN+3ee/6Oi93PVSyby7fYMcefhWtauTVPqrJKiFsTzpxRua2bAc/p79pbbz5lh0wct0fzIMKpbcDnnF9cCQPwnvUf0c0WzPiE+fQG82m4a26TETD3JkXlPoYr1hlnnOr7qBYXbrPeLdLtvTceRJvZOoynOv0dyWkDcF69ep116XKyderTxIo406oJbhYaH1l5W2dn24rPZ9ucuc/boIED9qhcVakxJLOPw0P/fMZ+ftZV1nPEINvEwlgN053uh3LC5DPeGr8cDildNuclO+vs8+2uO2+1LM7RivqpovY8MRugkw8/MgkXm5/wWn8+C/jIyojw44J/hOnC7yV8lESLZG1Ry/VcOK/rlXyU0qxV3yO4o3vBKpvEXoWi1cttOdr2rjDoe9reKN8GGA1ZYndPqrsnH9ULI75bEp4MSdyBRnOocUgIUdaNj9io9XzA8RbDiNqZBhOsMaDFLHpynUtm/fCFjwVTe8+0N84VRcwJCVZ+MDZChIfyhz74wiqAqt++cAYLl4TMND9TNOCuZq3vq+Z+k3ilrV/4hl1y2R9RwF0Mw38W7lmLrU2vfDSYzdxaVy1hhfIFzUB3uQJfYlpk+Rbu+bqlmv0Re/0Q+FO1B0QviTHSmZFyYWmE53LzpCGuIVW2wC2EMtR+pRQWYh01oL3Q2xWZUVpnzlLLyiawk1emscczAo39dkWW3MK6lMx+0Fa4GWv9VAPQxGukxBDsKIRBgXlOa4EiEm15NfBrytmCGTDHGxYzFpLS/SgO+owawH936Wqdc5pYsYKQEKQgRjkahyqioCXBWOigaW2L2KF9cYVrqK+NNcvjCAEYCQ+yIlpH4CoZk+V4A7Bs52qtoWzQx1W4CW5r2ltevoa+gfOxvA60h8wBBI4DTZq1tSyOHFk740nyaIyFW+oV9VmRNet/DIq0LI6jLXRlTk7TDNu4eFniOXCxHvzvadmpO9kaAd/g6wW3VYTwibFMwaVXChrtCdqxgb5XIlS3a29ZGSgpGCeNlZR42oO6g2BdHikvJ5dzrzKh5TwLUA7NdoCrA1ihwb0Yrlo5ybtwmVS/5/OBETMJQsq4lI/SIOs6MBehLfA0OlhaMQNqsfDkEuV2zYKZ5NnKZygfvTeLTyvr1HewrVm0AqatpTXr2NJ24R3QNivZ1q9GON/xGXl68UFY9Dk6h+8C69ivABdPrBAUk8pavgtcqVr5Ac9E59S27pY5oi98WrFlVm9zi8ymhe8knvXmm/EB7mbU23KUdcpvgVWT8pir4gn8TN5NzO+2Xa15565WS6TBuCthYHLJUwG+1K5ivJOaWFaX1txjTgqfSc7bYcnfuUL4yPEwHHmQ3hqlAcxoU/Z1winapsWTeaZx7c9HDLtwh7Z0GEtAGNxCd1ZyaDsB09jfUrVGuByzJt1yKFslapVnzRYeYbGQSOcWISkAWU90Vl8WeK75UbhQNFf0qwOfVD7L+RRbs+7jiJWQZmWca5dCPTrYvEPzDFs9T+2YzWcYnww+K/lssBY9DrKypYIX0crpbwzlv7ysalcjRKXFrUk+ikzmuKa9RtYhAYh3rWU+E/U11qk1RySozQHL1N5k8GNnOYLfMtqEMJXVLCj9ynWWlQLhoRxtmtsiKB9UqN7mGwOrVa/keSrnhPaEkU94T4UcATa71iO4wRsldWF+Uq8CMFWU038soandMjm6qzV7AitQNGbZhlnrQC2Nh/CSdYrgMVmcI1jNWWp+dhrzUhEcXWiBX3f3dPXQO8m4i05CL5NE2/4fc+8BqGlVHWqvr5w2M2d6pwydgZEiSAcBsYANlIs9Jnqjxt80E43mpl2TXOM1/aZojBp7riUqxFiiAgqCCAqIEaQOdXqf07/yP8/a33vOGZB64//fd+Z83/u97y5rr7323qvttRXAlAucFxWIFPrga4y+6PlwCnViiFwZDDGRBWwZa4N5UstUKghpqG3tVUGnk2P+YrqEcYBSLK1VmZniqgv668B/pbBpDQYbwcOn5tmgyeP1EjJfVAUnzUIzyjd1Ai+VY296glw1hUnXWuidc3RhdL1gjlGZlxY8iyVNnk+H4t7ALhg8SU8DzKfFTascuFFY7BicBUugRwVI186/7nnrIhwqmHpkA4sP7qcLE+ee9ZZeOdYjfmhjB15WHGhgY/RIHaLK73K5zyfNdD5z8pvj4m9l3LPPh3iuAKTLgYOPyiVeOhFVykxxCmv8ufdM02UiJ9PTWBdseogh0GsAVrj0zT8+PvGpz+H6dRxCq2U/0avAr3lZJm0+fuJvgKl6/vOfHd+/4ea48+7b4647NqAV2hWHcWjoQQcdEEetXYtLwrpkQm1/cYcqOJjBxGPXLwEoPOxCQ/TBD7E4DZ/C+TeFGRIi/ySeghR/PLWrLPaPkReADSGvb/wYE8D9D2yMn9x+d1x19Q/i05/6AhnvZXE4Jw4/9oWxbTcaIdL0EzQg94DAnCSMDgBwV2DmUXVTnuRnmaQLdsoeFO4dadCAvTn7opdBgJMO75MZKW9Lv/uuhx9oys3BZc9hKduUVWlFc9IrmbQsH/zAigBdJYMoHWU9aP1hDA0G0Zsm87lBITy7Ts0O826WPIH7lQ2UEZB5UyNSXTMQ+KT6Jc2KHywYQ2j3rYczdapWC7t7NDI9WaaqKEvmd8xwQfIzl4+NsYd23zzpgcUTabDAzviaTj99M5P/Ue6sQ41Y9C2BFli4mofFe/70b+MjH/7bDA5U8PTEyqvS3n33eoS3X4vVh+H2QgTCFoxg/0KgzH5/FEAe8bjUWbKg7eowtungKbVZfMsMF+bY1pe09v8Tg3SmsiqvhefxFTKoTJo500CDC4aacef9e+K5578i/uTd70rhrQjlT7Ym66zF3j17OYT4kLgWpZOCqHNchnaXJvknPHRp1s/b/AYgm57t96tcpmMyRsDeTIS7V73jfcyUBg1x0Tc///I+c1aZHvt7VtJB9h7+6Z/9PVO3zE55UUJIu0pJ+ywMyRBJj7zPcea8Rf3uILcREpdossMgaceO1pvP/cvX4tpbNkBfAxlOPaF13qeMCgcudNZL06EbBALcQibc35D/fGYVlMuNdNV0oaS9aWlzIbRi6hUPgpcMvAuqUoUP+DNVFkSf60HgmWTOEeZJTSvl+89rgPmgBlMhTD7Rvb9ajC3HCJdZp8whZWk5Ff++c85xD2xGQAR3U+7v6F3Cbluc7xSUmu6HtR24aS5YzG8ZMoJlpUUIeDJKJuk8kmQJ62r/0iUZ3XMM4aqaDw0wYCTLJscJrDiQFbOLoLNtI902Cb00kuF35jn0tBMoF5rEPa49gptVcyV1ruaIgW2xlXO+jHyqlri0g/1pHNibzFi2geAahF0fOOwIyuBcvLRkgVvHD8rX7HrxZz/CnSw+dFX2k4G63Fetu+Wy456OpXY7jCGb7hPNfpT+nAR/er/o/jhJnj0ZZANX3b5jYu5AM7ajzB3F+lZDUOqnv3ewhu531GG04cjYDZNtVLZWd2eME+RMt7Veb1M6hFg6JedmGRwF38UIQvX6YmDBEpm0DMuPRtv2yuDPXz4v+rF0Ccskwme6l9NI2yktVeC7dOtG6FljDyKAr1y7HIHweeB4ir3zZV7vbxyYbdiNteihXViLkwAshveCR5mbUf4d+LQTKR/lMhFvrWH+4HOoF56ac7qWYYHTCjgFMzwEzrdvfyiWs5d53tD5tN/jahyfQ3gTPSfb56HazhWe5TdOXyG/x/4coK0MPsGYtJ8mRhhfMOmjCCd19gsedOz5MQl+9rLHyfHc3zyYPj8Ci+lkCoNGb3QOsK5hBOiBtUdm5NdJ9gGlkA8dJ3Zo1xBjb2jtQeAWhah8mwxjeUsZNAp8LTliBfhmtSZ4iGsjqI8R0ip0HnzcBRnkbVRYmGP6m4fEvMG1CFQTsQN4pAFpyIAh89auTnjH6atKEeh3Cg0I112ZY60pjnXGYgOhYYzXkwhOBx13BG1ADqZecT6n70SMWE2U11iKqVuBFVTgmV0jIMx4rDp6OYr8C4i4Sh/Rv9LnnP6nZ/qFRLKMocWMTyyR0NCAipO1KoVLHwAkbaG8gogsd9HBy/KX46msMwBGmqRDaH4BCv7m0ZzfRp/JA8lHe7j4wNEHSsqM7RJNtxTp+sK4xsI0fNSqxMW4ngsSae/KuQ7cLFyDMrm+hGiqjAfoyrlt4YEoiA8EVTuhC5RAg+Bpy2gnVh2/PAbaF8YuvcTIm2NCIUVvOXBaQuPvoQY6DtrM/tVK5J3IQzEn3FrIDHCSbobiwfEh8aO8iwk6nzaCBB45zqA1DAA5/yCwdEcRUvByyOiN1M25Mtkuy7e+nJvl2Xo0kMRhnbPanvyDrp5aDMFtyieubQmHoJQ1CFcOgicjLCv4Am96bUiy8gl1lArEaEi40zBV+jPD94tjhMfck7cIhQB5GyoHXYdok9E4O7o2KgQzR9ZQxHQUZq3fNuhCTx8X4ZP6hF2NmEoI8J4R/EnbJXK5Vrg61rYZIZF04p+6tOilayXt6NJHzbTAWDgIDMyiaRI1cV5+88cC08W9MJEAEDk5YVbfx0VM86VIzbwgHuS59gNpErmSpBJpYfxolOmdNAHIidPIWIc+/YD4m//1nrjkkgvz0MVcHJLJtZxe0Xw98qrgpY1MNMkMkEitc9E8n4/LgKG6q30EM8JhTgYgkzE869rnx/TzHjlN/zb6nIvo1776jfjSlz4WRxx7YWxiopduC3NO0j2aciUEG/DErtn1KJT9j3f/Veym3CaTRjJgEo2EggbaMeSBxHfd9VDcfe+9cddPHFwiHu0O3wcctTYGm09jUZyIzbsUOoRNgYNwsQjhDgL3dYkzB4sDoe4EScLEDemzQbyXcbE+aabFQCt716yHQABpcTBx6SqXnOzrHiot3fI8L6kfH+kxNtw64fTlmRmIM9CHZc9cZoSGBGS6jAomFnQ0HS0j0IhsYaLsNgxAaQVZfe7gkQlR8wGOHDQGXWCmz3RWqPbYPNU1c+eT8ksNiO6Nbo71IHBdo3LgWr51A+AkE0IeOGkW8KkLjbjs6Hf9Uy791id3o6EbZt+hTBQafg8iT21xWjcoOy8L7CGg9+TRvkyVOITOR2CCDls7FF/4l4/GhS98bvz8L7wKOBUipJ1Hu0p7ra+gr4uF6eMk3oIP/bGck8lkTBjyDmdSZcMfrZiHPS99ktDx5kayngks9Hn6gaNddf7JJs6M3YcV8ag/q1IzQTYeTSnAO6c0ELRdOG21msh7t7PAdJvx/r//nxn4wXdpvX3U0h/9heNl/oJ57Jc4/dETPYU3W7buRPOMEMPcr8iQfYZAAaRPrjTan2OHXIuJWPi233zzk8v/qKln6NE59c477o1rv3NHzFk+HLsRHsSL55up5PCMTxfyFgoN99TRGP6ziDGPeFXztE+TCWB8abnTjdj+azJmtaJ6fIfRLDO3AhWLp1EqOzWVOYxvC8sPvinD/s9Dtl0k8wXlO8Ezb9W0vCmgMV/kHj5dYyjfy9RqjrUQKui0OBjWc90c68KTl0wfYzvHKfB5iWfpeUYBQzmMaQOXuIdBF1DPV+UJwuA2UpqJXNbD3OTRLYI9TtoO9bvO6iEp7rTqNxBorW+izV4bhU3u1QjL4FizbdkCU6/QZ94ajOYYwVrGd7C/D/y5FulWmppc1t08q06rVW4ZsGFATz3jwJxHBAkD7WzDHDPr03bnA8ema78WGEeUlGlLnOdxceS2BaNccCDllnKl2zZzpn8byWu5doXvZej3cNh36SNwKW4RBurwEdtg5C2FpQrmvLiSWk/WR3upNGuvMZ47CAndKYRaYSGXHg1o5fJ9lk0+heW0DuDW5AHdY/YNMCec4po605JDuZada5e0i1Bgu/Ve2AV978Rl2He2znV9HEXBbt0EuS9zCW/glzoepWD/QEem3cJ8LMTm8d92hBXr9/eo/Q7IngVlWkXUEYTPvayxtrjiH7YRWMU22s+2LuEHZy2Y1o0j4A9Bzfb7osse60pzL7o2p3tkKctWjyHgjPCX7QBGy2twnptjt8W83GH/VIkcTZ8DI0XwLTXYCoQWcGhf+y77hC/TZ93Q1gR0pttX5tDaYFLr4VtYst5eXgWNURl3fuejrMs6tXQhhNCA9N5y3JpOvgA4PQMs+UjgSihg/BO7FCJsG4miWtXj9y4iq/pXihdP3gmYOOccVeaz7njP6wEc76G/d9vf4LgNHG4dk4fIuih/nGe97JTj05kLkIpwy2NhyYiIutAp5ChsAuMU9THVU0Rpt7Cb1oPT+Sq4ECESB0qSmsE8iCfgPAFQ5a9AM12x5U5qpuM7m2f50O/kTqx23svLU78VNMfrsUPZDO84+7ZGGt+lAmvRqrSMqcAqghRJVIRTSHfnJuZRLEEKQ3mANmUu3D+jcOZ5uwgz6W0h7PRTzTajCOmSvwvvlMYh5qVUNvfWA++7CFYJNWM01wZ5f9vRm2fr8HyO0a6KMRRwwbmbiSegSmMQ81XG8ZA/c3xrAcPjIY8aSDd9ikPI8yiA7DdpiYCNeiB0tBRi1IgdzDsIb0a6TDdHaLfMf7QlEciMxnph4KsuB58zGOlTlNK+6411aV5NhW6ONWi04/xNeUagrMOzpvBWRhRlWqxpyxySmg4bxbrkc+f2BNbO9KeAe+tcDJyspJCuzG1K8zn8eZ3DNTPkB4tYmkNZNDyboEx0lRAE6Ey6uV8gK6SKXACZhmBKk9CkNa0SEJ7IKABIZLyoLh7vRRsVK86O//Z7fxaXfu6DsXiJkSop3zwlW5X6Mb8zPSkqBsHfAyxW/nn5vCq3LAr5+HE/HGDVJfOn8LZ+/X3x8lf8eaw68vlsoh3PoBgGK1BgYNZHA2G4VgTjgvcq+2N+W4/pbbbm78u+cm3cepMT1zB/jjgY/7Rmgt9kyKmHg6EXrR6K/dfW0az1pfvBKBP0XjSYu9GIDbARVG1KhwFswdl+cdurKwna5kEYHnDrIO4wEKfII1UgHkFT1g8JaJomrfuYWgMKKLiOzWqfxTjNGdo4NTFm4rIutc0T0hMpBtA4Wo/9IzMzYZharpmiSn/lAwo1XaEYJnAZGJ4lQecNDAV9Yh1ZQhZCO5k8tBbmOUy8akHnSfzSnvDRsmQue7WSI2EoH5bl/qD5aOmK8GqlE5jQXYyk39I+8JiDl34guyUkXNwImkxmvY6QMutKOHv0b6sUPgO8tIqZkAJ6YyPzz8r4eLe5kZrzXBpL2OM5HgceeSbnLb2Ng2FPx/p8UOLo8YQWtXZuUr/uuuvi3f/j9+PIZ7wEhkoPgjlYmB8ENlv4ZADbN61tV2lQR3DTFdeJr+BRWrPsJ1d6ZuCjw2ZfXWRSG1v1DR2gINGcYtzcuyuu+e4H4+CD1XAqSNBfT/Gq5hhp7j/jEqUyieMwDWJLHCUNSfHAysjJ50+9LkorqH3qRUznLHOyFmmVbDJUwmr54kXB3HnG8xINYtKBAU98sRg5zj0CwPGrZUovjQauho6YScZVWtb17tBawgLruGqh5c1gSuJExo16p2RCOPdw9pX4WsRYxWVv0kO1e4xE1W6b70HJMmQd9h2mUCJWfdH78ratVrmOggtGQveaQr29/jAdzGmbM4iEw0ZrobG/LM/xrvClUJhzD2n6cNOxvelWJJPQU1woXHmGmS6bWoicNYnOQpnQlOMfvHV1geJNpxfi2iMLZODLIbPCDVzQoHW1dM1xTuGvA4Mdk5sTftf6pCFxLo6xkjGJwbgxzmHEGmjPU7FFsqkOWmXwJiNhn7WYl5qsLbpTTsGsJfNHOvHkZbvawNZJpovyEP5kGGViXF1ynXGtkqOlvDpR2mRiFRKEs8xz4E43PP41Fiwv+NbliitHF/ny3FFw6fmJBmIQb2kBEAbee5XVwXXA/hAPPPcV+JzywGHqS2bQ50kUlustNdOOBvtTO/S9DF3m46XruGmqq6or6QS8p0sqjHkHbXzyUSQuyS17JqN3BR9+019KMjnvWbd0wzc4KaPclOWfqV1Hy1XKLD95xk0dwbu+cEUKMx1p0mYLgSYv8j78SqGr97DA5I9eOuAofEVZFZPiaYNyWRoLLLd3VeWYM9P5DnjsmxrMcFpmEDZkcO0Ly5h9mc92+XgaSn5X6XJsgSetGFpVtdCEjLuuv0Rd5CHjCFqlT5PmKaV8V7WUsv1VwVq98XumXmmwBwFfQlulV+DQGiIPl/P8DmmSepNuZ8E9u+BZ95aaJdtOLNl5JppCp8y6fT8r7exbScMr+zFT8QDaz2OwernKuDLVI0tx/pHm/XKuY1QxHyg08lhaA8n2sDVkInki+XrnxaUHRYPxb1CWpCHHAsJXBm9DoZV71vTC0zXRuhk3Uk0XF8oa7oEKTeluab/TkI4WJcejQjzpkxZEIQodrzS4CBjw1T2Cwb7QuqQGkz1vSVsoUeCQoA1r4s8x2TMmJC8nGMDhvIyJNBVWCkDpmsh6Ia3k2BchnmOsp6BKuxx3lIcbsvDlMQIq9Nz/zT7eTo29+VjzEm/Czo1FZBnct7HEZXvxYnMvW/YReHXt8tJiavCRPJLBdmFtay9cgtDLuufapjnawmlPF547o3ECVx3FftejEhR+ob2UI7LixHi2JY82YA0sq5OdDbJFb8cNqyLfWV/i9bLySotiQQCYWiApLZFqIvI6oYHIjDLjAMt3ZCC/AzN9XNOsSLlkdVaQMFwEHDSjaA4OWTk/rr7y5vggmv/fevuvJNKy7S4ABX1W9oSu2ROoGZLo7YTe3xMq5KckKnvlYLbQHv7pX/wjKfbEQBOTNYFSGi6+wCnhZSNhyjL8qD+f1FW1txb777dfbKQzl85hAe6yl3CMDZ1pBWJw2B8knUIbpPvLKFEIcz+DkyaISxyAuykW2WSSJRguIfRf6Qj6hz6XAJtoKg0AIDU0cd2x76YwuafLlIxNlulAUpNAK8mTVyk2b6ebyjPL8lBecQAwlAfTRz8n88wgdal3Ic5zoxyUau6maaoUnWB6S8HTZVcPobPyzIlchrz8yj6mTcI3weJt4AQnLQ8Rd9IxraHGs6cS9l4D9qnbZ4dAnwpvYISitR4UvNnD4oi9oqTSglgtJFoDmyxknuHEqs7bo3p5uN3nqmBlqDHWWgrX8xjwXJb9ZK9k5Ixu2bsUxFDb8euweP/7PxHvec9vFyuuDXEMVAmnv2mTfQHN7sXy+54//RvSncS4pL/Fle2hXQXHj8w9XcwjbmzLTHrnGfvCjcG68RYhyDQsyLPSPaKYx3vQo+0uCxDOKHQWbeRZA4Hg/gc2x7Oefch02PJH0Njjlf0o7x9PGH6UbI94LN691LYnfhmz9pAWXJn2grMZHGbiJ/UhLp5UhkdNXMFqgrJvlVEM/OLa3032KqSVnzGRc9+sih33RkvzUd29E25gh95c2LVAT8GE5r44W89cYT8lQ+UiJ20SvdKxNdVjCJyH8kr08cF4zPHtd2pGC1wJG2UZmVItrYojrU05jzpHV4Uwdj0wPOkDIP3nOz9znoKRdBwYxISHua5lgBUZTZgS5xv39ykoKKRYr43N9c9v3teZE7WqKYTo7tkeL/gznZZDl9U6TJNHKGSAF9ze1SjLBMqwdz1nSEYGfKRVDKFYQaxNfa1xlWBYcLU4MW8pjFIpciECBt/CZZS8BlY663L8eQ5hOdicPoBxmER40o1VZrzLvTCnUJZWK/EtTq2/wg29QNlaE+ucR2Wb3Dfoul4wR4PsuxyP4pp8IpX132UnL9HkM+sQr1lH9dIUlkEduFvXESbtO62bM5dpSQMOPfrBQ+ENlpQMoo9ZV8qc2lPakC6LTFgUDBGEcDFV2dflaAAFmcLkZpEF3qysBxNfUDttgIEVT+LaPso0NqSXLn+Xj0JL9AGvGwSTcS1pKaiCX+GezpHKO/Fc8FvlFmD7KYPbps2IJzBxuhEm80qfJKNtw/Kv5HzEp7AniNwATMLF72I1FJQCaSbpZc5nibOCxapMcWB7SnH8kunE+ivTLvyuzmarLtM9/Cr1mKi8lZayj2F4uwTXS1JXmWLZKm4oMFOCv3Lz00p9eC0zv0tqPy2H78SHd1UfeI+SxDFd1VVl53firvr9KN9ZB+2weIhQzTH7XBRQpBnxXvr3UbLzmIz+t3/kVRQ4GFfVfDILpY8swg5h/HadA1JYwMtNGLyyWD647Jc0qEC31QP3d4n/rNc9Z7o29s5scx9b7iuTX+fsuZQJWJ/ggiiIOcL3FqoAJp+vkNKTG8StfJF8Zp4f7dxAn2aAEwU8sjnPq5jq6C0gL6j3A6AWhTsQ2i5h1ttJodNtWwhbXQQyBa1sC/mS5kjrfN3A9TLnLsZb0rAWdeByvJa1u+Aiy7YtwFUOGodPZF7VVTcDqST+nPOAg7ze1FPRh6Bonbrl67qpACtvTt12s+thng9K291L6xnCPEwBLYVYhU5pynlHwd7frpEpOFKZeCqVljp7eGJyzXxEoRQinvrfWwti4JggNVwCnklIAERJ8ADTMbRxUoCdLVGCEDvNeyckGiBCzZHaB9HqoLY8VASUxnepOhGs8Ef6DUQFOuLEo+Idv/WrGcL1ogsvyPKLRs1MT/1K4nrq2TOnRCbuvD70T5/jwOTr4qiTZKGYFAAAQABJREFU1xHRcRsWOS1MTDC0rixwIC4F43xklid9iSfH1w5cLuZAKFMdBk+L/Sc6vDuzZedYbOlA+9CFs87A09rkQPRKjaz9kX2WqfO5r10w7bectrCKpDtTCuAQEgu8dViK9FDuMus+9+VJ+Sy9Kzz0GpoMVBsUkSWImSQbfztRuEctYYC4y0CFYqSfvKCnfS7L8K9c0kSTwV6HodJNS+uelzC658NFpIVmR2vLhFHtfCldix/qbePCkGgrH77l6nVu3lvXXeQ/lhS2wyIZhPyTrkuSGXh8ngc18zYHri6eg+IPnJp5n4t8/M8xBgJsS9J4L900rVr8w7PuU87Mj9KPJubPL8b+VlyRjjr1AM4c+qc4//yz49nPOStpoggKM3kffnfppf8Wl33hk+ybfE5swe2kRCyE5lhE88r+fHiun/670MPD3kEbjpXUcGsJy/Kk6ad+Ja2RPYUCSShxR0/5jfV9CquEf3k9QZyWxP/ffQpqG9wIcy66zKu6ziQz/H8dzALkeOFbeJ3DmS88lJsVOJnoxJzJbBhjzwiT7hfI+YZx7p4mWpzJ/HAkZDMZu6lxBRFVdpVIujJrFStrjFpgx1fmYF6hLNYX16M60fGMHqmQknjM+q0W650aUxUHvcWzwM/YdQ1jY39a2GASKrotcyYF0C8NhMxkLmACdEFvMs8o7MiIuAZ28E6ocy5cm6h9guWs6j623Ocp88085Z6xnFfNQ5nCrKCWc7XrI3kyMIcMlMyG8xppZSadI5OeKTndhdy3geuc1jyFGnFk2spN1PZKOxlRmrldZZR1p3BoG2inytiCU8c3Qgj4rTFvOzeZVwEv50y/WeMVGhTSnK8aTfEGbKxzbp3T8up6noIECiT7JK1L0jT93HHvo/0jI0dL/SjzKTek8WzZbKDpgb3wEOJENMHIUm/uCWMcV7RSuhY2UoWwoesJeNBiX02LLQO+8wLK/LbWXHdYKA1xTzVYGbVYIsxjMcqjj0hbGGfypOmJdiSgQArsICHz8TLd5j3aQsGvzOHyX6S2XVSuASOBSOYqQeCDl9J33iFsU01aSsBhpu+9KRkzda7JyeAytlR7Og9rYVBJl2diJUyUm3mrema+Ew98SMu2oQZTnn7aMrRVniQsAd+3FNuea4sprSKvUo5WpeTv6DfZuexLhS3bKAebz/LrUT8ylbQm0vICrwjF6fJqUAhx7p9CjLTKRe37AplPH/9DmvHKNlOffJr0SiU4OC3jnm8UvqbogBuv0vd5m7+qu8f8thqjBYoVBQ7nJpQnpfqqnY9Sgk1zHONSmHkYUynE4UlSCiDBo17ZWzl2FKoSTSbvVVnV7KNSSrkzCIcWTl3+FKzSw4jIkOlNx/xVI+Kt1iTxnmPEvWYGMLGvnc+Z+1WCpLDCvJtbsmRcGRs5b9mfKK50H1VQcY7xbDX7uK5VzL5wPNHGGr/LRXtRWKUC3bLoK+FPl+IiHaVrbRA1Wff0epat/FJoJOcO5wQVAfCBWTdzr2fDKfApLKXQR73p7k/puj2m26jweSxB7s8v9RY3R+6hxZQDwFXWlGsOmFHYs+3OjwjPCq8ZCMaAIwk5sOgGKmMm3hzsjkffUW/Duk1ZjQMHW3aYH6W3fODrfMxToCyFOBnlY8+hkUnLzDyToDMHzLQCWFZoNRZIMbq/uKCikczJzYXFQcFbm10GvMIb5fJDf1jfZadaggNX87L7u3inB9kGzjo45NgXxEsuej4HUX47zjsPptP81pf/+fgZXzkRWdmsKzVDPeL4+CcujV9+8wdj3RlEhGKh6PPsD5PTueJBtBW8sZg9rJxZRf7UW7Pue8l09oRqsOdiU/qlpMxJmefOQfmEgZtaZHJNl5Vw2we9fgGmMomRCNz248Lj3hJN52oUHSw2yIiKCnTuS7CsJAe+vfbFTnnmpynbuBVJWxOcr1G6jtQWkLREuTxMFypdh6hLpsrJ0z0wJil76gqVlXwlu5RXakb4Q8veh9bU93X21o3DHGixEN9axLIvfEmWKriEiZ2w3a9R6oFJSKDzk9fAXV29R22Ev/EJLXaMM5ieQt+Wi4sRk5FIcYKtgljI7ExqymcEdLvQBYejzqYBiy3t4Jsy3KvVdmypei/Q7JO+Aufxvq0jhW+/+dfPAqKQtGP3CJvBj4v/551/GVcduzbPXkq3FLo44aLarJkGyox5qOlr3vCuWHrQGbFhGxM6kfE6Cvbglo6lrSDUbniCl2Xvm9wyEL7VoNEXbUJaa4GkcP5M7fXIXOX5zGdSZJU8HztH0NeWS5ml0l4CcJuLhLDvcz1+Pfsk/1n/EB9aFvroQ2kCWkomWrhzUvlZA/Aky3fS6fVuoXF+Q0fJuNOH/pum/YQfV0ksBmZpqNwZos9yrmGs0N4mexTcJzupexQuhKXs0oc5r/YEktyDkO7G0kzvwrKXeyOqccQ8pmtfrkPUrXKlNoRGmbmhuJJX65SopQ4UQQ3cdjqMcdMIVypYXCMVrGyarkNdtK7AmvTEgp3V9X7LyE/m0QWFObDtbYS6NsdL1OttghRIh+zrQ2DzaBt+5LgfIjpqA4ZNBdHYCFhjLm5xHpxKqQHOb9JrCYSQZywmPCaD+bNJQKU5w4zxPQ8y1RIIhLnGtVQrmkJrG4FkeDGBS+gjD7xuY3VT+HD+62t4pESx0NVxPa4PLgMm3JxgoAYXLSP4BP1k9EHGZZN9ujJFllmXoQFX/Q2YE9bs7VuAfzuImV+LhSvor4nNMQ6K6gIMPo3eiYEzm+lHCnfUoXBdG8SSxvrgkQfiUFxRGvUUnOiemExWT2kkJaWHhkKiNAMcXZTBg+BONG7fSmYDpBCFcNE8eAmnAaZnF0bnYjLw1yby5BABHvpjz4Now4FlaFGNKJlE0tRFTAAozC/f+S1p+NFwrWE8tnWX5BmzJUlg5ojIKV7V1Ynr7VvJNUGCgRrbQOAFKGWMOPhFWU4RPNEFVw/gKXC6ezvp2fPWgPdbRBdJ9pOTpU3CbFtVCM4h2mt7zrLYuRna5LiHOmc7LlqIh0xL5ZS1VJcAuwZYV5lVB4iW2GC8mEbYmXEp07WpPKvWDceKGQ2QkqWI2N7l73yZpZT7VCLAzKcCA7rK1AofibTM8IQ+DPKQ7q2UkYUoRFm3i25Vn33+OJcwQpaMGRPSBjq0d5JBtsdnljJnkJQIIO45HduKoILVswFdDRLoKZ1WppstDOAWWNhqmeSlomCIvk2wKGaUfXO6y+W6yG/L1iW4xqHkUyhxx8cQcEQJNQ/0GUDG+9LPkut0VfmUMUzfzJmDEmUYZRVCxiR7zibZLJfoII3phwYoLQVkxinv8r3ComWIJ+avwc4evB+hNllHMrvmu+XUYx/K5bel+d3JY2ZyrnSus3nJu7BnljGtrtsw/kU5Cg/PXJrzEsorNprF1LYHiW2IYORetz3b2K5kJFDqxi3ZPaFj7HvsbLs/x3ZN6yDzXwO8dpnr2XcEwauMA37mjKEmij1otTsXqxm0NLVrWxnHvC+tJ6kXY2Lu+GbWC+oEV2PjuD1Obc9zTPvqAEyzUohz7x08QY19qQADPhhgzBl7G8ujiXA91KB/TIxya4y+1HHJq75zIzimrxci2EqHtXkx0mZO86gajzTQDRxcFbmH/tBThvWmWPEYowpoWtMoq2BZpIJbqpre8yZtZWWOxZKuSl1e5ON9PjI9T+y1pmEuU0vHguHVG85l5JvEztaUaC6l4CTUsgjUdRVBKi8QAYBuGgBog5J5tUDyTzPjlCGBKH2L/PyT2dJ31sVBZlh3ABq+a7xD5KYL4tnPviS++u+fjuc952xLy4nMTv1ZXxWSqnqcQFO7yYOPffSzBIV4fxyN8LZlL8QA0+/ClF3Rm3DKZE0pLGRp0awKegLf1m3n5JWjFuImklgH96EpN4pL7NOTGbVqtiVHapTJVObOMgFbhoM3+wRiqnMAdbqJOBiSeMrE4IGa1qpLkYuYG/k7aHZT05qLvq9nICvCiZTus0deTQ6b7fRz9hVaCpaK0h4WhZLaKbQIh7o3ljKEl2cwMB6sWvAHbmdd5i3LkmlJDbOSeHLhgH4a4LqDtchySkha0ptgWhPIj4IcyoeGgazRh8sok0idw4q9KgjzR9U00npYcU4f0nepgSTiNSuAzIGB9O2OghvwOwn28Gu47G5XTmLmcoF0o6tlaUXsgCe1OgUXZu3NIjNZntBdYVQcxQiXwCyd7N27K1bAtNzxg6/Gxz/2zHjb23+9N/n3igRum1rGbsRHPvJJ3CNuJeLa2cUd171lWA7qRDMs7m6l/CcEkOVON8ubYlW1ze61FEdO8Km5422SWBZcIT9//NQPofB/6QO+tah4MedoAYCaE4+Gc485WBpYdMTHvtfj17Nv+p/tr2QC0jeeemCeVVyh6khGPtv7s63+SZZuf87Qqb+cW9z35sKpZSKtJrQhBwfv/e38nQI7CoEptK0NNqRrJdftzSMDfG8U0VYLzSyLavYZ86/9PIFQUpdhdK1gsbd+600CFhbpyYHIAy1XSanOf+Q3EEodmmsxttrsDS7ZHIFWQR7opwPsWtYcRym8sVa57yotNKyRWjscJ9bhv7Su6QaabCElAZNCnvOLMCR1cV/HlXrPxFDsXY8WGsEMjiWGDiA/dNqASdh2J48ywi57+A6BOeqwh49Isv0IbzvvzhbyXlzPiYXHFqXVzi2cs3Yrgm62oBkLDgZHaoCB2dltkj3Lm3/IOpt7p8dizqE70rVSa+DmO3i8C9wm3HzFZv6sZxVrFvuoj7YtzGPgU/fLPIuQudmzpuYSpXDLlpWY96fiac8aj3mcazbOIco3fd01hCh4h2Hl5FxB3V21OBKvivkETNhd0rYSykJ4isX8bYTTHmwREZZ+oMrEl+NXzbyMFwKge7sUnBzR4l0NdrqD0i9z5g7EtpvFZyPWnQNsw2xtIHT/D7/JI3IsOoKqx+lNGWr7DKFs6y3zY+HxQ/H0M/EsgNFbD+633tohXDyKPwShsgb0aEk6yDmD3/RtWWuLso7iCjzgBCNAbL+t1Pm0ZzWASzg6wAGt7Lcslqxke8MW9gkhzdqLg4Mc5fMT3sE+HX8Gwbzo59072/GTq2kjQsSiNU65MoBiFCF1iPQ/4veKHUTpRqg+hjD4CM4/+Q7pl7VjwaI6TDz3XFIdIOXl0KMbYtfd4FmFQV5YmlfsjDnzTOR82KPT8tKf+dR1O38kXXBroYwTaSJrAi/pvmkxVJR8hmXYkY96mdhSC56zLOis7hEAuqS5b45y8/1jljNTwXRt3OgFtWcHx3aoWMhWEGxqLU0nHoAh7bW8T2zfEKP/4XvmEGrqPwTSBA2jO3fEyAPiw3FhqQXWmW8inB9JJNG9BODJ8UoSrv6DHcPkyHmOsfxj8/kH4VPUPMo32qnHN+26nXLzTMMC9bwjGQ50S9aUVaJcBu5tN8uPO3DoA+S4eSugTZqQ1A9NbE/4ed1r4/CRjFMOnVbBOlDH4g8etv/HbD659OUw42EA4WWUMZFtpE7n23Eib47ftpFnFeyWnQDxzVmOa/FBau+KMS1Xzs+t0djzH8CIoocSAbAv5h7ZYLvKCLQ/FLu3Uc5G54M5/AH4kQugeZDh+XHMxVm7/atSmKsDzzeHM0rb8Iw7b6dfdjivlXmSRsWik5cxPU9xOgiKI2hQF0gms9h5i+7OlkFd+6GcWUIwrS0Q/AZpXdhQQGc/+9taTWu/L4vmcShtdk/F6APwIbZhiP2bhxGhc5Jjbwh00uAoEsfU2A3AnBcT2FrawdFEbbVUlk8bZo+35KF44pEGqeyCryvjwrrLlfMGOFUI9rw3151aeohJe17C/fiXJTYN3WlwCxm03FRH3mQiEsMU5aTHxD0zKBmoIl4oFOzUmMhssiikW4iLphK1VAkgKazxPgUI22s+s/PhfODm1Hwms0KH1Gw4UuwkEbdqaKUOeNrT4/znviw+/vG/i1e84iVoFJg8e5NFwvn47XyKKUQAoNJW/2Q8xohI9P4PfDx+49d/NY4+5eLYQthg2+8me5nFFGrIY9v8pPHQngNHXDy1y2kuGXsOJW3PRaDCT8W9CdyUCYN6FNxMl6Zl++ZhV+KevjJgRLq7wPyogc79YE4QgJqhss3nPfjPKG7T7eCheLAOE/Atw5OMce7x2rfCZH76oSuUA00G2hQBBZJGyCt0qTBwkoYA6mhP3DvgJfmq2fYMoprCQo/Z911e0o7V9ySCmT1s4BkaEw/WXceNJq0XwDxNy2bzH4NGBk2BK8+YUqvKKtlQLZZp8qv3IbSre+5OjA9+FWHB9vejOGJ/H/AqAGqpnMh9OQ6LOVjE6ZPEWSlKBcDsS1iEqMlE0WFR0TVsXI3Ow7vPNj/BK9uXWAR/fKfFzPHJtWELB1gfdV68/bf+IE4/4/Q4+eQTsCoiLKegSb+AvwHUltddd0P8wR+8Mw5dd05s3NONwYVo8+kP3XF1McPPqOD0EYA+BpC9JpSmrQV3MGf2LQ+SplDiGMjBlSq79jGKeuSrGYQZICPYb+h84p/0reXVkPFJOImLmfSPLOv//yeOMBnnVHphofIcMzW+Khv8/L/rKjTsyJUxzciraG21eilEDHgGH0yvbnrOKY6HnIPo6ykCmPjcUOcy+dk/NL1FgIIGi7lRchllOUrKoChjWQa6Cm5SFHnOu0lIlGH/o4Cinzvsi9DVxwU1yY/v3J/j/kg1o72yrUPrA6Ax8SHAEagj5y/HnYIQ54vpbt0BZgNcZETEtPKTnpQquFrQs7C47vXhmmbADJmUajnmVXh+7rqT+uO4X3SuarIPvh1f/wLLJhr5UYSbF/5SPRYsde5rxA+uHYo7b+X33E7svD/ilAvrcejTrK8TO7bMia9fiWDV7MRxJwzHuuM2AQYM5Z5GXPo3hNBH8NJiYzjwJVg3T3nbeAzCXI3uWRhXfhkLHnuKxqeWxQt+rhsLF6KU4mDiYn0hH5ur6n0wcsRh//bXYYmw9DVgMCbRrndpWwMGuL9B+PH7mnHG8/rivItasXiFVvuyDu5+SyOu+lJ/fO2D7Vi8bk/OgczE8db3N2LBEoLRGHIvL/qkRv92J4lu24lbvtsfn/jDiViyFmFLS5V9wryaB8CrWKY9AJk5S18KK9p39gtv3TQnnvmK8TjnpdQJLCr+nPN3/ko9vvX5enzzY+1YeAQ2MspViNt7dzNe98ejse7kPbAsWvKwXsDM3vq9vvjw77QQ4rRouSY6PxWlQdKX9JPzMxBk0Br6kUsLjxYXhbdzX92Msy/qxqIVEpNzMAcz/3IjrrisE1f873YsWVOsQfCJpK/HJW9vxgnnYG2ZL49AHqyJmx8kqvWnanHDlziu4bj5nHXK4ev1ydhJ+v/ytgbp9yIwy08hoiPobryvEV/8QC1uuwkhbhXsaVlKszhxNnduK7b+x4K46DfmxfGnbeA9ik7Q+c3PNuM7/4qwfRD9nIIBIDziEtu2hR5hfUjry3zcDLWOO8ZTScF7Bw94NOXjX2VUJ88HH5eWXcadFkmIMfve+qw3+/pxCix1mpK1FKuy8sGxJ9bj6BNV6g5C98249IOct7qf9If1GjPaSgSi095uBGys1oybb32lSXTRTqxZ3RenvFpLJXDRJdksIaGSBuP0gbtr8e1/jjj89Hqc+FpghQdqYSm94qscfbGbQHEL2EPJ2L7w17ZDm9JQN+6/K+IqxtLC5fXY+SDHor+8Hgce6lxeiy0P1ePrlyH7LGZ2Nwwt80yLMbhgaCrOfYdCIeszZHj7zfW44aou58Jlkejya/HiX2GXN3Tj3HL/nY349qWdmHf0IgTRbuzgyKzY3oizX9ONAw9DWYDwb/lbN3TiS1+Ejm/vxJJ1nRiZUrFEJNXRVqxZ1YiTXw4I4FBeoGAfmEDtlvv7OfeV9iCULTxaax+Cz4O74+yX1WP/g0w/EffeCT19ZzSWLG7Fti3D8Ywzm7H2qG0YlrGEQ7/XXDEQ63f3Y11jLhWh2fcUrpKZuXruqgNix10IYY3JuOCVEctXOUfgjQJtPngH9X+Sd4vHY+EhC7GC4QLOWITDiQt/tQEemDcZszdd0x+339kf5z0PhfUBKN1jPvvOIHZwglmQnsRSV8OttUME89be+MqlE3HkEe04/hdQOmJZi8Z84OTw+PsYcwiPWlxXLqzHGe8ADeC5QTtu+kE9fvzgYMzpEKiLYqX7GVplDEg4dpreTyiL6spV8rfQyuyLGSyfpeuqPEpvCZyd5oncN1OT5eJrgbl5lmzWpTaBm1It7wqcfIMQBQgWXlZgWoWE7eLlYqwVhwbJhLkoZJZqJPhMiCyKBjlwU/vCoM0ySZwMb29xdHocQwiUoTn4uJPj537uEg5W/qN4y1t+kaMBVlrSz1SQS1ggNBlcF4Q77rwn/oygDh/4wOdj7Qnnx0Mb8Wu1U6pGJTygAgJ1I6Zni2Vn8g2kgvvULvElJt0rIu7FbxLN7AkzEyX+shLqN00BjXuEXqOISYUufAYMyb16LlDud+TSRdKahDUnVx+WHuTbMiBK2+KfZZM8zz7joNQqZd7kB+lJ5zkxMs+53ywXYuso+HShVehtIMB0cTfR2ifMVduy6ocLvmS3X1xY3e+kxiv3syAw5V4X6C8tX5nZsirIrNfLhR8hDzwKU1pU6V8FFFhL3rM48a+6Eu8c5NltH51wuWCWImUGy/k2GbDA7qGdA9DDBAvRlFoqLmGRGSw/Mme55zProSqFQLfK6VfR18Eantohk5X0++by+aNfs2Evrkp0F+OvaJAx4qqh3f/UeP2b3hHnnrGOSYxFCDwgpoGXFq4nrfju9T9Cy3tG7GrNxa0W+BEmsNMn3nK/kvRiHzyVK5mw24CJiHYwJn1aLuikVBZgCQWLVbOfZOnCY2+JrYJvq1JobhNaGjtPwtx1rnqKoD9JgP7PklcwQk/9hHjOkdyPJrEQ9P9Z2T+T3ADsasZ/pxGVcE327eU+M37nHjH6Quu+9JT7Qfx28Xbxci7oEXprlGM6nC9tK+NU+s2yue8bBhfQTAcFjO7X5VI496IiuRkVfNQzyeb1tN6JPemV8rTmTCJwCaOMi8+cb4pCUOHFHQVlHiqKGfYxoLRwnlERUCeimtEl27hICnfuHaNeIxC6kb0fAUfFEBkSIj/tu36nFpQhBx2xJ867GEUI2vFtG/rim5/jWBtc9/asb8TpL+iLVQdjNUNI3PgA1vJrhjmaYUfsROg55tRGnPFCmSrcm2/rxlc+QANg1g+7IOK8VzCnWyVVqJD6/F/titXPaLJnepiAYINxzkv24DK4KXZumRc3fN0DwxsxctveOPW9k7G/lrJJ2g2D4xyhi1WzuTV2bRuM713O+VREzjVgSrqGM1c0W7sQmPrj9GfV4xVv3hxDuCl2YDgbMF1tGCW3Pr7o9ZS/e3Fc/ZlNsehwFSj9sRRmbOEy09A9udyI+8IkDyD8bFiP3yDKm2Y/eNTqZN9weTZSrhflV/Zjrg80dgAL1tabdsdZl0zEJb88hZAqEhTSEJ04g2n1cC0ueiNWrb0r4vprJmLFsu2x6ZZavPnP++IZ5xE8gbYarEnMteiD014AHUI/H/rtTixbh0WibwVurOwR7FmEEgR5FRENrvKbW10Tt9Mn57yyGRe/BffTIdYS+t+yNTSunt+Ol7xuS7CdKG74FlPrITjUA8cr3okAfIl8kNYI+QyEAdIfjAD+qrc2Yar740ebl8SKRaOx6bpN8erf7UNIZR4jrdXL3LaYzw8/fipe87aB+N3/yjqWdA6A0Kt46sfNb+tDtTgaIfHci3ZAByg5c2jVYv4SOgLrifgq2M4WzvpwraMcinNs5p/rrsp8C8lLZHj1SkjclCf7flY1FNgMsFGDHzHohd4XNiiDO/At3NU6VuXat6yf9gtYaXu/Uca3duPIY2rx7JfD2xCRuUQi7I/L/hbcH7c3Ru/hoPTT+uPcl+IyONyJ7Zv64obLEa5ub8d+p9TiWRcbbZt+QZgWN15ObX24LP7w6qH49qdQCMBKnfkiDDZz4QHaTU6KasZXP4AF73CsqUc343mvhJsYwE2Zqen2Gwfjqn+mrjXEMNnVjXNfEnHQWgVVDtS5aii+/iFceBnLe/XYxuLsuYhbr90QR/0+88VRhTYOW9cfN1xai+E1ndhwYy3OflUjXvBaziHrU4mPgPqPADqCQoMIspuu78axz6nHi/9rJ1YfxJjtp4weItsthJHnN+K6f2/G5/8Si/PJS+XAorNxI3NGPc69eAoceqSF/UCjyWdXT0Enz35FLb7xLwvi8i/PiZUHbI3ROzpx4jMbccxpejzV4/uX1+I7n8ZajkflqiW745JfbMXSldBLc3PccfNgfOqPdsU8rIRt3HZ1Y3eOdM7UhXJe35bYcc3OuOBNrTjzhWOpiFGIruiqPdmMs17SiK9+rBXXXTYSi88YjpE6yiR4yme+eIL0k8zrfYGnadz+7ZE46VntOOoZWNFwpXZMd/GKkn5pTeLd+Veh9cc3kGd7X5z0nFYML2RdqO2NYSz6H/xtXJ9PRmD/XsRz/7gRZ1GHNLB3Z4N5kXVnB14jjPM2BCK1zlzOoyKN8/t2b8g3noE93QEzCXPt0E2+tuNByihwzXr9hG/l3pCCi+AFtdNQRzQDSuBAsn8VIkWAmFAIEBO5eVZXFpvhviwvB6AuVyxwTr5OKpVlSBymwEga7wXbkKMyubnYwmxlVCVxAGAiY5LJeBvneRxx4ovjT/7kY/HPl34r/va9b49zz30mfsIwgFzWwf+sJwvOp0/uI7uhV459YN3+7di+M778lW/Ea17zxxTYF0eecHw8tN2Fqdd1pHWqq0shOdsplszq1GoGnP3M1yQvV5V2+kG2p3rrty4jfuZF95RAKcLoDENtiWOZ3x4edONxsZHqsthe2cLiAxuYZZrfvwoG7/htkuw7+rl3ZRZoIvveHEzmXW36Olh7lRGSt+JtISHn21jRumh+ptSMs8CrPc980I/lpeYX7U1tiM2fHRkx6xM2Dt1MwfAA+DHbXq6c2BUgYA4V+NTOpDbdszxsgvDZFjUeXtYBfvLisSX7RLx5NlIbZs2zptIVK1+y56OXKlPmswNiwTwsRJRdcluEZZIS5q6p74wXrztIYm201rY/F1Mezx3y/erp/Ca1WIV8/KO4YQLlvowI39oQ0vDcK8shg+/Lm3xY0id8max8kCAZXgQyD/9lswYWAdyQaGMLE/0IvviLceO4b3sn3v8PXyOPnKU4r+iLxWv5YvaPDBHO3nPphku5ftK/kwRKAKDst2lYfGVbaHP2QSYt7anS+L6MJwtSgDYwApYZrHr2o9Hk2vqlE4WymsqqdluvzSxWgoIHSxEZhX7ypS/QojkHyRQ5B1Eef5XCon8B1r10jTFzuYRPmBPOHi6zrqoPckz33lfPyCNTUDICG7c2P1P5OKH1t0+yhukn5fdMmqqNJXJcL0+PtpKSdSfG8qESKSOalooKvrPUgtfe44Ql681qeQecWadAPhwWM+XjXht6Ge2nXtKsxyRVwdPt9FleVuQfl9lI0PC4EhZl6/XwZvHhPhO4DfoCSwjKDQU7LWxa7cyfeLAM8vsvYTBnqdw3WPMRplAcJnOMEGfY+y60w+AlB5eJPUJjB4EoFiJcaS0WqCTKAqN04c/pJtqgZEY7HG2AxwCKICNHZuTGTAQsMNZ8Clq6Rno0AQ8pB0hts/9MS1sn2YPLjQ+tOS9uc3xH4FKONnoKrxI1wmqxK32pCXEeMJJ2ClQdXyxl7PU5NtUWs8eJd9ZTgvDwHDrRqsnQyXmw2d+JM1/ciB9et4CjbRBecUv0qAQtBFOT7CPR9R7XzrrR4+ai6ec8uinfqTwjndY32+KemVGETcOO5zozuYs9cEtxOd3DVMWYeqg/nvn8vhiEeZ0ca2IxGoy7fzw/nnbKzhheNEEQ0PE45bn9CHAItEx9Ex1dYRnfCKIT443YtNl6nD+hB9rZB4O5BWHWxAYTAWLeF5w3DD5gWizrHpzexjrbZf8JtomEE6zFWRciNGGpnJqox8b19bgbt7HjzsQagbAyOG8yzjq/Hdd/vhF7ERSPf15fHHUKDsmgb+/OvrjpKqxnWEqOPZ19LsNtrFtYOp7VjJt/2IqF+8MUKhmDc+HhgwshFwKqaMjvsjzBGMPQ94PzSSx9G+9fEHffMhXHn9WKOQv4m9+F4UdQwAJqfx38DKwdz6U/sOS5D233tnqMwNwvXQX+EQjnL2kjBDTiR2/YEq1jWhww3ZeWOgOWTGExvfOmfiyuWJrOUIDAWnFAKy75hf747J9NxZKj6xxkPZRWjT72EsWO/njJG6dwLfX4ntLHkDT5skGlWTZt1mXvZCMZZ4WPoBxxgMK+zT6iHJ/yiOUp/QhOHAM9NPGVV1WD+wTz3opN5/rM3FbGvTMElNdbX3tZLWqfq6prn4eOXXkgy5RO5i6HVujfKfA2a1w88yWduPEaaG8H6ZAd2tD6JEJJH38KJ45tl0CF+vxtaYyJDvSY7yi6hQA3MWo9tbj+37pxwWvrsd+hpd4V+/lNAXfsiiNQmDRYy9x7KZs8fwnuwQc1YzcWuqFDGjG8gHmCfVYKXnfebMXMk/SpDe7gweNzrys+14yXv5WDz5krVq1pxbN+biAup14TnvJsVkkUIFrP7/qPenzpfRzIfUI9Nnx/Ik67uB4v/1WEOaxSsoBe0qT69zrWtUXLO/G813R43x8ff9feWH4SSh3bLp/m3CS9g4cOngC2XcFVOlq2Xyde/LoRptehuPnW0u4W84onkpA75y9h2/HjerzzY3gCUI/jbPP6wXj3q+mjNfygr5I/QZshvdQQKOd2d8UO3EFf+hsj8dxXIvhwUHlRlFOHANi3KIj2P3QyXvmbWihr8f3v74z5K4FzJ0Ia9btf1PlRN3x+0U9N5jC8PHhWayCi8ic9d8hrAEDrGB9BYY5V9cGbpuImPBpOfyEKRtp95IndWLaWeW2bh9E3Yu0zHNPgDjhu+AZ9dg24OLbD+YDSrb1nn1B871/+tm0qAv3H2lelyYR+OB5sF+/ASJaQBq3pBE/8pmloULGfk1RWCWOuC4EMpLD5Z138K2mk5sRMeQcTlsJer04nNdSkpAUwJ0AzJ4NIPq5ctLLlIpUHNoZF3fT+TInZdA5MB2gCgBl1+1gcfOyRsW1kPF74wufFq179pnj9L7wyTnjG8WzkJTKYmU1Np1cMQWEEyvOf9pmD01ZlZr9ZQHrlbN26I66++tr4i7/+WFx15WVxwNHnZLqHOFurWQkKvULNUuqkbkcthSSB+h6NsJ2frmr8fCRMvQpN27tmp1FwwAAun1IYHkdlQTKpJQTLZDGEWS110gGsKol7mUHapNtPi8mh6SZUmCa1zArZEpYbZqv6ZvAGHhQCp33mqUnfDJHDX1oW+TYQTXZawm3Hl0sXyJu/90V+PJ2/Dfyt589LIS1HfP567I8TeP3D2E5Am5k6zAFdoKUC0fmXVlDhSGZVejEJv7nKnjJu6Gj71vYVwZTJz4hWXG0YslqHjalYmbwoffpqOwPF/XHjd++ffvbIGwSlOJQ/XEoCN5A8o4+vh117OYR19lUN4Fa6c1IrsGXgmSFxJJpLWyq6yWf5Jl9Wd/ld9V9a/HIhBG6+++ayD0VruU2DWfBMvzEm6gF2eS88bHX2fzPDibN5H7pyjI/T5+PjrD6MXYXcpgxsMuKQIJaV6BTLRlovE5SC6wJIfmY53lVvilWU3wkb5EnwggaLowv55B61pADYE1h7XQf45uavV4iw7XPlq9773qsMisFAcaZKRVBvLGotzSmtxl7HHgwVzmZVMV38dF29cstX74dQ5S0fvUfTv6dLKDfT5fSeP+J3ydhrZiksLeGbcHVaqFIInCMQJT0jUBec2LUVlZY8VTFV9dPwJIg9ICtgK1iqTL3X+fXwZ9Xv6TzeVOWJB+dLf0tgYN1bniW8MJvSiCPOwEKON11nSwAm5nr7vGSzIHss3Wil1+kgI726cp5CW5vj2EpsPvRR8CnTX4rq4JIX21AyDLMeTOf1JYwxc18X84/zYHK9Vo5goDCpN4nzpcyFQqYw264iwCiwAR9rXtmnKv5dG51/bDV/jjEEVAMHFCT0vnwJU5BBdQiYUKsjfNQYP7lwgxfggqcQwOxbUZeabx9Rp/jKxqakwB2LJ2IQz1izN4o85wrSwaC0cI2bv6gVL33TQLz3F9D4H8h+dIQn66Ko7BbnPs+BixGiYPJcZUed9emaLzfjB1fhcLTAfmCHyBhuWHvwInD8IDhpLWkyf+xmT96Bx2HJOGAKAQqGj3L/+X1z4iffbMZFvzYnzn+N2nssBbj4kRkXIoTuJuYK4K3DWI+Pzonfe+kCfjtPOrf6R7+vxjrEfsCRPVgA8EQYQthKqyh8g/AIag1Bz37PIAzcbsM4dzCucisOwM0Vhllh8rP/a17c+h326fxmXzznFfYlLoTzsVzTzpH1CHavYx/PHNYTGPjrv1GL//0nrkWD8fN/PD8OOZqAMQjVQwugM4KKdBahCMDClWHOSZUX/TC99EIvaUkFnYec1Izl+yv8doBjID7z17g0Xj0eE2/Hnevl0j/ubqKBvtr+k26c91sIjjDYdsw23Oje/WswnPcsivPfOB4veh3BZmjffod24rDTxuLOa7vxgl/qJxgNHgsId1twAf2rNxe8/fr7+9nKAe2C7oXLJCRwyd7iLkcaDbe2x+Yf7IrXvquOxUcLhW50MvLAXUDxM+k3b/JebkCeQgEBpREWZb2qWrs2pOvbEhR70lJ2SpXpMb6z73xvNBnHu4p9apTXw/xGkA75RNyPs4zymbc/5cOxsmXPJN4qjk6y2xEGuYHXUFpLfpE9S2zSZGpw/JIOunFcLFgyFS97c3/8+RsQSA7mOe9dXvx2zGWDsmO55XkDBn9kdzO+8A+cp4tF2HnX9Fu34HJ6VCt23tqIzeyVO4A9kzZr6f72hxcuhYfp3UMxCFeuayoSnn5yoNCoxVkvq2G14x114miA2yv9dQDKHJrgHEfkJlx967H0mHpc9Zl2nIai5LBjxVknTnp2Oy7/eC1OvYh6j6C9dHobYe+6f2c89Y+Sj/3D+zXjha9TOGO9o/7R3X3xo2sbsfFeBEmWkbUnYZk+iDFKL59+wWSsv60dV+F6Gaw1iQtbwLge2dkfl36on8AjnVi5BosfFqg5BCmaOzweJ5+9OW7E9da2Jo7Bi1dRZNTiDe+tsf1C5Q97xxCkPvP3NHYxVsu5BPJhPCX95NyDhbjeZp6ZE8ddMBTnXMRA4pKWt2/uj9uuZ+sNiJmP6/W6k9kVSNoFuGde/Casfa9F5jD2BCZOLdE5Z9JBXejbDvzyp7px9deWcGbtUBxzzM549st2wrsgQ9w9EJ/4i3oGClJxtR7rdN+6efHFjxOp+5SpWLiUOhC4L3hFMz7232vx3N/FELEsOyd2ba3HpR+l/45gnkIg7jWbb+4kAnswv7l1fc6G9vo13wqZN1B/rmWsj46DUoJvntKVUSgdrF5JRIlcf/SI0kWY99V+owSsB3De8z7zp/RbynChSO2vg0iAmfyzPbazd5W2OphLWyHl6QY6AM3jJaNrKpW1m/bizw+lHH7Ci+JTn7yJv3+Ic897Zbzm1S9gT8+JcdCaA2IefvES4xO5SrJeWhiDnUj0d99zf1z3Pc6h++g32IvwT6i3zsFN4Tmxbfc4LoFM0gCihsCW+t+6ym9rBNZc3MEkbS9MOpMiTMHo6BgTPFYfhILZ8FlSdVVQ5zM+DHM8wr47tSMO4tSG0T8Jt3vrnFUou+b+LWDKUMY8yz0lJkpGz0EDqcCktDoEAMg9YCxcHAORwrJ9g8ZcLJsvmWzKykApFWDZLrLQfoObSA+pzc1OLFBLitU1f3iYPYsfpiyZ6UqjKnbKJZ0l4VcZpp+XNL6t1wZYdMZjzZo106kyj8dX7IQRWsbBh+JYPPFnmUgr/C50IzOmfsPneaQAeJvEJUeBL+GQ5s3Mn8877Jt7+LVkyaL40Ic+EkNY2ab7PHPL/Dg+ygBUK5ELiq2iSNQvfvBnF7GZncOZDzv8yPydH6aREcV63RpBY0RyJ2THTUVL5mlh4XSfWhmfZipXhcfqt/2ie+MoFrYSYQrXQVyxakPLKBi6oS4tFu5zdCHUqj2F0sZNtjXCbbdRo5X6oWXeJ31BJ+4hc5+SE34KRw1d+vrivo3bYhebieeyWTnLAXKbY9uz+QBWxq03kib767A2jjEGtEbCqbNY0S6+GwiFah5LzpVo0xA0GSMTCJHFRbmUaJsrupmuo6oNmPson6MQuQhkY50qmbh0fZNWGyg5PCdxbIxgDmxCaSmcJyJLyZk4H1g6rxzXll9+lte9+mbnKAl4kkjrJQaeXuHTVeSb6bIomfTOjT1qZG5hkzs0OG5YssXsuxpg3LABemLXZjSg7BNlnI9zlMgkfTWJc35WZ+n+p9yq6GnY8rm/vLIleTf7/XSm6k0Sbymv5MoXpQ3lNrNYV4Nx5J7gxKNWMOD3ahsCGobKfab2rXNAi+iGCtFettf9t9J0NQ9WUHp+nHsh3VPWNfQyaQpdkpH5q4a7dTYcwSLnp7TSl7ZZBiwnzCJ/jnHnzCxY2mTOJGKt0V7dJ9uZwgoI7TcNmw2d13EbMlCHB/am0JL1kh3m0P1sJaiShTFCKTvHuh1gFY4tgnCZpkUbk+54V5RHwAFOc94eQRBUwATKclWMZik3F38HkRiifjczdaccF0v5zdzQBa/kFX9l3intyxzcGs5fZvXQdTvjJW8dji/8Je1j71epr3xn8TIPy5AmagpR0h8M05ZFceuV1qVSS/hgPNegwaddNQK/qBys6/nAgdH9w634weXsyxxYzBgdiN0waXGQs6HWUaFn7chxiIs6FnwZueQHEg8R5/x8Exe3ASx1EzDJHRjQWtxyOeP3cOidCNi72Z+3m/00KaSK4ISwJ7Tyy2uBe4ioQ+H3evI2UTaOjxEhjv0tUWf/Noxijiz6oa3mJi/colaaFgZ1Vx1XqG6sw9p2+Lq58dA98+KjvyujPBZzD2nF4EF6/lAz+dMLSZyIqGygPUCZ7N2va20m+ierO9p5js9gjh3d241d8BHiMfEA0nMmgaGu+mL1wc6n/o6491awfk87Dj5PN7xanH5+PVbi+kZAUvZK9SPATcW2ze245kusZoylLQ9CEbjWbSWfuPWyJIZU3qloGELJtvm20Tj9pbqLeuZqOzbdN4irH3vDTsKlnIjKhY7AIW2yWfa5XyrY8x0PO5zDZbChQcbUzk0juBlebsKncJ1CHsf/D55C3llZVp4Vw/P62VfFeHCMqlxQEesGU8Z4KlBIrlBYmoTA6rgAN4cf144X/3IfrpRYtY6SJgruCvbAoIOjN6ZFqNat73xWQvZPDJOePXKLVuvuuyfuua2Gpdd1lX2Ti6FXAoMEgWt0G7QsaUfBnWkmDjiMLORftUaLs+7YsDAEWbn7usFYfBrRE/EaKNuKKMehL62gxLj6smYcSGAQ94kecEQrDjtjME7EPXAQl1/ngDt/NC+u/OTC2O/UyXjwuwip76jHslXyDShhGJef/utmfO8y4feyDbX4nU/1USbzL9b0M1/QjKs+TZ2UX9BRqELr4+1YoXchvH7vMob90r4460VYTBlwy/YDD/K4gtC7RNs43XDmJXUsxQhvtFsvgq9+si9u+XdcKY8l8Muo850Z/BD3bNzAQr/nJwNx5tvruLPinYB1bNeWZvzFbzZiy63ycc5Fkf12+vMZRcBlv59xXiO+82XG8/75Oj9yjFk2oN1zPzzOXcyXD+6KA1f7xjqLxfLO79D/BzEv7MXFdcXCGF66JLZ/a0fccg3W+gvtu24cjdUNpKTgWDwQ63Hjd5bGnvt2x5JjmD/GsyGzK886Oig8IByiU25PUiptLckyh812bWMerWE67PYskYmOhxU5U/hj30HeLgqlN5J+GbDWk20WGzRIKbdUUhCaRJ2jnpR+e/RARfwkLEw0yM6CyqtSYO/BNEx2iHW7mFu2zKYvhYpPG8UDmR0nGvctTTF4H9wxFivXgvyhC+OKWx6IK17/GhKuihdfdH6ceebT48jDD4+DDlqT0XBkwmVuLUrNtYyQjNMEC+SObTtjL0zvXXfcFXfccU9889t3xje/eocpY3DtfAS3F8Wu0XZsRngzfzJ1BUBB9ElpnF/8El6nQfFp28dhtOYvZD/BjzfG69/w9mLN2AcF5vLyoX/ld84l/oTip5ikf3wfJuPFQ0YaZoIlDW1IJoI0dTaZGyWN/brFxcR9JvyTaagWscJMKxyoqcVlVesafZsMFANNZig1tQ5M+yDpoYJNqOxTlmEijnoAreV3WgYigOl52KXmdMmSxbicvvJhb576zyJU9IaozP8w7lMJY4V3YAUXVf8IQxP3jyYBSqSrjq4fuP8VrbNJbQEXH1O4X/o7FwAeiXYv6WT16pXx+tf/fHnwn/ApXNKgdRQ3PGGmH1JZkhQf26aY1fY7O/7oPX8TH/7oZekyUIAFyhb7URiLCqz7XNIkdKFy4IYf3R/9q+fHKBxIHZ/uPqPManGFHjyY3f154sl+zAPbyZuWB/ewUqiBjBpEr2sZPSkrYdxBF1pRJmGKB+AstjN23vjGt8ZcDsds5/l9CGbZDgnUUmDom2jfnT9wa+xyJpZ7QkZQwKAyj90j0CDuannelhZQ8u4aYz/QIcfGO9757liwYDHCmHODngEIK4RtZyRkuXCU3MPAEUwFdbNEzz3R5GDO70FD2rd2TezAv9022ZuC0yI61zyEtls3jccb3/IuoEODBz4gaOCGQQWhqXBKBPCc/mDpJ7dlG0lRhldk+FHa2O0yztwjhFtcwoTCoYxJ5krCN+s2RAMEgW/gqIMP9gMVmFwMyzljUrVXNb9NtObhsssZXAiiOUbxA+mAu74ltfjV3/gDhE+UQElHMMyeAUYdNQRUccyP/KfQ0wW2BnWmm2GX9ib8KFRECDSUYyphA4J8Bi4aaNgFRqUO5dp2FT2WWy4zgBc2eztdd6Z2x40/Xh99+y2OUfc2pCalKA+Eqw2teeX8w2+jHzYG2NyNYsBAJ8mEUbbWL+HKQ7XNxxyW7TKzKIQ+FIw6HBBcZwHUg4BMvTY5Z5mOhIOLYKzBse98RqNttwFg8tBs1o+y7w48sfdUq5l73RS+dFU1AmUJumXZ5OVfnWBFzWH2Q9GHU7qPiSsuqSuFOfqiNb4b+sMlWCFVOPhzVXWOcr8xDSM17tk1rU/Si/O3igaUKAPQ1ir6MS332SGgHAFgM+NxOeOKMIW12jBNwuQEzsu8Rx3c+efcpZ5uZE8fc14bDX8bxmw8vs1eFeJcUhdlkVQvDY9d6eyC2d3Cn/TP3C+tHHXiZCz+fRhFxn2djfp33ELghSuXxMLFuLpSi3NLB+FhoNaK9ZtbcecfSceYEqh7vzPBxPqIY04iOly6KrHvimAJsH2gl/XaPgBnbZjSoXlTcfEbNmKhQ8DXPQ2GcN3JBOHA3epbn6YPVnfj1FOn4qg3oTLCvFcdXWM9DqcmLk/33jYYl39rIYFCRuKBh3bHJ95FVdkbo7HyBPCM1HT0KbhoJy02Ytsm34sr3S7V2E8iZPXFsy9uxLFn4kLflEZ3xPmvasY3PtMfX/mHqVh8JEKV8lx2pfCznpcOF5FMD2K94GSI8Xg/QtXH/xB8moG6VhxbaHLtM0Ad1hyfF5yITSKMDsE0Mwe1W+x32mBaAsfs2Mi31k/HETSJNW8h0SUt7wb2NX338/maDywhh0YsOaoea9YWQVb31433mxaYYAw7RAiM8X7c/IiGOa+F4qwEOnnWf7ER0qWfM1fOW57xxTzveV+ZgNcepDwX5dH2jWPx/HPXxqte9jbwJT5m8j7yjpdZgenEEz+ZLJJOXeccH0/yci6aQJn5Nx++LG649UHmR5SxNgXlSnHPZLQJFPNEXvJI1Fyn00YInKHQNDhniv1SDQJXaNmZaUDCZyZuEl77F7rsG+wQ7Ia5CCuXEWRVBFzxlXpsmmJMHTwSd93SjrG9zZiH1XsBQUgOfRr9spAoiIssm71quA4uov8WLp2M/Q7DUsh4Wb6G/a9w3Ja/8V4VxsyzekIJeqIFqmK8jNO4ZYdHXPP5Vu6NXXs8AhfW14sZF0tXydfhij7WR+AS6H34ARStSZxxyDpokHnKEPw/+UER3g5EdjZq5hza89CN7IO9fB5WwgcZ5+1YynhbdRxnL98FfaeyH5B61waPwtjgOF+AddmtDrhfsw7t2gaOHYy9y74pFuYG1r8p6nZtacb1Xx+Mr/1jK5YfjxO4SzV9kutMUgKZnU9ROBklctWB7s10L24Nt+a+FN72P5kxqNDHOL7sI33xr19ajPcr6wIeQgPgeQBlTE8nOE3LiUJKnDsHLwBcorc9iMKGOai6asoppF7ENDzBHtqpqT1EhsXFFQv1P3+QIFOn9sWSFfDsHP3x1n8s1jfXtC0b2cP3yWbMRfA34NR0hVXB9F+uF+DQKO/lqqCpEpmPed+1Tk+NNHj10jw8aZXlCXwTxMSB75hzyeFCa+ZhmEgOhLYE8yC6UJdvyyRhspmrDE66kUcFEpmzYIE0a8dFnAU3BTRfS61I6JnUe1clqVemw9eWAhG7RyinSYiG0ZNpZLp4gzYdP306cpR9FEsWzolF+70ITXAnLrv09rjsi1+hhDIZsqU0Lrp4HWu6SK0TQYtFjX1BDuztO0fi3798E88f4s/JdwUL6bo47FSkY4DYsRstllEmPVuIS7iqK1uZMDsYyxuGQLZN4ahG2HInw9y0j4ZoDyFs/+2yn5BdgvXKVva+8wEfiZzet8/8XXA6/2BdF8rE6Z4v3/jHqAA8F39KpGjvkzkinzhMnCeOGVQFm/Qt7ckBCAy8SzcncF9gyqIoiMJ8nQVTFsyxC6Nn99hXttlQ3pbFr8zUsJ+4Zty78ud/yodt98ogGjIeHE7tQphtylfc8a2gIgMmg99AWBHuMikjxBlOlo7NdJlTuEu5vSZYxTT81Z63fPif9FHhpoFGs963kMrQ+AuD3LB9wLf7hRYOsln2Zmj4DmCUdu3DrQjLE4ylaRqyz/wT7/6VfhhcsxRGCQsTlhCZ1sqVMHGlgN7DpZEzqwXLkO0TTCqFxpgHYGz7cPlyodCdLcOqCyOwtVHvDQHyN76houMu/ira8dux4oSpNh/hij5KhjVhK3DO25/9dYaOxwKXTHmO7RIlS+/Ry3+IK8VW2k6UJ5muUoaMLDS4YhUw0E6YSaII8YpnVodVLXFwxMpYxOKl0l1andLiyhtdQBWYEZvi3669G+U+eau5zNDLS5aQvYfDTSolKI9oa4YVDlw8Yy54xxqezvDi2ucPbqZgS+f9HBboBawKosBi2DdLrGpuBK70SywBdoULL+CJTQ9x47xDmgXUZf/vgWuk/+anaxHjl/GVoYhJBZTx9W/fQ3XMyeJ15cqCB1uoe/MWyxMAYfLPe+uzjkoI87kA+s4ShQ2BIvtKHIpv3q+gbFXHu6BPNmOXdvCV6UmzajXJ+KaYPqz//Qja/s5oW9YNLlUW5b5m8ziXO3+oaKJfrDVdKqVF3tWwunn4t107hTW2uFu6rpiSNJTVTeabvoWmc7zYlLyo12ReMnBa4MgHP5C5c68pZWSgHNMIm9VyCx/FvAm9W5bWuYbKrzJH5Ld1c+nZYGPzF4n9lmH0Lw/cRRhNC4hjpHdJTs6t7h+reyYRAlxxiaQ80U9eXfHL3MaDLLRk7rRY4IGjNrCUb5QYbZQplC0+XBOFxaveQAjFGuBw2PogboUPNeMZ7I+Zv3gsXosV7tPvx0UUeDOPlSqwJd3rzuo7qAMkHH3S1lh3Cu+47x/kfLiBZQRemBMD+4/FKIsycBIAAEAASURBVPtUDEil66uHsPeDi0XHojQkwuWcxp5Yf/WCeNk7J7EQ6AqNVRZm8ap/RcuN5WAKa3KuFQp2tHWAqI+6WN5350C6WQ7izji8uBPPfVVfXHv90pjELe2IdZtx2RpP5k74ivIxSQC4uvH9K/pwJRuIfoROgubG0NGggHbNZb/bfddPxKt+ZxALA/XS3tG99bjyC8wca1DY3sv6TxhzLStz2Ydk4IIWAVwMeNLvvjNcFC94TTMeWt+Im7+LK9XynhWOcuoIvkYdbiOop8BAvxrhtL3tAXqD/XMwg4MEH8l7XMXuuz7i1b/XxMWutH+U/TZXEP1v8JCpGMeNy7JkXO2Skd32J8TinOD4c43iue6YBADOa+li+okpRqGUqRlGvB6/9EGOelg0CVoJtrC+TmAbzpBbK01AB7cOxFv+CkveGoWDevzHtX1x8zfY+/Rq+hjCl97T7YzSCz2xniPA6WfWVXnS4wlZQGMO43s722yeduQFcfFLXgyDPlNGgW7mszdaSwWOjWpcmqQ3SMvomcnzeHcJL4Sg18GXr7glbrjigRg4klnLsumDdJ102GXlpUL7wf9Gjtz8IELH1kaceA6CFoF03vxOXFxx66u2KGRCs/FXghLJZHNsA7R55ot8IR+lsMGGju+OxQPXb43lCBx3fpcIo+hBhhcbzbKDy+u8WLyaPp67I/Pfdj0KgjMQFpYRZAMFBW4V3Mu3ELW21R/33MGawzTrGbNGeU+FLuPauUkcTSjcLOkSLbSGoK5yZSoOPor+dJ8oc8E9PyJi9BcR9I4BF7j0mcvopDZEgX7bhvIMr2fK0hCASvLgibjt1n7cN5u4VMJHMi5XLGPvXO7FI6u5GZ8Dc9rxh39HWZTTwD1z0QoVsC5/jfj+lZTL9J9sc+aQPXcOcfz7oBb3/Lg//um/dRDesEYzH+Q4lh74l/1POtnFUTpxzQkNlE4IpTRcIW7DfVlI7CGfcDt/zD8Yxdt8BgDLo8dWjBo9szdkbKWX+VO5BX/s0SziyTW+4DWxMg2f+z+d9/IBnkoDCHwjuDLfeGWDYC2sl/T32qczvhmSHYI+3XglMN29MQYQ0kfol6rOrNgP+kNLXQNXY9uf9PfIVMBX0gXn5OW8byPyssTS7t6DJ/wlh0GdVIqGvetJ6umsTYHMMWk+ZHGauUpFWoF645FXAlUGa04MJsYVpksPZXfNRSuKpiQlTxpqXYm4HrwplZeez4YXgULaYWEGFhduQ3F2CX9sVl2NJIjED/eTaOo37WazPwCtOHIeh/idRDQ9iaaNr2onvnjFQ9RPp+huoHtdxURh9l5zzBHsBzo6O3wK/6tx/Ii3bN6YqMyWSrXmET9UOY1ifmT7BWj6snywYfAIZlloJO89db7JQFl5JIteljKdgZtC1D6Zfjeb0E1BOeNYVnoocqrPq2gz+MV74dPikFoovl0BcmJTbWhG03DxlDQ8A/iSn2/xbKkwSdL0jOCnoMh707roM6nLhNWxhmQzeuWqffEaZaYYSxcvXf58Mhs3gtAbvL7iSrDL7fTnI9PMDPjU/uxm06rMFIuW1dsHDlpxlwxOVllKrtpnimlwfGVaMje1Mjlxoh23nOLyBOuOm5+uYRO4qlUCl7ksz3KyCB/0roe30vILBCbgbZWA/JahRmg3jHEHRQKVktZ/CVWWaBAFmY9FaL8H2JxfR4DTfbkN89ElemO2Uy2OgRzYA2AkIy0W4lwL3yTcXLrxJnPIMyPFZgVgCjoyv/Th81y0eWfAgpxQfIeAbD833V/AJRW4F47KYXiKJdqztFYcs5wZHUuKLiw5m4IfBQ4Ew06HxQnBTKavVqccByz95sQ6Bd6Nljc1zYg7T/APa0SXyKIrVqG5RzPYmsC10iiF4p2TVRUGGriy+m2ft+fNo92jKRTU+ldmvVrndbstViNwSn0Jk1ZI/tXB2zL3nnBYtDDlwc79CvoyVGQDJ50FWK1aBIEhUlaGzV4NY8OQcYh00Zh3YeLqzCFtgtMYuKnWh4UfYTfz8yF+O2hlO2xUB1gyaYWhr7AG268ksKJozcPageXH/VOp8LH/EF66CCBQXsKeR3ugENLqJK0uXo5loYFVmd+NueCVPAKmYqtNkBbrSkBpa14yhYzvuso0FBsK4xn5SniEmfetEQSLTFwCjzhl1LAq2MbOMELNOG50udBA19RTZ27POY55UQuhB59OcUhrYabgATnHTVy3WWgT5whnvrPdngvn2T3SjBFCPcvH+b7hPM+9VwMhzLPV6HbyF3S517ZvHkegsJemXeP4ARbdpLkE3PmZhGToquCg/7tYrJIGGF8d+xl8eYl/57NUrrGuuf8tmTb6KV2MqbuM3lJ5KZ79JGr6+QE1ZV0Fu5ZDcA3PBKIs98fp4lZnrOguOo7STifuvqF2zM9gJNTdUTADdCccCuygPGiNI+hvQBGRDIgwSu+8p+zg0GatQx78XSruvctz3WT4S3rz9KNh/wf2Vh38b32xeFUH75G9cfYFuJshpAyp+eWfysW6sciXgI+angf2i0FLOH9Jixh02T9AEAyYJxZM4HOuByOU75lsuqspzI6xZ3h4cmusv3GIkOntOPtClC3UoZXvOxwjcMs3CcixbktMEAig0zecrpaTI9x3++K6rw/HJ/9wB3t5FsclvzKOMLUHS1MjTjuLsP8fIV4sDNL46GAGeVH4pOCES0auPdXE8qDC4V6UU6qMcRvn0PMF7N277/o6sDRgupmxku774up/bXCu2kSsfno9HrqX4BG4o4OFFNg2rMca8zHmNcq94OfxKt0fxRTWy5OehbDzNSz5+yM6Q1rZdhUPzmuOHwTqQgfCxgWMrvWjMNHze8LbxQRbOP0FCu0WUI4zuOOaqVh9gnwv8DNPFQYO4S/PYrNfLYxeyimC+Y+27kTwsAwDRcgkd9i7vOnGbrzlrxF0scqYeGQX1okPk5nQ830cZraZCJfPfyP7hk6VKUbPdGdfvO83nBeA06FCUpnaMQKaOLvn1A6oHaNtMhadE6pLmtkxTqaDDowvfvXauHv9L/GKQmdfVpKwWzDtgqbrjbnQE3ENoCfxnf9MY9q8MkPvft8vU5S3fPLfMWt++Yxrb98ajYPwn8BF1rJyLSuJ9inEOr2sbgDh6n1vbcT//Eo/gsgkQSpwlXsByj2scPDtCV9R1s6aOy0eZmg3gW4cl3qCtKHLVgOJeiXzmRFPUZxsun8c90iUNAhXqw4fjuUr2RtKwI29e+fED29cHGuOGo39CF8/d/5EnHJxCwFLzwZoBavg7T9mPTuA9bBOZFuCrqhAYvBBdPAjbJDThXfpfkSq/Go37r4Qd77TCIzCcDU64zgW1W8RlTKw9k2Ai3palpg/bQLwijitWV7OZ44dz19sIwQPNbbzzgYWPPuq3JUH4szAQvsfJs1JAWOs+0Ta3NmMa77CftnPtQmYwpQFW51Z/aTOKdI0+/VYUWhtx6Gn1uOu+9FNstQyFeZlP5qn2lfqCJZCrF9oy9xX4M8MvT7WQ2zvjzeAG/A+Tjtx4xzCqqqHj7n9k4mr97GmsWctvRWygJmPUoNlUwYDVjhTOcS6OMqQnL+2G595f8RxZ/VhcWSbAm6S/bixbrqvLz77XoRILN6O8Rw/1Jg8szXn/zK+EuOZIO9mKvdOw4NMBP2S/NS+b5/yr2YuFtQnSCUSEMxDToAghwWuRscUynDAF0C9Szqxt11sJHL++V7BobyXCeGR5fLcCcvBmAdJI1zl6PL1rCuFDn/rwjMEowKjYZ4OG3NZJYFF65mLrHBUMJR6ZQ7dJDkis0AKJ3/dzFcsY9FaLoMmrMKS0DmHEkkGaR13K8EUVkuqWuIz6Tyf8u2t772q7/KLTwmNFPmZ8NlVLprgwNRk9kiEmcsSZpWY5Rc4cqO6RMB7CbpcMzVWT1x4PahWrWADhlqstzEJi6+kMsufTjyrFN9zlRLBhXvpeGYfmW+6HymvFEA9Wv2AJV2FmPHdD9E2vDT1b90DrledG//9j/8+lr3vo+wDkVApJSsQJxbjD5komHQGXa1OfzK5q43KBdJ+yYSkq4ROyigYJRmP042KFfWHd22POTDV40wuMpYO4oxuyZ6bvOhYcSBe8uBmFiUDF+gqJQ0KiQNXdye1qTIdBnbZuhu6WX1m/NF7/y7+8UMfZozDjDVRPogHYO20tAj1aCUrypJ4V6B0vixt5aX35Kmnq5mWLoQXFjSv1OahebrjQdoBSiaSLshgAfSpC6g07vI/sXsHfas7DftrUC6UiHiOHeZ6+nxK2Ac4K4wJSXc1meGOroW4Tiq8CFnSoLG77ffpvicKF+mb1JUBbWCYzZsCJWnK0QI2g4pc4dHCO0CkgQYWeoU7e7ILczbJXrVu2TCCBWYC5QnWZzetu/dApQng2j9TOMkbWr6JksirT/hljClThrqJQNGgnRO0xXrb+MMTN56gCzCv0FQDq1edBaiD62Huf3KhkwHHqq5LE64E4JnWauGBFqZyXwTgsw/LOSddKoFjsgnsY5tynmqyozyjx2KyE/25YNHv9l2b/Aa+aKiZzg5l1oGTamHt6+tD6COaX6ehgAkFokRilsp0HuLcHsFKlMTgM25hfJs1hU3dIu0r6JFVTXfV7gRuJ+KIMdXiwPVojLHPcHnuG2tNYF1RsHEw0d4JgOzmeKW8pmGkWfCBVatUmwPsFW71qIBnBF8I+/YdNKXAJ82jraIfNkFPuGRKDiScVFOZAjzjXFgFeGoHeDXqIJEBZZZwncvFzn4A2IYCiYsg7mEpiGWr6DcFUtcMxqUHs2qx8Zw3KoK+mZ/EDe7o1uKZaXnwOgIdKy/l9NaIahyUxaPAQ3bb3aG+ZAqlRUqp5ipBNqGRv5z07Y08JB4YOp4r51rCvynD/0OQyfjRlnYKZuAHGHT7lxbFdX5bJnSpkiMtgrxjzaeUciV44DdpsA3NSMO4FCdjTtCohUPbYwgLQGdqGwwX+DInbq65PyfLUSGxFOujNJKdQb1Wz0sta0NjbIOBqYaBaqNxNo3jQndizEV6KPJLAazAlPliUVx5KSHEX785XZn+X97eBdrSo7rvrHPOfbS6W/3QW0IISYB4ChAEOzh+xst2XuOxk8maJJisPGbsmazxLCcms7JmedmQmTztZDxOnBkmtmMYG4MNQTNJMNgGFIwDZkCYVzDiJVkSEuqW+v26955z5vf77/rOPbf7tiQwydd97jnf91Xt2rVr1669d+2q+sbv0XMOP9DOgtWoNXKChVuFDo+0zT/46/vbB993gNA0doFlo5+TJzEIb3sc4/yqrMMU9py+66yqfXQv3vBHfoeQrr/NVvh/jn6yqgN1tX3ot65ub/1Hm+2Z30KY9XEkxAoOCQzvH/vhc+1KnDHnORt0E566/VUn2ofuPo6xtUb4JrwCj5VfdaPd+/7z7chDh8ADzW+O43bqMQYq0pCF8M7HHqUizz6I/FdZvtDWDxxsj35ss/3513J21n+F42kVyUlf+tC7DrW3/dTJ9oy70nWsPDJfHoOSePrfz4zYB9+hrjBhzdmk/YnXmIJ2c7orhhcGCO/27sXBgBG9xQYZOojkbVDhkqC2CrIHnnM28NFPtPZfczzAt38fuKEEz8H7Q++6tr3jfz/Wbn4FziV24YxBRri4syTujncNSr+wnF30Wif6glZBLrOj3xEah3c6gM9M97UL//Ga9sM/e5St252RZXw4s9re+UbODbyHnSo5aPksm88geNn8Av6nfNdEXoGx8fq3F+wDzBa5lbwV+FOv4eyv547bG39izplg6E3oQtH7wiiA4bKGrmfah7y47+TZdt/bqaAPBWdfcVy/kqgcZE8OzbLvxiIwAeU4ppjYdD4KbH9cdMn4Cq30A99xf+tNyH949YEHO2z61y172jp9ziKq75t0CV7/KYrB06+UudHu+dcr7Xv/m3FmNr/pTyFzlSUAGhHKjMAF13PwBe0CDPvM6VP72lv/xQ3tDD6XFcccxoWHz+xh3CWwnv7ennm4PfjFDXYafSQ7Nd7AbLWzuIbcnT62zsY+e9of+ZZZe95dq7TtJrsZXsAgUAfBJfPYFe2B3520a/4o5UA6FmLxxz5KPyOMfY4xNzrxFRwfIHMNs3DsSHnrCwi9ZedXN8753MdX2kffyeybuyEy3O+nCaSZBv/1t6h/zTDASg8zWMRmkb/OfJaZsj/HrOqV1JU2cVbxi/eTHJbPTBXPDPk9zSYmH//Aanvxq5Af6CJbyJ83/1OOMvg3nGV4J3wnzr0FpBd+oaS/4VnYVs8hHJswxL/0I+vtf/kLFMxst/J2aKaMTziDtnDs7Tv3aHvo3q12mmMYDrDRyQQ+uO0Frb0P6Fcy7DL5myVExx9kbd23et5uyeYjrB/80kPM6PM+FzhYQOwHHN7V5j68+FIOc+4uEUpzJgMSMRJmoQ5E7jTW5H7kPZPMVBtuqVPr3nsshLJ5r5rjVbznWEQZ/RMnZ3gtCZJu+c+McSTlMe6ECcKgA47D93KOp/ebkcca8FF51MO+AkcYeuYmA3o67UwmUbGTwYQL0uIq7o46Uf5TLYUDwgflmXlJnvgbpcSEvXIKScsy1zBg+dv/KUbY/qM8weePSj2XTOfUt+Ayzvt6ofD3pD7LP8hOB91CmZzggZbYbgoQIjpqeS/QfkkG74PD8Gx4ufQ9vBf3RerUrd7MWWPW1gmnYhCpnR7xPJo49bIMaVgDicZHXdLC/HVlNs2fKl/UIbNgi/yFtamTA+/vNLNIwFWBCS5DTQrebn+DLX/SogyqjBzgQFkYyc7AFJikquwQ3C3fG2ce6RF3MwDxU5G/km2pP/wABs5nUZCUw9Q9P1Am01hSNsKctj94E4JZ/Eh4DunIdPJCeLtyWwZf1CM1pOGBY0gXtNjPoZQr8o8GGTM5mW0Cvl3TYqopUBad0Tn9WNh726itNCbyCIGCDk8xMJv3AILo3gcwtH5fxYkHLODH0kBioagb1hTgFsQlTsazGJIapwHPrJYf0zlDcgZ6ODAxgxZmt5wDeIk4OuEAYTnrDFAquW4Wkh1CUcA9uHkoJ3XT6HKgkWcBmzYSvh/ay4dRKmw7aGyfy0wpAtLzm+zHq+zKt8UuhnPWm2WGGyTNmh35gAAhqwyU6hFr1zy0exVYCkRDz/yIS7Z9J18VTblVWZqycAk66VvgTF7pM/UsFga84J8KkJZ8UZLBL8a3tMSg3oQW6av2cWg2c2W0cseZPQSgMynujBrFP0gICljQde7aAv5lB0N42B04PadQPqliiy5TjCLL17jPzq00oe+T22NMkkdFDQUb4y98ylsYJsZkDF3rSJt4WLR1HztDSBJhuJZqjhE5g4aec0OnQWmmLJwrF1hTktrTd6RH9SEGqVM6B6CBBhj4bpw5Cssgi+Vz+oOyS4PH2SLPQNOZ4fmHjdkf224L4y4GlumsHU4BMMysgbwQ+Wy7Ad+t8t0S3r4jbuJQMx3mNTf5gZPNPmiTcqr15+ID3rwO/uJWGybBP7YH6TMbBa+4ZjKb0Eg7+SOA64sXSe97nUBj6pxZMogo7pH9lGOu1N10OiicucusLrxoeQFbfJp1PMGBx9kMhb5rApUh8bYfmSVytuPElzNK+Ygj6UiJfLN9MVY5m3CicoUDyBlFaS0+Xo5OzkhtMXORUHnKNPxZz/CRj622v/rPD7Euxm3B2X4apeCX/547s9G+FFMg4EvWuq1wcLYKwsYG7YGsWMWL/ZI/erh94C3r7Ysf+DLv1lGKGEuUHeB47AjpCO83nMg1lYCjjRxPkEPPX2cjDM4Ge8kh1nc9zplk8H/KkxtQSDYYl9lyux3RU24b+Nxt7E+3+z+IfHNs1iikblc8i/RsoCOPpBDGGcOeLuCUOfnJ8+2v/4MtdsaraIuzZ8btA/8Wg+kf25mOtAd/e9z2v4LlCtDsOhwX3/+32FhjP7zL7NM7f3W9febdppsSAgj/CR6UsvnSLQfbg8dm7bO/TL86zDjqjqJy8rPQMF3LcpR7Di8+cAN8j45x+sSFdvpjB9oP/dSZdte3ifeMIYW1QXevtLf/U/NutYcJN7zmhRRCJY6lOvbXGaFvjHkc9Gt9GfrAQUoCIfxR/GwExuOfyWP+sP739kUPyb1v3KXXIyHOMNP1gz+Fovlttif3pyaEb17R7v5py561hz4KHi8yB7Ni93PI8StLB7iVbf/3PINlhIRt/vHXTNq1N9GnyKLy/tAXOd+OMh/7ImGf17f22l8+3m59IeckYpideJxNKn561D727ox8nA/G7nrWkz7kzAGo88E4u9G+ZamEHzMMaRh6XfdMjOGHGdvAzQ1VevXzbvlP2gaG3U9kwN47Di+9oq8ij2kM9ET4yqUy9HsvS4g0sX/liX+2fy0e5UelXjwLIqRVR9Cz9RwNeX7TLqdx4BopMyQJyKXsNR6Z1o948ETys1nFr//LPe2Ol5/nTMWjWQ9neTo25MOZs1/PvImxz06lLOYd/fb/+zg/Ps/nGsYBjeNbPDyeLsRsaIMFP/FJdhk9vdYOMgN3062MOZz9ZtFHWTPl5To3ww5dm/rCu06yGkJ+N0yQ8jK7JZrURzwyqWFl+ImTxLPyaOZ29e0cDfKeWTv6351ptxxksyXgfYbZZnl70/Bm2lt+sR0/+zE2+LsLWYmj4vYXT9uf/G9Xqfe1eWe/vI21oa/8buQdSLpO7pEvMZv5BfjwVpKAd/8DvBGzlq392FvY8OQOd5x1Xe0WBpw0DcYmrsv2oA+Y543/aKX96E8b3bRFGPOF9jd+er39ix8ZL0Ipi8dolczkw5fq7kB8AMPyxtspHZrcyRrYV/yZ1fZRDrLvBbTXvH7cXvU9yDIbE/q99Z8jGz+CUXVr0avSgRlRAe1hmPwA9AGnIb/fYm1ZMBb/4XvbGoczP/JWH8ToFg8D59y376vjHuxjH34PLrfbOHaA2bedF/Co0MylFjjsJizXeLJrjoPaJSOTkxXNMdD6yfI8nXcrZXlbNRC0jqdQDJDUKlh5BoPk4iteXG5CyOBvpfiQJnIvNOeFSpLhVWZUOcvAp8Dq6SloEJiBnj/CNUPBctdEtFqYA6GAomTMeQjW8cp4TLmCFK8CIc60XY1aJVDw9E+BoWJrAXMV5CrIwi65OiqXPB8eDO8tR1zz1xt/2qDu/odSoLLkuTX9hcn6VTiaPopVnkJpBtMCE0Bs3UwYqh4ow0dhjiqpgyBhVaGwGEGrKr7uewlDgbt+m16mtjOP93FiPUwd5QSlc84hubOaflzMQvqujANVF/KCb5QY6ryFcnuYBUwTNxdBmti2hW/9LWUdbmADCtNIpyhVzBLMVGA0NMJAAMaTm0/aSw4CHkpGFDS+DW10oHBtUA4SVwGk2vKqIKRACfnUDnzAO7T1vvC2vFAq0t16OKjDZwjyQ3jiVjjMMZB4P2e744lrlGaE7DlQRbFUgAI3ax2ZPSAMrQavQE3WsXUjFG3OgnLDSkRODHJYMAJ7itdP40UjwdnALZ0l4FC0k9apUbz/8bRnFO50pT6eo7WCURMFH4FoHVfZNS6zHiifnv/m7IgK5iZhmVQEiqrIgoU0waiIxzVUCdVAEUqDk+ezbXIgeSnF8CXP4OzQxLA+nSIaKu5QqXEqzs5i5IB43k/cuQ5j3xnizLSAh/hpfGQHQryoW8gHCBM6ZnMFDBYkP0YSoXekX2PjCNNrOLkzobufOlJNoHlC8IA9wRgRnofUBz5GajaqoTpb4OEMkjOGYS1gbnJO1xhtzZBCnRDZop/BTr7wr+fIuPHNBdbojXmuAVxGSJovcJxhnmE8xRDSmNLhgDGkQSjfTXRC0C4xPh1ZAW5rjg0d5WBdZ7umzJLqpJGHIx81FqUn+EM06q/8gHc0bOCjVepv2KCGRmhta5BG2CM8js4kbuHKlUXSStQtdIY2obG8TdHOcgVfEuaweXCQbuIX2Q5fZOaY8sIRDDiA2r64ybb7yIjsaMpgFNrSAQNDOmKkBi+f9cxxOgDR7fQ1zgzZLb6x7zHbCT3dgdL+B3G0YxZX+oOyx3zyQ/pff81zNwcYsZlL2h0+9fAh19RJh5qtc90cOwXCDxAUOlCh5COBcgRFyXfhVRAXZ2tD6+AE0lnA2KMRjeypWe0qWx6SqPYV4caw575XmWZ1cwNCcdDC7vp2wovWJxzSbP/DuKYOZ05M28kvHm372URAI+rB+7BTCOPZJHTnxd/4RPvRn19vJ77Cobm3e94U67Wgy5j1GJ/5GDRadXyFSMjT1CWNAC3uP4kSf6793E/uaT9x+3oOuPWg7hyKC44eDzRnFtvyQmTJx/Mbb1tv3/FqdordC/2oqaT66AcJ2aLMcrwU2RznR6xL+ZtvuMCaFxRIjEFIyPq7FXaUO9l+8J/gVGOrgfNnZ+2db0MOoCQ9fO+k3fi6tfaM209iQBxjY5Rp+wzbmT/j9km7LsYK5Z1fbQ9+HjmDcbYOv+95JTSBv6fXlLwdX8k7aDY/SMgp4WX2A5iBvYJm7Ud/7gizeOcxgDVaCCHEM38FZ5790E/Jy4aDjtu7fw0ljTC4z3181F75ndJjiwON8c+xW/Ls/LS94jvcVAVFjbX/Rx+iTJ0p9IszbKLwl1+/loOFz5xiG/FfZOOzM4RXMjbWmCG1cBKz9fvf/nl2tHw54WZEVxju/xg02X/wLHgIj8PNT0/aO94Ei3Oe1r3vn7GN+wT/IDv0QYPX/9y4nXwCRfdmnZIaVNP2yAOHOMx9s+1/7tn2vFeutb/82vMYXefwFWr8EhL6pTFGOkb0d9kl5u3RPxi3u98IT3CAuef4XUF8YHyspGU+Tk6lfeEhZlioXA4ldsNYazAsg/But0sOncJjp5yCSHafeNmPj6LvIGeMtsAISdfitb0oiU2/dNU47tvhPRR0Cmc/jhLlH86SMFV3tAkpH3VIf6lrCk8HlPKZAiMvlG0alIQXj5xNaYxfImMoMpsbHSQE8U1vWGt/5/ZzzLKyZnWTMPROi5IdMLJTPqzfVhdxDeL3MpPJZtDoBvJWa489xjmBn8OYXsNY3ouB/XscAH50D86As8wgIZvATLiP3E+Zh+bt3s9O2ncTLnn4mrNsT49DD3Q2Lqy0z7HzYuMIgq3eb/1ali0AInyaMQ0Zyt5Qrd3MyM3GNs7gK3DFZUEXyhTHQy8ctX/zs+z68M1rGPn0h/MzNhWhn77qDMa+M9zjbHKyn3MJlVFn4efffCtgnglIUZdkXOr2jgnXcZj9v3/HrP2FH3HWfas972VbHCC+3v79m6dsFmTi3g4Ak87r7MJ5/0em7Xf+3QoHgnNeIf3xpd+80f7s31zn0HCWLiDnThLuLK2NpBuxsdZ5nAKTW1t751tG7QUcxXGILfztEz/w2jn9012rR+2a6zEG72CcpYw9++bt859Ya+//FWYCX8xQeqbzkRUK/n5DHO5za4WWftVvxnYcYGNopiPUevjJOIhzwwCF0lfrlawp768JsLdX4IBPiq0Bl5dPclHEKNFG0vZJ0n0Nr+TYuroxVMiJVQ3sqZwpLFkOJN1wpYMEIQjm41TSvBImNeOZ3FZ5kj7PBSehF6/44TXAhilQuBq7jkkzIQzX0DQ+L3rSuZaokmcAHjqECkDg6uGA8yF7ih3gXf57qJDZO/7AUpGwTjgc8twv0Ua9yHfopKLq817BjkFqtwS1MiZdDQgmV6nWgzx3Wh8BNUM5y2nuzB5GsCW9kO1A5BN4V6B85v/gtAS97iuHvwccQguUR+Gq7KeeGo3hWgd6HpFhqckXzwY6BxhPPZ9lSwEPjVIbC+Gqr/qLyGorGmAoWGiwTESxoJd7ZygsWwUzNIB6GbDJlg4vbtaYbbidjVnddw3CGqUIJWmTWTZpNqFcQFIeSi/CPcqjynXwqfJFxt0XMxPlN2VuxaC33OrMmygtjOXBG1FJudDntN4VYfBRicbYNfxJ2Hrfc15c+g/Eklf8bBCm5zdtkxmiPFaBeoKBQyMCxZH2FUaMIQYvh1oe8B/aUKexu2iiQGbWgTcpH/5bY52RCvyFYw9DJxV98SdGXx4BRjYgIZ0zNmPXyWmM2cZ2OYg0YcMId6C8QEjZ2HYY0EZzcwZL2ptXYS6tVZynzh7JK9BgA6OwFDsqBb5kBwdC0uR7YGzpbIFOGkMT2usCu/fFPQFtZ3jdnLWZniPM0xkq2kiFe8yAJaw4h8i/Qbv4276tMWaYy4hQ0BmziG6kEi8lhqAzc7a1fWHEb43stAflT67EkGSQyK5x1sd0KqWG+QHb2Uk3QrGd4gXFADC0dKQRRVrrinQBq4EvbRv+Y2i4DlDcpYBhljGOKFtlJDsdmpcyO2YxTrLWQu8f9Q7fpe3YzhheHGHIJ4QdmOFRZ/wwbDRSc86Y6/PYIS6zzlLKusAbhhll90P4bMHrwtWB5mwVZU1wBlHrnLepF1C+Fi95xiuhnfDblHq7Vi+7kwJuxqAD8Ssd914eE2Co7ExlS37qfJJ+ah4NKMo0ubymbHHNtGvbVvZfy1OMFM8eVQknUZwK8PImThBDsyOHpH2xlkUGlgbzlvVZvCCNhdDfk9j0EUq0K/9c+0bBtDf1wtGQ0B3ra580I/U1bDeOMhSFuec0giNssYA3ZwY4jkSyWG6ymgA+GTP7qQNZeupkSHQHa8Y27SMoie/9tRNsXb7KGi+U8EOb7Vu+12TgFlZaaZ/8oH0JIwny7rvlXHvzG65ut9+5D8PmCZSfaXv+y+mH/ItMQ8irWHz8P1zd3vOLk3bzN+9rD33KtsNJAm4qnDHoaRMj8I49cL697+3r7fs4M8lQIMu01hCYP/WRRl6Kjlf88Y328u+QXsgGRPEJZvn+470o+Shce5idMf8Kyq7N9se+a4LB5EyITUu/Iduznr/JbKOwCPkm/+knJhxEzPpIQx/XzxMC1jifjl0sqcMNzzpByKJ1Rw4gaN0U4+O/g1J7z6hd941brLWBx+mTts+cNezK88mE2Wjaf36G0K/zhBjPHm0nPjtvr/wvRiiWRKCgeJU8mhJqNm3PuZPs0GTCeqSTT+xt9/z6Te2qO5/gLK6TePIJ2/wGN3o53b79v1QhhkY0pLsDHnlwrf3GW1BGnz3jSKFRe/atGnwbKN9Tdh1ca499monBF2JjeL4eXvcVNqc5eV9r3/T983bHXYWHIW7Cu+0FHB3zEsCjgWsMHH981H4VI+8g54J9/oOEar130r7t+5VJUwxEDg2+EYcBRpAzI6ePr7f33H2grT2PXbKZnfiGvziFL9hNks1Q3JhDY+ylf4zxgbZ25tLw089/gp0mmZG76kXT9ov/AGceDgOP0pgQYt7WroWuR9r/+A9dbygfztuv/99r7Z1vZROZ581rx83wg7zReYXvupPzoRHyfW70CLqdyqiyIzzEzOzAUwHBnd8DfxW0grRIp7Hl2GcFkp7UjtVKqd73o1ybBidX5LNOn5RJMpyTCa9kHJh7rqEyyr0HruTjlv6E2la5yCL7vOf7QbdHP88GO//uqvZnXgM/UZZwF3jaEXjmZeicx1z8yVc/xF1SQuNp+/SHr2sfeduBtgfaZ9Rj+cijD7Jpzh3mkd+YY8YZ8YXfxzl626wdYz3iE4RLXnUdBuMFNgZjZurUsX3tPjYNWd/PGIejY0QU0vxKZjaVG3Q0Wzew+ZUxxW6+EHEDvtJTXG2DAWducQ688Scn7Qd/YpV+hgME8j3/Zc74CEQZwV/oe4EzE9/9Zs6Iey8hvC+dt6MP8lpaKBJ4r4P3EGfJ/fZbZ+0bv2uVdYPgBU9/6/dNMeAoU4HgNbQz31txDHm24hxHxFq785tYxsBumt/+ZzfaQ19aax++e6MdfhEOFQw729FyjJAzVPLRT0zhx9X2vX+dcF3WqO/lqJKXvErdSJKIt/2C9ntgvb3lZyj3mYQjMwua2ot0PsFI9szFUy7/9nplbPAZZYu/sMlX9oHPxYuvVM2X9QwxVGLTWx/6XIU4fEp+nMI6FbpV3VNVKw5phDvK2MWPsr6T7uvxR0laCIh8Yc23jeRzPSqWzv9FpU130VWJyW7tvLYbuO773zASafwPvBBPhllKFDSKuinXkUIjRaZepKOcxW/T9reVV9i8DSPS0ZwRc0MGBzmUUxu9AC8VusvP3gR5k9A0FDaVFBbQMG4qtMp7PGQdyk7lqKfYBo8F3lXudjpzLuMyMBqPzU+HiRGL19VRUeVb3ltc1CewOsD64i//F1DTdtLKh1UjH3kljTcaiXrzUTzlSaaCKJf7KEDcQ/9KzVe/fCKADop83AAr+Ep3mXR4mXKHnIBH4I5meMmo49xZBRK6LXpdBceaZY2a/ALNcyagqMIz7p6IxVM4qsAnXA2vHcQJ/gyYmbVVGVPRFx//8S1KM0LZJnuvZuxASegwnaXSo5uwTI18K+g7nkWwcltCC3xU/FzjhcCNN501XTPCjhOGRUY987a7YZEaQV6ZlUTRXmEtp0q5SurYQcfBCSnrphBzAtLd/CB1sC4oMSrrHiYcfITDP28yo+DD3Fo30eVPtiR2rYfrQ5CMJHDmakutinbWkHS95CpebhIz4QU+zvyRbsTM0QRAGpXmcZt3y5oRVuhsgohJgzk0XyU81DDLwYBJ2ztacI2ok6GFYBMDwoPKhTNiJsyZuQhvDLgxxph0mhzAQOTejU2qDaGZhh11MxREL+SYWTcak+qhULsmDro6w6ghqXdwxdlqyw4fkkcDTMUTLLK+2zaFF9yR0BnylQPXkQ+DSZkWJZ+2gGZj2kcDMTwDrVTOxx5VQB+YEgqu4mTZiQbQ+HNgoV6OGhOVEdffObNIeeItDay7xoc8mXWY8E3CF6WnhilYZrbM56anLqkMRqaGnGtvDDHMWjLS2FOSDngJgYXPgAB85JF09p8J4O/MHsFn4W/eCde6Ocs6kud4N8UonPLterk16DKyX5gWHp1oaNL20fsBmT4Ef8zP6kyiHHCQhiE7tDHvZB80BCe1B/um/EZC2K9oHCSU6cG18DFiwntn40J7AYYIVAT4Y2aW57TNyJlk+M760TqU7fCFrGKLa4Oopx7pgMPAjWZgkJQrKcZsDmCbpUXsLFxZU6th563RHsoLflq+/JxNbMA7ywGgrWeaxTpBkUx4rDNBJK1x0TxgxLk+rABp11zLgdIfONvuZqbqe1691g5d53ok28Z1UKxfed+83f0zKDR3sC4F43EPxqBVe8PfH7VX//fr7OgITa1fxgDWdp9aQ3kct59/HWGHeNcvMMPSjsNj8h0GkDNssp/OpvMYPde+uLV3/zxec9bfvORbUHLt9/QHpVHNgKgQkZqPCopjjZdjvbCy26+/oYV4gAlEpH8SuriJfD15HMcC6Sq6octX0js+QipmF2l+AJ8n3OtqZt7e+yZnNNYwYtlw5Cr4jHW9hpNeOLvOQcOb7Rd+jI0PMApPPf542iJRLPDDZP9VNZtNKKdtmplQ4I5WUNRvZe3v1nHONiOqw63LM4ZABHDOzKt1pszTJ3FwkGeDcwHWbmGjl3/Y2g/9z5yvxQxI1p1R980NNgdBuX/H/zVFyZ+3a18wake+MGrP/W7qM+EQcGYrPvo+qYd8ZkZnsu+6wuc848Zewt5hwZNPYNTLjpBKlgpFoQnVAA+MX4xajWls0HaY7ch/6e9C2elqe9m3slkVsznKZ6vg+WDvRkm+9+5H240vYyYOaM5EnDrG+lWUX1gyl4qthdlmHvB9Cn4oTb+1hx6HHrQ2UGFr1l5dcaydv4/wdIxDcZHFHX7m2D4r11MrDYRg7bdX8bP56zGIpVI8od9vz1zwUGBeScwf6Z/E/q13eUWS3CnLDE3XaZvZa14oG1CEU59UkBwSjnMa5zjHAty0hqnhYJqjA6Tfaeg7ljkmICtDHIw1ZySdXZMXa8aRopgtvvaOafu3P7PWnvPiq9qLv6EcrDULRxFcbvwhX3vYuSHG0cGsDdWfcG5aD0dKlT3eyZDKB+9ba3/kOxgTCY+c8Dl+hGOjMKav4zy4x+Cbxx5ab3e8lKzAXSO8+vGvrLMRDaGyL3sc3nXqC7RTV/CnU44ZpxxXsCB5Dq/ba+2LtJsGIqcaMI4ehjbIOmYLQ1Noru/8IIdt/8FD0/ZP/qfV9gP/w5gZf40hUtR/Zv/EZ6X9xq+O2u/+61m76sXE9hgaiDFkuyoTGAZCg6xBZ8b2N39t3G55PrPa9NlnEU75Az/OYdh/N2gnves/wRY+AwZcfz07T/7Mayft9b+03m667TybyGy1P/83CEU+erB94ZGNtg9njDNatql/PRr2ILOH730TO8N/ZbX9iVdjfN7KOYhsyhTnE/LJA8Hv/8xKe/M/w9iEt9306DwzjK6HVP6NV4jGkYe3uwA3dTkOexagTpRs3kKpGWN4PbCuKfPbduBSlo4x+HXG0Ahhv7zwz3BvBj5V78Xb/Ajfky1OD5ECh+ikO5N9Xe5YTlRI74AGklU5CvY1Fcvp4QholUCVqUWtZDavXvm68T4PF7cFUEFAxXlXYTW+5pkXHbcPMcUQwuug/Y7yWikBYdNvX0NSIZQ1bEY+JIsi6noSi8EwmTkYb2dd/FKBuOSyHOo7cptww52EyQYGrm0baRxYgM8uukrZv+hh0oqSDD/k2VmPQPMPHu4RXr70Jsp3xqgqI8yeF9zyawA1PDcJV3UPuD+C3s5QAn05k1UONoy4Rvllyl7lrAAApGO6hOaiuEq1SGubjJnZcSB1581Alnn4WI40LyPKHsnsCsqHYWy2e67Q34LI33lBOmbGwDQdF5Vdhn86l8ojfOm6PK50SnlTuqRtFLh1ZpaqWfBSScMocA0dD8xFR3UjDAwlBpbMOgUYfxj0Da9S8ay1Th3PPksQPgs8t8aOFpS+UaF0CAtAWF9xtFahM8qwJJGGhgqOLqBs+gzJmVV8pqf+KqwJj3RGzJHWcsjjiGQImzNQ0slQ58zUMSCuspPfFiFtGiIzBjqNYuWkEDNDnXIRZl1BFysNC8OdbWWNOQ0L02pMbTHA5uwseK+axvSsCYoRhrGv0quBC9wYKBhZKYe6ZAdCcdXQxvDxvTOBaF6UChwNEdJNNMahlDSO8ayxRLvEOFTwkl/jduyAz+X6NKciVtnZ1hA+jfCx4Zr8AypGFoY0xoPhoe4qmHBG3qA9M3OEckg68fc8SXmDmsou1AOaQYfxylUMCBqg7FDorKCzfuZiIK1dFmlV28jwUATKmA0a6qLVTKh8xKAXxiYeejc0cfapDr13DZ8aHk2EUSsdNJqx0OjuKCA6NqDhKvXVYSE4+//8NLOVGAvW06MREu5n/wCPEbPztnDOT7ORfGYXsFH47QHTyo6s6zOPs5HwqjOe0iF4YKjHEWG4OryVWWFlhRvGyJv+Ns/QB4dyxDC8TWkOUPCb/cVZUHGbYZGM2O2z1gHSQhhR2byFWeLwJbTycviwL8l79hWYIa1Z/UQqUD5/jahIG3MToxoZkBeuwiWfIdDO8tkQzqxO2X3AWZsJG4vYF90BUz6RLh1g6KbBnbpJu1QJXKizYbmhv+9xvky4D378to/ax4IXdIlc49uZ6jHlnIWPr3pRa/cQ6nPPO1kUT0jR3oMa8Yfxvp9rn/qt0+0QytD5hDfS19YPt8PXnW1fefjx9o//2np7+Z8+hNKEMofCv8FugRo593/0aLvy2cw+o8zTouy21jDqWAuJAqZxdvwJ6HEDbIpo2EC5HD2jtbf8H5ucmybxUPDYrOu0djV0nNwwa/e8fcTMEi6JbFJDGi7lrQrv+dNb7OBsP6UddXDQJlsre9u+PXva5x6at5/7X6HFBv2JPlRtBu34PV7FyUm7bNLnH/egXBSnM2fHOVftN35hs/3GL7AG50+PUew46+rMevvkvXval6HHQQzWjVPwGLILwQev41xBKU+oJM6dRKDowbSdMaSn9Hui/tv9eOT/5d8/SIVR7DHeg8OaaxE12FmzhwN6g7MQj7kkAB7ec+BwO4vx95N/9VzweMYdyCPO1zvy0Eb7wNswKG5hhuw5RBEwRnhdw0zCnr3sTP1l1vi9C2X42eyQeQ5+c9dAZMYmMzVrN8zb7983am/48S5LyCfXSnNpk9/QcRPDoqGA+1yl+dALWnvz39to7/iVq9qdL+MYjTkK/bFp++Q9tC3K8mHeH9MPAa3e/67WPvW7yMwOj69eiAVlGGCzDc7RfB6bSmHQXDHDGHIMpiwEDOFihIzdPGm/+RYUcUSufe4Ln2EcvMVdDAdQpi1JKszM+tv3AocHtK/r3KK3Add/lVNkhp+RPNzYN/1N/cVBvE2u0eaMIDIiTnGdXY5TRpoYmeB4oqFmBAeyjpi5Ko+sc+RV9mRAThQwMJAQyLLIGAo4Ly/fNmqf+j2WWpxlTRtlntCwvc6NRyCJGzbdNWtvedO+9g2fvgWZgQFD/zqlQDo0bn/w4LS965duhI/ke3gtNbBwflP9Lz+K/GbjkHMMyfajVfrgRz6N8favbiKtuztutqNfsZ0vkIZp0ZfP2/vePeJ4j+upL+MW/fnLDwPopfARocbuJDXXUeu4xgwpg3PoYR+YJ1KDHYnB25m19/0/h9qhQ8hs7j/7OWjAelePVnAjuLQDOJ/DeXPwJg60XznU/tkPH223vmKOoco4S/yfrfHIl8btd/9f8NuP8XYnOSGzOo+baz7wALOyb8IxinxjE26O0GKW+haP1Ji3t/3spF2F0QRV2gnWqLZnQkd0jw+x/vL+T4Mrg87DX4L2OAM2CLFuV87am/83Do1/Oc5jnA5rnDu05zAd9jEKZP1/OR862lTZ9WeH2Ujn9z7CB3rd+Z2TditGow6HTdaCfgaD94sfxqF4G/W7Btppu1LMBv3pN3/tUNvHuYpbjLVfuA9ef1Z3SPC+3TJun/vUtL3zXxlWa7grevRNzJKK444LqYXMXOU4kKPI0Xf/kiGh6xiOzKIibzWeXeOXi2raqxNdIoNdDIpEkYm8mxFlFcewURqm/U9wjfY89ztB6Uku2iudDe/sHAVM5WV88lFr8fQuEbejeaEg6EFJ1zbWWcbdcUkQma1XNtn4s0tZ8fzCfBEQwDCJuWAtnpXgNBSuroJRaVUDOvzhNd8h+tJ9oAFHxX+EJzDKFvWwr49OPgHuKGdfdaOIB5/k68JOHIW5o2ySobzWeXwqt3TUnm6R8uIMF+VPOSplKN0seKmwLomzy6Wg1R4okB0ZbyzTa7ks8R+e11teoxgTaqdi6G83ilBZQxKSVgkkgCWAtrG05Gn+8iMzciSPULYVVeQsaylnyIaA0Qs6cptz12ARiueag0BiZgHLBRiUmcR0PEBYhqFoKnbhXzc58HgL3mVdG6jVocNVUflPJa3OkcMziot14LOqBYOfBgkGiDMzUZDBNWG78MxY45C6p6OLhx8UiAzoKOVe8u8K9EqYRAZJlCGNAsKwxoRIhkcZNdyp0bVRgnAXR0P3NtihSsGQUYVBL2FytHPqIh7Az66L/PK3iqgCRyVmFV7OjJ9KqJsz9HVsetNVUjObBf3sJVJ/RsiccFWwVw4yQ+NIppGlUuRAawniJs4OOrxzZ0vfaZw6G6PhYThlFGLwk9bZlANDJ8YbAm6E0qvSMMWQkTY5xw9FOmGb3KdW4KVBG/gYAmvu+sdg5+Waupnnq4CfbLNC+zoDJGNrgLj+LQYqdNLg8VBzDRaHaRqw4DozqGEDDu7iGMORvidv2g6DMyEzDW59z2gqfXVcOLK6liuGCDg4i5CywSUhhdRthd0Q5ZWt07Rf+MJ2QWlRjoFrFGjlI4OxxHdrb9d5agBLz+obgIUeI+jt2kCJ77sp4eb+zkeewLj0qAAPp04opK9QfGOQwW/y/xwjU8M1fX8PBisbdkTegZswZ4TYJupAuPC1OOlc8HcMtDxPLakHOMGbWVOG8WaI5eTwjZSJsiG+GFczecaDgvltu0pX12yOnf11fLEeOiF8T2EU1y9aSWcAPD8m3Egj2Wvl3BPtOMbGt77opvad3/zC9gu/8lvtAXa53Md261P7AfUIDWjvzHZSXvpF+ItBHeUp/R7+oNDAzB/unaF00545vDpmfY73IJB08tiUvjMjtFp6imjkA/0zR0u4qQyGzx7Whdi/T3DuWRJ5Ng+7Dl5zw0o7w1o3+5sL4KWgDo1V+v/a2qQdeRgl9ivIF9fyqO/exBbkKOXnzihDgiH0QAFzJo4Zm8Kd8KNbM0ecogx51Ga4cL/pTYNS8izaD5rotD37xeG5314Ctr/oZOBspFtNq1zlkkcxzleQHZZ/DuN4isIZw9dsXCXHKccEiIgrqLuXfyEBHvx6d+zLPCD0zBxXPBOc6TrntuBLYM9O0PbQ1ln5LTeNUTah9NvHRzoTbAfu04bgZojr2SOMxeyuqtOTl22kTFDe0VZTdi0x1HHPPpxJB29gTCXsXhpTxaMnqdtj4HEEXWZts1191w1MRLDpxNmzbd/0sXb00+P2d960wo6P5znX7sr2f/4tdg288wxGMLzsoGKNbQR/UecNZnisujXLO9Jk06f+RGm6fi0arhexqDop99J9N1gzd0o81MUJrzx8WJ6h6sCLHsMrlXYVY2FnDPHHgAPtqR6icbC6V2ZhXZ/y1fGBdGkeyrI/nfs8+YbrmUziwJbpJz4D+egztrlyzf6og+3EQ9WAVk5gvc5mkQ5pd/46XsBY/AJ5HWTytjKBsSNHQpn3SvjHfm9mZ78N7Td6go8zavJTjFRn45RPyA7xtiKRjc7E7mcccebNx/3yp04GZYyqwFn6VsPR0AzXu56Nha6qZRFS0LP03I1+8w9IaMZVDN9rkYfgff4UzswvAdtZv4N8SwuqQ0cgg7DgV7qloX9e1kNDbvN+AObE+OrLe5+LfGA3SXE5dwrZ8yAW0s3ID2aNGgb/fsBvany5MY9QaD/1mJE7J7PD7FzdAtoYtSK9xoyP5zjqA+8D6SkbGFewpk3+TzrHMfpH3pF+gm50BbsUHztOvR/gcS7KYF3e4WeIPzg7g2ib2x70mQ2sqNknobvtyGft2bQHv+wrp3BQFL19wlEEd1Efxqtzv0/fOWG55OFIA08o0eB0d0iq3dqDpveirBtHHjENSyiXfZQ/RURvwWWdabRVZN7jxxAgX5bGlX98K3gzk5jz7IC/zBMXwtO9nGdBF45Bsf9Yhqx6FkdSO4KlvY/OdurRdsVtOFZTR+H3SzrwbH4YGeC493HkUHZNp5rPduwxLcDgUfelmFlRHA0T9ITl/jCASzroOj+IM8DQSdpy13SLDF/7j6cw4CAV1JirmCs8qWiY2u2YqWiQ8tnTuUin0pEdYNIhELgKskXe3qD9vgSCN71xTBhCywAQE0IqtEd6y8IRPWPPUbnEt56b3YaPGIwVxhMf9gQXgeipaViFkEqiCptGlcomimJCUZ5G3asokFABAu8RQjGeRUPLUrYIBhG++bV0G2Eoxpcil7SX/wM8Oz6MptGtWJ2ys52GXNrv8hl5s4TAcroBxbxeuoGpVdJWroSppS+4GpK5iSIWvpdGS/jbUbevoW7ldc/glJeVZlt5F67Og1KmVchDM+CWOV7DSAS7o11XigPPTke6nJmmIic/8682ISCpAwk9PbMMvunoWc1qF+pDKebxWZR+BkfhRM+WFynDtVgqdirubjzhS0OthDEhFMSzpAQeuJThgLTKDkZu6JDwPKVNnsPaKBsq/TLDFmv8nHVJPtLEqFCZhX80vjKLZimuSdJBQl01ElS23FhkU2NP+ltHBjlnn4Qh/u4YGIUO5VTFU6Nw9QBKBryTmWvoKJ4aAfLNKgq+axCth7OSKrEpn4FzTqjlCjIi5OPeUMQ59TesrpwfNSCooJlGI3cDRV/jbuKaT6jsRh2BaSOo+HvJW57bBkwNq6k7l2oEg/+qIX/UUYNnCxynnBUpnhag4j5RRvDO2bq+PfBHAABAAElEQVSpYbK8SzsLM8ogAx+0ctbOLe6Lb1D+KEv+GBmWA57S3l0hNdDMH+PdWVBGJHEey1O2LXjJJxPCO7MbIzPb8paGqXSMwk7+qYOzdIDOzsCNCJcZqzBRN88TG+F5NsZJurt+baxyyyzczHWB8jz4xeCRZyjPXjBF6clGHLwLzkQMJEySutsOqbt1oTIZwMDZinmfg4XZwEEjUk+4W+prDMubNSttJhQk6XbVTYCHJ449GlrYREIMMNGh/IQeM1BP3BzJvsCloa5TJ6GMpolmZD7wpw0nyg9oEUPU88ec5RRBcM7HWqK4Tdj1TlnKGx7DAyj0x3SJf/q32+SW29sa7S37xAGhnFDumtqK5gIOdZnA5zoypoxlcVAgX8TF/1FANYIFxP+Rh4yjOAaUbQ3chFbS/wwni8OIvjc5fHP6wdZxDAf7m2uQ2LJ/z3U3I4ORByjDF4h1mnKUhesm0/5W0XBl+R0lzCJXCA1cI6zStrf6F1got3H80dQ5+BWmzFCjYKDIiaRV9Uyo1JV7f6lAur29l3C3d1IzfJByqNBA4xGb7LjmNnILHjxLmGRC5ay0wDSs7A/0oTE7LTszI9/1loC8VsTSC2afxKJcH/qOlHyrs9p9fbwJvlM925RRjhfbGu6kbzqzYjg/XiH42qgCDGlndCFIZvMtXdk9RQYiX6fHH049x/DR4NTRWTeDblOMaQ0C65CZJWZJV2d8ODfNCIEtLN2tAzfnPZp11vud4Ay7v/LXjmRt2rvufkb79IOr7cD0KDILB4QVUBeAj/ghdTPbJwLW33cZi4ye6GOWiuvM3alNoeIHHal55K/hdfKr69lcn1Y07bCSo9OMVOaxLxLvzAceQgaPCCH2wGHXWIpL2qJIbmrygBMmyjqhliUymGUVNcpL28id1injWqXPEVIaSji1wk0aFcJJaL0/KUdZ4cJGwStjNBotAD0vW+H7wugK6cG7jGk+U0bpuDj+UDYvyeyajC5Y6UJba0Rl4iA1tjLoCI5RPRojifNHitSYHp3Rvk1fXB+hX4LjFGfvBcWAVKC+yh37DUsEU3fDzM9jfM1xPinfrmAWrbFzcrviaj7QWDkpfVBmnPHaPI181jhVfsurFK//YIRxIA2n7Eh84Qx6FnCtp8r/+h54mDwuTdhkrdwGcl49QjmTcUOZRQceHetjNZ1EZ3O6HuVIuz2Hr6H/1bh9gZlEOW+ko4hv4WQjGdcnQ9fSTdF56GvscRUKmozlyTX7hBOjc5KPaUPkNHTb0xiv6aOyhfxB9XLtAVWbVUpvwZ/nOQdSPX6ds2xXnVXmjQahxptpRGoF4cOQQh24oSLOjlp3oxJ3v2gZ9AB5dXXjRPqmSc1uRMEWedXE7DdVCr95t4fZRWlsn3E9sbjXFa6lPGb/wEMRoFqYM+kC2FQmHhAiPeXLZ3vZZMxiLPssjhSv/IVHZ8ppnXuMjSOXUgWfJLnoD5nl8/D1cjkXJftD3sIpQwUuhmShXhDOmsNg6YgIpdwPLTEkq8SX/WsxEtnSavqx7v2bK2iYqO4V1MMVg81BoMjIYErnQikytGKmdSvzd0E6oON3cgBPpgz4/teZDq8IOso37cD0lU6sTMOdnYuBxI0g4l1XIPEv6YLTUGKvSZ4JnavXRUgxZhwgYXy9TTOFuGtF7KDDIJlMQO5IwO4C2S4vL3ypwDJZT9hTLe6ts7NRMpBKOIpiDEeU7MJyOx8PdlzWewGHX6nrop7L9z0bDGzI19SBCqGUdmDgTGejTYKnxW2Tqd+AI71Kvkh5CErD1gztcqYj60ygU+FSNDClSls6jW1K3oBF4XNWZuSAT92jeNAR5Ru9eNJAxTjtkHzAcSDivfDjveod0a8YaQp7FIdhNtfaqmSoxGhkuKFKPJZCAE8HnnRW6uAsRKVn3QKz1QkHCj+HmpGGnpu0oceNGqiQ57W0cFYAr6Xb6bvTpAOBddRAdhZBBWSUDW6g0/TRzCwCEL2jz9DYV5G2mdnAmI3CX8iUIaThxcyB/J4jBSCKA55HXczwBrs9fdqRcpydUVFzYwvX57mWJOvLDEfzo0LF7JCK5wx68Bca4SGXr6nTSC8q9Mn5OhiYCVfDSJB/sxMh+KmMbYX/qaUhNnwZ5uzAb1/RMJ4yUMkPtnEGK4lFuVMW8Wi8SZe5M0m9rBVniQj32rJdmD11V1WZxX+2uQbRnP5h99SotT3t22kHsaOuKkZuwCL+2Rkthi8zptTN0EIP/R6z45khXaGFhmAG++pBlmNWvzWsdNow9qUMX0RRQYuWDjqhRmzmk7WG0LtCkM2vN5GwEPlQOaEjSaVQegFjMK5GPhOGfMQb60otkVlHqJ/9Qd60cL9NYB+SFrwb5L9bdJ/j/DBnAAkZz3EOtrHJyBEY8pOKGrATagmc4q9QFr0V3iWPl2sDXK8o/l4ehLyCw2LqLJyzk5afC1rA41OjOoQnxZElXlYzSl94sZxPwaUqCVKEw+C5PkRZ+174QsJdGA/MY14UCEMopZfK0c5LnkHp5WEMEeQQT6AFNCTPGDytpzNs9iWdGXF0wLs+11kSukhP8yln+a71vfQRNSfbDe3J0ClnrDTm3MJ/tI4i58yGdcKBMec8zcVMBohLSVaw4vBhNniO84N/yi7AcxXN/Okv9XUPUt++tt+bQgX9nLMR/YqyGLoTOkdfV0o7BsoarhMcaQDat+Yo5bSx7TEaQofkeR2XwuVNDNQOVxyHK9h4aznhOd9YQOVTyctGQu42rNHATobCtB9WHkolbQ4ipv/boPMLtAN93xlhPD4xDgwlN3zeWYgRmqlrlgzlZQcW5KORJzjUgGzTZ7zXgeMTnRT0uQ14DK6jHoyTzq7K18728W4L58/+azbaL/74NeQBR3bQO8CanE3Ox5M+7ijrjKGh2VHkGXe2nP33n/2HsuWb7B7tpl0hD3lxIKrQeiv/2B6Gujt5OOesxfTPQCGBVJa/Mt6x3jUsLOV5DE1mhHXFoewDu4v5zRuetA2LN3WCpu/SD1wHlrLNo36gJUM/0Aib69BSl0IOpn3po65Rz3iu8YucpkSKAIbLLPieIf9jiNjWfpw9t89pnNielqbcYjY1uhZ0Tb0Cx9e8o++P5vtJn/9JpwMo5zLGkcNYEXlnfzYdCU1sXYFdeqJON55GD8SZxfdZZlDEPeuLMfTjIJHH+ees2VnWfYX34fnRgRvhGWgArYmYA0VC908dpwrQTiNWfRGYc+uBfJ7xLDPyUMojR85xNiiDIdbSoYLJOY5zIiImOh7A4Rzn/rVz0JY+L12cTZ4ZzUI9xCdrSa2VHhfHTfpcnNfQIQYQ9bxw6gQJwEd9BqhxkhlyGR7hFbBHRly40xDEEHbkA+vebDer5aU+c8mFwezmYud0KPYreSQql2G2Ahjkx5i+M2dM3qC/bbp+DvjDVS1Ds2JI5gxRx/LAuZzx1vObkbrZL7bOucHJANFv28ry+dBG1q2eGTZb78ObpvM2V/1yPDhLF9xxmf3iy2fqPhR0Tp5dXNKujw+8G0cOGn0A/J6u6FvlFWZm5l7hY7olrBZgv04/JitX3/a6wB/Kueg75YN04nQdWN2NbhC2UudpXlnDAPOooCaXApO1ZIvKWVD+i8D24+HG1xlg6WhZm6Rg0/NgJj1xMPI28erXgF3SCJYHfm3fDykshadwjwwUxcF7CjV9zwG+JSSTpuObBsrvSp/kETL86uBVet1lzs1Uhk6QdGwxHyHmTYeR5xf9KSwKk3olQ+28Bkx9KkOF2TOQdBudwSNKcZSNnXmX75bhLJ5La2Bu02Pxpn5YTxUlhYvCVw9aDQN8dwoOpPZWPlDwdPrmFR19lV2uEi6joBOOBpl0WVz8zj1YugmGbWRFTSKOwHThuzMdhnSpZDpb4lokB9TKWgJTZbiMJDzJQxnAGjtzg0c3u54xskZQimuVFmNBVWQHLeQ9DS0MCcP2NETJSJEMICr2GmIiGeHMrmqGcOpdx4Mz8K0NpvHjLJfha1EGNSSsO1UbQ5NUVcVEJQthK3x3Bcz26oK3jgxyqy7+dpBQ8VTISBvyGDZYwgaPscooaVbw9LvJRXZOpB5jw1k0rAhrmyGkrXfWCZJ3ptuePp/BBboK23BEZ7Hi2abNPGPMHfmEVwZghSVm8DV9tplXCPNPutuHVbikIXAyS2ypKHfOykRBQCFQ0a4ZJtqCehrul1lZ8FMRLmWKd+CnUaUDA26AD5gtgQ6sqLMq5MUrmpmEopf9ce46m7SxQ4N4FR85MyRfuxbQcMMKUyGNcsD2QuEz5HJMSJ9t7myuxpw8nGM5lHFgIb6uRwttab/BeI0XGhoYiqlREwPd9rWt9VCTT+9rZt803mV1eZ22DN+rhMHjUxf3k04l2XUd0lYFqBJ3XoWe1i7mJUrWCmFqpotBKIOpWEgglIhsGiPPTOFbjRHrCyokSv2yUQu/w2/yojgJTQUAHCoslIdpU8wE5R9GiwZe+EWlzbolV88O75TwhYelrRUFJw3KiTs+eqtCqQKuR596xgDCyNLwPY9loDGadgQn2zhnuFFGZtlDOGtQ5c3o2xrj9qkx0RXZjdIb8MgMNTCdmbU+ubh3TZ9HPwxrkqst6CsYfFmbhYERY9p+Do3leZUqjQONOnGPwW9IMml0BsnfOqxsa/lZmqVE5Rd8G56SNsIsTPI91KM/2vFlu8orIdrwRp5ZUtBMk6sKi9KtjBEvDY1s1pU2IoEVtV3tI/4eaGlePo6Hw2fxvhDI+yH9gIplOONcM9w8pW9b7+EKHjoruOJ88b1FO4YqCwyv1NGngqTzJm1DyLDhde4oQp/N2t44EyCE7dpxzsxI7qlnZn6vrXEZWsdABaaOwBk8dujZe9uBW3FKUsYWCrRGbmYppZPtpWzlE7qGVzAaCBNMTaC3DsD0S9pPp5thicq6zPrb32xr5IL9PZtqmS79kD7ljDSbbakjaXTOmdUaya/gPPO3Mlej1H6q4u+sgPIKHS392PbHAJ4ThZNN3OR85asX5TUjLdQPGLOFi1kDDMYkjSQNFHHTcSbd5FPrGTLyHWOXdjB03AsUwr86EROpBK+nY4EXbTGyvXR0AbcuZQfjt33LNkU2iS4PKRM5p8PCfNab8kuB5rUyRz6RF0muvIySrN4hf5s/1M9bMxTORh8pP+GjUdZUQnudB9GJ6FvWmXaPbATvjGWuX1bXFS3lDjI2YeLgnfXfvoiBCU11EFK/kpW0O7yR9c7yhHLYy/T2Y3Vm21k41K8K4KX11WHB+aVZ++f66NRP+Uqd7WA4juRNnUhGggVvdRHhS29lvDxvf8hD8oV+Jth5aTTWOxIOfXspSVE4QIDNC/uFOAhYOg/yqCcxqz/Np54+UwdyB3XHpfQ33woInHZcPhMmOdGHsoY9cmdHotzIU0YDurnNWH3AtqqKptxCpcMD3yoJfAR/KbiU21NX+fbnDm9IXvVx3OyvxFP8bJN+mSaX+FhXL+FcBKtefH3/YsDd/rqnAplOo7dKoWFVFojtTpZd4ZlUxqKT1wABow2N6Tvr3evOr0uvDAg8lnFg/CIi94aO6ZkfYCzlrMZNtwe0CWQuG7Q3AmtS4n2LsMUAsWF87ydpubX1k9e/KJncDtX3zcWXTOXl36Tjj0JQ9LOjEp2lPGJ0wBgo24yQjE/xp8DbabfLsaAFE6VcMaPjAz/pnElRWEXAPUUBy68dTAiBSzy6A7uKVyq1nShY5BnlIXA8+y47GZo+9e6YiVL43s4vEb3xW9pA7SjDGrglsLI2SmXYdGmDKlMwuRSGGeykNXnIZ5ik63BST72AGhHwrG1ZMfbm5rdftnkEXZUnFPEbwh+FEeVewU+GnEOWcqr41AoYKw5uKuUOXipg4uVMErxkmOGw+13Wk1hmnA4kA7e0UVoOg4pZD9vK7foHozE7VGKMJiSP8EBDKbPxh55iBSqwyAmeDL70gRVmpivMCdqLR4jFBiUoNtJmSz7Aa20/9OgGw8LGxMvX2V7crzNwM8iOCenzHLOE9umdduB1MNdDq0CWVuCvYcPCgSgf9kkVzrmx/LS9fUxyTQgHdBbNPLalhl3NkFa7C8+wj7QTiq1tnfaCfm7qwVBIU/BMWqoQhV60BwpclArSZQYOeuQd/BoDTrr4z0HUwc6y7YTSTV5D2ZHOrgPUI5o+KcFooxhlGtjhS2gin4BjrQkq/nFGfZywLPnTito/kG0qUOAURV1FErpNWI/mffjf+qikyLsq1OljGHiHCOlzQNeQA69h5leaScPwrMqabSqayjwHawYdnQfBITLSBMgHlJIYMOaHRz2mQaM8xjbGhWsMhRPjNsCF6wMUGXjZIwjkqwxIgqS+vo8Sg+GYEETXvDmgGu5DnVMHYM8vFD4lK20/6gktbAtxrcgCwfEO2JktUfn0HeWkLXjnFT7itzPmMaLpz24Kk5kw8ztLavuRb6iGP6Lc2/72y0VfIA3/xhivOV6Dd7ZNdsoER+ljiFgMdsc6kAl+1l/+Eg8VH2EGvaJXtnPUqAzNaCMujxnITJP8BY10+uhkcPMTDcTMDkpf5ZRyQVnHv1QkEApXHnAnkewVO69FfXc+rjv6jMiXrOUnxqfOrfFelFX7MDRTRgk939A+/cE62GfIm3cW2guOGB7u+7Mq7OK/vCRzIIjD8FqE07/gR/jE39k1FKVans1lGulkmzm201diRMD75rHvJnIFqHHEwGsaH5GZzHZpiNPg5IMHc+HQ0cni+k77I6knzH5oNI41+KB/Iih0skkTsUVe2ec2mTV1u/Ks52b8dBlJ4sLoe5lllad5HplGfkOpY/zQP5Q96RvUIw4CjYRAhyrIYWfdY/grG+UB+n7GMdIbbhejzfbROKF/jeU/mHyOzAnPRCbT/+Gh7NbouOczjTbrruHg2KSx5qVyr7w25NGlLDaQl3xre8PTc9Pz3PYyfDEzhqG7hp7OBV4I27FLurFuNg9tM+FpcCDvYhzxPiXI787YpI6OA/1KFuQUONt3w6s69I8/EmNopBMycOnjySIv84Mwco0w++kI56UyQ0MyxnTA9NSBD1jlsoLX9pXflJv+pr/pEHJmMeO1MtMC/IgQfWS+D0OZ9gnujlML+QsugYEcF4bP1T00cq2135HP6EKGkNv/ve81cYOSGDY6JnwqDHg+m+WFGLSB9LdtNGoAGdTs0/Co4Y55oFMgYwhArKdtYzthRHvsjg7CRDOEcCmq5Lu8YpQKbV6NZJ23P9s9lmfIO3WWmX3FSzwV0rzq1cnj5T8ZM2x/8YN3M+YGBzPtvKIv8zhlKs9LsO5MlDvKtMD0CXQW+UyZsVy3pCMNBJszvukEdtzxStvm19If08ET4uuYcyl2pqXcXl1FfzDdJWGib6RTZlZJBV9eipv5v75X75XB7Ekg+x6s9fQkaU9vRZ4q6wIqiSF2BK1Et6HkTK8ng5EySDCk0QNBaE46liEUdKQ0+vA+zbC4KfgpwsbiB2VHeWIrVremFm6U/gxgNuQiyy4/FG7Dv0vLMIOhNimG3wPqnm8UxU5PvgJbQaLgD6zd4exSeOHKC6fLrYtCIEqmJeXBdi7DE2eERXnuWClKYhOMthM91S/CXAyDU8DlkGbSO1MwdAZq0a/tOjCsBif9WcYfV+zoUtlJyr2PFrmhqYP2BZQYlSjoMwy2dC+bbJEyRMhdPYwxzr2blDnQlwgFM4Wdwky62JkUKA7QGi7wXmacWPidjisvMguiN1AYduX845nfXq6JioHibmcaKLYhoKcaxiqvCFL8Tnme4xGAU6GEwA4IEjMYu+7N/K6dypb4ej5J4CzOjMMtHVxcp5bQObz91CqDiYOEA/cW3sTxCEWC8pM/3keUhazpYvAWL+tDPVUuahdHvLbkj0IfeiiEAcHHGTxDukYodg4GznRtnWBGDlqNtvrgD0XGeNMmbCDh2qjQDgD5p/dYryEDjjOXFV7IGWzS2HpLV34YUjfPftVwPQpWxgDLVNDiUTRkMXiTT8GsMexsxty9zonhMGQxm3sEF2YJbQMbwME8gwp1luecTYF+9gvbq9HnsplA2gsaxMOpskRePZoqL9TbXmt9fB6P8GKQkkdIG17pTUlJoEHTQEfWWHglTBI8pIPKoXJJ2s/6M2GDFAD41lhRAfBRyvUn+RiYXbM6cqEQ9E94nzPFtK2zNFPXDANCOoVG9BVnqLymzEIGhrhaDHwhv8SYtS3M58yghrYhM+BZRoO56TXKdupj3uAvnuTzgrtSnnTKhi0qg/YnaaoyghKmc0EjnFykFwHz1OUB6Sq3U3mGvrJ4Qds6KHokhIbR1P5mv4VmFUIlz5QxGfpRLqmQnQzKMSJvDH9Nj385ZC3krQDNQMyZDoeMDUEErChb8qS94RHlmGFooY2GPe+zFtFQPWdA0ybkMy27ksUAtS7QqtqBfnsIHODfqYqnfKtxBp0Sv0SbZf0otImcBo/QjFqk7ELVh9BEXCQN3/35QD8Ac/G818M0/sz9zkQ9Zb54L6zi6xiM1MNy9NznjMClvHFa0hfySH6xxPwpWP71XUdt++Guv6CDcgkeCR1VXoeyxEknAYA0EjSwI+PEa6i4Cir9FihxmiSraZ35MY31IF+MPPugPOh7jXzP84uxXfCyARmGifJTmRnDy/axAwOqxjLT8ogvsPMheMHL8qfGrkog/TKhrJZtCKFrgeER5ZK8mDM7yWv0QZxzGI2hNfyV5Qv2Fd9rmKrUqwtAZzft8I11jOJrf7Y+PM8sOn12xIYUc9ffsgNF8FdOmD6ZgCqdgW9bi0tor3EgDNJZbkrQIAjTWHfSy2+2jbjZ19UnkE2RLY6Z0tExCPgJ87X/SCr7qEYZfXZw1mX5An1jzuY5jr2dQ2PYGEnjrJ3r4lI34MTIdKOz/dBTJ7FUUKaoALOhlSHulq/sjf5iFXR4O4bbHuKMo9GqjYn6mCHXYhRZf+WnROWPJKmoL+pHYtsilUBWRVcLb2KkSRfLkA7ki9PFKB9D05XX8pBLHkwj8MgSx4ae3j6e/sW9cpTxfY5c87xXW9iwy3HWwQNCJ4NjM2Ov0R+pk+vbwgVBvFCxKGWvbSDfdL62X6gvGfKXMFb5lVBQj8lx/bQyVbRmOGxGrKEvR7V4+oJ6mpfjMXI7lMTjqhw/0vHrPpG4vgldwc3xUrn4ZBftP9bIt7+q+8ovu12iI7KgVsY697ul8xnJws3w5VhnA/Q39aXpi+dn0gx6jHUqDHUUzuICoDJKnQW5MRbXwFwkyI8YZrT/1IgfI33U96xTYC6lFRFA2qn8Sl++FLmlDF+fn5OVw7e8rgZoS316QNMpklaqwjx0pgjCSBRhXAaQjOEr8/AvqcizyGv+iz9SY3H5nhuNuO418lUG6V7mAm6/D7xFftMKgI6ngHXwHoR9F3hVgEC3P4Vf3csy9Y9uaRrxU5j4DeygO/yGUMM/00bJc5CJVwUcevYUFbx4cJlLagU6SqFGVQZkByIUnGTdZbQVb5WSAf+gBZS6hu+dBaZtLUnm11BESCbuOBIBQSTu/LZeA5zALeDBcijCRwpJkyrE8lOcLsK1kgAbb6uCKgq9oSMOBPTT0EchEJShhHXyJi86FgLRyAHnMkTo5A6Sto2pHbzE2sGPgUap4QBdMwq+462KA/QU76xrYse82miAIc16yyvCsA7EnyfEA4ESIaRRYk49qxoRpnTAcQBXaaZehmwmtIp3OWuNBfTOABvm6RqgzCSgiDhoSqIVd06DL928w1kylXG32E4IszSw/VWmTa8nUxpQr4zR1KVCZ2wzlGsGZ9tT/FWAsiOgs30OYJShl9p6W65nLkUM2Ra8y4YolhEFAHq6xhEYqS/4OmhUH4Q2CkwHG3ERHeFriKkI6WnkeUSvhp9CEWU4fCYd8RpnrRHKkTvRiacK/PwU9RcWGHru2tg9xL2njrWxCIaZ99KEmQbLiKGAly7Kw2BwMwhpDJm0FHtnScE3sEMZfoOdSqFeU+mLp9YNK+x/0qc+/Te4mVmlbK5wH2SJ6RzATC3/MVBUWC2PwFE+S7kaTqkHz+M9hRaGsNIWxVvSDZ6zbalL9XXzW2pvZ8K6EpKVWTANHN4BVHonrNf2kY4YPm617zrCOqC6h56lL5NJeOJKmtqoxn4jLGgKb6f/wsdjlRLlZpdtqQ+4RyGjDVMv+1GICtXEVeNQBYi6OpuZV6SoNSskkOfti9Q7syWpb9GvcJeSZrZ2fEUoAJN6+SZjQX5VQ2bjHI94QDmw3iqZ1k++y4DszCXtLu9L58xAyzOktj7hV9o0M7/QRJni2YEpyzaXjqKjcq0HnzTS2509TauRPD3xSMHXCxwa2l5mAr59gTpmNgkZ4aw7SAK/8M/XcJs85uuvc7+dlF9ivXi9/Mt3wxU87R+UH7kkDYby/GURvg+V+hvL3HENJW3nlMJSbrjCJ/CHhrCznJkhjdI3pCAtfCIdnFVyRhJCDS/rO+DE1R/V5kMtw9sKOHlBOWP7OJuncaABSp7MzPFao86Q+LQPkAwJjBGALLcNwovykDPi5E1NLFKZg6IWmpnOGTNkQUUPdb7keeSscNUllPkYXvLy3NBGZR4OIrHXuBB2xn/uMztA3TO7pqPFcUJnUwxU5UUZZNI1M0jyi0aU5SQkz/p32eGmTsjL6rM8lrbS1Bm/zEZSIFf6jMqn7Qsc2ynIAWds+ZQxdrbEWXrXJxLxEQeaDjZkf8kGskBfQ0pD02H2UECMtYYopky3T7ddbD9xk1amgQ5pM0OI/XQnlfDTRyUo/SI4KuTkR2WqOpO6gfR19ki9gPae07ZGGsSIOsOmacAMb9mm1CuGpqSC10fWnZlNZ550smThoY4iDXtoG8euhOLKjJg6ojwl5sAIv4CHvJat/8N7kUpFW/QV6RJHo8405a6zXNDBqqsHyLMjnYbylnJQuRcBSZtYT8tzhjnlkc92NNRd2enss3mctEAG24ZjHQlGvFDuyHMpmYmc5ygC0QZvx1baVr6Njp/+ZFnyNDgMOpXlLX/AV5QXz+ifY8buwFJ+BY4Jdl6RBembADNN4A+AK23SAFh+ko4zIhWs+xgeSd9OsvTE/qvyhZfIF2ih24CGTwrf+kUafmhAaryZb8g7lN0h1pc8ZtnSn7Q70/DIEgMYnLrjoOBVdgm17WRA94NOSSeO/xmuyeiGF7wuOyumYZ5eiYsKiLxWrIopDFOKLA2scHiKKzTxj9T2S29Ofpifqx7X74v/QnSvZB9+BU418JNm7uU5nKv0qgAnBEkPEe8yiAfm5f/IozK4TJhYZwSlin6UYSAIo1hBTLZxqgGczEOdgZHDUvt9weRhFJVtAshU8aTSRsaYw54+KQEQYSpMHl9yBeLiafJwN3z7on6T2aSCEY63fmwTPVbO5pjW0CUV7Qz0Jqu65Tu0K+oN94GhIDadoQgKFTsKVxSgnj8FUkKgOQD1ztTJQmphmKojya/hWV7kD7mB7xobDUG/U5X8IS8ws3YscLhHuCj43Q0xnrMI2iohCqHPbV9D3xxoEGJZ26TwtK/wLJ5OlEC5PQJJL5XpNRxRAjKLZF2gV7aQJ2222k9NqK/pwcPDuqMoO5AhxDXuNMqyuYa/FQYqihHgKD0OaAjm8ITKD4NJnrEhQsLffO/HAYUBwx0UAYo3kDYAFw1kvcnlPYRAwI+yFRkADfQK2m7eSy89wuAh9WcqfhpGqQN5057cMUDVOq5ScOPxtn6GA0kj8Ch4wA/s4ol4cKFz3qtw+47QyVF2N2PYsVwHIIicMFiVAOEGM/4Q6ikP571Gl+9lHAbmbJbhC5UWM8CQCdfToKFu1qXaSWFrgv4hrzt8aoRlFs98pB8GAr/9hAbgllAUcqfcAYY4RHGhWL8xcgyztTzXmKWe8rqKBhzkIK3xVngCS+MRtEMXlUGVLEAGw46mfSmbt/A+CpoKgrSw3aj3YEQmZE/5RDrrI+4xmlUGxdMPdM9ABJ8ZHpnLMlXe5PWkKV6LUd6VLpWK7MiooUTZUa74VdQRCs+pm8dMBDeVZ/AT09BQ/lXB0gkgjuDht4agOLrrpHWTlxOinIGRclJ3lDp5O/SwjYFJveVljamsLQuNbTtxod4qcf72uTSGN8M/4KHjwmMFbK/U1yykCd7pc/ZT7sjjzKewMiuj40jlWjICw1m3OFVoj4Rcpmx+24E6He2T6asq7dItSPH1NV5SVBjRB6uygVT14B3/04fti4aefU1lpiIdw/ptSy9f0QNoN40f6ZY+L9/TLouU4idvadhJlCV8l2HVb94nZ89t2sVPSjdkWtmonHQmB7oaej20q/Kg5DR9UENZnJxl0hCwreRHDTt4bHzwWviK9xrv9kudKvKXKMgfzpw5Q9blh2VI70TEICPdNCZhW/APgEETRO0/4ox8HLkWC74V/TGzJ15R5jX4oFljbMn5Xz1KJGXDHyrnOreyZs2+LWSBiBf4Z38C+5H6jPwqrsJDHhZ94X+dZ+oKGib2MfAK/wtER6J9jOiQOEUcI5SxKvmObsLhmeVmvwFlHuNWDFrro/HmM9+rD/ZyRU89SydgdgEVJ+gq3d0a3zJrbKPv7LjIqcyThjrGjLiyjWMAUk/bmbqG9mlPaKuBKw7ZLMjxkb7Ku/CEY6Uy1pBI04Nm1lLRzsGDzd1i3Nue1CV08reGHW2dmT1DN2n/GTM2WcdoeKB10JATpuOMdIVn3GTPXS1tJPtf2spv+d0x3HrI95G/vT2lM/gHpvyIHEo4cCKSSGubWGfG5hgb0t0yvdKHSGP7S2Nra3uKDzBdj5ZNTsKv0MG2tB2WLnJLlu0rsMlvG+XDWyuSylSynXm4s+9I56owv3dAXMAenuZb+mJIu+5e2D6rv5U8aaRZCuu0TIpKOQBNuuFGKAtct9Ntwx0wlz6MK9ByqNd2mg4sOBUdw0/Q4uIreSxGnTK0vQTKxVm+bveTyW2vep3CyQ4TJeCrAK2ikMW1entkHL2TMmKa4WkAstIDLdNZ6PwSM8z9JPnTOBcXI7P5jD9+hHvZC0LDzFFEHKwjIJ80w05IKYhiaCw90olxVqGhM8frbWpx4bqkKv15/4ohY8n5dBQc6lSmFs8FRJkleOmkDFbe24GjuAMMsVxl8Xs53yW/eTAYZzE6UlZ/1vG1uLQtfFE7jqJY6ZVkRio8YqWe5Ar5SQI/B6cRXhY96yPPpYPPonylPrwXjnUZ4JnZz9JV4WXUL4MT/LXzdU8JJDsXdEu4IIlKkGCcKOm5VGAcYOo4Au4VgpblgM37CHlomkEFfo6H0H6BYFIJMARRpVIPe+ihYFGhtNMqiMwTgwNBrbdQOhnm4WCkYhEeAX8G8+l5lAnqkw04KFklV+9edv+DJ3OmmIpA6KUBQN9iwIgxJtXE0/LtL/KwMFAkM4tou1lhyk/9pIv8Th5nctxIpGYlTMQ701sP0rnlftZWFQSgYuiIB/UTRowiy1q0Ae3iDAyDk31qIUPsG641wmiULtmwiPIppPjP3wHCvQObgy/3aYPuUVbxKUW3PNkaX1nXYX3Ir4E7rHXRA10bm/COfG6mUiEc3AM1zhnqaThfFDpomVBs3m1fVMpbZzWBl15FOUGzJ9r+TVr5yg91XeLgBbiEn5BBUiXUysHe0DzCcDPwO+AFILRAacu5bulbKjbQwrZAiZkQOuUGINKpQ6Np+QWeWV8ozhmEHGytAzjLp4Y/q7xIW2VTlBMMSJQQ11Vq5GZmT3paB8p2ds2ZIY0f3y0PbuFncKq1iBbTN1CBR50ZzsyH4TnApWJLH/hlcJRlV76Opynsk8j+MbIhfchstheeZWmTeg/9wHqGPryiL41RMq1X1kgpbLjkP3cndBlU6KVzQiWStvegXGd2y0AEfhdQGroDn+rcqD6DAk+erB2kb27hDZc+0jbOFGmm1IUHM3NuH8+MCzSEtqE9dUq/DVPRXp0XBlrb78A49SzsrcFXf5lXgySRGfzO2LYDDCmUIzpmMERTh/DdjkRP4yYlWUJ9Lg4lCu9ZI9rXGQPkW2SfXull6NxUuK9854sdbxcp5fXQTLoNn556GIc0nHWaJS0yKrsL229oqyyV0FAUXYwGdRTX3yr77B+GEads5CgcUmvPrIOyzPa1v9reGG3ZFp9yZuop5I0SL++qxNOOhh7WRbk+14gnXdabAT9GljJcBxj4xYCyz3a5l7BKDR/Ltf+CW6IHoJ1LPeJEoR/EEPZbI0/5J+26gh4lnX6Wfs1j1/kG/1CHpPYjysxM2SCrMd6coZo7E6J8Tf+CmtLPujluWQ/rZGn0ldQZOiW0WJpLI3GmzKwTM70y1FA7NmrTeIxRnQSBgjyAjt4ji8qQTE34Yz5geW6nfVE8HF873cMwZEubCmq4hCVdxUX+49sZmIRi8k4ZkFDWrp9m/IOGcSQQsildIi/kld4GMeSsf/AArrO5wEldHe8dUzVONbKQEaGv44Ew6G+jHl4bkuJUTlghM9OuNUweaWa/TAYwBM+C6XiObFEnSB+zTkWuWhcKH9k20sEPf/yXPk6fi8MAnsyMoLONzKKG9zUAyRcaJZ9561q+pSdUm8CDjsiXu6JW9fKlydydWdGTwje2xy7X8NT+69rVkWvtHS9s410uZXC291cnsM7WUzrtkjZ9nndivOv7RZ6ltxqyS7fVFsODJUim2+2CCAOFIve4uwx2u+X+Qz+bTG6+63WiO45n9DJIXlSMDGnHipdHb7mdQuXaaW6Vyss03kVg6jZw6AAMekOYRzYDEMZAx4sz+i603U4j8TRMSmDxHaXKb9Ps9iG9uA4dIQoAjU/amlreLY8F+OGSCAoAO2MUFu7tPCqjvu6fnjrPLv/HVDIw35bvBwA+XXysg1Dp8JmhsYM7ixJ6k+7i9Mt5F79hLjsOaV0QrtIVga5Qzz8SUkaxYKXN7IGzJwqqy1yAq2tAdrgH0pjQqIQ9yCMI9YSSOsAqUPm7yJvyvSs61IDNb+qtUq9CNGGHL4V5whul0aIcf9RdPS3IO96zY1QOyNZTbjF6VyM0TLWdN+WaQOEcnPwqLJ2N81f4zG9nMxTCDKC165TeXOjkAMDgqfCR3n4bQpl1TM4QKtgzwwNdrQ/vHFA0ciOE4CtnwTTYa+MM2kKFPQoH4G1D+SHCRxqBjHSzXG/8L32kXd75mN/wegzJCKNOvzAO72Kgiz+DQ9pAMJYJP+AplK8TViQBArsXpWc0xp11qMIsM7tAOhtpMvF2oIoApk4MJJNDN0TYe1h14sqzrsg1asxs6OmmHJXjHEprvaCh7ZfD7aUpeCb8SrkjnTQUVRrNaLtalm0clKQf/Ge5ekZp2xjIaU0xTKv6I3ndXCBntmmoq2DZxvW2/7UUnlFOzhNMdvojb5fThX55MvyyjciLIiXO/vbyrW0dA07clUXgPuUcOXGbOAPKdw5ujZySHuSjbyW0j+QJXTSvbQesbGLigMrvzLZK/5TJoEy8adawyaviIh4dF9spcoXyozhRkPh5jQytQpGz7oYeOduUrkFeZ1rTPwjDiuEXeCIJPsioHAvCurTwpMCoR9oNHF23KP5R6qhDZqbsW/YZynDmMP0oeDrWTBJenHAmZxYWF++8KNMDw1XswzPwRY6gkB8IcbYPpM8NfUZFWq+4RqYK6oC79JTX4L3IXZST8JmzS9RpynpQ16tWmfCDfRQ+dCZVpXZM+hy3ECX94rF1oLlc87VewLCtwV2jURpl9sNQOI2P1KPDzm/pA47hoa+1TPLZrLS3u4NaRna+k1bhL+4dDzUyVIpd55T+UzxUrGTdk1VsgqZ8cfEncoQ2Co+Ft6vsguFvxxfkrI4x0mVNnHKVDFY3JYpD10tyQLI4asQ6Bmk82Ac0gMyAbHbNbmR6FR4i5bBpDRgVWuFaP/nVm8weQGsjPjAWEw4p7E6LrE/TAMjsX6eRM+04AxPKSJvV+rGuizhOYqykHJ0D6hcJAwUvHW/UbwY/x6BR17AOppE3NdAo1/DEOG6QG66/F1YUePuydZRPbETDD62TdegzRiGauCuzyegMTjY0iQwim0cRKSPcJMNdNXW8aPhZD/GRN5wVhEaZjaL9E3WDU0VaZMbDPqOxihEXHVLZbFkWzngzMo+0TP+jzIFGVsS+SpvpYFvwS+UEL/je3Tu9tw0YGyo8Fp5Q1/FgMutmv/eSDq5ZpT9nSY1GbWbF8jJ1wYNY9PORfCYMrvQ1y1CWOE5o1GesAD55xspbZ9KgxViaqavZ7pZnfaUvzrKx7THU0/qLk/1TWYLcmWsc+oy6xwC0X7m2TR7QWSasICRS0I42yOHROuvk2R4dl3QawdJGR85lZQDv7TPIZGcRx7bp5S7Q3L4Yn9ArlOlx+luXXS/rxgvb0jSdz4akeZWbnh94mS0Nn9LuA58MGRbfWCGM7+riNSYtXix++Nyxq+QRj4PD4nX9gO7bOOyepmMGHHCDx2aG1zMexPjeDeZFRXw9b1cs1A5TDSrqT+NKDWAoOozKaBa+qvDGmIDZBqZ6KlDCoch4rGxIB0obQQXTjhpi7IJTOmEHLgw+KkBO4WbNhMKXTlRe913yD1l73jQE+YdbcaJpuPfJzktoAyNkal2hGW8SeWD2eMgUOGZLwkth7ITonZ1wKJ3fXcEWr7pEqPCxU888tNcOaEezrKQLZj397l+BQNskvEUlGfq6eYZnlqhUBgUFx5A9cBUeAx7Di53f2+l3Phd+YsxV+PTsC0dG7wKp6lR57DZSwUXdIsCeEbAkT8VXxVwB7Cu9ScJQcQudtnETj2q3gpk3PIwyFUNDrzrw2PExu5sBZ8hdtfbOD8Kgt+HABwr2HHxtCBb5EnpjMfKog2p4vvLX9voMYiLExh0ROvC3PJqZVfpN2i1lVQlTB1Hex9hR0ZT/uaBcvscesWDfYJCYsSasgFMXiSXNUj6P7Uc8q1rw0zL9+DTvBGf6embaOCD6oFH56m/qZCU0klRaGPjMFWWH+2zbDV1dPD0bscgeRSVtYr0d5A33MC5fD6+eZ72J8G9i+hX2KMyuSdvisHFnlDRWNYiCWRQ2a2ddoIsDn6xIH493vIdciL7d3bZZQZFQSYjx69oQyug1wRPLDJfr36Jwa3DzDgVcOlbPkiyWw0AsDBU50rh2bc5aA8+ms1pkyF9h55gDlRA8iVO2yraO4W3geC1oKQ25ST34aZosmvc36ZxBcrewTb3OlJP6W74vqVzurcvAk/SjMQv1dWqkbVUWoI2X/BWFgHU7Wyo0KvIYeuTgLUYFbamcmiqrTD/Uy34h/Q/A39afA4unKB6hE+lytASb2Eif6fGvpH0zm51ei/Js6CHKSJQ1zpeSpqmdNKXvipaGmbwTOlg2/2JYcd6SkQQJV7XS9K9smOUMgnKJvlD9QKjUA1zdtMU2qElMa0KZ3Lj+dIzi4WHpOgKioJJuRVqhaOWA+b5eMO0tnihEMdzOMBYyaxADQBnDzKczpjMO9l0RFrwTo4TNCNJXpVPvdyAACvaRutJ0oUJab3jMd72x9v7/w10CAD58aj+xvyprMjbsCtiyuf5Q5dqerL+JkepvZqWkp+H1dtDh0jDCySI+6bgUKo5f1RVeYIxT8aXMOCsNZZOnbW/7Cnw80/Cmf7u5CJzIO8qB7yxR2SDPRGYlbJEH9n3TeG6ZzinHBvlUBfwgvDAhBM4QNhVgZTF0HfNtGcqhubNKbh1PWakfY1vknTMmGjPHHqZQ5LA85G/LAlcA1bdyShnhR0XcsYw6zT2sGDnAwYFkoR4aKo53jgWRnyUzDfOLzuVsjjoPskIecJfW0QX6IfU1JHDkZjzW3e3+CTvMujPaKLOIyjk/8gLLJKSWP8duwmDZZ6Gzzgx4PsaQMsYU4iJNXRvPE+mX7eU1yKyjNNt3DY/B3TPJnL3EyBy7gzEySWdu8NMQsa6tGyiGccozAJ/r+JOOtpf079fIcxnlCaWB62ppi9AwCEE79ceuFwjD9lRqZx0suSID00eqrgULutmH5V2NWM+jlGlSOR/bbl48UMYz/icSyOfi71E34mr7OZnhujXe9ezJ5kYoVVb/ykuJCG6hpzimB/PMMZL6iSe8nTJcxkJZ2RBrCHOVDMifJo0dm8PoPHSzMOkg3PSToFBlkcVxPJvjcKYcP0ABPhXW4gI58Hd2N8dFLGpiokWtFqmHH8Ffhx50rDFseLPzO7SWZ6W3IFO2cOsmt0Mfliqkm2jQSxPx2gmu39Ge1MNzaWPLhGcuTenOxDpEZnzGOI4rjFd9aaleZEt/ok1njBn2oTg4bO9FafVDkkefISQ96zzNG1iXlj3k/Xp/T1b2X/86GzoN+TShB738gcAKFo1AO46Mkw721QCCMCqPeHji6QksFUGeKeCe5AoBSRYBYh/RE9W9E/FyqMAEzycBsnh1UVmWn7wDcy2995UMaGNFSYK5FP56jXc04NMpHBgKSQRDbQYBQzlYDMUHP+HshFVCR6FVFfBLEVDX8N1vh6ehKYIB4WYIRjo5YUXZnluBmzrtzLPr3TJ4Oxb3GchSfmESxHxhG9JxwhZ6rBwUTN/xDg3zUuztsB04X0BO8VnI7UDHlYFYWusw6J3KHD1X0gy/8+0fwAQGg0yEi8IWfs0rygvduBF28tSb/PU+G7GIF4PisBFNBsgFvaApSmrW16h0hpYW26EN6bjV+42aXDWzvLwzHcJFAcNAOb2gwJJmPgd5DLesJTM9A7HheLM5g4eDtkLY2YO+Jbb8WFTzb9XHGa/UP/0cmJWAb36g0GfmT03YQcMSwcmcY7yNzmCsyC8oIzHywd8dTm3AhMVqEImnSoTtYl5xUqGSj2nzODYYOFIfy4wiZDgThckT5uMyNDVbufd6zwyjE2fw1/gCaPBy5jO7+4V2lIXS4Hl28ejCFzMVbCppeVHGhc1glyMWKD+b4wz4Knu8/M5/6qbB0WE7y5QB0XvfBzfbG6eCa21ot7SDBqsDhzxpmpQtXO6hq9/pDhJ/eJd0lTx5HLgy+Jqm42R66OWMuZsf2ScS8TB4YU1KX3ZXQdtzwFtFypnhrAMThhd1iNKkVxaltdaJkM1Xtr0DlsosfJXt3W2bXCJjQf7lX5RJ6s0DsakLzKBByoc3fG715E8PTnfmynMB5aso1OY2AXhX6CH8Lm9IK78ZD1z/5lmH8o/9xn9BwgLlcz41Q+0DL1JAZEuXb8JL3CcfZVXYGu9UFHt7KpsSemse6hUDmHfOaLlmMSFWOFeye6D8LC7AInXHx19Ll4a37aVxZ35nQ4L3Upqv6ud2SZWt7rdBgItKNMp4ZgN1JlmmtP2qrw7bvCE1NAsc7+sj70Xxp33kBuV4ZnXSvyvbkLdwENDFl+XQLxZX55dOp+KptFp40d30ovQ7ZolHlzNmjyGkoUi9M3PA+4wtfMtGHaPK5zPKEKNB1g/jieFZbg4xzzgDbkaOYGRktz9hwxvhH3mAA9pTlsq84YI6eDQYMDKj9CL/pY1nqim3M9PlIdKUkQveSFiiuDg7qKKunNCTz1ls0afyrJTsRE10GZIZQmktf9FPbY/FuhtlgPk1JOVxygue0ke9Ctky338tRhXhto5TwIlRpaGJTE2/MHQcg9g+WsYQ3xJykGNVA/on+W0P299xiH6UmU037sg74IgnY1VwNKHGnDLcBnDcoK+Yx2gKd5KMLuVYI91iWKAXOc5hAA67CmbZAGNWwlydwXJss94aHMNsVmiOHLMN+9hi8c6gLXZStz69PTLzT4KiAe2rQYYcjMNZuc69R0jY97NboWvmsqYbmNQ345gy03FNujuO27bW049//O+Y425bGvzIp6xz06GG3HXMcXwbWxfaxmUnElcjVL5JqKUbVkkb241QJjeHCm/Qfiks/N3LE8bglAcv32cGj5nQHCFgHTUW5YvIa26lUYch2tGhUwlhXnzZZ8nAf5PkIw2Uq5e7wFvDWgMqzpLkS0k7clQftf8WDdP3l+W/WXZcpAMR6xfnzuVwpoLKs+gnmb0cdKwlYDZm4ENjHSJ+LkExhKpM/Byri0oI+kzJyyV4/4l/6ppNB/zayrFmEEHPKw1XyFsRrkExqruqn4X118NjK10C+QkYkk6vFz/pQsXtZLv8CsMFHg1jeTBlGtsXMEpCInbJt/ujoTy+5UEVWh9Fadxm1mrNDoHGznqQTbxeKkAycLV+T/AUX8K3HBha743KSxbOKgTCFJfvDLLsQCarm/uU3fHO6GUBS5ev4EY7fUIYInipm504eZfSPtlP4OSS5hMGcpV7cReRSDPeDt9yP0IoijwID46CAYT09Hf1mxB+gUmw549ec71REaRR+Bn05DfraBuIjIk70P413Fpp1kRhXDsLqBDUuxovUKL0AcEQo+IMkAzo/hqACLY0gRQQBc7CFFQ+t37iwsCZsA6eJewUL2kGNnINiFSbmcePL3zF7zQzZWuYkL+8fir8/PalHryuGMJwEIQ+J4COV3ZedNBcY0ZDIakCNwy4DnB6CU3ugaoIOfG1XJVtz6tSmdBjOsMjHZABTXsa0gm9MivqrKWKSeobxKNAG8sf7xPtopGYeVSUOxVgDZ9pvNzA0mMKjxju5CAa5ZhBLAd7K5zBc8wMj/3XfB6RkB29KCp9AtgqBPG6M8jNY8CqQJCDowECF/hsF8NsGWJNZSX14A/wA0s+0ti1XDy+0lcKF3H44t+U9WkrKBPuHJdZVgZw6VUXaXPx7SDqF2XJh5kdsD+E0LTpIh2/GUxj3IOf9S1DZ4DVkw7pg09/JhjbSr4A5wxotbAusjLGuw2GMjQmRHieIy6KLaSZZToIOzsWhUmw5HdTmmz8oCEmTaJ8UA95CIpEDlGvbCCTcBtlO22rbNZRB28twmXMYRsYToWX2LBC4UnLzA4MMhF4E2exxAUapfYqMipyGn7yRj3lPb8cYAmDjNc5ePNH8kL3kbuXAm9qJILv+hXnjOHJZ+Rxd9xkMxNobyvPCEeNsmNbBieS8NvNcgxVdeAP3uJjnzENclIjMTjynoxmCv/4u2acrElhLu/6WweCDrLwRNqwI/g1fIWO5hNX+UwjPzzWgfHbIxpmJ6AFbV4zFuJ5aWGFab0a0Bq+h9TWxHRxig4Pd8CCD5QhzArIL9VHuuMijZE/4Hkx5AGY3wPAlMQ9aa0bPBDe6jhEFlpX6Jq29adpAto83Be2/qhreJx3i0ehnUkDTtkvHdOefPFw3p1SwYg/oYM8Y//KQ/BTpm4SEncWJVtnnoq9M7ac4WgS5XKzf+P0Sn5kSHjEQuGj+bzGnZw/plINr2U9dvLCf87qaSjIa/KpUHU0unHZ/uuBDy5uhGI/1GChL+VwbB3XyilDLp0Js49Yp250hIeYuYmRpbwK4eBf+mvNJAb70ChhaGPkvsarOIiLs2rsiOwMxthZPTcKUQ64dox+Ehr19fHhQfPwGWks6NRKn5Um1CjjrBWmTGlAH46D1P6mjLEM3kZ9cPdbHXfohTEmCNs0rH6UssjPDJ1OLY2m4lpyItuyNs9QafEDpq2Z9cQnGTc1lqDB/9/c/fZYshv3Hb+7VxYgBI6TZxHy/t9arCAIYNmJ7Di4M/5+fuw+e2Z3Zu/KApRw90x3809VsVgsVpFs9t57bRV/h8+ZtOLs2InGkYITSzjzf/xD8Gu7T+GpArNzV5HSV8/4ZFKVnGj/1S9q7vH31LrM0Vbap1Yit5WU8yrvf/qvo6eH6P1ttk51Ca6dS2sVbTBZSKJyJrajaW2IrcHjvPW8zJXZVV/qFF796XMrip9+a1txfSgZefm75MgHyOE2CePKGdWOyYydRuMlmf1ewIvGWvgebboimPNOwJ8Cvb7vJX4PPPrZOXhGLm4efq8M4AsfZ5rtyRlm/z74epd7Lo4PVt2zOcf7t3lURZ03RuATvr3N8ld7+vlv3v2QN3K+R5LGuNO7fl2BO+m5GuKuyn4pZ8MpIQAAF19JREFUe8ERb+DF2H9XADxYMw4z0jGdsbkZ5PeI+QjJUW2rTzMdkxuKiPAjVbhQPd0kZGeAUe4onitfeYf9iYQ36eAlDVsRYzhsNs0sTIbDZk8uAMp/9APjOW0Dk7j3y04gGUyUjWDrwgzzeFYA6gGv2zf03nhijFnmV0YbR7mPQXtBfmWVuUB0OeFq97XLnamUwdYb1iOurFcRl0fWyu8lcLNpZiaHwd/D77r7+XfxH9zHb7mLIBMM/8pvloYRKg0SbWB1zqpFCkZ3BPGBvyx32CSF+hRWz27n9HF2Vs/wkJlwHUfs5NwLu/CgsSgQ/GbzdzeIpVEynuRauruUCaN/GA1gjAH5ArRy16rJYDM4DZpTPJmUHek8w1xGbWamdXQWEQ8Y+eo6RYm/KaajtAwG4UjJz3jSl8wWU6hrs4zG5Oa1b/eByeiYgROtW8lhTBporA5xvkM3x6FDJLzT9ZKC9v7blKBByKwwRzIy1XPH8qNZPayIGewNMnCarb3abzxhtMCHG/UbRuUXDuJjMACuX70kpxyRbZHE71NqLPGwcnAE45xOZwAZ5OXdfbjNzm0wrcze8zEw4Osj13WHxxwODpU6+HGK8Fb2Hw3hU401nXaPV1vlwQfttomvU2s8m7GPNv3lCPkwjUbGp/aMVxu05WMcolEfgER7NglxVp8rWtynTqc8E0xmbRHvF1nSzKqG936HDCVLyxia/BkQGVfgmjAKna1rv+nkP7jNwp93szRUpckH2sn9ZPnGVtocLLJcHQS0GFDbbvabv/v9cbqSqfWT+rO+453GTazMYSUP8FQ0w3YGILoy2LZl1n2THavDcB+aVqZxwYriSse/w4eB+vJn9Bwj+qb6S+JXdzcb370mudFpu+K+82jWHE6GG54//apQacnI4g7Wr0HCLE74+nrHLj5Q27YY3jlV4TxtIPXwzjblvXdJjtR3QcH97+mOk+D++XfHVTfR9FvOjnc6tyqzvAEqbR8tlm58bKL4k6PTlw7GjwXkBS0y+8t4N2nFubLiKh4Ymdgf+qfYjPmzglG8/uSTH8YOhvf4XDR6rDCh3eqyHQPRaUsdRypODfZ5TaWJixy78x5WbZcjttVueouTxkkK7naGcCIuHYsnO/1y7Vr/SvbZCXMqvEfHyaAPG4c36WGCxFbFMO+4ebIS/zahvVjjSTcC2W4C49P/rX3VmU7SD3ewiXG2vNeHv2cD4UNbZVd/k4rezzKx1hb4GcUBXnl80XfrR4Nr5Y09RceMI13o0I0p186fERVfcir10618aHOT+uiPvtGg3Fa/0qvac3qxfGvEssFp0qay+s4Oz9JmeGV10RH/6cptC1WfYG8XGf2RzjnvynGCK2OsQ0tysXqDR078FnpOl25VjzN8nSxqJXUHkJgQI1NX3UKwevuI++pvvLMNFO/Ls+395feds9k54x8pugI4xhmdpjT42C3Oj7DKu082VHbUjebj2HLyJhtkJx05Rz5apj9y+j6Tl+TPR6ihuE8IvdF+e01fozd727tya3MFH3z5tsRipOMn/d990vVtmeDs4BkrxdoE7R/BhfNH8D6Rc8a7ePoOTLpuvFtad/rH1wF97JDa7mFDf53nr/j8828uBy5WFBIsDOH9f0qA36vA8q2au3v3TwYDeOQVozZzLONdzBWTbibezzIsXjomX/keBXt+JxCFZWHY6uyMWKsQ6vLDAbKEUqc1A2M/MwGtI7851Ws0IRPO+xeejUTvIJNfkPW67vnpz4SUcjGTUsfbaXE3b57yffdWXVNujJjRZgXvo/YTj0cUxQajQ6S/s/VuRCf6fnq6hsvAw2nR0gx1gw/lsn9PWa/bdfinOh2bsrLVe6fXGWhSguPpVeZGP7qK2+y7h/vXC8/amOL7xIlc+af08k1RLH95w+9ZJ64bHjj4ph7XNq8qUxtcRsmN575edD3wg+8hRTNwDf6TFYPoZO/CY3D2IjoFGo8YvKv/9MPNMUiew3k2dK09yWF0bTufdg7GVYH4kpJrNWMHkez0vlPX0ZA825rICdsHZg0oD7mId9HGaH/JyN0hJYMaYQZKsmEgY0TPWA7uKpphWX0cT78DAvAAPUhqkAYPzh7mQGwwplsajLftspRl5vRX5vO+zZOj2MPaxwA7WbpWCJt5Hc8yLnxIHFdP/aGtjNUapBn8zQzjB8DyjaiTb5luY+A7/XUwV/7AOBVDc+GCu3sTHzPiyO0SF/34QwaSCZMcty6csVqZNzAfBT6+Gdo7OVyckm2HREN1vp3J1dtAxIDsnYA5dwwB9QUkmvadQivRten4OuaVzFBnPNaGL973wM/KoB17fYNvRs1lIN7kSNz7awyy5xA676Nt+y4A8NM7k8H0bHRtosrz2qV02fzLCPocjefdnxOPx7tLbz1OQ2XMzlRGpH7Y1QQGoq77ycfkOcNhM9+lpb+2smHVg97AM/KejK08wxS+/VCUoTPnLeOfcei9FHVhZOCRjMIp0KX+I35RD0DLd/Jz4MszRbBccn75LS0tlc6wxWqHP3Fw1JVxnLF9B9Vcn7779QWT9P/ID97li945094FCufe+aPn8cTs/sVnVUyKiovfC+gWnuh/c39Sv/x9zh8s33Vsm5wV/3urKt4Jq5rJXRMUVowX7vJhnCEq8kvcyfP0t6TTL+InJ4puamJp7UBm6dP6BwjHeG5VeuPi0bMPyGgiR+MzoKXjC9qsFnGAUDwdXLoJZXk4GfQE/c9BTCfbQnbbFZ9+14SAVTTjjr76t/8lSoLn/Tdjx/DWDnQo3CbVLnir1+rQGJgu0Nc+zfhNnm0lp7vJNn1qhYl9gw50q4vVLZN62lJF4TJRIC09YNJmZeZ8BSoHDsyttKEZvPovR9YE3rYJXhM0F0dH95nMDKd+Ho71SX2sPjWnDU/gTJg5BFudJId2eE3uLtrqq3Ok8efi5aEd8Ve/3jbYnvGek2S7ezzb1kT0toI3Pqpr9Lyw99RFO+pMHC/OYzKwzwoU5923tUV1V2yCiS46R1vctpSdJ5wqzESfO3JrB8oYHPzK7DMD8tWX5Z/8pbd22A1nDD14RV/hC5z9ttplLL62cL5Y7a2eO4k3W2r6lJNETtCGB8quPdO3bKVbpkr37bzXfZahsTk5IifqtjIVextKuAhZ39EW6l1bTA7fZn560uZnwlwbbyVs9fHnq7Co5CMCtso1ufw6X+1BftnneKhNxpyvYHmcclQlGk691EFbvA1Lry9sEjqefwgPpHTiC7kl92/B/NWffnMqhowqFk90ite/7UVwg3mG6AThzyYrWP6vQyZEBpSPavocv3sMFlCG6cr6ndgzi3PdXxf5ZNjgbOuVcrfQ3+DeFvnmaWV0mJbdJ+AGdcJuoKbgdPwJA0JU7pA1QB4vQfkCeJTXsRr4bbMI9nY/yfBMU3Wb4+NABUpDB1q48FxP370sa/jMxFBU6pHyPobSt8J6iP82/gtZ3+Ke3CPiwgWHweo4Q93BucRvy67Y1xoBvyjtBu5tN6oz7qVnCmt5B13RBVAH/rqMVnJVO1Ni+xhv7fTJNsFbWYzRp1Yr/2C8uGJENjDtvYfK2BmyraX/UlsvnFLLdxU5jXfFq7989pKnxL2HdOQIX1JUPU0KbGXTLjHRoH0Oazg4ZmtR6MBU5jkclXPFxJNPtiwcjCcSGerawP3i5euF8mWMnAMNghdNTlzEp83ukrcrpw5vFWynaCV3nMPR6yV2fNFGDXajY7QFL4X6ibPrg9klT64dsW5mW1qO5Flxi7gGwG3nVNYJhhTuLSccD8YKg8NL9lOqOQ6MDH1Y3Xo/c4ZyiPCTcUep713ZaBvPyjZHxsvjd1DHqz8+8oDnoRqq97n3/G1Ytv25054eLrhLGU8CBeR7QZtZAeJQGGiUZZxAThYG65IRdI3G0sRX9ooY5GLehvTT6z8zzkqZriM7hyeuL8EXM+MIrOGSRf6e6fn9g6d84hh7zebT23P8GFjlX/t3tU1vNF71Ho0NpFsdZRQzgMo9eHCW5h28nzlLYJIHxkxp67poaZVvxkeAUXJkvvgebG86sCrrH/lsNt+nPDbh4B0cxjLDg6HGgGmF+hQ6/e+VE/i7HCAvo2dgW1HYxmnG1RyC9HL/Dr8P7eMn2gr7ewgLfjzDVMYDgyzYn/53bYv/d95LGFbuLjzleddvWavLgX+e3vkrXRa8Cv7ptRGCr+NUl2cQvwbvHRR31DOYvUNoMgxw/DY5N2eRjjo5dwCP+/Vr+W5IP3pVQD3OZVsRrygTDz4hwYDDo6OP0hHvoDlG44GDLQ+oouR37TcYK98DJ7h6Td/oAxy3K7+cYCws8r7veie84XNjRu8eN80UzWd75EqQDRNJtgjrV1YNjWtWqga3dG3KYWvMf/ltfchqCrnC03/6QzZYu1vou+L3nh15Lc0BKp+dTkuPNvlgFZt8bGsjGls1fWGg/4czcbfVODskfsop4RhYgcrwnKHPOVfepM2fMsbBrH/5pMFWaf7pv4enNoiu+93QZoaKy2Ep77apv4Znla4+8PtsjrHOqZPV2STRjPwZ2UnQVf+9g29Fv39spH3bjcP0x78fTzZJof9bOYdLO05HcTDSK+kbK4yazrbE7eCC3zbLtghO7/U4LRh/ztbDnsH4j78/vP3n+BeEz40dW+Et3yZzOhjEeL1XTYzXm1xoNboKboJ/ByipNYSjoMuRo+0wKM6Ez5HZ7tPVL8bLaOZUL8Eqp35lzKR3k4PXvuP6k0PlrBaCS6eWf7b4dO7pgcdOwJNLL0ozLmYfwLyVoUgbq5FXQKk/nzsI5uV3bWPkuPcpo9fs263wkmtt9K85/VcZRd6GrxNOPUfr24yPp+m57KPx41F81DzyvL0Jpu2TfUh+fWH1fpvjxmelju32eB/x62xVWLu/1kfx6rN2S5COE4cdt34prhOS9YMX7/3/sTbCLGR+zYzgcMh/7jcf4xucf92IawslpiE2mrfMn/CahdChOBRT4D9OWEP9eTEzQ28v/pq1ueD/OBTkIAgjKdzuMROcj4L0/WLyr+X9CkYlL/g1pEGfEkxRbHYqPjzCE9yjjK9yw3vlWp7KUggJ2ZQC+j8K8jEqdeTKggvEj4cE0cBnxsogwNkEIKfiz2274R6TT4MhY233TAzY8JgdMcBzcDcrfNP9K8RLNjDYgmEAMdOXseh9wk+/ZOCh/znMaholxV7XwegxOd02zsidIWlwirbT/jIVrst58OjfU0L12SwYZWFGyYzmcwMkBxO857gb2H1d2kWUe7ddDVgv1dGAPYPCQB6Nt9HHZDgzrc0Im7m8KAN2IG7437uGg1JfnUfCFyju9g0yONE1DHcn6rlbTiUJVH404mU071Cd6B00Zc//nO7kjPONpmRgxr4y2qItcY6T3/a3DJdz6mODZNszHGSx/txJcjuCnl6xOnUZ+BC8lnZ4HUX6X3n20Wl4bBXi9B3M5++qUvtoOzStjgg7wXi9oA1LO4935JX25lLa6vqXX7XJDI++fcbJPqsIHLgDe7Q94aLqqsT6xbb2eH5K//Y+/tEd6jWQp35mrLeFMt19VhKCY4IEf/RZs7sGaxMOlcezitd+rcRa8eEQIeaG6UqPtf3V6pTB+BhispQv3bN3HtXRxN8tG9rEbHH607cEf7Fd25givvD6n3+fns0wtaV09Vh0sEuPhrPFbZSFiJkcttC99D6mQw3m4Bmn6B9UMbSMV2ViOGAfPe4Uuk38JQOLE5/Mz0A7NRDzCOPGxXf19A/ewSLD0bJ6m2ywHaqnE+7r9fi4fBT/yPD+DdxmuRmyjGLjEEN/+uj9In95bBVFLuOxicfpQ1v81mb/znp8Q9SBs78NLk523I4O9U3/bgWmfq8Jrj+7Tk7l8dN5ZHj85PXYH41Fd1z/lrDka1yIl9rv9U/xkpMB3jc0fidCZm0wZyf9Re/RoLZdk+OCMXNH5htPGKSj07iGyGUpb+1qzLvel3ai4U5PNOFDXwfP6ZfTeVbZ61dblW6iZCDgaifEvgHofv0vXE1kmEhb30KbPmGVaXzuuXp/Vm905fBwVnYACGOXo9jPmD7Hi66YvCM9PomfPVS7NeavHLsFRfpcNp9tnZ+aCDcxOFh6Hb0Ty2xrfO1zQJxE450TGvc9uwziz+g3oWvlsfpvGya4xgdXuI0BeK+vt1Xy0BYMfI7pPrFwDiW5eOwyeWgc26JEY5K4bDyOi88gbOeJdiDjJW7rJd2pHL6aGBdfsdkYbB1p6jVg/riPJ8qRLROZtZdFEO3xAlfxRz/Fi56mQ+LpJiajjcy85ICvvsH/5dKjOw00FLeernDoKs9esNAQH4yT6zsmsLIDd/JoPP+M7+u7MPpFQ7zdtkkyQn7QCyRdjAX0v7H5mxCER71BE+7reXr7N1zB4ZBywtF70/I239dPwcS778AOcvWI19pCTv3rqzBSyWw8uHcBPefTAo8gn7YjR4XlewfmnfYMZwX+H/1Jg5yA1nnLWtJyOWFcBZ8qeWf+tasVCZ03oHMEvfBsRmpCAcEPhlpgx+VSPDkj5+X/yn8EYi0WGuA/yvMhaqUqxPj/XzpdDhxj8WH4fgdvJce/i2NQrDPYNmcVjxK2CjKiLjwyvQnFT2i/RP64kFSWMuZUnYY8hpp7vz8j6MoGpNGaUp2h9hEICjwD7bAarlPDaaJfwbkBGG91arNP+E7ZMBrsF3rw6iPkVzxZPQQEo/JkgCacJ4IIRH0EQ3L4zBIaFNwbOJb9KLWIycDoQAttm8Er6UIH+OP59JVgfB3Qk1J9TRbMSDLiN9iLnxHQDKMDUEJqZvvVuxR/bj8ZzkPV6Bj9p84nNoPT6HMeuikNT6x+jed3QqUpWn13L3tHj4KMRkyRrQHN99dsofTo/betrqxcg6G+X8omFG7lyingoJvRH5hTV++GcZw3w9oAegzxoJbJ7lg8fw3XL967mBK2pY9iP7ppsrpZ2voZahjU010hGXWVV1fyEI9962eDpb6oLR5Mkf+Eic9u0Vi5vyCc0mhILv5PK5xDc+Eq8dTiC6UG7n1/xwpITt/P/9jMcrm+T8aB9zWla9d/bcULhIwqqxzDuKO4u8sA/kze8PhCoO1fao+tBPieW/xRfs7ggVTTFLdIVy2g/3SK3Euz9bXh/W7m6hZpL7Uxg+EnRy1b0ctC2KE42iUHfysBrIbDnK7xyipCOuHzP/7PS7ZCyLi07W3vSSUrrQR8chIbONGc0vrp8z/8QRVDUSw5scJQmVcrFmWbLJhpNeMvrP13s8f7DxCDc0Xsubz76CxAc3LTBerLkViGu/TH13KOjpNjTx9nHlB5qkd9YO88cea8c1MfXL0feb4D5s9KqiJ40nutP738j+mHV9+UC9stIwMXWfCr9pdaXE/r4D/IEMDKv4Nt/gYe/YQhTk5+BcaS3+Z50GIis7Z3UNLn9NOBJbW6Wd3z/qqteXipXd+CKd8PhNp9Y3wkD5axW92FW5b3DPgt30+I3NZ/pvdbOXm1jZytIJ7u/Yf/lnwDhRdxW97k4Ce7Q/QFqEx82nFCzo2j4Zm+3opH9M0eCDfa6LwcxE0m4zle4xM7h5OxiZd4Eb+2kp3uZvy/+k6n96Y4gsaKjNzNp9IdJvno0V+OET1+oFfcHfRNP7BMBOSsbrIX702UFsDY+Mup2va+aLZa+EtyzyExEU3SjBHkE450vQmpvY9EZgq2GztQ5IQnXivyp+TgT+G3OmriCk2NHa+/zSnm8MSDlVh7BuG2xSi7+O5TCFbz5sBa7eLscCDvSSvv3aVj96kGhyKhiR1V+ZfLDvwlvpts/tm739XjUFicRicrxrh05XbEIAFGTgVZmyxdVavtyMVLp/Q6yOZzB61Mz7Ezfb+NPdG/XxrHX1tNdEricU4v+aSz2m6kTScH6Zil1Kbez1P2vUCeXnp/dPCMtTeP3su8uOBkl34iQ/GBbJK8Hwr4/p1g6/949p08D/v5mnCY7LzJr54XHvDYMOr+htdvCvx/9/BvQZo9510pvwIAAAAASUVORK5CYII=&quot; alt=&quot;&quot;&gt;
  (Session info: chrome=123.0.6312.59)
Build info: version: &#039;4.16.0&#039;, revision: &#039;15400459dd*&#039;
System info: os.name: &#039;Windows 11&#039;, os.arch: &#039;amd64&#039;, os.version: &#039;10.0&#039;, java.version: &#039;17.0.10&#039;
Driver info: org.openqa.selenium.chrome.ChromeDriver
Command: [534244f91706bf3c7b6c6378ac820e6b, clickElement {id=f.1FC6AAC78AC2A0343A68192B0869CDC9.d.889C5502FFB2BA40A6053012B9A7B8CF.e.69}]
Capabilities {acceptInsecureCerts: false, browserName: chrome, browserVersion: 123.0.6312.59, chrome: {chromedriverVersion: 123.0.6312.86 (9b72c47a0536..., userDataDir: C:\Users\SANTHI~1.PAL\AppDa...}, fedcm:accounts: true, goog:chromeOptions: {debuggerAddress: localhost:50630}, networkConnectionEnabled: false, pageLoadStrategy: normal, platformName: windows, proxy: Proxy(), se:cdp: ws://localhost:50630/devtoo..., se:cdpVersion: 123.0.6312.59, setWindowRect: true, strictFileInteractability: false, timeouts: {implicit: 0, pageLoad: 300000, script: 30000}, unhandledPromptBehavior: dismiss and notify, webauthn:extension:credBlob: true, webauthn:extension:largeBlob: true, webauthn:extension:minPinLength: true, webauthn:extension:prf: true, webauthn:virtualAuthenticators: true}
Element: [[ChromeDriver: chrome on windows (534244f91706bf3c7b6c6378ac820e6b)] -&gt; xpath: //a[@title=&#039;Quality Review&#039;]]
Session ID: 534244f91706bf3c7b6c6378ac820e6b" type="org.openqa.selenium.ElementClickInterceptedException">
      <![CDATA[org.openqa.selenium.ElementClickInterceptedException: element click intercepted: Element <a _ngcontent-ogo-c566="" routerlinkactive="active" class="context-item mark-active ng-star-inserted" title="Quality Review" href="#/ti/room/2096/quality-review" style="width: 139px;">...</a> is not clickable at point (551, 170). Other element would receive the click: <img src="data:image/png;base64,iVBORw0KGgoAAAANSUhEUgAAA3AAAAB1CAYAAAAPzwP5AAAAAXNSR0IArs4c6QAAAERlWElmTU0AKgAAAAgAAYdpAAQAAAABAAAAGgAAAAAAA6ABAAMAAAABAAEAAKACAAQAAAABAAADcKADAAQAAAABAAAAdQAAAAD85AOjAABAAElEQVR4Aey9CaBlR13gXffe917vWzrdCQkQAtkXkrAoQdEgi8iAH+owjgvujNuo4+eMo6jfOK7MqHwq+Ol84zqOCyqDgogCgiC4MEAgbIEkZCNrdzrpvfu9d++d3+9fVeeee999S3c6i5J6755Ty3+rfy2n/lV16nTWn/+8YXrMpTRsqaHTGdeISe308dTHQo9pYFkNDKlKncn6tCz0P5cEG8yoDQ3TKGxsbmlch93UiXYFBDrqdHJKSj2aG37DA36zcxlrcT50OTS90yONcPCBam8mdfrzaQAkVDN/8P0TJshJRRYkRxze7IAR5dHqlLlora3XExc3CLXQJjNNehsk1MhFpbXjWxRO3rsKwRBtUr6T4BYFfoJ4a6oMp0C2EGs5PUjfNO6VFcHalqJPibyVGP3dbpTVcEgr6M0GbmewWLiYPkuTIq3oxBstI+iHvwujSDMu0yoQWQT0EnBNO83gI3WB17gqdBPReIRaPrUBe8zzmAYe08A/eQ08Eq19Cs9219To1MgKW3skwnprtHddSW6CemogAE7sImqQtPOMPvfE8IX2GTBz4mj/TDFGT6GlGawFujTlsZjHNLCiBkq7zzDthtpu/GutX2PEVmT7KEisA0s7GsUhw5FnDSod1w6DSW7D2Y2ps3iMZNKweIcMRDuYYqEuBoudfh84kIMQpheD0DD8HGQGUTAHwIBljDQzL72FWwxIwTMYaFUOER4Cp7hBNl8fDIcYkFcy7Tr0YIgGbhTI8lRMPqX82qxqhtpx+oNpKb9V5JtEnRpejs9U4Bz5kOV5Gs/V8kh6A1LrrHE5X3Fl8iLN0YaO3k+l68WDfdh1EgR+fdoYhlnArduU0rFDTHzYnogDRrx07GCk284Gcxui4nbmjwICDf6iTQExZDIlDL6Qx0uhm71Fpkgkrd6X5nlJiUTEktiliI+WmH9Coj5aVPaYHP9MNbB8My8ZXq2xlM7jFPa50TVCL571q8lX+tEYX9Qiqjj1bnzxr5abSmK1e0PnQeb7MQOuatqZ/uqqdltRNWnsXuHGIh+mwGqyPUxiPMZmFQ1YTrWRRn3xQqSz3booRy72NiUqJyxzDVprAVwG/2GMDim5mMXoTPENO3Q5M6wELBwjsgwN+3mVIItGx9tfGA06HT5KoLVykBh4as+FYWOig1HTq7PzFkW8zB160ikwtnUHr4OKIzwYgZQxcqASNBTEIsI+v7UIMQJq+YQe8W8lnIxXuUI4ruFfnkh9HlVxA3wkOtHklXAD1yK1Wp5aoCfkncZreQJKvEoml0d+1KeYs1ZxrJDXqEElP1UfuV6nWYwsKtdwsMCvzzwI9+OHU1q/hfsRyhd4DLBul7a2bkMaRlsj7vD9qTO7DpozaWibsz2AF9QpfFe9ndUN+TDmhjO2MyZS5jD8BDoGjzppMrMOvhiC/AI+xBV/Wv4CouRlyq0hMCXtoYiqjSg30BaHKmdopBU/4a1gE9GPimAuzIdWlFXU89Ay/1ynbuV7kAWwXP1diaw47fYi7HJ01lREbeS2fznktnArwzfPsRbYstiRkFMDD69oY36zGrQywdrHxZihxePEnnPL5VPmJa1Feznoz20DTgW1K2XV0hoUV0Efuz+mgTVrIOpVqVy1kdpd1Pg6sFiOYDPJUGgsB/cIx9uxaSjYE3UwVLPfwWcxxvqmFb+yshUyYMVxa2RP48oVNeHAYzvYcFFjS6UZZmWAAWh0soAM3T5pOw4cQNhiGSNJDTRQAkujEP1GpyuIeCR0vQdEieMW8A5u9YTLHkBxgcC9SZzwC1NS2yA5+iSvqxHKg+8x4llYpQ1XH2qVUg2P4TxEgYeT10OUhWXINtqlwPXX8AR4PNnRPDDRxJtnTi2NZfAKGdtP1FvAgtTicbYVrydAPR9ivFkXMeLSIm2KPmKoLLUvKUZWTFgon20psfVYA008DblNOyDDituQSZUw6IBjZW7IluQQVX54mkmMIW1zDv7zwAMTq37SLsZiXh0v6mi3oyoToLlPKK2xqkGU4FM5AaiM8dPvbzUHzRa9JdBBotIRUH+9t/1LMB+iiAlhq2hyI6kdXJMAgXDCWGsi3QC1yD+SbbslRpRgI99D6Kk8o8a0i86EdvgEZVCPazcAaIvCr8BjiXxjsFPwA6EN1M5M5lRjIjTBfCytTWbML1J9AmcCQzNdkSusj/oVc1cBp9yl5a/KV/z2Y02/UPlVmACufU7GjbIo6XFD4S2IYJz7sJoj8tXQi+QTujRlH/IXAaPzXZlM52F9B65qpSpwZdlOWap6XcLSyBUVVEtjCWYhNiX+lEm8FkLIV0VcC/hjMP90NDCtaj1KyloxxsUbj3HwNgCg6aYxtsLPQJFX3nInRwcdfinFNi2I8q5O0HWG39UxB5blnZz8sMoKEGYIjDSHSSOPGJJq55ylkZHxA8azA8gAT1h/DEQrMNi62hE37SnohTSjtEiEbhsoSxw0Hu2XB/NwOeG8RYFl/U3DzSUZJTct+RTH5RpxiokifM3FCVCO5w16mYqrvqx4+RZUhWfFrMOK25AJiIHvgMaKF9saqcvDGYwo6vawbHcEiFU4Vss0rMSFT2xJdtVt4XipreCFD0ZmQVl8X872Fji5jnfYSjkIo06RwOlBw+2VRx+gLcEzBl7yAF4jkTbVWccK4DxbNN3yLA8nVjYQd+SBTDv40trgE+/wRSZLhiUFDUVSMO+5DzHdgKO64o+IDJVhSkS9BZGcyxxVeNT0QqfyaqKNz5HjrLIwI7AH6xujVxkuR5T08WyPA5aRX5PDAlv1kqlXHm1C6qfqW5IZZoTXDlselQMQJhGMUqqkx6WKUOW2AsgUrBxVcScBCmueAdMgTobTJIe1huHVZqc4Vbi1kpiEq6N429JkWiE/YjoNYgpSRClYS9haZ6bocFoWGszSBKegZca06zZ+xcuqqSFBT0T2TLowKIG14+c63uY9nXv0Z21Wk35YjtPKuQq92s8uydMKMtZybvMAfFzKduJ0v/3lw7sCFy1/ujAnFFtzupyOfBC1XAbzWuMLYjuqwkftBE4lB1gBErUJF+AIV8SH+16ZT+Tp4Rbj4eA3UZ6nnOVkucrgFPPM1UlG1q1VcrBa+iroJ51c6/5KBNq9dyPnqC46qHRLV14No1tzFUw4jai6dbHHu2hVCRpu0vQ9HeAw//IA0IEhg9SOWy5NlyYuSFVfBOg8Sc+HnpgAbDHUareat1rmLjY/+JXXn08kfUpD2EGiNB3DBn8DmUqkB6QxxEeBisO/QSBPdZ15MN1l+xnxYOiYrRN2beYTyGNJobSiSv3oskRNYJ18MEpdorU9t+sv/BqGJ8xb5JZrC17oTkCMDTpDjMBpWoLZp+pSB30HlFvUSwyrwQJGkXEac26VJMWDfOL9Nupw5DGYAaMhFpmixjKTEocDuZXSVTfinfyIrZVMnAzYWumqeAfDcKhxZnPAaJNXrMS5Gh6RELdNaUCix2hDQ9rtzAZ+6zDQ9mOsQV3jrjeHYcmhQ4tHQ+W2/2gfoX8yDP/e5p0ZxzZdysP3XkNu+wjYdaOiqAT7gaJc77b1yF+AjdJCeZDQhS6CWg4X+BLgVumVmIA3TvojqMY3La5JPAnPidIr4k7nlBMrSO2Lqo7GcSqUsQgBcIYfxWfD3Iqgk4rC+stxVfviURFyUpTLiEajXtEE4xfwJVzTI3HaBbhms8mU9Fo1TLLuB1kvLRHG0EraWN8zBnAKApV3vZ8UyYKMPlcnszrE8iJk3HhmTgFalnIoGjUvC5CJTSaPh0t5Fb5VhhgDTMRNEa1CUPAIE/WuDTXOyRRjAqz0M02cHlzJUq6g0Riky68mFK9yLqEeFWoCXqjAXQKdGQbT5dIyU6+2u2gzBWu5uvvwGnCjLDw4X87nOA1LaTm9BGQ7se0fJ1NKmydIiW+Dhr8V0fJOUHn4g+3Sfvi5P4QcpxX2Q8Aut5oTI1zfY5uGNVFXotuKrHCxrj4YJ51WhxSk2jRPlnybxjLyRRaEa/KCJ/wg2MuYFvyNN9fM1kfdpEsiPHSVoHEAllU2cWKw0J2j42K1TuMtGqHE+MVAzgGdyHamxuUk6Qdtk3BihAtYffLNsbkc9EOh5lc5oe/g2fSId8DaUGLFg0FwGIKFbUOTsNQCj3vbPZJN8pHk3dZB46csQt0qq7jqdYUHBWZFLvekqkgneJccJZvpB27LXwUwPqJrp3+CTCbB23QlPVb3BKa2GBd5zRmv2e9Q/31HVANm0MfAitUsMFzlOobBw2qZJ0vGABcDyINIuqx0DcqKdVdjTJ4QzPomdPRAtA8umH3Shc4wG3Ty1WXDzHZUBirU/+7G0zASoXd8P3IAA21X1WLbMbSSBw/1WdkL4XOmPfjE7Z2dMOAw8g5xsAqnyHY4AXPoVkylO+5BKsiOP7gR1dkCL1bqurEllLBt2u2erjhamYO8euOdPxgarLIrf04P35g/0Eq0t4ozhj8J1II/ld7Mxl6uSjFOfZoYk5DTYKKgoxCgR6FPxSG9xkvDA2lyRK7zWafEUbek0HUXhHARKvAiAC6dTIvUaLpcoi5njJrq3brfwE8VXpxxZ70dSVvTMscINXT05LqQcSrsxB2wgMzgTWKLYhO3kkf06po81YgTuDd04hlzAogVNMp6qYZq8lrv0fYAbuRZATF0pZJ1Piu9lZ9RuuXojMfnUDTpUgD6c2cVZEqJZv+y1ypLlaIJtzBqmxDGx7ku2kFLIr3KEXd0GsIQESDsPIBurtpFWGlUlwWPUJ74EK/iVqByF520oB94E+kES03Gx6RaS8SlkKOYU2fANQ24EF+rBCNZVvdFprjUgqlh7yqoNRhcnViBEK+6oGcAj/4mLMvc0bXriZ3eo8XlQUJL4EeLYKdEjger51X0EmW9Csy0fKw0TTgpshVHFpPx0+iuFBf4U4gsqYut/LS8S0g3eCsJN0EgcIjzHtsdGYzZqbNsEAO6ViZjtl7DCNigIo6rDBGyTfELo67kyQFEfbDRh4jVjDWCr3DE29/wHwOMIJxlDCp4cygPHiKUIzLf6Kt8AJZIywbZc5cFDnxGBl1F5B7e0T14QTG7yquGP4fvKiZ0WjQTdT/rMa+s+FBE+/WBFgUZSKdcaZZp7qdbpZVFOeW8liNYnxNVLSM465JtgxhlUk82CbZERn/OStbQlWnfM7O2shoduQCnzh2Zv6h54LrCLQmNrByrseNgC6z121hdOxyGnjU/xjNuwdQog+nQbZdA1locm3M4nVKCHd+1k7Htoree5opRh2HZZdVs6Pus6zjJEuPMVcNYpdPvH0kD+GeZyRjpkVcOQ+my1XPo1s0jB2APzGGNRA3TgM6Ac5vT0FMz4aWhOlAWDmoJXsg9UB7zq9z6g1NE4OPOf35u57gMmel7Nbe6wjH89RIpocwaM+2eqUxLyVRHfNvhyncMD9Am662ENoVW9IQXOWqfWsYpJWsBFzqPvOScxoFP6DEM8XlXdC3jTLK7dXccejOs5WI0uN3NGNhODlgnLHc1DM+uB+domPsLRplHHK5j2Udcpr3Wa6HQlEsWbVwTGaaUIUk1vBIPYWo+V4JbLm2SRx5zLQf9UMZP08iJ8DMnI31O5mt1SrRHgSjbWmcDZ9lyIEF2LbaV+5p4Z2bBYvJSxwrR9ieJlfY7Fh1x1t6WC/GIITN5KyURAhjWU2QP4yv8FdtAcVasJZVLuAorXIVvxxX8Js3xUIkLMDvVSToVx+OoTpVbIvypIlzotAfLpWDGOJjpJt7AFCU1UXqqlgoVO5qmwE3n561xOZCvBbfh1wA9fJ6JLOaH16TMD584j25OE2W9BmFX75xXoblc8nLxa5BpBAKRSTqGrcNW0KikcQkUfZGfZR+mhdi0+jwiwyABuMqj4cfD3LYvrqdLyjwGnDL1V7c+Eu92yBg6BjJ+4iZX5KQjT0HiJsU8wIioaKeCEApQgXU5HLiEIjYQInHiMiWhGI2ZNUOsOiAqmEOPY5eHLohzmaavDPHouo6JOsp77jNOvahZLTIttOu91h0UGGVa9BgD2vDnci3eNQlWSU8CSyOn6cs5XQ52EvehCo/4m2NC1Lmh32aboV3YtjTA3NYY2wmRmkFxDJTRW+SClekUBwDlPDlgcEV7uEi8MOoXN2DVKk6PJGy7j+bp4ST4QwYvwrPdMS0w+aIo4jrgRp5s1BEkLQxtZSzvmw4Y8CuNJAbRRuSY+UpdWqF5PlmQjUI+TbDoaZnznE2kEabByl2jzIpSfvEeH6ddxmoiRkIYfp6aiXE5cFsmfUpoARnNU6yWuzVUehu2hsx9tn92XQE03W2cusDTg4zq27s0jNKvj3jjqgudlUAMUAGJHIZ+xYxQgdBf6EzeRQ7Qmi5KRHCXr3qUHrHyqEkRw0XdhKsJQJeoiPESYQwsjXEM9/5xPwlBgsQon97G7Xz+by4tHNgTcYFCPZt16yv3/sDVWT8X4aE2bK+ln7P+hKZkpi6h1436Saz65gXmvBuhn3psvRVsMbbjVoEw/2P1djHkCd2G4OZXfBAsJ0I6r2LGhUAN51QTlro6rJ3EWQqZY4I+3kmaTbgyBabCLkerwZkAWA1vAvykgvEcb2HWNt+KWoN3uRwsRZ0G2eTTumFBVEfCNPiavFxiQ68BnPAE0emUR7ikT4I0DWoiQaSogyPsjJzhaqyh3JaEty+NUBbORLsMdWCMvLKn1B8DtpySLoy2mX1CPiTAmJbLtMXQUIx20qRGbNAXve3WeIiJWCFdG/eh94cOToavOBM5Vdo6bRkkubRIx3YtUCxXXauocoTALfgS+TlzWynrUzT9yOvFsmykOHEJm7bf0JjmGXGYlnpicTTaWvlODPHBQ1f1TMtOSbM9+G2p6LFrry186JmBn7KXbTeMKEuHZqJAdEAotCEfHuPKQCByYGTDLONZCPzyoDCAxvwtDPvXcdcwK9EPVrfSb9NshwvvRp423LhUj1hoqUg+FHRF+FMoWTzXoNfwRPeNPxoWoZMtjyquBKNiGFEjl2bCFGpnrn8ny3Mp2SkxCtTkskmvLJVDY0hZwgCxDTHg7vDLBhiDY9pDl0G3g2MH005u+I5Z6Iptj7WOdzlQJG+D1BiSFe3Sthfb3wxbtpaCvHwnLlpvkME70gW8YgBocYSiuOhBaIPSiS2bnEg54P22YGaGXOGT3wJGlQIQF/imEQ5cjS7kqSM849yS2Xf7ZDHGYpKESR8yk3kxqA9J2ZaZDyoimgNcuvz6h/ex8OPnD/I20i7bNAcLR8BFVk/EdKsladHPoL/uRt6zwyjpH8p4yiFOl/cIF1hdCrkhL78OMmR9qggjoWnfpNFSXWTK9FZcpNmvUZZEZ5oCCiMs/rorSAPR8jTF5KAnFPzVoT+3y4bxTqz01A13D68JJFdj0YHGUZ/tpn2MYuWX7syG7ehhI4ba3RDXWfbOqVF/NOxcyazlE7yzEOK7sil/o8Mwpu4MENeDctAaSVkeMUJO4qVvzt3mKt28NT4IC5Vmt+xG7uNp8fB9IbO49gIzs5sId8OwcxyrjqypWRo84Q+t5EBzDeAm1Hja0fhzLkg1T2twbb4NuGWxAn5QnkZeWU6Ra0jBR70ZnsaysmundZG/Ha4wq90rz4rb8IwIL8RUoEos9FQjK2ZN9F6pFJgK2gKZEhWpUpukWKm10E+Nd0yI0hbalMfS2wlZxqbtF4FzC7HcLD1gbF8r0Ag9RScKcDT+iTYQaZlAAybNh/UUyvF851BkeKKY2sGa6XZcm47pk2mNplACuQ0VToOTjh2rNyta0OEySS8gWpeGfivukfDSeJS7Fui4CGvIxzjCyqGV8rxCZ7cy0Udxaq13LRGXVospQMDXqraSylpkW97CwaKbIF1pClz94yDjoRbR4qUVxIN3aUrEyLohXGm1coy349HlNg630gCSDTDC1kMyWw3Q7M9dWOYmMgOBGGQy0Ir6Ylwml2Fa9OQh/WCSYQLUC87+re0iKM1IL0DRiPHnxJxW8SyYU1lnpSfbGPDp0VVmOXQqr2uhXKVYiW/UMYhNwkrfOH+r8ZrElV8dkOl/1Lkp5T4laorYq2lCFNtYC7UoMJ4tphKOQ3003Eod9NkUqxqBDaSrIQzI8TSEfIJJWKOukIywAdmFUdjUaWM0zFxVoSR41y0gFCyMQYzDOOgkU3LFS+PGVRdLXOzYYhf8KzfvuMicdOawMzB6NKCitOGHwaZxNGB7ZDZogPPZWhurQfuAyEfOi/R6m7bFN+xcpQsuwHcZ5GuUDDAQcyTwti0AYrjPiqUrP/3D2RBTX/YtvU07Ux9DMwxHgclXNTAGvnPn+4PIPsCYkddQg5FVwTkMovkj9+etgMSpv7nNZyRX9Pp+HB083zGc1UgCfuHg3rhn4TrEb2MFim2vwPhtPg3sWT7NIP7i4QdSj88rzMIj0uWrLO5WYDV1HgNnlkNdeujvODIQEWHfhdSIXTzGATEYdj2Ms8XjB1DZIIy1/jH8GroY7w7YoRrwdSItYtBLFFmpD731W+NzEX23O5a6hAdj63TyeQB5Wf311OAoI+KReTH4WA657sknDqpBplj9BV9ecXHygYDlnBnnsUnFtExntzwOCjxCDmJoCqczgjx4izKDWMjPRfkjJfIowHRXnz2RqgzgBb3p4GOx8spcMkaMqcBeCT/jjJGZGmho5IJYCkO+lqMl7li+lmI3MUGj6Gg5eg3wCh5xg++yMKYuL/NyaI0eBGh0AR0YTsrryEEXtWNKuVf4MZrATw1HBaoYQTYuyz37RhAr+IIcl6VkR0ikxeRHZRQpBSf2mo9AG59Hc1cX3lGOgpUr3y2ePkPovR8hVwtxJON0QVZJN9lvTS1x0o//QiBuVhhhC7zpRQ7vS6m0Ywod8NuxS/ie0gg5Fb5T6Oa8mDANLneeI/wqtfQqfDuu0vFeeY7gKqSpky623wROgaplOwa4EoUxwFagytGKeri8U1gvzcEUoCJfwC6fPJaLeOhFmYw41HFPG3CU2tTglqcNOc1v3Xdw0nZFQMsriHOBcY7NkwNCh3zU+/pBYFtAgJsQRqFdLg/+GDTity3pj7TKg/h+eUhn7IAbSSNFf6X7Dtrgii6bQsZw9VbcrD9CAdsGUA46PQEbAhXrFN6lHbxHfIJnYWGu2k55hS+3dlLVzFicgUpenEl6S4BLRFuGaTAxyIFYlcNs6PfZUXnU+zT85eJW47sc3mrxtU3UPns1eNMbWchI5HdKPRDmZPIZ/EX0mSIRfg2deM4I0UgQ/P1+WhhcGkwIFCezgpVbFLBsOe661ZjBcG4JEhWDtoPstsrc5irdHF+ZB5ywYZBplIELiu+WdTSSQoniBPs0nMWQYKXMg4MEJCV/tsDVM+P5y9seqRWRJ4ix0hWfNAh4VwvBYXBuvPhKph5cLeqwfS8MJnGFUY7w59W/IQaOwDFeId4+w22QeQtRDIEirrOe9+GgOXAFj29CLmBsxHZJYnMbh69GlPnmp/FjJmdmWT3EYImTcX3HDqOwx1bNMMQ05DBE5g9hkKkpVxpJt9tyK2LkEcnU1Zzv3mHsDvkcw6zvj/kxdfJn3jSuZsQFLraYEt/DiOthVHY7HEjjdk7KtIvhGcZtYlVMfojYc1XQTzQg7zoM0EVgOzMbCZIIL+tCb/M2YMqKJmUyowGNcaW+Fc5VWvM4j7HZxdicZfVxwAEzC4TjFN+y5bEHrUX1HyuvofHQfUzIRX0haCaiclheer0IhuTeKaMw7Dh5dMAnI2IF2QTcLAaiK5lRNrkGZLzgJ0SH82vUNXVGOaAppmU2t+l01Dubjh68l7pUnwFioNOQR3nJqzFGVpdZj+KCIDiKL96anbRx4hU+tb9psxNkLVRzzrJYIfOY0FLJzokJVLGsa4zfgFiJM1xKcgNV818zBg29ylZhsmwSz3GhauEo5+liUWolYVK/4lS6UtRNpQFcdcJP4tS0qAUINILOKcvBZ4lJLfQDT5lGUZV0xBmIusU9+qQmdRVPCMDFu7wmBFQvyuLIo9TkQnBpXtqcYutko1xpt1On+x/eFbjIeBWkBMbiatoJ3mtGp9IysVRGlS0MClZPgTYVR5TxClzBAqeIZ1wN13STalwBG7tlnAqRG00NiWmM4UixIlgBickwNaWGoWbtBCIqUuAXdgV3JI1wbZdp5Zi2vw0z7pdClmM8fu2htgyrU8o6WDv1z0XI0OjqqpyqmjyWA7ngB62oT4Lz6HAQ0RhhGShWC/RGRwNGRBcCwYVSi7pn91U7LNOtxwzaAiZfxwy8GMLl+mHtDtwsEP7KBrxGviBEwpS4kpRZlYFKHRS0007AL5vGZTGLUDlWmQXJDx3kD7nyALiCV/yxB1+bbgVY4W6ZrfVhM8l3BbIMFLMexfGnWCco2lLyYwIQGFPiUvATi6nEs9whbH34WXtkB8Gor/gytNfsj/whz1hZnIAALe5rwooyi4lGeGochaPOEJffr1TvtBfbnI9+V8mQz9WQOKpfeE92jHJicOA7T6zkaOjlVsZVA6OhncsxThMMgybTivxbiaBrHrpVUYQ0l8TqYYCot6o7YTVYfI9twDtSZiPQXFG3xhsAT13qi5U27vKKMi/pAYNx1uXQk/4R3tWK+hC5DsND+paLPAIPaiG/bVf+pA3nWfUrk0OuwsXKlUYgemPjH2n2W27L9APnWTRpKmdtNx7EAmJsK1TfceAGeV635Yx0/OAeyHdjq98AXcY7XujYu8aJB3Z0NQCtO1JlFdKtnWFgGYEzZYCx6pmfsXWKcNan2bKfKGWmXqANMvHIYT5DJ9xM0++v6G/xOLww0HqsdLrVMWsbEP6Em3ebKYbeDIaUq3/zh/YAu4GF1y2Ej4RBZ9hVu6EnnPIXIpPPqIfoNeqbsvhXtnSG3mhbecxEmWBAxmqiBrm8TaDqzG3eze7Yo/DhNFHyFPLBYAYjVXkHbJ3N70sDj+tGRUIF0JnhkB1XURf8ZqBOEPIddQl5LIvIZyTW9BIAtp1W+VbQZe9L8CokQodiCAtT/SV5IliRTvq+XB+kCooimntUhYgvlwyUA1WwNlCpT22Utj8nU7ZtnDbp6LPaGMv4Gz4KoVDc+a9tLurTcqih5FZizUdE5QAtI1wPPtVvRM1+G6XGZYzRNbeTEhZhAtCoNu2ALHAToIVIqSYktuufdDOauc6Y9gV682SE46BAauiER1AR60pcXakjz0FlygrcQ2PAWRkUZDkX0pTEleAEqbBWkIBVxdVfaDRAOSnvqq5p3AOPy0q84qEmDj0R5CvbpgiI8PHWdjktx9oVSt6sh6jBK2KIzfMo+eGL/Hba8aChk3PmK5CkA7wdn51VzMQxy8dMmrNpfD2HdGCjo8eLi84tZibhzsxkbCUxXumdsbPDLJ2sEtjlB1/z6svwChpygyHfkCOiIi9ZB8CB6zX2VgtTXE6podG9xte7KRkrX1vER0gFKEQai81SjEWtMdDmv0aUBqzihsStPDcAj6in6NFyflAu5zLXAsoIT1Asl9qpxwOMjty//CClNvkQp542g7xa6SsuhRze0B0+0gM27qaYnttMDiFL0IjaG1Ukw5hB8am9tJs80MmgRtd3NoS1bse9YAee6LpGjhyUZ+NI88V8nToIXhCPwa1MjPKW1RXhJjAWV5LKLQ/TzLeD4wwYfYbeZVwe4OXESrot6wqoYxTbOGMJD3cg9C7TrMCQ3zh/oVTTjF2jxEEgY3gNfVFouSZJK7tm4BCGe6U9nc/02Eqp3gvjSr/IK99I4RLVV5n4G8lDPaJvDaPD4YHb7KCRteGzrDwbIi5Tqy3A51itN3lIXZjHLfOosDmlxmVZQzduxfMdKgfB6MJBs0ZAXl3KerHOR3Eon7ITiDZPfNVjpp9zFVubiRj6jhb5yUMqiRAZRqQrcQL4z1+Ig6QRWWXMafHYRbYZjKJFD0gBONog93jPLd7/QgvFIHJdsuczUPoQjF0F9EPq0VNw3do5s24rWyL3CZH1DPAMHxTXqIn3yYhVFLcCalTMrNuMTmb42sGmdFzjQ//6HfBwNa+0XXRneeRMkAKeJmMXHWjYLbIF0ZU4t5GaYVe/epyiKSdXx+z7ZjYYxnA0DH4PvkponufZqugWzxm3uZoXcwhOn2d/zzjyZVwYdqaB18cIc4XOlU7DEI17GI3g+p0/DU/HFOZ7gS2ac7ybZgkssoK2iLG1ntMlzeFx3hW0RFyxs4/PLgos4nPfTV1F5/qDn8m5IIJmyKwcplrYrsxR3zZsczvqPMYx78NhHAcKeVZP6tNwrkN6HOfowGdVeB2riT0OxDm6/07U4ViJ+GCRsQI56GSsUnlK4NTcCqdTQ+xBUjGr5j9UsFZa4pyIOxHiwq5E33oQ/7ndVzGiBRK/km7bfc8k3Kiu5ZQcHtFr48qzLaIiT7oKv5TPOG6lM41GpRn9F/luYEo9z4ow1jZUchD6kWppU5WI2CEMdKIzrgnG8wsyp3oLZdQuGNVcVp6T99XSK3wRMhq6tAPPyOwczOWc1BjuAVMYlFsrNXtVWsvlENcSXZNz11JQ4ibBEa5FVCuOyabU1OjkeBA4I5ZP4fLBzUOJcNrgR1MpMI/wpcPvMEMWjo69wwlcQ7Z9pI07ouPtDOn03RuP6zB71uSPjp0pL2DdfmEadNh+wPRg6myiU5Y3s5ADOuqOWzTYKtN1VpcHhbyHPGwSnbt56DCrOVzkaGcHsZFFJOWuHuyDfWDHYoz3EAScABA8ayGEIOQsbtYBiNLCNXWUlIgqSqoGQoaq15JYgxP3QnIidhRsY7f9I4i1+Squ9zC814Z24lC1zayKWSUSsPpX0oZpFa4Sj9zUQJNeupIoufAHqiVL3qMC4OPuX64BhN2+01AQEKT4GRm1Ck/tlMSvM+ClvhAVg68YDOCnbkUK8RAiTBx1OAZ0wlj3WHWIFYYYzAEIvzx4yXJFOfmQh38ecOTBQDz4rYS4fA3v6OIgKGa7zDiOdtANAajtwRp66iEcvCoRZKrFN97JKlrWqgNOddaNvirroz4sCsGxWyU9FtkKRHqh3Yp+9HlVTFVnKCkHlL/xRbyir5brpdnLGFwLmzA6QseZ+qhvadNu+6scS2kvjZFmplvTcunmUFAtpPMklzkSPg949XvARqxyMkAdxMEiwuS2EN9Ic9IuuORYB7IaLXWFrMRGvZKr9TVONGs/3GknWRahg1isGOX6xrPHOOrxgG2aWVxk5D++Dmel9plkgnGsUOliMlG9WufMknmpQBgI5jGilYN/JxqVO55/0kSmeKfNZxE6UJZo02BmGdARhBfZsliZK7087B+yH7quqkFrjmee7+tpjMWkpsYGNKM84N/3xMs+xojiKDNMgp/PPFb2pKcOZrfsCmPLLZHxTNbI4a/Ls1f4BQ0qJeJ5rcz5/TCeofRJC0f38zvAu3Oc8DjDO3zwjJUj5O25ZXNwnNU95IsPndNnDVmV8n09dNNzwpXn8OIxVtNmNkVZDDCk/M6fq1Dmcf7QfZEn353r8Twf8ImH3qxjB3RAWURukbHLSmJMaGlogqdBFlsyNejUHZNslmlg2H+Jw6qa+Zl1yyenl3ahr8v65WsTm09Pi6z0zrOqmQ1+y6DLtsntbNE8yAqb+pK+LKFX6inUi8t8ck0UqJ+OH9iHGHniIn98nmigN2g8ItMxjUdkyo5yisLLIfNkHnxf0CzYHizTbEQKYxvj1gjQeDKBU3Ctkq1I6mTYQrjdfNv01cFYtkqibRgVcKkto5X1NoGWv8ofeK34trdRP5EZrsEaFY1pgRStKPsn813RCvHol4GJMi1x3trhqeMr6DR9eKFZeYsfemuUl3VlvC7AyUTu93JcvkqBVGkXuObeUk7mAxhKiT4T2BrnvfrxTi2jEEt6IYittXj1Ga2y+UX/pJwCtgtAwgFov6vf9PDkeMMGuTl18+BcK+NBMXN8cDQrtkKO0a8JNlqk1y0DEx13hsjXCk+odPclNSvYggqKKKpQbtKLp+iMVB904XIlEaN5T8B4O0lmzeLbKTx4ujy4hhyJ3OXBPWSfuwNTnaf6xQDUWTI6YA232M4BrgaYs5vxHSBekg5jlc4yBoTmZYgBZk7s1SxcDTcebn6TZ2BHb6fuQw9jzk5fRQ0ZAAfv4zwwOHp5yEM66hn8Okd8eBOGbzy0nCX0IUlHHy+C+50gX1pXOcrKQyI0x4OnnhimHnrI4jKxxeJytz79ITLxDmKChAUUPm7FLSmzmlDTuUtnNSe/YLoM4HI01EXgtvDaUmbJR4k5Z6PwUuxpMeO5DjUs4dqmqb92I5PxSKfQU91IUZmHfAts3PKMde0X4oARUWL21fZF/ePh62rUSOkgSoxZ1WwsUQ+IindQ8fiX26Vw4AEXuNZRZl59ByOOqHZgat0UAzzZxglz0a5y28qDD+q/uNJ1Rdp67CSEd35uBxpQR5VBKJ2D4TyDrM4iQ434AUPhV54FASh4SiQwzB+6cdCAdxgfS8JvXsYcYfuKyegCox7yELhq3SHNMsBjdEeBeIDJhr+QuaDXvI4gT9bXpnRissWguIUesq5BjBYK0NN5CjM9ZSkDq8d6quqOzRvTngPsVmgxyF6vo8g23er3PoLI/pq2lGOOsXwrTL1X2NwOqEO2lWDvdjr99JW0ZVeQ5mYZWFNBov5EHcty2h5FMz7XfQO2Qd5VIzJOYZRaIJKWGXDXn3/jZZHlVKZwceMSDZ82YjtNZcVFdOFsk6W+RzJxrkZ1Oh5ewkoeh2eEgNEvFbrBW3JHSLJ9Vlp4ehin0MxNTPokYxjFINxtoJFZ4GxP0PRZGm7INssZW1FOU4puV2MFPa4LBuHvzG4Jnn0+OK5Sa4sLHhhTyj2znr5iwDOL52RsH3RGEr131jO5iTz9BSY2cb1NPEORZ/HIXvqWA6zOnRGG2LBPJZM2bNfxXl9/zv7rWJphcnSxsy/NbV/H6ZBszVQ+xJ/r8Z4cfV53FjzemVuY4XCSDeDPoEn0sQDubA+e6oosqpuZ9eAizAw6mZndnFfPyE1/fh4D9152fWLQzfguIHrgGW85D/pMAoOrsTjoMTros/LXc2UPPXaOBE6np0a6zBsjk3WNTLjVcd22OXggbMjLeILnfw/5hryjN49+Zua25D5Woxic9eYZXbqiqDHu5wnm1u/EsMNAY0Uxyh3y0o8tmdEYHWN4aEpx5lcRuCByZNyRhH1uKIF46fhzLDRIjDn6/OYIz9umsoGnoTrHCqZG5YCtt1LU1WcdqsjhfCsBhXsUuZXEicZinvyFUkNwS6c6W0s4K2WNLlEVxntNavva6QEzAppIguNEmux0U1hFtzIGXoFAin6tFlAmka+TDIytRMSv/oAmkP9HAphe6lxlJ6jj0HY40AtykK2JNUMZoLlW/NzXjtgFGjimW80qmQaxekLuIkMLKLJbwvEcMT/qxbY5xVnmLXQgIsMBSe9yEq79lBxDny7AGMgaAtERKLLkauHWHEQtaMUXllXJlTzdQbzIariiZoI5XDv5gAdA+KWOQiKv+aVagOxUVGasXvGdGwecvihMp9LdwJYLVsFioOWRy26PcNCpgUNH1/W7OMJpmDkwRqqOcdAPo82YDvEYa4Y9wtcBsN1VfgTTqTnwVQx0EmoBzoF3pDsj6/dwrMhB39ygHDtDbxHC40mC/iAQs1nCkPnu5l0iEMp/rugxHRcdqTTiHYTDpHEqVocXjnnjGmAGpXSgQ2ZPPdHLJ0GeTVEiNIx8Ms8zqerOfGcXKxYK1XITwVZK9uY8jKKnwZObyGvrQoyxJT5845ecSjoE86w26egnGpegAGSYCpnxM/8aN00a8FR+BcloI7qZdC5L0YWbSqY8jQr+6AZwxRtFljjLUUf5B1AmbGxeLdKgwJHpKHHrknUH+BzWUAoAL3gLPjfrn8SlH9vDohujbjsBEH4T7FqQ2zZi/WFVy5l/M+vDNwai1h/+uh4Dzky48NEOY4IDKeIdDCBg5CRC/sYRYLgYsLAKPQyaCEW679YMqY9ZUvBc7TbASoGy2k5zXSRvrjZD2DZZ8ybdyBXtRx3ZzUUelT98AXDClyrPUkSpT7oM3QzCQ4YMp9ofnJNYpr80P8FoKvmlfK0hOmlVf0RMvVSOUxObyEIx6iBUYZpjMhfBMreMYF3tU07rGeA/cPeR9MCRd6V09hemLbOucIFJetSloJIlkJ6+tjzGNbrOpAOvafslbtpNNoHPtU3T+u6A2bY/OpCBAetMh0HnMB1lsuy+GypFMfNq9rhkGlWVqjmpfWeNq/jeJ+MMK1l19OXJQW67H7F9VpoVrt7Fb8skrdoGqlzCSI+2G/PAHC6SNcdd15ZB3pNOOjrpCqssjuh9jkjLuMrTe5WdFZlIq/xNq3Hi6pTXlaUz+Jnmx6qV0zjx1IdbBl1B9LmnfIY1yoQTX/nUkfDea7q7ZfzJ625+pu8sd+WX315+yiVfnX2b+RPWeOHkyYpbxLnDxjxLVxmqk4dySEc8ZdMvbDbSctjJXPGkJx/fI1OO0/mJo+78mf+ap8qn6kw80wxXv3QrPKuCkU/x1IX1Yys/86S+vOuq7uWtHFV203SmVyfNqhPj9MtbXMvoHn613Idp89nDtH5jJx07Qrvi+RKrjbwX2C+vg6gh+3Xb3YDfUldlDMAsMWBtyDbEUvzxmJPFG6cyPWT/I/3RODVzG/HMqXReZGAUO51ajW3lDvpL8IzTBT1p8mtQxp+SATdxKRgZx0CD2yZlwgm4FcFh4L98quwt0m32rejsBd705nG4BCCLbzlU1xbFWOtbrZ0Vpn1vVDA5+Quy+C5whOMW48Q2sv7CsIKNkgseEbbOtbt2DtaOtSxkk8EC4SM7P3ZHAo6QjQMjkrhUZLwRNQLEp9mTFWx0VsCoAmbUcawwvASOyltmgBzcuYWCrQzxUjnbJlyRiu2NDWFgXGFjf3usvHkMrydEOWhk8Co5l/99NyAGvho1SseM05DtCEO2K3Qx2gS0z4nTs5i5izAi9uyQOO0pvsHllscqtoNM5IuBAhRt6HXI4kxh8GDmjP0JzFZibLmdQphifOdhuzqCIHRilheI4OudaAe7oRcNQiqhBqe0u+VEMGfskkYjeY4ZQQfc5NtTzcII9eQu88mKn+Ee8Pm4apUSDOSUHVEqwFJSZ7lh6TG+NDYSDFaXk6pCiCWiCYWnDV2xlt4bHJKarXAt/DpnsBSzHbOUlzGh3zaDNkrxByYXO4t4CE2BWTFqCv0sc07IWsvy5YccetYgcvYbncb2Pnj7zahID0MMXMrd+pVnVp0NHbnY3uUqXXXWBeuwxk4YbNZ9DSZgDMMr2reGnfXJ+hu0IYBo+aV/POrBVTTaRdQHDUBXiz1S3IoBraApIO1Ok69nPHXSdz40GOPhR/48qntI/c+txPpLG7XNLFjfwREWOPOda5iZsWWYU/NiLGHvtpGIFSLEjHuOpI4rT8HRa6hewztxCRkz0ESKfKYUaBtqCd6SiBVYtyRTby0X5dPwRgZXfgKk5rgCl3ARM27jpEZKkgD6q3Syl7iAr2kRyOWG7nNZWPNwUQZ6CkxNRfYtrG7suXFf+uqveVZ6xdf9RPrRn3hd+vAt96Xtm+c4qDDDey3SSiQbd+Fbeoktjq3oTKEV0fYW3RUVRIpR+V1i635etQiaxG+i69zDeHX4GYy4XTPpRd/KcJtx/1Z/O+gvg9lI0toTVBkyH0PWzxzbQOforCLLbMyZqKEy4aKN+izKLup5eDPtrLVRag5LuzIzzRKShj+fObqa3tZMI2kGiRKp9bzCSUujwJ9x7XjTVpLLtMoXb8XtsCJnW3aSp6Mx4V0DBNp+XiG2su4p8Bo68tb4qvn0mcnzs8MqXkwUoUdX2DSE6ucZoDWMOOKF0TCjMHNbwgu9/DkU+HYx5IInRllUlrptFDQnlBLy2vfGZJr9H1EacEGXcYcDQeGG9rsaRhiCHZ6xUb7SUm6dtKhwyMLRJkVzyBbPcfOJk/+Q/DhpLMSQVa7Qj4alfLxJU17qkDhW9LJTJuhQ1zqskNkHd4aWf+47vQZs9Jni53jv1enzMJXsZJYdmzuJd9XUPrmb9u+bSQfu66Y9d/bTu35vQGnwDuTpw7R9w9F05AHGT4TzhH8WOcJmJ8jl8USl3WJPVEjZFqlgFOjcIBvUSY+Pj1FuMr92eBL+ZMLT6I3HTQgBk8j3crIHcqVQcVvhojUKM8TN/XCW3Bh/Qtd7pBCRoU3MOg2KlWwAPbhLpd+Q9JlQmZTIMZlg1+BUJCJ85uqsyk16xIwubToNfCBxKbTqc6K2thH2uC/Ai/HWpiuUYxIJ5p6tUmpDiW1YCJ1+XRGi3Gxda3PR4NcGuhSqCrM0pR2TZSqStRP0y78UgIMwXbuC1aQ2jeyvSjFUH32FXNCx0tkpAufMP6tlujgy3Vl9vtHi6lIMxInXAIoBnQNL4dwKoiRRK6BlvAYULw13+qw0OOCkuNziWLv1kHuB9wHKu21pXZ7JkqJS5opDCJHCgGLg2fF9uYP7GISyyuDg1/faNC7Jgzn0og4CnsFyvG/gSV+kx2qeRmIYdsAWRo1+lL24+t6BD2Vffs9b69CPAyK3WpZVxhFTDToG2ODHsxFZ4zs3DK7d0hmz0L6757dzkDuqo7IrN4aenPMAuZEAuKwHaUa5RNkTR0SPX3wAtIKTJtwoBzlBHauLyBoAUT9qJam4q9wr3UnabTRh5DPpxho/iZHPAMuwte4a7xqqsaXfDJkrz0o58Bs6Oc8EV3RCaVpkXpUSKKGUMkQssnsaWxnzhqy5koBjuvUN4eJxG/CUIoZYrms8zF3psi1puDtR4EChmagQ3wGq9ZkfbSroBR3oug3S7Tfy8M/VOd8FDXxrCzl3YkBjiz9XrHuMht0CpNLcsuuKsseB+y6JhzQMgO2xqmcbto65OycqJ7yGHG4QD3npiic/JmYajSLXgHoS9VRViWpdDR8B8dz+icx5tdk4B0GWEPChL7HBzFERP3nJcFIHDH7hy0Fi9IhsQy3OINFxa+BqovepkW2AMX+IFpdRdASVP3ugmI1YaVfQKAMCUXzyDLbiCOGv+CmnPBmS22GcXEeZxsSOsJSbs+j2FdFHiIuepa8LnUgq4khyggB9FA7Baja2192Rzj337PTc535R2vmLv82k/12pt2UuzSNgiCat4qthosJJy589tNBRn3PSSV1DBdbjwsg7rSqt39BJ936yk857Zje98Ic66ZxLMNpOY0JrJuc3slb1nhUL/0lpq0jt+OpvtAKQ/rabDNc0B+otp7CV3BIawpkorUl61v22K3W/ISZ8xRWu+iudytRwre+19Qlv3LR406qrtGpYmvRLGkThrDsYIwGW+w1Lxp53RFtAw1Ue0+Vr/lxBM424Ds/hoStgpjt8Mg2aEa55E7a66oeWBlGQVxB/btussgsnLQH0F/lNDuNIHhpt8q28LUNwAkYDFRf+tqdEROUkPgxP03XSyVtHM0/oYaxmGU3TIK15MqxBp9OP64Ab+TFc4hodSncyXqRpThnbzgkHCIcxi482tXi8k770a2fTZz46m97ym8fTHZ+eT7vO66dDh0a4tt8ezxcPZvHEzmOcJ5CfwyFkmwH+RlET8SVY9UWwNTxqYCfnSWJyvkl95DyhjZbsSyWZpguhlovPFEZazuGANhJe6qfp83LyKb0GbxcQVszXOMsKWp8nTTMrGSm3MSTzZPwkH+PMY9WQ09orukq8ESJLUa+BXS4xlq3wjZCFOvHlyZRTECLGHAXe29oNuBUlXiWxCjiR7xo9wraQSsgHWQu+USoAFSTDZqAaN6JV0Evra1ZWoiQckNC5uJrmOzUOGB14aqxh5AQHZu4ZEdIH8XgXho4pDBIPBXEwieYdGHq605Atk87kx8voCuDKl6tVGm8+AxROv6sKvLPjILbDC8QOr2P1TVniwQ2wfHlwZKOo5pV4jSBX0zzm2Ce+LwBrcELXQXruZWAkDB2XA6Yu79s5GLUSxACYdxci7OlhlaeoPqhCjcA66OVPrNB5iGY6tJ2twxuFZBDeDpDLXDkJEJEfqy4dv3kTehMeeZV1gKwae64k0ikPGEz7bSK33vliv3Tk62li9VALsIkPIfWOG2+RBvlI4RIVIqCbwVgzLon8xaVC57ukGwLjSRHKlayBDWYhzhRaBT3IVWvIOMq2gS68YgCv34Qap6fENfDi42q43gtKTpx6DU2WFPiD2GQF/XqyaW5T6Nsy5WEths4HZnbEaNg58C74UQ1CRtsEHupyHCnNgKMb73JSRrQJe3RPlhNvyORD1HXf7dRnvaDu6IYaYsHX1V4EsW1BNkRCju6m7bkeceJarP4CO2DLbqwka6xxMEHPlV4nG6xD1CUPJegQrxzW0VgR3kh79N0dJk5iJps20OWgoCFHbwdf4fzBr6dBh4GmINF2lLWqBMmGDILUnXkzn7FSrZEZejGuAEcmCLcdMILlAhUgQrGdOUfXulKJGQuUvHDllgMPxTWLUygbqHJYXm6CJr9hnOWwOxTsaxY93l1jC1313IGA6/ORYg1xv+E1o67ZJrt4eG/0GTO8m9vj8KZF+qoBE1nqs8uHkp0kGtCfDoC1rvX8qDP3gQctSRSly8N76J/VkEX60qNHj6RFy2COvqYoKddnBnVWKJxbK6v+jMmx1jX7u1FY2AflrBMQ8LeOd7X2XJ/SV/+HXnrWi1k13OHkGrrht7hQJKCqjbiXOKNOyJ0o3qmCn0ZnMq4dbvvNYDvc9tfMT4uracvdK47Dm1ri1lddTavxNWzatDjT23Q0rtpOusaJK2ylgXfMmSZcG2YarYpU+RqWZptPG0Y4Xb3rX06GNlyFacsgj7Z8bZritmGnhY3TiTcJGwlrvNSykpRy8syA3M7HLabTz+qnC5/RS3/7p+vSn75uPp3+lE467KsdLcoZgzaoB1FGOar5yRAtlBW9te9tAy0ZM9jHtIWowJWl4ZLejqpgMR4oAdPjOWt4Gs0Cd2puqzMICIWqecRvXM1Ho5925IMQLp6thV08gSujFWjWVbEVQCJp9MRdCunos8lUSY4xUjxz3LKfdVVuk6AZozxrxhJFcAxcaXKXrs8dHpCGatLoHhXA9PwsyTBL4eyZHh4XNT4rQIZVvso8jJJaLQQbgSI7xVhkd6ajGmOCtLOUwznGJh2rYkKoQAYdFrLqGGh5aawx+PTx3TnKBykxRFxVYNQHUYpSg26eAWQMwoCPUtOIw+hD+Nizyj1elKZ3GfDNldhGqDnF4M9BTBxj0BQQfB1QMjPkO2SdDZxAhTRdaSFbGI5+RNQXsWM7BbR5ry5G16abD95T6zDgHXqSJIaglSDy6LtA/rnq5VYz5I/BEIZU18G4Ax57QN4PSvDnq5msPOSDUjpdVtXIW9Vl/xgzeQyiu3wTJ7ZtBmd4Z7VyBzIGUAyWD91D/llNwyjLzo6X9NAVspXYuG1AHwy4Y7VNGGV0oCesg25fjD7iHiMGfOYrysY8sUoX5ZZJB/0WXTnqoMKFwpJcw7gltwCmVdjGQ1wgS6DlKo3QfcYL5KgPlU6UCtGVGPeKV6Mg6UE0IWBNk03113uL9dq8teEvRyBn2OsA/ea6opHsxAMTCOjZlapQlu0hW3ETrKnLpTysIZmTK2/V2IO6xp1tCB5RVoSa7/v4XptlR1lH9xVtS5+GP/RYJYtDfDzxzQ7Obcb8BraRUoi+02ZdCcNMealr1o0BH4Q1vofsHd/BxDDzSO2hJ6ttcnsP8bYHJ2RipRop+dSGddAJGI8ot67lVbtcb3vsZxPfI8LNK7niI7rUUY0M4iNShVJhlD8DmT/LgnDUe5OJMzzNRbTU9ZSyQ/dSCEe+/QujssY9EnfyYrVt5KTMuxxqMMtK/iLfahoscGotZaYh5vbsGfTcp/3ObNgZXL9SDQAAQABJREFUq5qBiWHdx0CeBQ8lEb8haLjCqvGmBrw7QeYW2i6n8Kk3+87hgbsJc4gCRp2l0+UQiAWMvx7baTXYY5XWAxyKZe27mGHYLVAfQ71qFI/1r5ZLjuE67kopjEeeVKiUqQLwv37DEOOtm77rNb101TWcnEg5zx/LMvkMy3UcnGUFMGEyUR7+prlp8BWuqWE1Iu75qB3xfBpNh7G9Lu/aOMvxb8NUSm3YaenCVb7tPLfxKq16b8MZN6mnijsZL2xO85rbbhtm5B/pSyiereFqer0b2ebVjtc/LV9tHP3VTeLW+Mn7JBz9n31qRLfLtg0njSpLm94kTDtt5M/jG/JJ+xrpYpQ+8k3jMUrNQq7E0/7UuTd5OXe9kF70Tb102hnr0m/+2Hzaee4wHT5C/0KH5QFWR/ffG+rP31QUpZSqMyf2r+XZ0pbglPhls4KrOaz3ChritGQaS5+gWbqygjoGWclNH880qat7gmrw5cJ/5VKjpBD+1UmtDaISa5VNjaq8lyN0ImVZuuUlpCZpyLv2SPqVId6rLphVthLMN8tvakJO9hkkzTqZGH1MDDynIeW4VpUAcxrcw7UCN17rQhYHKVmoqirvpaFPwGfI0gzb+UCzcegEmGHJYviEYhgMZCbSI8aBoTO70nWmmNMY43h/4RzoYYR4FLCHwHiUPkMXSoyBgO/UeLJjKRy388TKhVsJHVQS9phfjnOKQV7g1ZUAD/so280Vz4+UOhB0Ntrj+z2goUhLKjK4esAKgZ3i0G+lOIh0tQ6j0rhcmGReXFfQXOVSRvgM4zCHLGZsUXNwzJ9Vpqm0oEYVspPzNEkGs5vZijazka2d0AKcPPOh1jkw0UdnLtv2QYd85m1k0pQ2fF052cj3cxicWcEdkMQ7fw6kCGcj1BTKFV1FVOAqB1EIlvlCz3LBqEzrGIBD13eXGBkCB66D83kG8RrXyJGxJRAZCl4xmM5UR+n6xlsAOEYG9/AfYbC3gK7q4T+OyTfMdhHD1SACAQ+OLjKVvVOvkg0nHsDBG38TX5JJ0g45PK8xNcUFyjBtQv+znh5mmEtuLxVezDCJuE8IRvAYEw/HqV92TGrebVxec5bA5Z1M/3RdhSmhKOsy4ZBPEdMwk34uI/0+qO13YrCMIRjvcCqdK6y2CU8rBS5WpAl7BHbQsF649dA6rbGnMJ6GKqxtzrIVxokTjtiOCRfbre+fHj1MDhyE4GhDMRmhXNZLjEAH+ovzPLSlaT3BcItvX1HXwwClLgnHk10KwMBPvVnXCMZx2R7JjU77RzEMbVfAzG709NdeWsyKC9ien/dgkNC33YV2kSGMOTStSApJvpdsu8zSm8i/cgkYwDmOqy4mZMzbhBPyIXXIEyotmbD8YtWM/qzPihhmVejZ7aMzGFULlqMfk6bMYlsk/VL/KLqnbwyHwH72YeA2VWA0lqPPsm2rf/hFf2d5M5kU72H6TqZGN4ZezxU6aPXjxEN0C50w6DTyotw3RV/tQQrdXt7tkObyNnF1Hx9gJi+xjTZ0rVRR6siR+6Ms6Km8Wm6WlCf+abyl9O0/101Pe+5i4iBBHHU9WNfSrHfTljpP76vtVNyQn76613Fl2/7DLW6juuLKcB4mVDmCY9DocnpgG7bb8XnIt8EGTJpFCqco9nwX23bWposEviuFG8kSQXNDnZFudpW/8SNYWhXvaVm3BkEnyytNc59pWGeW6iLzLVCVD/VoEPIVpkEjY9tWl/8yEprhOH/beHAl/0hUiCgv+Y7thbRnYDqRXmWiH2305VZFt/47abGDu1SYqApfIYe/0rIudOLdgpqmHFmfmU/ux+1TMe95ZiFTsJVyaIcxRn4WZppZf5Xa0rt9/nq6+EO8B3o/cvCk6G5EVna+RP0oY6OQl34u8twuW/NKW4v8KmfVQeVEr0eadKVvHVLvsx36SiaDa94qtPg5bpLOCGLlcmvD4Sf7/QV1OkhXv5jHyfxM+t2fnEmPv2JnemDvPlbjRztLRrJnna1zNwd9+4K7nKb0sSNOD43vRFlO1dhY8Y8FGqEd8011UwgK6q8mNf4WjZZ3jKxt3BrauJa3iVvNEzhQ8V4UpCwrkcpjkuUJ52er5EZUpLkaXSlqIzgpbDetP095m7KMg4dcltV5QQtZoBc2iHKNRJsgTALjoU4dlEaqcXim4PDEXYNzgHIizqnbCZwx/pWcGSl+OwQFjMFQ8DKQE/FlJdVcFG2RzYwDHdnZCTs4TOsZsDEw7TBAjK17Ht3PwC6O5D+KwYLx4iBN9tETyc9tlPwcoMSKlIaY27bY9thhG4+0h8cZSGIAOmtsEfuoMz7e76ifBwDPQa1wi7FKABMy5yMiBrWenQtvLsQpv4NejBRoxwqag2IHKKykDfiejSJ2XHWIWWw4InRsUTSewc+QGfHBIXha6VixC1lcpWOQqdGaP1DM8NcB53E75NxYPA3zzk/cTvizDLqeSHRwokcsg1wH5FYijIj4dlycCOXDWtn9kY858AY80HwxTTiOXmbpjiQGdh4UofQWYQxwLSDCGEhRruJYT/r8jpeHygxptpwOA4jF+zPeAisf8WI5t+DLADDujoiCOPf8ECzIJZ5b44SDT+MM487cmXZsnOV9GfRNGc1yStzeOzAQDvMLmgVuDDcwp1ykL3zFqSA1voZNn0mbzmGASl6t99YDV3QDk4gZEu69nvx7hHLwVj+hmBIW0rB39Vz98iK8c3vaxrHWbtPS0IpjudFp87HqGABRH61LDK4HAsqHl/HzoAJZnGCgzQwYVFtMGiv5eG/qu7CwduJA2f0fxMqvfn642D5LnYyydvBuu5pj0BSrxdDmu4Qdj74+4uqbGFxoO9bl8KsPouTliWIxrgFwhhWxAUYcRRZ50whb1GhUkZYj9ba7aUfq+20hDTlwPNzEto0PMHKiweC7pMCodfMQ/YOH7cRKW8SEAaIhGJMKti/aoAf4yL9O4Mywkq+8bhdUYP+i/aqg4uzGcpclL5yyhs+7cfQBKiHiBc4yBWiLjuHsRumVjpR08tdFXxihGh5BZD7oyvKJaPRK/6Wx2y8fQO7Z58RnR1jtNL/+NYaYaNRT3x+UfFRBjbc8mHd1DODc3/neIRXI71HGJ0mg4YDNzz8sujq37XHRT0lxEQPb73vNbT0z6x55Fg7cE4bcDLsPZvgWldvTF9hGPsv3qrob6YPSE5G76M53MXfsYAWPAesMOyWI9jCcxQNsO/dPeTXOoy7kPKjyWJUVGKc67KsD2YhwoSR8GaZEjt1yPTKK49bDeBuml3znTHraNZhDC7mMoy2MYS0NNJzxzHZYiYysGQsNnxUM/g8vvC3NdC5ht+jjiKW9WHfoY2ccRNf2HqSJp+H4rOpjvOQ6oSxz0Hh72tB7Rtq57hnAdNlscjDdP/96aFxOF72LIs1GnHqb6e60hkIjyyHpqol+vJcVQoLHABkQ04TU52Tfkf67CW/lxNCnkh6WLLC7KQsqDs+YxaHPOd8RH9HVQJ0h/+HI36KfFIj0uTAWcl6IKAzlpDGhMaUORi7L1sWImiMfffmzxXmR51a3Q92MP/ojROl12RkTOaWaIZNjiRzupEPzb0vre1em09Y9DTyeGYMD6f5jbwZmU9pAvsKIi0zLjwmEDivF9PNOPC1y9IbymUENzDmMKV1fA11jDj72/zOeIons1j/HFpn3fJRVr3M+/M8hj8K38zfKqdTlcXjxbWnz3PPT9tlLiOGYkcW70/75N6P/q8kdbSCGpfboTMZQZ6yXuW8Xukve70iHFj7MZOZzCPtsLc8HaKuzY4sfg8aetGPdy8nLFp4Rx6F/HROH7wbnueAohjg6jiXp0G516qeR3RzmPGq4DtCFvAM5gJe/5K6SmsVE5NX/ghHMTbPpXX/Yj5W4xUPBJJhlH3mijjAmpnvieUN/7vuxuY4AUcGXZ/fPJ8WCmXBm3191bX+NW+5ubTkZF+NwEKOe5Mqy5mJoG2XL8a4wkZeWiC1vRqUiteMq3hjdlRTiwAg3CVLDbdrCuQNQA87WPZlmerh4oEqhUinx3owCUZAq+doMuBaNk/Xa6MacHa+/cDEkjIdQAxNC5s4suqsALXD4K72wtukwI9kOlw90xmoAWRx2GRySlr+ZwtYq3sHykJKuh4vQWbj6oFgDZ415+A8dZDAwCPUw0OgzwIyPZ6NwH4Lxvg84bmHsMBNvB81IhAEwxp4rdW4Ri++x8X0VjL48qHPrlSsO0FjPjJ188MfgGZrxfhDv3JgBZ5i70OlCL28RYgDq4JoBVP3+VbxnFKtRVISab2Tyo58OUEBAFgxOtjM5cHW73IBTLJmqCp4OXP2kwTEMp2/+tqelrZs99YkZbHNtBfM7PuSsy2ya9FV08OEBb0cfKwTog1EXeSHPapAaFbiLbDUDPmYMY9Say8WtVhAJWB+yfti0FBh4zNDHdkmjMoyy6CybHJNTIrKJtcOXN81BQ7tB1bOaA4YHyfs/eGN6/033pu2beB8KlH37FtKXv/CSdO45Z6Juy00JTp2zrvYwzo4cmU9vfddH0wOLfLzVLITwmY/G2wMHF9LXfv0z047tmzkpss9KHB+PBTaMD2SKLYp0HrkRk5dcTFkFDMqvu/6O9O6P3My3sThpktgYCFhvhYCfeY2JAAPQj4M/Is4tt7nM4gRHt68CbacTg31gg5aDDL8hiI7ytmSNG2ZfXdGqKjNfrqbIDXi/KdiP2VEHBMpMe6Dt9DDkF5FfmJktp8eWu7wVk3rHQHtRY0BDQxB+AwbwDsIj05Bxq2+s0ro1WD7icJCFg6DcITNkok/w0JE+A39XemLLsh+qBVY92LZ7fCPJduzgyzzERAhcPCxFvk6a2D79BlYfQyNWeTAEe2yp9uO2GoCuzrv9T+NnkS3VsYKP7GMHs8A/8iMv/Tg7dAezdeBpuTqgUn6fETEXRl6FNM4S9ZfblHFZN4KEboq+xMgDM6GRI4ihd1bQpJBX1uz6WCFhcGOT1bAKg9dtp+g5DAjKOtp4YMkFCZ084j1X53j8rhbL57KLPCzSP6q/zixc7VvJm3EztPN4X5F6saj+7Tvpm3rsYHA1rm8/Zf2jXPyg8rzvy9GfOVEw4D3KLsbggtus2SmwyH248ezgmQYeLEElEp9dAfb/Cwfvpt9nlYR+urNlNxKTB8tC/dEvLjC5lj+0TP/HZJvfkgoY+fPnyiLQ2Y8PBpnXMtfcFkGjLBbmgV3XTV/4EvLPN7/686Tmol4GexRtX9kfHErruxekr7jk5xgQb81lWMp4ET3tPXxL+uCdf5DuPPQGvkl2vgWQjg/uTC+78I3pzC3n0p7s62EYInMhz39x/c+mOw6/HmPjPAb016ardv96uvJxL06b12EkQbtPW7/74A+l9932K2nfsfemuZknxArLhpmL0ldc/Bp2JfB9UXUcGXE9tpeO8J20P/nEt2CIHMKguTm95IK/Trs3P5F3Ea3bEIWwnw7Zf/TO9LF7/jJ9at+Pk58vxjh4S3ruE9+aLj3jueAupvfd8jvpo3u/J22cfV7gaKA+ffdvpM8/52ugQH9251vT++74Wkj20hW7Xpe+4Elfk45HX2IJUR3I6By7Rj5179+nv7r5mrR17kuhyzMmqFGGyLw4uCe9+ILXptO3PJk6tZj+5qZfSZ9+4OfRx9OR98700gv/OO1Edk/mffsNr0m3Hfxt8nwh4cP87klXn/X76cJdz0lb+O6ZevUTFvuOfDZ9+K43QudVaWPv+UTTN8Fz2JlPL73gN9Kuzeek+4/cmf7sU9+BUaThcEt64uZvTC88//vj+3Gfvvfd6R23fCmG9PPJWyd95SW/geG1PWiH8Fz6GEf7jtyRrr3zj9Jth34bI+4S8ju54qemySfl4zmN1zzhTen8XV+Q1vMtORv1PLq6dd+16b23/0xaGO6PlcOjix9K5279/vSC878Xme2AcaW+HJs/kG7b/+H0j3f+bJRPL1bc6De4axxesP2nqDtfib6eQOnk/vzg/P3phnv/Nn3wnh8nLzvhsTEt9PembXOXpy+/6OepT0x8obNcL+iP4MVjhUnTden6e/8m9LBx5oWIYH9ru1vZWb3oVli8H6ZrvooTKn+f7/b5PjRtfFAGwVE34BnvRxF3lIPUIq/RPxYOACmHsPmyMt/HUh+EBsqYJbqGQmaa3iOuxca2caIuqsAySG16UrYmRAuwIpSwlcLQEs4RwWVJQqDGZZSUfcrSPEHwL5sdZxlwqz0rQv4sqhbIKq5kahWosWQbp1KEAdCkKHkJxIhEf5YiBGriGgTANbNwPovUcFFq7QSCoLOqJHXcFsgD21UDW3YMzBw88L5GXtnigYwmfVcmwkEwCxSrddJg4BXOjobOr4tMvptVvjgZA7QYfNEhLjLjrnHkYMMHqB8I9Tj96A2U05nmMsg13w74dD5YY682A0MPYwjDjBz4rkeHlT17th4DkKFbCllZiIEKqMNjeZASRidbu2IwIk1gYjCHoReHNUgfeVyB88Pb/agNDvIQApl6rNg5YD90/2L64f/43enJ557FDHH7PbOgpqAhr5coJcvHfES4lluucAFYy4ZAbSBRdchPHdwIF82iwGYOpMIrUwxKJ34JRhVNSiPZa2z7btbs/P/Lf31tev/7fjltu+TSNMfW0X03vTO98lv+U3rxi78kHT+eDd423sn7s0zmfZZB71137Ukf+/i3pztueyDt3DDHAqQFTPEg1za2tD5w01+nf/8Dr0tXXXk5ZcPgjP1XG1ltML1POWhc9ilvs63uam59p21u3br033/9d9O73/ZNaceZX5buOcDJjAi+awtbpMqDK5ewePDlajvdd5hhAcaRq4KnbWKFyro7oD4zgy+kf0f4kOr+oxjgDuytXzhXMI/OD3iwM1kgrFmlDfqOmVtVdm1hltcVxSN8ANZ34uBlh+aKmNuEu2xX5ZHLQIF42oQFE/khX66yLPIOnAbFBr7vtW1jL913YB91mrYFkd3bMBoptz3HZApNaMy4nZLgjh68qPt7yX+ire7aTJ52MONum/Z9TPqKge9wotR59L8PA9CB/S5OMHQLbWcds8ZM9gxc+kP3bv88ik72Y3zTs6Vd29bzPhjGAUbcgNPYhuD0+Y7TcSY1DmFsW8fsF3ps35whH33fGzt2fzpjGwYfW/7uO8w7nxg1CAlt+LndkNUiy9RtvNs2M/gCv48+ZuF7jHpw4KhbYwdpx/pu2kK9iU+ORN3P5SgtP6576NDhdO+h4wz2Utq98zTkYVJg/wNp2wwSbtrK15kwREM86hHGaM8Dh+CzhW2767ZuTnczkaGhu2MDYY7q7zsQhE9nPX0cMvm+2f7hxnSIB46Gubg9ymcGAytnm7xhRPTYluoQu8+OBycfwqB1ssbiKuVsffHD1gvMjMdWauAH1JsZV/8AE59iDfi8zRJ0J4Sc2ApDHmNBgih8OLD+4MfIkZcrs07edTkZt6+Rxsp6zwks+tY5jDrpODFhv7/owSnAaDiGrNTnakRHoeRKGbwUXxdR2ZuvJMzxnaq9n0rp5RxactqZrCCykBVdcGS6DbySH11T3zbMbmMQzkpi2/HR6i3rT09nbb0o/dkn59M9R9+Z1vWeAPVF4MkXepuLb39VKTNyvPfKNsSjrJ5cseun0zVP+daGqgdIzVCPzzntSo5n/+n0hk+8EoMQQ5kcMq0C3S1BNyNUuvYePjcoi6iDxzDANmf+yNB2m9ftSGdvvyTN3LA+ffy+VzNp9ZR054Fr05Vnv4g1oHXpvNOuTh/ZayHnB7114tzTPo92SHul8O84+CH6rvOp+9excreB/gTDnF921CvrJkqe61F2ETkqGQfsGh5HBx9Pn77v3enxOy4JiMsf99J04/7X0q4+lS7a+X3prO0XRvyd+29Ltx74GVarrqGK2l8dxDD9o/Sk067K7MrVfSBnbbsoPW7rD6Ydtz4RY+fryT8GiB+thv16ykIZ1V3smImJS9/JnU0b5/I4Yx19hdU1Ok30uJEtwOsmy5u2GuW97cL0559M6fZDf4heNEKt99WZ/3Xk5e3p+U9+R7r0zOdFQh1/bWRy7eIzr2Fb/s70phu+AvFYbWfldBYc68zI5TJQvtM2Pz5tW39W+nPge73zeC7Qr7AKefXZf5iedc5Xj1CKbycG/s4n/Wv0cWF6yw3fgO7yNsuoP0xKz1I20U5brUb52uUW4wDHaEuoT4+wXbnx48xzhumlrHa/+Vfn02nnslOebqC6TUwK+l7ccXZ6xIov9cFanWXhRr9hv2Kf1mdiKbu1SlDAH7str4Foily8x0NxedDJlDqOnIyfFo4SC16TtWwcutKMZmdSkck+JGTkFhPW42g5VOUvfKaBjMfxbK/0SYjJg2VxSfA/BlAtKsWoa8WMeVc24MylvxN0tUMdQwsFIWH0WDXFDNppFyaRh9yAHTA6ULJzc9AVjQ7YoB1PdBqdBwzwTkU80I/RofuOCzNovlsFKfAYZDobeJi94A60HHgyiPSleQ8D8b2r2LrGgz7evaiDiyJezKozk+57cDG4kBaU3bITx5aXQxqiaBic9fzAdRQA3MmTs5oahzl3xPkuyYCj9ZF/cJzBm9kz//SbMdAAx0I278rPaAMAH5DOXAFHZYhBBvnIx/lDm62XxmuUugWtxyDKAZN+cYNO5AcdxhYnaKtvtvXMcWKbK0IevQtwQH2uXFRBz22fKp8yqw1tlsGzBu6GDej+IXLr11FnGTRFuSNInOoHLw00Kkhw3bRpQ/rEJ29Ib/jjN6fP3HpbuvKKC9PFF16QLr7korRr9y7kGx8ktUU9foxBBAMv24o14DDbWW++7q/aIEv9W65OO3evT/ftX0z3f+ZvSXf75qQ7M519yeXpIIaEg9sZ9Hfbx68H6My087xN6bjPP/Jgu5vH8Nq6YTbd8rH3EXk4nXHZl6dDcTiJEwwYUXw6Y8iTdrj/cDqOYTA7R3thS51tLjvaKgYlVg0Dlm6677Yj6T4naZ70eDZjUeeZ5PjMdW8DdFd6wsVXpHvIMmvNtOc5Bjyz6faPfDDInHHJ09Ne0vZf++ZCd9pta9r99JelY/vvRt6/BiC32KWQL05nXbEp3Xl8MR247m9IPoOf5XArv+JOf1k65/GddM+xYww6aWt+loT+y7IwHzd+5C8BfFF6wtO3Y9Q+EMaZ2zJnWAU7sv+edPqmYbr9xkNpz/w9wNGO022F8PnprKc9I204el+685OfJu4Wfo/nJwzbmBvnQHRdOvOC09LdhzD6PnQLuwwvSE/Yvi3dft0H2Ah9JO2+6svCAHJFS8PF+QM/gH37zUwo3ff+tOPcCymHTrrpH2+E1l5+N/DTnc3vjvCldGE666qr0oH9bG2zP6PcLHdX1OxjXYW0X4oBfqzkogaMKlf/+hyA4lYmJ9vcNqmL1dCo+7mfI5HX6Tbx7hhl7kOQtIXYqUDfZ/mQHn1obAmj/7JO+a5Rnx0EDBZjVd/6o8PYCwMOWn2M5Dn60phgYEWWhwKrdGx3cwKNfr7HQM7Stz91i2d8t9J82AfDw+0/po+9oiCP4uqkyAVX0a7dlxezFSSKZPtezQkXgExq8CzT7Tl0a/rgHX9EfVqXnrLzi9KTdjyVgf7mdNWZX5fedOPrMNTPDRxX63WHju9Lf3vzf2PViZVMnw3E7Tv2Qba7nYkRdFO68PQvCjifQ+/5zO+kzx78e1aFXpV2bmTQvmF3uui0r07/cNfXYZA8B9wqx/q05+At6b23/gqGEls1oTDPbo3+wK2N9meupNOn4Y7O70//cNvvMSF0JD1h21XpojOeEwbAFWe9NH3y/l9F/49Ltxz4YyYxXpF2bno8q2LnsjXx5Wy1vB06nDS44RtZyXtS0DLvnz34OxiGl7Nr5LrodyKBy3V3/UW6Ye87MbZcUaaNz9/BStgzgOF53tK32/M2zHxJ+tjeH02X7X5B2r31PAzgC9KTtvyb9Ml9/ylduvtFQdIV4Q/c8fugcnAO/cghDKIXnvv2MN4kd+DYvemGPe9LRxcOoasnsMr1LNrv+nQ1K4UPHL2dlbhfQpbLwc/Gv0Rj1Smkg4LPcPRkOUU9Q/9RJeJivOOLTaza3ZX+92f/IOrOk0/7gvTknU8PPled9S/TzddjXA7Ph8cog64cu2q7ee7FGL5Pky3G3KH01k/9V+rMTHreed+DXFsxXi9KT9j8tawu/gn504ijv1QG5Lppzz+kD971P9JpGy5Jzzj7X6btG88k31emJ239xnTLwf+FLPPpwh0/3RhvC0yS3LDn72MVUmM1r06eziTAVemLnvia9PabX0j9eQFlekf6i0/9TOhhy+wZ6TlPfiX94KZ0+/0fTf9w+/8PzO50cOFOViE/L5dbSH8iF0aGvUG66Om99GZGjPpjjBg6VeW5b8hxRvpTd/pordTZ9UywzWA4H95/Z+BG4j+hi3kb5cs+95EV3rFUaBg56rjqRCVaC150rTDy3nbtYC7pnFrjjavxtMjwR1qJrHBjNM3TtIQ2UMtfu/0aFYce1sCUu2Vmm1aEhs0qxptk6mhpCsmTiAopshbsGNquKts4G06IqqRtgw7UEJ6LpyfavUnNrYqdzTtI1DADk3dXYrugq28OhK3AzAClWY0WB4gg2TE5E8gqXLyrQ+fIIz4GG74v5rYrj8yP4mOAEasKPOBdBetCT7oDOkG3RMa7GwwYQzoGJ5LXgHIGuM8R2DYgt5M5o+7srvnrQz+2D7HFCq4hh4bjIqc8xil4GFehg9ATFL1X2RkkqJdFjTxw6G2znOYeXs5uzzCL76zYkI7Ho7k7rKxFfkmfZXDswQvKYOeMN/A06hx4xEw2tOIUQikTp7Hpqk528ss8ldH8+Oe/peoAPBopeOrPW6QXn3B6rQ7ec8XPUMEMACt0xgFGpxBjTn4ZOegESIHJtT3YeAlUeYXLOOFt4ggJRHiOd690gzKoRhsmRlyOz0j5g+OdWJ1sEic8OQcj3Inkqo24d6lzrqTE6iuDxuykoC4zDUW8nxWeJzzl89Nf/eXfpMsvvyR95Vf9i3TgwIF03Uc+mn7rt16fXv+GD6WXvvSi9HnPfBq/K9Pjzz4bQ5x6AMn9Bw4CeyjdfsfdkH9KbLtcpFwv3j2bfvONH0qn7+IdEPYrLjKwtazXraNuUz/cnvmTP/kL6ff+59vTS1/2zPRjP/JL6bQd+b0FZ6McbOy7f19685vfmn7iP/9i2nn+ldSjAR9R3pve+743pLe/8+/Sf/6xn01PvPjydP9RJlBIc8Xvto+/I/3RH7+RraDb0wte8LL0uAufkY4cW0gbMGDv/vQD6du+7fPS937vt6ef+4XXpN/9/U+lM87byvbSMiFh26Jeb2BFcc+N+9Mrvunz0jd/0zemn/rZX07vvJZB/74D6a/f9Z50/fU3pu/+zm9J51/5onTrngPpNL5VdPtH3pt+53/8FnnrpVe84kfTs17wvPT//cl1adtWTkWErgauRvoMK0+z6O7WWz+bnnvNj7PStjf96Z/+ebr0sovIg7XTcqG9oYNZ6s1b//I98Pq+9Kxnf0F69R+8L5119uOAQz9UmcMYo7fccnt681vel379v70lPf7C7WnPYbbIUr/cmrmZFcE7P/3Z9K53/W265fZ70zd/w6vTOZduTfccPEa9mOOV0X7avWV9uvWj70nPfeGL0g/9h3+bzj/vXPizKerQofSOd/xd+r+//08JX59++bU/nF76khen+Vg573LmyyFWXjEUGaxtWL8uvec9f59e8fUvT8941kvSa17/c+kNf/ZX6Zd+/tXpV37ll9Kll16Wrnn5q9Pux7PDgLpgLrexonf7B+9Jr/p/viz9Xy/5sfTd3/cT6QP/eHd64xtflS67/LLoJ+LUxMgLBvX6DelNb3ln+t7vfl16wqU7WBVl5YqBUI+VrkX6HIZQ0Xe53dWttRps1n9YQcv6YU+cdauh5WEnbnt0+2a0RQaH84fuBS/3z5FGf2z/Nrv1DF7TvQtsSse+ke9Y0Uqjs4ktfnffmfoMPmPghlGq4bbIit4c22gX6TfkXVcEPdFyHlqJleUZ+17ozzNhZ/86t2k3W2/PAN5twvahtBvy5idaXLXLH56Hnnilg6KZcKR5l3reSTt22U+Tx9p55W4FeVdxwqkaXEU9tnAwXbfnByN864GXpq/f+noGwRti+6MrUuQIaDWSnYbA9ftelah+UTfdpr157gt5jnpYzNnUe+oKTjaHF/amT+//7+noJ25JZ2y6OvKy//jtGDxXU47qf+SOsUX+Q3t/Pm3mUcjrR7HCu4l3nrKrfRpzh5Tx9ff9GoP3j6brsP/P3HJbbLdbh2G9qXceq3sHWQm8Nn12/8fDgNvEtsFztj6fbZQ/hV7vT0/a9W/DQJXurfdfC/xtaX3nqhC46sS0ew7fkD6w5xfSdudICG+evZgVOsrMUCijKJKAfcGAj1Vfe+eb0gu2/DvCM+nCnS9Ejn2spJ0vuXTb/R9PNz7wE6xEfxnG4h3pzI3fnC7Y9exIO4xR/Gef+Hfp7qN/AI/82vazDv1a+qKnfFvQfupZL0s3PPBf4JT/xgsxPyOzlKNyrdJFQYTAuQQX2JL8kT0/EDE3PvDM9K3b38WO3E2U93Z0fj6509DLsAonHevpbI8DfayEONvgwfnPpFsO/R6G7afStnUXROz9xz8Z7x8eH/iM0GU6B+f3pZsO/Gq6nrmgjTPb0rPPfQV1oZt2bbyMlcqfBOf8dOVZXxUYtoX33vzb6R/u/g7qCc2HZvjJPa9gC+j/mzaxxfR8dPaRe74hPXCcd+V4R+62g2/A2L8+nb7+a5Hz24LGUer0Dftfl7bOsiKKkTUT78lZiqN8BeCqF9ogaDvPoo/e2fFcLIw49EGc9eDowXvhqc7tcXJ/J0n7gagn8Fukn3F1zn5eLEtw5Nrjm1HsSfmCrBf4yOoUudr/nLjuHpwAZiFriqueHOA+0uAIZsSrHZfHhhU9E5immgpXqTQwlWdNmLibHPzsOCjfKOPSiRhfPw0wQrO8x4nGWHcEsMQXskA7l4O4Gd/qFLUnxnchRQt3FI7FqSVcW6AreGl+KzjlCOlWgKlJVe4GvvEERGQpGkhRKI+TaFmmtnrlmq2hBx7wlOiylSWx7SVON4uVKIZEbJNy+1WoGivV6uLBIW6hdLtCPeZcnvGgxaDxEJAYqvu+hluXoBUHNVgzeCB7cya5Dix8WX5AbzATB4NorNH4rZjMWucDB+gh4OeHvB0kRAfBNse+Wxqlg2E141bHcBQuGXMFzAF8nxXBnHeesHQsbheK7VQMghzMDBlQ9xl0+E6N6ZaBgwaNTPPkqVYeUCINZ9+cTe5B205Jp16M89j0vG3AzEGHQbtbnnjLHh34EMjw5uvt73hP+o1f/5/prLN2M6CvHZ3pMqeKsacdJRbquYE6GOvwjkDWB8kBi5Eyw1ZQZBFbeauzXIYc/R1bxhh4UKgZAOUPmc31PZhcSCSFyBzC0oFvdLwOmihz80wZgwCI2xwxhNkKUl3UiSxJ8FZDbu07Rtmccebu9CM/9F15dS10JxY6tfCzKhqBfRDedNMt6Ud+9NVp1+lbUZ2PxOIiYzVnTWxNHbvPYLTt2Xt/etnLXpz+9Ve/LKdFfTeD0uSvKTe2vGH43HTdu9KWLd+Trrnm2Q2tq69+ZnrlK785/eIv3YdcN2J03JZuvOHG9PGPfixt3rKFPG1NF1zwlPQFz35muukznwHvU2n93Lnknr3/x4fpxhtvTPft3ZMOHjyYnvGMZ6TdrOK99S//Km1czwQAdf3+/a7k8MDeuTVddunF6brrPpruvPMujEPeo6M+nHX2WelHf+QHSbsk/at/9RXp/CteyGvs96VLLj4fI+rT4N6DcXwFC3dDdhzy0P7svvTCL/2q9KIvfQF52ZS+53v+TXrta/9XevxFTyp6vDlt3XpNehIraju2s42HLYIOPWLMiz5cHbKtzHTyIP2sx+1KT73sYt7rA8p3jHjH5fJLL0xfcs1z0kc/8rH0a7/2W+kpT30WBgPb/XhH5GLkinrC6tHikaemm2++DX6b04GDR9Lz+OjzUU62/Lu/ez+HvWxLd9zJBMjZ1KM7Ppye+tTLMFg76doPfzRt4DAM2487AOY4GGnvfRiX6fS0nvebrrzicvDuSjfd/FlWB5wM6aP/89IvP/9L0lOefAbbk/9jOuey56QDDE62zXXTLR/4cPqhH/kuyvQL0969+9Nlz/rD9Klbb09bNpN36vDpjIQ+8/6Ppx/64R9Ir3rVv0933703fey6j1HvjqXTTj8jfed3fEP64i9+dnr6074s3XvP3vSZm2+P00bX0U8+77mfn6699rp0+2fvTlu37Uh33b0POdkKSt274opL0z/+4/8mvIV6cQt16FvSD7/yOelnf+Zt6ZynbWOHeT9t0vhLH05f8/LXorNB+sDfv4nw09HFpbEN7EPXfjht2sS2S/on+8x11Jl772H1Ch7WDVfSevQ31rUBJ4hq8OCLFTQn2uzLooGhy1gJY8CUy5msY4S52hVNynYALU/BldcsW10Xj9JXCgMF+9C+E2i0nzh0Jt69433Hpv3TJzOatI+eoa9aYHJNY8L3YhbpCwfwsdXGVl6lpQ/13UeFmYfPHFvH4qApV98Iz6xnEgOZFo5z4AXvCPY4AdP35oyL7fHQXuS9aSfy7EI0lP4Pee8Br2lRHf6f977vbdv7LmxhWZbemwiiFAFF0SSWWJNoiCVRA7FHYrpJ1EQS0fizayzRGCtYIiIoKIp0kM4uS93e7+7t9//9nnmeW7YAJvn9PsnnP7vvfZ93nilnzsycOWfOmTPbHm6Lk14GEzwFZoG7QnOqU+eTDjZ0l6DwMaX9cPA6PZbPOC+1KibxDNogZqN5dm9cHjUcpy35Js3CNJLxt67n/rhn06d5Xsg0Wxnr0WrNnbyU2c7F4ge+KQ6de0bct/4nMO/vx0z6kZjaeRI4m0zZcPOEwpjg77NrXpy3/5dg5stRhVWbf4ZJ37fQyO1LKiltHRoIAcvJNyn2mXRWdFcmgwomOwYfSAGio3VQ3Lfxcs7Bnc4Yw3xzxrEIqQ8hcO7Lc9Ei9aPBW7HphwgmR4ByhfSspq4kDpx5KgKAAhVmyWjdbl/35djJeTZNJnO8jYNIrVx36+lx16a3xJFb0aRj/rh45uExc/KFwKkGazBuXq2W8wDy4tRl+OZYCA3ucGOYcP/6n8dahLc5Xb/B5uiOmIwUd+u6i+LIBc9FOIWGdS+IGZ3Pxlx5BfW70TyGjQKLpciBEHIwjz3mE8nrHM6f6a3j0GpPimXTX0hflE3HnWi3+4fvRcu4f/btWA7Pfk2LbX03YGa9LrqmTgP/U+PFR3w4Htj4GkxHr6T//9xhiyD/DOYrm9qah44Lzhcs1DHNfjHmrseMvtna/xjjGJP07qfHrOrMqePntvVvi9ldai5xTwOvs3rn52LFxlfGkfuekxq2faecjHnvv7BxxW+cr+iJtLPJfKoa6abgJJbxLsxBh0a8J9RNiBoDo9U/4YMbS9KS7imNOOTIRtx2fTPmLp6D5p5NIPms5J9oACH7xCpI38IrsTxTP7RpEJ7Ii7/lsUaDfVSFkq/0aEaPvvOhKrBO/HjfEzM/Xsr/ue+yi0o/Sdtq2jAe4FH0jI+sn6Xd+VxS+av8plscoAYipCbGS1d3DclL+84P7/eQZAJcvvejfwbzjE9f1UhsHeq31Tdfe4KhTu13pqwIfeKDMVcrRwrjb5q63DrnWPl1zK/2XVry+ALc7q17/DoyfSl494QCXArMRtpZ5X/u5udEs3NdHNUmKbSZhsPurPo8w7CLSeOcaDBgqXFiwR/x4lwPsBMaEJO8D4rCPVPjXq/nYkYqdWQTs5whNFEeXLccha0cOJatgMTv7LEUlgrM/k38U7dpdWSgi2tNghTysnNMJLFQ0OPTBtOWZ+6E1zJJlYIdxHMYoS/vhAO2JkyCjkV0AKE2b6hBO6zHOiFyCoYtzJF0CqCZkRff8oDpJIIYzJHaRYVGtYQpYFkXYLg7nYyO8T5jLO6kGJSoDVLHZsoRtips3LA1vvrVT0csPS/iARjVyTDCPZrwrKmT8L0AiotWU55aWidlH3ywel+XBYPTmgtvJxDE2XQ5GzP0wOzA9vOCD4tsY37ZxkVrU+rx27Rmkp2fDRyaYvG7h0o9XzAThquP326DYvJG40izkC/KtFhVjPQdK1opQ/uwyTxv3BlnnsPupdTeQDWNNtqiEGkYnaXVe6J2oqn58pc+Sp0nohoD3xNCnc7v+lnY62cT83sy+O+5Pk4+mR3k0WAa4HLNGp+cn3ngmu9ONE+GWivqnFGgmT9/Tn7mzMa2n7yHHLI8043/05+2jKKBsQi1e2jLULz8Zb85muTLX/4mQtxR8eIXvWA0LuaczDNMG2PFM1Qf/9jn45Of+uDYe54++cl/iZe9/MXx9NNfGFff/hAxeCQDRwP99pv1sfEA7md0DsW6LT+LP3zT91IrtRXN4Pnn/zYCHE4ZOpejrWI+w/ybvp+8g/YR42J4wPEOSojXFDg3LTgcL5IGEfB6MUvMtLR7xoLu2Aacw8Pr40/+5G1xzTW3xe2re+KIgxmjBLVsjepC7bWM9Re+gHFdhZtvvjXWIAS98IXPq2KOjgNOOiruf6QV/X198Yvrf4Hm7hV18nHfz4hYvADhr4+x0RvfvPTb8a53vnnc+4irfvzz+O1Xvij++KIPxnba2ZqEIOOwoH2veNlL4vuX/4hzp0vjogtfHi976W/ErGOeGzugQyse3RLnPf8UhOS3xrXX/gKNpfUzDyvzyAve/JepdZ239KD467/+Zz7v5t0sPkfjfOeb8eWv/Hu892//it8yX9NjyhK0nTt7o5ePOI44PD7wD3+DFvOV8eIXPxsB7hJ29Y+HKe+Iu657EKc558aSJYviPe/5e9IezAdmkQNcP/3pDeDixfzen89KPnVYFnOXL42N2/HKC/yD2zewn8Xc57mBNULSHjfUoBHSvexXvpsw6y2sHPrZGR9mrCn4DeL5Mp2vSCNIr+MYz6qlgxgv+UZocjNLi4i8w1N8sunQ0GstginSfgLVQKCigrxP0k0oaSBTpmyI4WjDDbU02QQYN7fa0RiqGezDlFI6q0dFz132Q2cVFIcG1kQnGr82TMTyDjrosGuJdNjzim04X+lgw0XNoaSurV0893rTi3LoePKa8P3qf3LgsKmzLF5+1OXA2EA7hPdNCh8Y2hm3rP4KZPBgZ0dpv0gmdHHu6rhFz89n/zy8+XYY7j9KQasTzdq1D/0dpmvT88xbCxPA/WefkJ+n9r0ybnrkW3Hz2j9lzB46mj/pGL+md8/HschLRuPVeN67xfNi+xFH3VX9nuX6jcM/krRgSudsBLBCy25f/X00zbcA8zksDwvj0Z6vxYYdfxDzad/8qQcgFD2L+FmcV90/61jf8xCCwYfTyQejYrReHxxTSzEt9FPCSNy/+QqWifsQFjwLV3CS76Tt0MG0dGjMw/HI12Kf6X+MYMnGFx/Dqo03x4qtf4ug/CzyqiVGCMeBTB16oENq2gcxVYQSMVLpdzaw+nITgf5GCGz3TBtzpokwNDE4TgXBFVg0+ZfvfM5H/lBhxigs7RO/edS388VUnMykpQ213rL6m+RdQlLpZSkjE2VexjseIq9a8Q+YTL4TzeYS2jads2+nxaHzn4Hjm1fHtQ/+C6arn6a/7Fvrq2DhcfnckxDcHuYc3owUwHy3Efw/sOWrtOtwNH/wIPI3hO04ORnhDKxrmM5iZItdbndo4l4FTUvroPCtAF3MSUtssgbUm5u6u/Rtne/Jf5e2eN9kayabC5qtI8BJgxQMG3Rc8mjSF8aBm3LtbMg1sZYawDlSoiL5BWqs+ibrzkkNH1IDCzHJPuOlUYbyVeJLzNhf39Wm1j7nMPTbJBmRT/76HxHKNLGFwlV9g4+CEn4btUsYbQEIKa9rXFRvMv9YxrpkC6u43CxRvrqeF3U9o2WTYjQfD/m8CzijeXeBr/45ml9Q/PEkgmU+kenjhGJIz54d06JUkGvPWNMnJPWHa47A+G+3ZE9oPllyPK4AZ5In2VbhAQg7pQCVESWyFFKNeIEW3FK9k4vJhvmM7rrbYNxScGPxTj7cBqJZCL3KMSH1lFaQ46SicBdeL8VGmBpBEPIi2ZGetSyeEBcYybyjKheP4ihBEBQCVVmmNguim0KgO7NMbJmEkXRjTkIEgtTmuTijFdOMxw7VzXUKWgpXloQp5QiMQ3qLBN5sGQvsMGfTBiEU7twWz5OWR3vcba52gnV8IqMqPc7D8y2vH4AgwlQYJDTNyQizCKU+N2hXs5t7qXDKMMD5GR1NSEmsWycJTZ0qAFd6dEPQa02aTR7wi7ZRrZ+CqxxNcUDhIjDWux14sfRszlFL9o3Ns138ZLpI24/ZWTpboJsQfvPsEuVlWxAkB3oQwpz5BE2S0myU59SQ8l6cqlU0DPUB2wjpDfYFbutTOIPRGklmlHZTp/dMJdyJT7sSwRUGUa1Mk7tcEmFZyPTyLDxyTKQX797R5dnIdDtOj7TD6D2wsTtmTKeNBdTMTSV8eyZRDUDBRT0yTVAuXZwfh+4/N7bOV/tHZDWO64JKrvLXPIbxVUzFKcndN+NCuzLdLClMM5aHoZfBuI1b+2LO4hNiI0LH3XdzXuXgA+oso98/xHTwssu+F+94+4WxZvXamD4dZweYzinsNXUKAg5HA8QEC7lYfMTZMRMHGtf/5JtoUyalMxXTHH3SeQgjAylsPLp+K4CpbW3G4sXsqs98Spx05KKE9Wd3ro6vfeO78dKXvjiOOHRZXH3VrVmFDHAhRKXdnYyvh9Zvi5nzT4wTTzwhPvf5L8Yv77w7LvnH98UrX/na+Pznr4rlxx1O3jlJHB1jzhp3BRRQ3UBxOKk9YbAiyPpOYYz5Blxpisfc3rx2O+aC3fGpT/9rnPvs0+Pr3/goJofLork/Y4KQMCUeDopOxuUBh58Rs2dOieuuuRSzyU7wVcbkiac+P3EuEy8MVJAmguhC+X9ExNoHiEdAmLc49t+nM1beBy1ajJk0Zc+dM5N3R8XJpy0nWyN+cuX6+NrXv4eW9w1x1hkHxw9u7+X8Snfcd92KeN3rLozFixbF+a9/d7z+/JegmXwGeedGD4LmtJmMw4d/Hm/+3Fdjw4ZNCG+nx/Kn/la0wxz1cw6rBbz/9IGfkP7SmLz/tNh3+fKYgZaih/O0B8yfiQajGfPmsNmBkHb8mcfF5q09aAZXArN9af/wKs2uOuJ73/2PeN3rXxvn/cbz4rIf3x+HLumOtXE1Qud7Yv3GzfG+9/1rHHbCgXHH9ddnGzu7ZdQIc/bhOFxhxGPRslgyfwZmtVysnWW7qeVmFvMIwSorZJ4M7qzOkEEH0q6JflZr3xxx3tHXAJZ0DdrazjUGQ9As39vvmjk6l9VstlUTZIR2dmHWWGgwG3u5yYO3T5jqMp0Y6AweBbcOaJ+76kPeIWmJesx0DDEfZP6FRzrhTqljJc0kqVvvlDkObZdtQMPWhMbnnXScF3QzsYUmbkA6Q/leKdPiDOMg5/N02hLQp0abGxQbrLXAVU9wYn61kMgFxy2ci4D/KngW7ScPfiIe3v6vaDU09xVnCW5+9w32xMoNN7JUDqBR6sS75J0IbwfTVtZYtFPbB++Or951LNqdi+Kg2WfHQhxkTEeDNBVh6xnLXo0WbiPnuS6Gcd8vyyuNKGfrHth4I2WgcUVofmzb7WwCsCmGpq9OYwZp6NQuvEHbfsL23g1x3UP/hgOT9+RZNE0zdUffjzZwFeUpwE1GUNl3yhnAOwlayeYhYeXGX6RDIhBKWRODffbIljvTQ6NtHEIT2cvVM95hxmjcJbEElrGXZ+GOQRt1URyx8bxYMstrDWDxwdMNj34Opx7iEjrEODH0IyTXoYO+tdSmJquMZ/EoTF5gXwfxbZ+7ltTrSY416jB9G1cLCElhVutc9bfzoTxb/wz6ow4beh7mTOFnYsXmjyJ8HQIcjq+JQbi9l+6RHR+JL9z29Thk5ts5L3lqLOC83+SOmTEHj5jnHPTm+PfbVsbWgbuA0rWzlCG+FPr9GDw7uZ4xdsWK9yJw92Sf9A5hzUM7DF3wW7j8ogysfhB2xbk8q3SoDqatktdR/1e+raNML/CHAM2wKOwIc1za18GGyyCb9elVOhtML4LfAc5oGy+QudlUQWcL7Qbh10Omptf9rEVq6hzXvksmPcvKlJlzDyx4xpvWVIYJ3/mjjinv9/h3T0gs3bB7copL+Pf2fvccu8TQPvlDS0mklvk7mmiXcjNdFVeaw1//50DOmNGsPpRxPxZfsFmSlHrHklvsWMpxz3VkNVnqn2M5x54mvCN9jt9d2jCW2qcqh198sn0TE0z4Vbenbq/mmQXucqyiYosn5Bn7MQG6seh8erx3JHBM2H6+XEn3Gh63rXvMRaF0fJafg8DfVjSuJLUCTKxsvOfDuLMpCbTChWfbEN7MI1FJJkyTRBbIkVp4o7h0s2/5EIw8rE76vPMMgaihiQ0u70mW9bCKo7jhPBrChwNGJyAj7BRpUuluasJCWTIPXm6dd1QkuMAg6JgztrFLo/AoQ+Duq/A2ERA0qRFGYR3ayc6cZyRkEshvs5MJQeBzgU+zIAUtCEEyLSRQC6dpj4KJu7hDls0EGsUXZSvklYHn8iEzhiApYFYCcyMaZB49bzKsa2wWlDR1Ir4lXsQ9/xVwsBDnYxnkT+ZnrBOzDlz49rN7vlMPjPSRGQd36FZcQYs82K234+KvTaEYAulutuZ3ptMJS0cnBByHGZY/wLmcQbSkyeFhcqI7cIVVGR6Lsq1pWqWQC4NkX7jrLWMwxMLA6mntpEUoA6Z+YcI8qonHQ/tSF+EKmemJj/cDvRsTRgVgF81mC7M3vO5JnPXcOAij7L0xSZcSYqDOcclOHMxeM7fKTqCfLLcE0EZYk2eNehByKlSCQ1tMdb4u6C1xVWT93tcdnMPxnE4qmYyoApDnkzAUOAqKJ+M68ME7r48zTz85++AHV1wT+y6Ymy89s6UJ5DPPfFV84Yt/j3YL8z28BM6YyWJMpRLBEkrZCu6WbV2rt2Daln1a2l2zOJs5g7WFTYtONZqMiSTZ5Hls9Rq0jtfFz398XVVmxOtf96ecCeyP71yB6eF+82PLqpWjODGR5GvW9MmYgP5HfOQzn2eIDMXf/f1nYv1jNyLUvCVe/epXIMB9DM9nh5Cas6A1hXNAoN1N9/4y1+IUJinn/4jaFd/bCj60yfeBts6BNAPzy2OPPSo2b94al3//h3H2OWfysgSpSMQ98NzLaD8u/osqTERRTsHAlm07YVYG2G2vMELb58+bE6///VdyZpD75ByTzPVNW9viaz+4BVnOekv5mzYpZN4a1/6oCLPG/tYrLiln1i6/NhYccgwMLvDGT+J3X/2PmHE+kAJkB5syv/b8cziT9lfxhjf8fsw/7VWkmRcHHbg8fvGLG3hGA8uO8MPrGMuMuwFMh5ccsw/C7JxYs24NDhPwqoYzkg0IQvtMK5sPg9CWiEdj83aEcZys5HiQFhPrhxkXBx19Wrzt7RfHy1/+0jj/dxDgvv7sGFh4Nt1+Yhx33DHxzW99h3R38zmIj6bg4AIc/P4fvCXmICAOsBmj45oNm4bjk9+5Jbo426a3XelNa9Kc3NHu2/bYqBCXlgFsDEnvkjF2Ywv6W4RzKBG00s2ZNAmvNmCs02GcHiDZ+NGzpZ5+FRIcD+l0Re0b6UqA/tif2Sf2YYnXOsIxZDLzqdUbhn4ruGVS6QLrQDtzH2IEMwf9J7t0ssV1L/1eDE9ZCoAtNxTRFBZHKJhbUWY799L14/RARyd6/1XAG0hzyu2xdQMXnfe1o+FT85atXqEAAEAASURBVLC78FEBvsevulW+LL0XCCp3YZ72szjtgPMzz8YdOMzY9J6Y1fVcYOEM4KjGp+TupV++v9JzXJw9JEerORMNCsKKZwWBZ173c6B3Tc5IrYpvrzg9utv2x+TyY5i/nZXlHzD7lLhj01uhwsvyd43qTTsfi6/fe3ZMhmuQYVd4bG8uBMeuAYZSf0//5vjJA5+MM5Zzlo1Nxx38vnU9puvtlI8QaQcISycwrdj8A7xRPhda3R3LZj4VYaFsrOgIZcXm77H5dHwpv2rjePzctfaH8eNH3xjTIRHC2N3xVMaOG5HVXE6Ydv1DQiw/blvzrViEZ0y1mQ9tvC0e7vkg2rdnI8yxZtHyjraDcQJ0C3T7pbkmLZ11Qlz76ExwdiVtPhgt1JVx8PR3YFZYBOvtfZtiM45i2lv7sIY+QL6Ck6J95CzW4F0ImKtYk+v1F0EJvInHghCoW4Xo9T0Pxm2rvxVnLv9D+rYRW3ofi9s3vDv7e4j+zvRmGw3yIAjrbEYumnwBz3ju3P5jPHu+mbvazo5nLb8YJ0aHp2Zt2cxnxnWP/QvtXlqKoU7nx4r118VNaHS7W7OhH49h/qi2bxra0nmUx4ZZ38/SOU4n2ug5aEgXcY7w3i3v5zzkU2jbL9CSHhX7zTw6IfIM5todd5B3Of0iXSoh5139Y/R7fI+ORj7phzKXy8jbuXOYNhLjOg/N7uzg7kjmpXNTB1HtmEvLp/RjCZQ8knTENREc5Jln6GUqDsBf8orQVK8/8Y5T63HzxwcNgkoYD/v45/o9365tZva1348X9pTG/ONCJiGq5hlGX2Uy/9RUY/TNk3vI/OZVFFXYyUoyb92yLJ0/hX9MbnSsfU+iljrfrklrNiCHv+WTwI8hv3fBgXE1TJloL3/GRh4JWIPsi7rciVmMrd7IINYV7Dlx4t62OG8ETVjK1CWOxngJt9zKnkNdj29Lmt2qqRGy5wJKtirT4wpwdQV7KyfjLQg4BKUwTIknIniR8BUgTZvaLph1L6lmWyMFF5FQtEtq0coOUGKwyiYBUKgTr+lchCVJpl1ipyBhMkHQIYnnKRKjmVjGr6BxRI0MJi/IxakZUvBpcb5FrVoSGMprouVyR6aenA5j02nGo5mjE6bRhCirITO9gohMR7Vj10RIUxBJxgGhM+c4i6QTwt3ZelBkOQViGAUWGwjIMEzCcK+at4KzehI56DSR9ALh5GpoUTm4X00yfidi8tulGlKb2kSZFIRK2t3CHNWp5lkPPeKNIHTtNvnNnyFbnXAMw9wMIbgW4uXAZ1DCqPRj0qogUA7xw8wCszjzfEl6loPR8YzJUBJH3jsOclKgCUOzlvdr2XcQVc063Tl1RztN5tQW2r8KpoQyBGSiYLwSZzjcgKDqRa6Ja3fNIS3ae1+GNCnNgQBjSNlt9A+1UIhjoJRUjwfLNql9x8kOxhEMWjL37N5WjL2vbbVmamoBkgnll2VmafzJcqvJll+18JHp+GPKMrNHY4w1pLxYvSv9bSywV0KY4/vQA/ePhQsXxHaEtp2cWZQVfNMfviu++MX3cQ7t183AHob9njXldz6P1pkIqV5ayxhJy/ZnYvEjcbMcmFRw2kJIefWrXh7nnntmOjrpwUxu/2X7x4EIGJ/4xKdj1T0/igOPPDO26KmSDnCsGSyzd4g+53LlM888Pf4DgUrhzfDlf/tqvO6158fTnnFeXHfPemLsL3KIzESeuSt8+RtBujDgJhh7l02TGCOgy+TXTmne/ad/g/boL+NDH/pYvPGNr80xWqNB7b7BsVK+gdm6CW4AdeEgqVV53bT/jz7qGMxU92Hx17seTAGOTh5Y9Uh87gvfzy2vIgiPxHPOPTcOxytnJ95cd7DRceDBh+AoZVr8yZ++h5InxSSElzvv3xIveNHvxbIDDkBjehHx/XHNf3wqrrry+XHOOefwe0pumPjtFRN90kZCjjngFrP28XY2UXa4OeUYE0/igOcUevld2oNDpRRaeG9jQYDztpEM9kpwdSx5H4wfX31NnHHmaTwfGvfdenl8/KOfzvre9ucXR/fCk9AKOi8w0WXcH330EQi0c3HigvBFlZ6JvH/FqvjIh/4jZh44GdhlVBkBbEDZTTl3GUvC2cF8d873YTGgQybnkHNOpjlpEDD6LN3o3foo5aAJ428tELRjsugY6XOTS1pK9tzwyrFq/xHhOdicGeTLNst8wc5ikUCmxEtSL9DhJpGm5n2Yb6rpzTOSFKPZb9JlYYGOpRbOtlC6NL6PHXgZPxnBdMKCFk7aqsMq2z2INq5TAY/1Zdq8HfGzqyJ+7XUosNmLtMkGobW8XyXUdEv4f/bY78Uh885IbdVB80+Noza9N+5GiJvU/lTmgf01FtQmzup8EeelMPtDe8xlBuyrsQbyPDC8Is5c9ilM7BYnDf/JytMQgl6DhfjDowWMMt01wAJPaHH2em7XUxDElmT/eu5sQO0ntdgH9XxzLN616R2xZP1T4rAFp+P18YB4xqJvxJUP/TreTp9Nr2m2NpDCwZqdn+XKiz9MYWr/2ScmnqxrzbYVsaH3C7TvbODE6VAFSwWKSXg3I+Z3H4FAeSh1I4RjJjvAZiE2HLytgc+k1R9GBvxECw+MOm8ZQNDotH85SyjsZV00zQAay8UIdR+KR7f8DmfljsQ77JL4jUOuxgnKVzjHtzYOnfXqeMqil4wKnHevuzL6RtBIxjLKvRfT0IfS9FUYz1j6V3h4/DxC9PQ4afErGHeFZq/uuYfl0zXPsSjdLK2z/65fc2EcMvcszBoPR4uPNcP8D+PY5A2cYXsW8km9HtZtE2bagjfO8w75M+gI3lvhd76L98c7N70vNaB1Su+v88rwrMs288/xtbVvA2n/nvO6Wkcwz5vL+etbPZlO4mzh7XHXuqviaVOwDEDjefaBb48ZDy6N9Tt/iUbu2XH8vi9NHJn3kc134jn0EjR6T0+4sj9oWrVUmuS/LdjLLQbH9s0dcceNjViwP2vQVrx9M1bbupmfdKxpvCc3LXsYm23wE3kONmGSPiaFyHRI61hoYCbthg90od9NGfKMZ9YLbTWzJRN4LJnz18Q/ObBKlI8mfdxQFfl4aUyyWzkZWTJPrGe3lFk0TZoYUBXW9Gas9CqR7beB0msptHT2yQaLSNjKtzTaETc+TPgF8EV5MD7FxOe91W58fqo6J5S7W4PHl1lSlvaX+bALiOMTMxZIP1peYibfa/mUlnwJxYQs5UdlFqmAt/cwAeq9J8vNhELp9pyoSrD3kVllsyEiHZhG5OTzt51crVw5OUjr2TS0bakx6UKUYmJ4V8+ImjEJGmXI3HNBWYxMhpipXXP1gxFnq7Tgi3S2XYZerVUbl+bmqu7KDsYLTvlGIPCKANMO4/UxL8tGS4OURyoJJSHzEJVw8y3eeM6QM4A22U/JBPjsD+5EqhK5YJUJbPshwDAYphWuwSHMsYTZcghqgfiTY6KJORQcS2r0NEksw5lD2GqeUOtTSaYzn3UaJ4xt2Gyna2uvIvDl+JCUEc0UTIYvJTwAA5HC7A9ct8nkA4tCau7ysbuZi8ZoTRZmqcIpfjEP2sGiZpNtJ5GJkpy85ESdpFaxHdM0hbA+vAW2Iyim+SQLxCD5yyXP5iU9ZcqAJROWeBefCGEwRJpDFaGlEAfPxaRpKDXbfj2/DeKApN4pU+jWFfgggm05G6B3OD3RFcHKMjswx7IpAu3CqOAjPiYE3mn6KkeeTGc9ueyrOuSieihwdkcnZwIHELK9WyqFacvmn8JPYs4/VcjuyOfxZdVv60RkEKl+QFBZwKvfJuHRMBlB1Y9h5cpV2Ozv4J66c0YFt0E8EW7ijq9pHFzXq2QJVb1ZvmNhHBwmyLlZVZD1M39Sg6NA5vtGeqzs4nyUZplHnnlErFm7Lp522q/HbTetiAXLT4+tPQoa5bB+Xfokrl64//rvIEhdHDNnzogbOWt2/mvZyWfj4Je/vJemjsRbLnxNvOAFv0ZeHBPIgJs5xwQM5AiMIbiQDnRMnpWeCAsiwDR5c2bYFvOoGacJek81XPLBv0OLdHS8FicdX/33b0ZvXy9mkpPznX2fVVRjwM0Hm22w7/USWQu3jtEf/PCqeNELnx9dc06NXs1KHfcw6LMWQTu4r6qY3dH39hv/+rmS49znPCvuvW8lToCeRvrJseCAxSkAxrq70L79EWO1EQccsDwu+dBn8mzZFjw3eubsHe94a7z34mvJszEP3k+nHw3tzNlhYCla+SZnn4gEfrzkjz/dk3O0ICSzMR/ZeMGRiBeQpVkggxF9NC/nRM8Oxi5ajn/+yOfjWc86Jy7+p7fEH13we3HGM0+LG2+8OTY/fFMcctKLY9umNaTnLBH05PIfXMVZyedHx+Kzo/8htVIivy26F3MGkbOAZQ4AE+NSOuvbmkEdYO5qtle8SZZ46V3HlNkwSNANzr7pDCTnZnYIYxWGOjdmaOuAJouj5VEynSiNa+cs24DrRPZhO+mZxzwXjW5CQDn4XMT8SUEuN5YYN6mdR1jMsZQbJWyuYVrubr33pFmI48mzcV443u89gfxTKG4xHqXpms8Lh3Sqg0vC+1OrB5uL98qOaQvQ3cAMr+qJdQ91x+wFFilgCZ5NecKQY7xOVQ1SNwwc9jc8/KU495B38NyM4xe+GK+Hf5PmfzW+62yeQfu1Q99P1c6vQr+/f8/fc57sCtI/gDbvuhQuFO5OWfoKvNSewd2PC+vscR/3pbUaS8GG66qhTBbN8F5+1KUZo/Z0JxuP37j7DZRZC3H5KtNPbT8nrnvkg7i1PzbPYh22ADf+614WW/tvY2yr1VGjqvMQLpnedEMKcGrhqgGN85Jrq1rtT0L1VcNi245e+DzuPDsrXytU3LPuurhi1bMQcs6BpDLW9xgKzXZu1EW6cTpmFkcN4N0rIFqNI+LKlX8bz++6GJPG+cB4eMLZj9ZYk8o6rFj/i7hx9bsQJM+EP0CYbzsSL4xfQvA6oWi95hzPecOjmI/wCNkfgVnrfXH3ho+i8TqF+tiYSaGqxjebnXTbdQ9/Lp437S8QUDrj2IW/zkXoXg2BgEo5rt9jAVibs7jLksvdt14YB8x5CmbXHfHsg94ZTx94PYLV4kzaxxnSlWo10bj3D93vhBktwusG1Kx2t5bRJwqIHmuwDjdr+xCWz4yb1rw75k85KM/LTcUa4MwD/4CzmF6XglO1hIlTLb3r40er3k/coSByPIxg2/E8WmV5kIL+l0JhUmLtgxBISHWzybrAURImKBv6WjQRL82oLL0cN+3M7QFgUas+iLa6oXkMc0yLFXkY156BxqYYhv7Ib4wPBVrHUIE/+3NPTRhtZ517Ykvz9S5p6jLNMYEO1EXwXe3vjsYkSuty+BYUP3VU+TWaPB/K+4mpfDEKYRZSfiXfO1ra7nkmllz9Illdf2rySuHlZc0cZYICcMEh9Vn8kxgPo2WXEstf8mZ2i6wTjH+/x2dpYxXMxGdveM9UAJh1VFnEvUAzQ0Yrd8TvVn22WQBt4/gSqoL8qtOMi9r1sUbd+PhxLRgfXT/vBkr9YuL3rkApQMg0JFNMGbZKbZfp8p2NgKligW94jo3zbS6O6R1SkxrvXstJBXIcsZo2piDGN56pRIKCUqIisUhxTDwXq3JQFjGtaq0DKIdiEk6bCzw8p1BnnZTlHT+6mpZw56IH8+Rl2krUnnOQCRhk4R5g1zUFQNJ5LiwdnuTuI3UgjMJJUC6aPtqY0njV3Tk2qLcJQ9li0W/BwKhxKgTNOmVaC/wJXw4BcW8LNf/bivXi+mQ2UltpW6p218Tc8jyA387deHpXkhg5MXJyWJT44Lt4tErM8dMXdTBuNQLjej60U2G0IsqjeDE99TZhutoR4HK4A7e77O15fYLoxAQJBsg+snz/ZSsgnO6S8oJ6eEc5Ms6mG0BY1LTKPnC3vl+mi13tAZgrbdVTeKvBJJ/avXQzjiBnSA94wGT5Mjt5Bkz8gIP0REeZ0QOTIT6qchQXU4PKQpWLuTiFiS7js0oE7Owg0G+cLaR94rZrOnewTZuXh6Bl+p3SdZm2TWagtLAuo3wLzmgoaExcik+D465oKEZT5YPCQu3R6LJvfzfOO+9szrwVJn/dug3x02tvwLvk5nRPv3mzgjlhdOGsKvXLOagkTRhjdP1V1Z/fjFvw58XuF1/8z3HMsUfH8SccF+97/z8ikM2M8571dNJvjCmYeRZnMDK9wl7KcA00PPc5z8YTZRfXEbwtPvD+d8ff/c0740OXvDem4HHx5JNPxlvY2aRaSw84EqAEbjBw99JkBMaZk7s4j8Mu6JBmpxJGUyBgwWBkatuWCK9Hb6n7mJOeE69+1cswQfxFfPzjl1Rj14R4o2RspIv5qq3j+0whfufWNWx2aDpVsKGwFbE0Dj5gRiw7bFYsP3rfOPiEA2KK5y815c2xHHHZd78Tz3nuWQjUzwRHF8eSxQvjbW/7TfLeTlu64p5H1saRxy2PE0/Q0cimOPe558Rpz3hKnH3W0/DweFheD/GCFzyP5q0mz4Nx8623xkknHc/zgXHrqg2xaHoz9p2D05oZU2LVTY/GqhsfwXQLcz1woqbIjaAhNXaJ/6pvoQNqmmRakpbRlLJodKd32QMXT4mrf/xNLpK/I8484+R4ycvOxzxyTnz6M19ApXFGCuZlXpCPcssdkcfHoQsxcTt8Vux/+MxYfsyCmDsL6STnjAOrLEzSzJz39JuzX/i8zN3NATGa6SizX9NrmEnnSvai9BK4O2CyiqdI8pJOwSvPJYNvtf+plfQZ4Snb5liwbusyJM2XzhDPJ4VKvv1t3rwqJc3UTVuNH2BoZ8MvvfZSrrRAoXlASwXWoHqUeQY3tX+MQ4ekcPYjgHqHXFYLCP3QGdhDCu+OW65hTdEpz+Putgr0rsEapU5cnpNjvvTfpNZBnEu7iDNjt2aGudyddsrCz3In2ZWkVbpnvarSS+M9gzYNoWOa33iPbHE+aGhkNQz6OXH9Y38ctzzy3WS+FZrmoyHT6UQfc+DaB76IadzFMPkH0RbP/UDPK/NFzQEty4/OSWZM2pe6yx1wTDLwUgiA60YLr4Prd349frnmyoTX81VP3+8tzOn7KLPMfLVGXa0TEda+i8ZIzRn/wO0OzBFXbvo2gpDaRTeK7OXsMtpYaI7jTCcj07ps43yExBnANJd+Bl/gru63zLzrn1yHpP8KQqYHfw4lK88v1yfd8s+ILQM3x7fuvIAz1DeBL/gUU1fCWy+au5seviy+e/9vk/YA3knDveJnfqzb8a24/L4PYO7s3C7rrvhRA/bgxlvie/e+jWcZcmEVaHq8apubSN3NY2Pl1vdi2nh95p8Jrp+26L1YOFxNHvt7YhBPnc2T44crL4qV62/I+TKZC9TnYe7omcWtveviivsvQci7inGFV+UGZ3k9jlH1me0SHs/xaY5Z8FfPWpHDNlDb4vjeipfFzY9clsK7EDhu5EEGafeD4Ojrd7wRc0svXueeOcqqg5pPz3Jqumuo6y011Kl+9W/P0ff3NuOma+CnYn30ss7nRnbym6wZVCA9c7PXLd6yyc5l91zw7UZQ99QFWOvAy1TppKd9XGEyAM/pJtCeguudtMoy9gq/LyZ8rGDs4/hNXkF+ofok7yL/wqeO2/V7fBl0bJXO9OVDZuAe+20Tdv3QXaQXF35Xn/HpLEL4qvmwJxxkXNU+56bBbym/FlHJd/Ndo8D3+ZwoEG7rLd8sNL5+3JBlk9eRWOrZJTmRdMuvEABAiMaA4tEfew7ZX+NeZVWZXIhKcBNoNxBSBuJFCm++3y0FmS0oC6tK2v0r15g9JJm4vVDnq+uov+v4PX2LNdO5aEqY7TQ0Mw0nBfENmPTgfFg6GjENQLSxUCIlFKHFM0cy8p6XcmF2gSRdgwXU6wPU8Pjec1h5XxDaFZ16NFhAU4DKScbURCOj4JRESSpOVw9rAsjCkIJIAiOcfBiYQwiNw4M4xkDYSY+Nlkd8uotW6+fghYEYUZhQ62I2MtvJ/nVXWaLUBgHLHfxkDECnu8GOTuECHkazGcljLiaW5Q6LJ975bM8wkJNxkdEgTdFIaTJUtAuZW4atKkNcSwDVgLHVRtvBkWU5eRkw6QBEkyaHu7jG/Mm8hjR1EqACVMb5p+y2ITgPL88yMk4YCbrczcXHesCtDJGETq9ztt2gcC5hy76DQpg+z7FkGymdsvoR1NzdKjiUqUJLAMxD9J2fQkVBO8KbrpoF0eyGLJex0daEUANDqbckUGBUOzmMRkBBNuGgfsvsZxetiYkbbrjob5iyilio6vbsjWd9kBwTvog7QG1pT1Za4ayuX4DaWAhyMnMWYHAHGlO0WY4Ie5eK+didxvDt71poKgWWv+PaVUc7lhJVSaLq2PKdOIKZvA8Nz0tf8oKM3LptO67jb49TTjkhBSOdX1x9zc+4HwwTmxz/JBOcrJ+HGpFEK3wlk5slFViLkMz4ccwC94wUEveLE592NF4e344gd3y8811via987ftx3+0PxNKDF8U6zATFtf8Mt1x3S1xwwTtiEc463vrWd8UNN90RM6bhmY3xolfAaVO64mMf/3Bc+KZXxutfezkbDWhTgXXdBk0qb4n7f5nFjP6ZsZjd6YTfeVDGV1aV1WGCa92l6tjCWb45S0+Op516ctzJRdennXYqd6ddRT40f0OLs4/oEX7PogjLkkZkj/JLVJWCrK+nh63ceCBu+fkDfNdBoXl/sjPfSGrdM3HZH7EvTkxOiIve9TYEtZPiooveHpd+94dx11rKWHt9vPMDX81zg8sPXEbapXw0aXYu3xEX/NG74j1/9Sfxqt89Jz7zqcF46x+/P358xb/FbbddFk8954K464bvka6ESz78iTjlpKfGK3/nwrhzDZdx65BnyCtIGMPj8JDzwDnJeEo4HQs5pu+hoGPSWY0XgP/rl/49/uzdb4+//suLcJZzd3zl3z4bBxxxVqzZshaGuDDJYmj7dnFxQ9zysxsKIKN/T45Z+3ekuaUmnuKzA4dSbsL4KQy9w062yX4C69IzcSdtcp1gTDodxXx6CMyeKBWUOJ41k5euZ39RFsJgv2elKZc/JCh0UZo7Qtocv0ZTajGjtB5oorWQ3rvq1LgNIJAlHSLODaM0PTUfAEkDvIdUk3jPQArnEDjt6C5mpUOaxBsAwWsFhqFrCT+bd0NsZs09bDAu/+yOeMo5k2Lp4TKYMvClnSXj4/1lBcApRD/3kF214pMIC1M4d/UIVc3i+cT40YMX437/VApopNOOjtYxzC/uEmybjpdBTQ7Rbqo9Ed/8q2vd1Hc7aRbyrp/v/eKKB5+DRux3Y58paGugg1638PC2K2ND35dx7/5M0mG635gSvcOPxpX3f5zqHBOOiDJTCk5wLjXCBhv4abUtiZ8++DkcZnA2EC/HfVxBMLnjFFzzfwwHwI8ACZpSzPG620/Jb+F3zWk2Jse2wXvje/dcDOxzs13b2dDoG34MnM0gTVmDFPa6W0fHyi1XxY77vHzefjfk6KKcDgSHlXhRPDbxUa8lJc34v2yANOdgMnh/XHnvx3nuwnz0Xso+BpwpoI2FIX57RcK2gXvjG/ccx5UIb+JuuCNZA9oRdrfHIz0/wszz38HXGWXcCCu40Oyws3lYOh15ZNt3Y7+pL8TDpv0yhGnlvfFQz3vB14n0AxsWCDnyLGq5fnT/J9P8cefABsrpBqaT4qcPfyhWbbkdoNjoZFOrKy+8nghngZjxyrgZQBv6rftOiEWT3spl4wcTxz2R+ARYtfVrmH7eiWB4NH2mlvAEzqndGJff81GmDvd87ryL+o5KOMYwUJ5ynrhZCZytxtK48sHn0a8vjEXTTqedePWWhvfchgOVf6JNx4CzhYkDcWGwD1ucp9ve/2D88L6P0fbJ9NUK8jJ2wdV/NnhNh6dQ7rlxWlz9pUbse+wM3Ch4tlrHQ1h2wVfpTM3NH+lRmm5TIxOcd2Xjwba3aV7JhrQ0ROujAT2fA7rjWp8IDIwE0TllSJolveHZLZ4yz/LV/9s/BRzgrB7+L9SegkOWa19W9RCZT3W1fBe+SlyJN5JWfV/DZtRYqDMaM/HNWJryZMrR1JZd/X78XLuWsutviHEGC6xLr7/H0tr/u4YcAkSPvSlPw2VQkNzfljWWwjL2UJTRJK1hKT/H/x3DfRW7O4iptx+fZy8pdwWoBrJKzqKYAguOQHJXC8FCvssJhN0kAgRMtQ0kMomB8Zqk+AuikIsmmpwRdj5cOFPQ0QZZ9TYThRUXQkQePtZsPj1M6lBEzYiLtm6htQxrmzobUMrkTNf6CmEyDIlBtxnInhOYZ3rDw+01M9DGrk2rs3iK8l3eJ9SFFocFu9TrYlGehEIhrthSCxcCF0KEJpKe6dKZibv7apGyPurXUUqa7VG2QqM7QC4GudPsYVngaiIseW7NXS2dfGhCmRePS3gSeFuPUAWO9VxJQYlfBcBypQHoQAASh8IqE6PppEyLrq81I9IrIxlLQTxlSEFsI4+WrpDmNztNMCS69BYf7Xw0exrCPMsD+0PUk4InGg7NQQujRG68WJVzGfRTDgR2lF2kUgDEdKZiyiSI8mX2bcocdiD1phBO9ZrZJDyA2qKfm4kXxwOmlQhmaW6JGYSFqJXTRXkK+baNz6jZpmOI/2pvE428NRTigkvuXvoonU0YWZjXkiD/Mq4oCwDdWSr/LJ1xmp4lLXiEvQadszTzgLTOEZwPOalz3JFEdNYB8MpiYHtZTPikGOhzwm5C2zAWNJUUl3NxsGG47dY7uArg6BTe/N0Pl1g0R/yo6jTeIMwpTFdlevG394dlsA/4kICfjD84Td/lLmaswmnGUrwePgNPj8/k3rkVOAr5Ypxw6gu4g8y+WZ0XSLcSD5bWn/eM3XffvfGPeJ3s2Oep0f/YfcRT5oJp0bf6Z3hA/N14wa8/FwEOuRkzSO9h++A/fiDe/96/pb8Ys+BA+O6+69449enP5qzdCbGGcQA28/xVauvc1MGtdUcn2l+8bhpkIjoVZuKQeP0fvDm+c9lXwA3j1mD7bB5lq0HU8Ut7e9nFlqHvmsbYHSzmeu2c/zvrrLPi6qt/ikmqZlJuPjD2yXPFD34Ub3/7BcDxXDTOCPKpXXk0HluzJZYcdhZn2t7M+bCvxWXf+HwsB2fLDn4W3ibPiu98twhiRz71WDwAcs6Sud/dWBz/dPHfxBvAxxv/4LcR4D4Xd982HG+84I/jA+/7i3j4zn/Lu/h6uCrh0EMOjNlz5+F59Iq485fbYvZSTVtpS9JImHfOpbUqPAzj+XGgh/EHXWhBc72Oomg4oWHQ3W04rDngiIPiIx/+h/i9818Zxx17DEL3/6Gds/PaDOdoXoJNTBOHJc8655lxzdXXptfOIfBn/3RCo25FW/g7v/OqWHjw07hKgPPHzknorIJOPf68JkI3/NI8vWnKRDEUM+Tc5ymHqnk5w5rnWHOsSrnoMOhxB1pPPUEOpiBlVkdzmXNZEL/K5HIeyQzyzmmVfQZ3B23KO55cE5izMmhtntPkfc5Jxk3OZehwA62Lc8ylqk28uUFFvYbUMkCji+DvYCqbbr2cp3PdSG0Dde3EWUL3ZOqFs7z00wPxmj/FlJOrJAaHgDtNl8cTgix6wh+gomRoP2cy79z4J/zajnCyP5qqJdnOnoG7cAjyOcEnfj7xnP9ifui8Y+XWS9CiPEp+N+xsl+MdfPAk4+9ZJmYK7W7gsOOc2NR3U6zZ8ansA1vU2TweQUPzQzf/xLOa623xy01vAi9uypnK4NoCHef8sM5RpPu67l+59Z+Zhw8zj40/mnju4sPpxu0b3pi5LNG72Cy7BFurwDolVm77CGvAI/y2XUuBZWnWUae1vhZXDGzqvSZW7/gwJbCRgvCeILnW0nctnLF451jClgOrqmbcV9aHVUXf8Jr45cYLSTuE0HEwTkv2yecaX2bJNRTBsYVw3IqzuQfuSq4+uGS0tE4E6mKu6RgR8rpdjA0E4E76Rs3YXZv+gt9s9pGk1VwGDs5OeIW/5DHfIGfQ/pgkbGxzF54XdtvGHYMr4/b1X8rS2xrcQYlL/1IXXxOCM0btPPwD5T+CBnDVdjZtKFpUdLWdSr1F2DdSnPcM3kPffD7HklcFdLTNpYwiME8oOn8Io+/acozsGHqIqykYF8TYBy0c2nRzXpFFljjxYXqCCfjjWOgf3hh3bPxTfm2tcL4vz9Uab7LRkKWO/vJh1xj5hfb2odiyvi2+wf5C90Fs5YxwDpU1pE0+gzGp9ZQbMC3msTStj3N+0qmOqfP4zdiGZxrkjkf9HKQFlLWwITPYtg2rGzaF4SulF6ZNmsC66PzXKmAAPshnNz6ziRWQZdjRF0zQFAB5OzptJrTof9aPmj8ZxXPVKOnMaF/a0mo8Vb1bGlH9KPShflMV8CSbaS6pVeayUhApTOJOPNalVgnS5HnveDVjXdhozgJJ/qxgG31V/S4pqnSjL0djMxXR49+MnekbHzvuWdiT7o+rPh9JUyN9tIa9PFjceBAdZGYnWkq/h7BbjpJmNFpU+4OgFy+FKLDppa16krQnXNRkTPNcnIKdruQ1E3TQm5cJZuPdlfV3g934mIJtvJoY8iq0NZg86TQkQWUXlck4zMSx4brK18RnGNfBeabB3dcm5VVMYDnnwMKKhkrzPHdKm5i7SJR1uV8EL7VdMoAsJMnAFg1ZMrRiJyehk5cGKQTkYshfnr2bzWZ4L5sTnUTZDu84ojIYfmBDu9hCsHHHFhEgW5EOOewAyu93FzidNRSTBTEqfP7LhZx0OYhNXkvqwmV+CFJqbQRCOPk3yM5R5jOO/7ZM5jMFR7PBYHTSX9lkmO0JwTIJ2Wwzk8/7VCRuPkus7FOFwaEBdrlMg9Bku90VH6Df8x4oKKt25QJu/nbye9eKO2FC1IdA26TNEk+Ay6ZYbwcCkES0mC+x2CU4FRwwX14JIONhe9xP1+SpjzrTKyiwKZi2iMtzUZSXYyrxWBUlxed3KdcaDVZCi22bYzOekn3nmwwig8Gc44G8Oqhx59czet7x143GoS6jbALQDoRMfIvSPvDiuADePYVSpnhlnPChpxmL2ejdkmta2Yl54X77LWIRKv12+OGHFC1Zlf+6627grrXfyry52cGTZWeJdLjje1ueW5sfV/3oGs7TrSTFfnmFgOmKF8POWLt2Q9xwww1cCv0o75dhKqMpkWP/0Ljgze+Kv/zzd8RvvehsBLR/Yb4exHmzb8V1v7iZ9zPiyONPwhvkRjxkfoXf+8YCtES9mFJ6XtFrFB7l3NsHL/kkHikviBe+6LfjqmtujE9+/LNcawDDm/OLbMDigvvwQw/xY2E5a9fYL66/8c747Ge/GPetXIsSi77CqctnPvXFuPW2O0m3NHoHmNct7rY6tDN+dOVlceGbL4rZM5ijvCvn9Rp4kpQx3QdPmF+O7T3QGWDctIXznnhzHEhnHEfGF77wlVh+4MG8s//qOVI0XY8+upr4RbGaKww+8+nPx/U33MjvQ2PLDrQaOjiCaTv/NX8Uv/2K34hTTj0eMtZGef8Wn/3CVzl7dlw8+MhqyJoaYthzzuMqbL7vHz4eRxy2nOfZmCfuE1/51+/zuSn+6ZI3xAnHH55ObH7BJeBf/ebl8eUvfC2mLd4/L/AmQxrrPbppAyajn41rfnITMYfC9qMt72Te9m1Mz5uf4u6+n/78Hm4sOIf792wr7NM2Gazj4xOf+mocc8Qt8cEPfjtmLjkI9+LoSTDD3oFpezSOii98/t9xXLOMtIyi8j/HkQL7qlWPEL8f2kWZOgLDXPpT5hiJpZkEPfHmWOc9GGU6MddghDone8YMOuwGlESO4HOaAlkZH+lK3za0EZTlfCY3iRBMMUVPb7HpzAGh3eqq/EyiAivjyU2klhr7BufzWGdoOvmghwiL1pNn7SyTFx1clzCAAOp1CM5lN/ZyI4aSG9Bey/eKhHbPLfMjHV4lHdYSgjN5mE/aPpmYQTSj8/Yfjlt/0BeXL58U574aUajFJlM/lIv6nziYpgmjfDLfBZfFlBCTVjRWCl8lsHGZZmriawQG/TC+j8jn8t74Ekp++6TEFa3dDLQldVmigU3APDs2lk8WYTICQZ2vKq76knY5lqx9mPoP4UkY6ni1Nu3j4HUTrJ5T5jJYF3mbh9JkhRNDnW48HPZ/EeLaE2ZxVL8vzwofaurG4i1r12Ae6WIH+D2TZ8pNocP5WN5NzGG9jlF8I+ORsdO6szrbWONrYo7yizEDLI5bHc3UMFlWjbM6rqRvAM+pVbrSfnHabHAGerS/a7yUHLv/FVbXKzSArUVQgqVVEmFFE5V9VeNMjd2k0bIn4mD3kktMwY9jRIE9x0UWV/pmTINZ10Gu0UfnRjv1nZSR0sDc9Kj4jok1jmYajWZajZblUt5CeOvv64rLPtMWd/90c8w7jEviIT9uqnewaWQn9bHBrHWOVj9MvIyzztycZBI7z1vwJ278Fh6OJNAFrw7QMsu+65cWwON5CXS3PAhxvdw/61zXzFkyV7RPVAEdA/u0y3HvpkI9LimX+P/+IJ4od3d0/cpV1UXU36VM+KzRCIuEtv4Xg8XVmPC7frZY+Zb6vc8Ff6V58kh1etOUYyDGVADWGfm2j0ycQ6vqA384SrO+Kot1Zn5+T4gqLyb+tTDLMmFVbVnhjN9LbqJdD6rkY+Vl+r3kGUs19lTXXceMy7oXAS6bWSfnW8DNJUR8KSxpmidhc3ciiQZpYLSzkbizDyZOdgDMm+fC2po6LGEnxNnHpHBB9dwDKyK5HRqgl0nDjII5ttEMHkx5inmjZiyCSuWjO6Iu1HSKDAHOTFJ4ZPLCYSccuRtgM2ACKKnCsfAzkSuhLZtEkoJhFnSEQp1q5Pk0YJRZcFc5mQIHbw4GIKOdjTQrpCoEE51sKFzkAKT8HCh0nO0QrmRiRoUVyyl12o9q7SoAEi95ObjaLAU06k/BwPRVKDAT4TvbIa40YVIrIXzMuGqYQrDFLL/FN4tUO9pF25bN55xGmQRVwdUgtHuzL3ygjrqehKOUxl/qoX11WiKon0uWxX9BZuJCxsYzNBLD3q3rSA/RVtgDZ/aJfSSMnRw61sWv8Hs9gASwmGGVCS3T5zjIKyNMI97ECXHu8gu6DJl2+G1c6C5RFnd5/kbzieF6mJtpLGQZaJFGhvcBFsYiUBVTrSpNIps4+5J3ltkLQ2ldkzkHR08SJy6Ex3GtINhI5wk6esm7xbIPeFUqG63cXSVNaS0XRQfBWZQFZRrPGRrUStXhbLQhd9xxN54PD8V9vsKJoRGXXnpZnHHGqenq3Zj6Pp6aINqHlrIV9/Nz9lsef/d3H+XXIzFz0Snpct7qe7m2Ydq+3XHZ1Q/EZZeeRrGHx7SF8/Bgxjkr8D/vgH3i2z+4J7596bHIakfH5H0WC2289rW/w99lMWvxobHy4bVxKiaM3kc2c+ESNDO4tkaI7+1DYOHy9WkLpwDrbXHpNzHbmnUcDP8wLurPJ/2ew8xFJyF09cX0fSfHFVc+gAbsDxHejo8p3IWIfVa8/R38juXUNT+279jBOGqL1T3bYuEBp+JZUSFydsw7cHls3rIJnLRi844B2r80/vIv35XvZu93cGzEAYz4d6ZMXTg5/uzP3sHTnsICIpsxa78lce/6nZiI/iO/58b0xdNjh14baee+B+8bV131QFx1xStxbgqe2LS6+qrXUDAXZk9jB5rppDWvQ2IT5r4LDto3PvGxn1HOpTFn+T7xyIbtsfiww2RT44I3fYB4TafqcGQceMzxmDgyx7jnS8+J0ziXuAPh4sILX0+iQ4GNu9QQ6xp46OxEeHyU6xHe/Ba0HzPwBLhgcmzZUhybbOGC8XmHzI2PfPRq6Olfo9F7Gv2M571uaAP0qhfz9SmLJsdf/MWfUC5A4yGTnTk+48McTCgP5YyPGgroi/NewuJ8qGiAQ1wtfWrzpafGO2hMLQOX6YgiofNHd/0iR/P2QnNJKv32fc4zM/NMnKaTuTmIxsJyiCUd87yifxnDnMsNI9YYzcxTaINmaC4llByYsfJ87oX7S9Cqv8KhkCizp0k3mc1BID30oAillEJ5/Wg9s90UYLme2x0aaI/5h0+Jb/0fhEecUJz1EgSy6dCkfvI72EplVr+XIG0swtH4BLZ1JIWs8bHleXfhaPc042OKwCMuHy/sGY6xHDYgsQm8Ck/luTTQd/QnnoaT3o1l2u3pycFuX8n4Px7Me0XoLnXu2q4nyMdrBUjX0WxjtV7uUugefu5azx6S5GDYUzrbq0DmuvqrhSKQCeveQumbMYHdfnsCHIwWVcGlpq3u7tF3j/ewSxtz8D+JAipcO+fM0tmNPnNTZ3znM1Pih5/bGnMOGowdPbxoMLeZ69Ih+RUdvxmyBvgAj2zk+XzjnN9mYUPNFPJ56fdAYS4ZJGcaZB2hrZwJZhxDd9KBnvPfXHyLsqQMFCaN0v+A/I7pangzcbaVTP/tAQD+F4TE1x7gFPqaNtQtsbtTEK7T17wTOMz0VbxcWeI2f/PG/iDC0VnKpJ+yc4z3TfnOH/nHPBWPmb93fT+W0ifrtgjrzbIA1LjdcxFLvXJ0hsyXT6bl139lLEyUqJ9IAydoVg80LqCa6ejNx0O8HujFsUaD3QnNIRNhJsfRw4iX4vqpAFXQUAPT2DF+QSKxrt8VhOigEYU5tCB5qDeZACcYkxBBcJD7PVKYEG22X3gqtOUkyglLHXwPw3y0uUD7rImfQoVMMILfSJPFnro8Gye8ZYJV6HWQUF+6/MccTWFBYa7szMBmK0RU7VF7JEPgIEsNEEgVVomCbvxbXPZZS95q69q5hqB/J2Z6ViWObC9f9dCxat+lqZ7CmxoqIts0GaStenOrGQhhLoRGYbngaBivczpYyTIo2UHiIM6q8q8VM5wwfYxOGCJPK2MClgwXbzJUaNCErkONC791njGCNq1ZufP23JnXC7SrXbWWKk/isirEKGGX6c9eSm6FnS76V++UNI548gKCO9siRFynU4xqYW5Hi9nChj0dCbAB0EQwGuaSdu9s8lLddGaQcDAeAWK4UlFn3Ti7GUSIs/VpqgYB7poEIZ+BAFjBm6DyJ4V8FmXhd+fdQ9C2uw7pVCTup4/xSoUJ4wBjfdQsE8ZthPNwIx4GJkPSDlsm0hkZbcyVdp3WdMGUBsx8bkD4rgqmS4CAM/PwB1wND9OvhC1btnEWa0f04vky5wSJ9kd4WLniwbj0sv+IU04+kfNJPfGDy3+M58P5cdhhh+DMZEOaFW7Hpb3BPii8YgUjgOoifp9lyzA9PDDWo5EShFK+dY/E1MmdXMKtl8k+ztgwvsBjk/mzZSsL5ZxO3p9OPkz03MSh/P0OfHoKMNsQADTRW3LQaQhs3EVGPd47qGmnQqjlaEa24ADMvtpOi3VbdsakrkbMmvoM6gcIkUiaMsFxdMF9guu3KRwAOxr+Bcs5ND48OTaiRVS7qeC/xLqpy7qbzLO+bQhjwLABDdM+y5bkmaxNnBVklCTT3wWtGYB2LVr+9MTNRswJFd7sOx2DDNHeRZTZiRml8yyB4ltTOjW0W9B2bUJzNwUN1/zjj02Tw3XrV9O+ETyFTosB7rzaZzl7+42nJ+yTOeQ+fdlLYv26Rzl7toMdXDyFQh8HMf1uopnasnMg9jtmPvNpQazbuIk+wdnATpjTwa2x7IiFAD2fuSGt5SwnJqMbetFuKxCJJ+AuHlvbY79D7K9e7mNCfMO0eEhmhTSdNG7hIafFVrxPbkPwa0nTpE+Mzc2bN8T8xR3R1Xl6rKUv0nkHTId3tzkOvets4YGnpGfTtg7OMapFR2jkJf3MrjSXA2/YxJUiaB2LuXVBVxnT1l7/Zo4zrnKo5yjgJ3SobwChJyMdGYwz8KzmVRNOtkl45TJJPdkSSqNfdYCg4KoJU2OQtzjF0Wy39JNknjWko9BFN47S7BJriPTKS6pyFpp5m+0gIoMDj/L5L9RloyqpG7VDfakzgxOJdvcrzAGrOLAfct7TPhk9rzgp6xTjCXPe3t6OmHPg9rj0n/viwbvb43nnt2LhcjQ5eAZWBpU0eo7nVwuJ2QlZqhZMiNv1x65pdv29a3p/P5k0ibhxmUfXtHFxlpTTaUJc+fHk6thDRqL2lndv8Xsu5Yljdy+vxJRV9onz7y2Fo4wRxOvSp2NPe8ux5/hd8038bdmlV8aPnN3TTCx74vuJ7/YGr9N5135+4nLEgKnqUktdGVOV14ZHUMh7siuDfc1YcWszvvGJ4bjjR+ti7sFoxIZnRyem+PIX3k3r3JRvSqdKNNo5nfdIupmbE5ajJWleuY0rZOZTcHGu0scmTpfaOmhHJqMx4syN6Aw0UB8Crj0e1cizdbwobSQtmZpskrvu90Jn5T2TnmRhpYj/v/wt/WcHVgiy4dWz7/K9ceOCfKOhktftuAq3e0pvCaYveUxRx/jgmjIhF3FFbiC6JMi8u6Xz9Z5CNRYYLKXGCsis3Yops8znAk8NS76qy0vhZUJM/Wbv31lQ1cZcLycmZa92QjMBrpCURAwDmdWSR1YbD3lyHspFLHfAYGgaMCgKSpZrPbmoYY6kkxG4mGSg0/29WhXPqFU7mTJHhXUnD0yDGPEet6wZL42shmivKiZA08cp5FdAcUcUMxYdk4jI7DImp++GGjDtOhIh3xA77QXRFExdCpDtTsxcjP2N8wQYHetNzQmpbUGN2kHOiglPaRixMKpq3DyHZTo1inolq/PY/rqc9OCoDTZ1IIWALg8oy8z6D1gVNqRGWXkpwXNvCoKu5R6oTfw4mAWId3rhNH3m59udHuuTudAzWl5CXnUuuTK/ea3RdLpElhnyDNjAdrRbbe7MeYXBWFDlb/AsmXdRwS8BK4QPoSXdgNvvCi0yP7wcZXApJSceMJU5Q62+pz4PA6f7XvK2MJG0nd6plFpYYeNfagHdZZfvIq6w+gACk6n5qZ7RUtCj3iHceutx0ou9FSaTOGaD6XPHKM8K2c1k0CCmahs1aVVQ7LD/7b+xUEzk1hCxlDTk934iYBgLEoEHwe+BaN4478g40AVxJwKtc9EdPeeCdvYuCPZrF+caFTKHgFHBVHhpDH2FwDwu2FawTR7GiXD7D9g3bufg/PyT4ndf806Ya3AuXrMuhn9zOGZzofLl3/tKHHHMKXH7zQ9RRk/8+gueG+94118ng9qG5mX1hp3RNe+k2ADT7kgrQURRBn2z1fnREH/CkDVnf2Z/MDTWbdbxj1BXXcq356h6vYtsE/3hb3Y7HVtrt9BOEjfd3KGKdV4Yzvsce1k+qSvi50Lcs3NnbHaDhHcjCGLrtrCxwnsXRcvNPyBXWJx/4kmmWZO1QbUoJmGsdrGRtH67ngL1bqbAxRgSaFLI/G9G0GvreYw5VcrJMcp86UA7u3Hr9lx8NYXt4iypApX9pxCzAWHGtMkEVAAND0G7eHa8tXjwDOiaNY/meHDWOFUV7tGZI6jhxKMPOgQSBqATm8BPPy7zvcBXszw3JfLqA37r4GnD+seyjV750cK00HNnDYS1zX0yGVgptPCKhgl2J8KuQkGHzIFnsai3l7NhwrSd8VfgVcCQjqJxpa26wF6HMKsAIxrSZBAcie92ytqGRnargjZtcyHLMamGgQibvhEhHs8DPCGYGEN87QW31c7Yz3lmPL1FX3a64US9fdJG6YmI8b+V8z+DcQbh48s5Zf3OtD6uBsgAvRDWIWBp6WAAOuAZuoQwyzOnD85ZoK7ihoeZv2xetLWY6wjj4iHPxUKDpV0KtrYjhVTzOW7yn7Hu7ONenLGZVhH2l8KkG3+8TK9tpBJ6YXIN6XfzMikW1bkmOQZtDHkH6Wt2NxEvFeKG4pYfDsYtVwzEub83K448ZSDmLsJr4CS09ZyxLrVbctUuy0g8Eeez8fnatDni+B4fTFOVI61zjTF9PfsbvMt443xRUwWesx7z+CorMVEVXKus2/S8M43BZPnHuOpdHeX3aMLxkWSu89vbidQ67bh689E/pqnhNKOwmJ44X+8Wqsgadw4KE2Y9Po/Ll2mqtlmo7c6yfa4L9r35ocGZOxNUcabht1Gj+CO9MJaCfJF5x37X7zJTSZd9a3yNwypNjRsrzuT+qUK1WTnWHvOQMPvBdGUea+I/NnZ8b2E1DJbF7xwTWQG/HSOMrQpvHtloG49DYazrrnBq0+UrSh6LtA7rrb4zneOyDtZVBevKYJxw8TFf5ilj3NkmHH29LZTlI7F6VStuvaY/fvAv1Dm7EfOOnMHVKMzbSVp7wQOo9YJ/yTUTS5hcV6BRTc7ke2a/4Vk4NoYNbTrQgva52es5aM389ZWwc+ta1ng2rLDm8SqkltZdaNQaudZnVryI49VVyyryegxmWNxDV/03xJk6y+QlUdmC7EIaRuZx7S9F/S//u3ubRluYY3usycbXUeMbbQkGv2sFSV2G37vXYGrjc7ViCNep65jqd1ZW+iTr4I8pDEnFSVZ+1/nzVemiTFsey/5alcaxmcFyKLsug+8sM2Mtt8wzUxcoMxPp6/zl9xP+LQXUmQtAu2RiZSNmXLk597TtnYLqWObTCYFzkRz4MARuHSazz2DP81sstkU7xSD2vi7KGtFWmPg2F3gXahdzhRoOREtoUuNWE00yyDi5i8vwx2Mlh+2pQ7BEXrrEl0x4twffjXbQ3gfYLp7WLepcmJkwGezQBEIRQs0KTBBMtwtuMhzUpemmJn+ecTA+BSMmaBIPCoFVKmUIBf/TuQmu5J2k+XsSzDh1uriXusxTBdqlSWUmVFMlzmAQkzYlw2FauhW8uODrSVIt4xBerQY4EyIu21QLiB//i0O+xVsKTbRN8wjd4xcHKBAe31mmTc9/PtN66hYHnhfki6CZKIRFONhi910dZACRcjiIPDnm4ghmhEV/qA/nAZyBGiFt4tgKPHmjUFEH4pDVcTDCWEFb0IBY9tL+LXoNbS/MWWkxtathxTS0CF+lAHVEeopsl4GXqDLe3D0vGlAcNDB2ONFjKzLDiOZVBHfTxalTRcG+PZnfohXqZwwp0DX6ONuCdqRrSiu6Gtzv4jjINohe26TWDWFQXIMNDiol2nkooWqmuM0ATts18+Lbmh0OO7bhEQ9muJ1LQ/XMuZN+mcTGhrhNt960y7SjZZSSeEsf0NepHQAmGdbCKrAgUfAdDzO+VYNk3VQk6nfYb+vxAHla3P7Azpi9ZAmXRXOI+2s3sLkCXK57lNNBeztzAasqyy/HTWIrfxXBsJRfmHIrkNxwDopxk5oO8JLoSvyUVpQSgV6TXV46zixXk0/nuTuUtsSyso4ssbQizV1ZFGuzUN93TuF+PZjdYfvVyhLVCnPCW/CucJNsCe8zhuJTQKHu4izHOcO4JORF9ualqOxXMiRPwPgecM5v05QGPJKGQhg3asthElKzohlfV3QR1+s9iNV8dbE3iKek4ZSZQgDwpPaQ9vbRhl6FQDuhmr872MAQqzknSWu9vcxxCiYfeJOWQn8UyvqgU8KRGxTQlSbxqX1K2oFg5hlT6HGn53izG6ValC7OxDd90JbjcGpqnoYQ5AbTpA1wnHf0T95hmBCxxNgPxOWYsFHimjL8yiKzbPrQKpJW8YL+cv74XqHXzkj6IjyAoLOQLJ4EMn8kz7RdrAcKO+5Yl/nn2CCTZTlUeFS7lmAYb7nih3/D0AMMpEC4y6ICGAEg3Qyqx0fCSHQxfxY+NXWcS/S8IXW4yCt0Z1sFnvITMCsGYGLydwpd9dgAeMvNc7/gNe8sNR8hd95tS+a0LcCGNYlrVY4RKrAaMucZ4B7MeqcvpY0Mje9+oj8/8zH7Wry8FfssYSzafW58Oj/BmzA3RqCBjKWRvGDezR8LZByy8UJJ5IERHWatBEgvLU4zV+9jc3A02GgdYpyBhxLlPVygAABAAElEQVTAFRs9xesuZeCFMDQZpz2JCk3hoI8srHyoR9zbMbzMGccmk2eHhKCB18ERNjQyHzBis07stMw/ogDt1QMpCJjaWVtChWXS0RY3CXgjjlKbAfwjWb+WA8JP2/g0aN8w5xzNC1UjvWW64VPK9G8ZPqTwVeKPDTvrSNpOJPjAVyH5gc0zrUQp2Jc4v/1YPiMZDe4I65dOOBojwIAH0JFhhXTwAlyJC9Jl22uLCvDCAs47TO9wIKIjHPEuLkbkd0wNwI02zZCLdpsHAv1MXIM8MeSGB/2B85fsN9M10Pp4STqbXpnfYmwkjkZyHIzQv8DWwJMl2zHEuWHgpppl0yIfHBeJZNtN2cAZ9hHn1/jDM/OKzZkGdY0kzoADz5/ZluF1xEnT2QzJdMIy28KBEUsV7p1jZQW9WGE5TvldxqMmw/NIpCDFcQPHon1bzTUK4dn+d6yV53JuEbrmePVcK2t2MdvmNxfQP7xikE9brLvXsdYWC46dzf4M55ZhEBtN6ArCV1v6YSg0RL5upJ+xxxxtzzthaQeTL49UUIf8hX4RrEVnaHlcg7GT16+gWQMzhf5AP6Wp0g03kJrUofM44cxpAn3J3/A0TfJpSi0sju/cTAT3llWCtY39qmP/p3/X/NKe4fzV2iMG/OwaaszsWhojf48Yq8so33UuvvO/Y6oOpmDu+Zc/biTyfzQYbzBq7Ln0Wf4ejawfMjmJTUNc0pYqbtzX+F4v0SX/uKrHpX6cxzqD2XcBoc7FhjKpsnV8ZwMhLGgQGux6wmnDrzOgJ0M0HJic88jFxXh2HkbQRDRgiiVYptXlfkwjLcQ/tSxyuDBf7jSrgZMgtOUZNSYUnhoTdZwXyIPs1u3klmlCo2bnCT/rdjQ10WSSwB2CO4QSdtGHNCs0rYJHtehkDjOxoGqH3FSQTEajWkgkZoT8yoUOBg6Nn4LoEJdB50XaME6FCloQaTN9sikUC274h24ohduG5kZVmZk4Ic4MiYPESTJpwAhRcidZD4w63JCAWHYSZb7bWPTseD0nKeRkudTnFQa5sMsNZSjLCJQCZrUsPrlTloWRgDxN2iQzUWBHg8GOvWdRqIWyqcV+gSjblgx8nfusZ8Tqxx4GbzKrvM+2smjV1WZpJfnuf0nkos+XHv5WPbgqzj3vVawzc+BlYbLJ64IiPBTMRwHdOtBoIbzap/WlvRYyCE6n43L+sftvj3e+8/Xxlrf8AUnpw1JAlpKPCRutyD6gj4w0rmK8ZfBkioXNFzL9Xk5tGnFdTL8K3gtWZcrGh/LLci1LDayCgox4mh3aMsaLZheWPdzqi50y7TWgCYvlsWDJXNQBeJqYoLW6bD/mG5jeuXPY625eMrZtMZNzXg0EAaqtYOJhmvstXbGBc2Ezp8CQw4RvYk2bubCaS1X5gzKUtp3fNZObeCHC/teDYeLK96TK9mVe6iPNoMIEv/04EdXqWU5qcIjKcVMXUEpIwTu9wuUCbcNFu3OzjDLLSojIZ5v8ZQX9zP98rMpL4Z18bo5kH5kr3yU05Zlx791tLqTWoWDY7QXY4LhHgRr81ptE5i1jGDh4r4fULI+GusO6QzrGeEmBAdy3oAUd9HM/Zsni13hNId0I2qGDJoICTQeaXbWCRRhkzmkdAG4H6cc6dCLsy6AqOEmBOtg46tTUjjnulRqOCIUr71AcoL1qbdUUbfecJe88P9gFAzLYvxZGgculqUNBqIyvYbS9MFsI2z2Dq0mN1ocy1CjqOGh7/6OYPxbhWPNlNx6G+lYnvPZlF9qmJmXu5NqAbEOiFw0j3hNTCJfeOBhIi+hZ9RnVZBSQ2yd86vElThW2zCJ9KcO99H1/bmiZlZcE+18zIzenFN4T92bIgUF9vFdzpvZU4V1NmDve1lVf3O68q4orX4LrQGI8qEGzr905V5DlThreSAcKBPaJzobE9aDX18DcCZnjaDQYYdvJoxA3wGXt5Uwp7SSfsEBNM7n1pvDtusSYAGDiKYDyBr1Ch3YM4CBmAEc7M5ehqcXD5fadnXH9d4Ata7ZeNyhhklNYoB3M8/JR++lvhTGY5IDJTu+FWKRkHpnaTXxYdxFySjrH6Rw+vmNNDtZoaG4pR2FERtx467Bcx6zCk3TEdJYtAubz8Z3lWYbtdR2xDJl08zr2mMMJI3Mw81uv+U1jG22XbXBtsXxhtT7hNl4GX5yZzzrA4Wic6RFuGuTJs2DmM48CkTAJq/mMs84aPusw+M52Gu+MU9jxt/g2CL9ttC22wzL8CAf1Jiy+ty7htD8sRxxYZ51POA1+I7Rku30WJwpM5qvGxSis1mc5lmed4sd6/W1dftbyMfje8my/3+JVmGyPcNpHprfdwrWBj8Ex4W/bUPevddp+48Wf+c1rGZYtfoTDOs1vXTXueMx85q1hNY1wiAtD/Vy3wfLrNlqmfUGZmI5jLsWz8MBvZvt9v4aP5ftMunkzY8bc7lhwFJYTOKoaGCSe+ZdHZHCKlgoDLcLgiTpwwiQ/1+8RntyUh0eSnwK2NujCYA/36cqvGgMNVygb4tiF5o5q4tIvA/RBU24pX27wU64coF6/5WGzLYAn7W1HQ5eB3x41GcRiofDUxAp+/vHBNTQ5oaQVhTL6/v99KGDl3//2yu01P3sKxu+p1l3j6nR1fP27LrPE+5cP9Hn3UOfweyzkvsDYz9En+9aeMdBLo0DmmsE4y5BMBOMhkxlXpatel0QT/z7Oq4kJH++XFe6piVWeFmOKDSt2jzRdtBkwFnAYMDcMRJhVBx1cB4CzKHvptpPWAqdAKCwchkLm00WrCBp8m08myko0ffQdJk+pkVD4kzlgsWMKRhsLNLZ2PIMckUWmoSqvDruM0tQNX068K4u2C2cbHgDTu6KaN+BIpqFmOChDF+PdaIXa2CUcxk18eweT0B1Z/rnjMsScHmKiD8p4C6f1VxObKjMko8ci3ICpSVf+AJPsPjjJi7tt/2iguylPgGUMbEe2yW8KVBWvUCmH01CIIEiAvCpAIa2Y7YBj2qNHM5nEZDjpB+8jUvjzTJ47/5Rg4RnIUR6y7WhCEKhbtBOpGbwJn1DQZyQrbs9tp/HFjMzMCg1TpuLdjM9/R+jZOUtZP/phjLVLb7brNMBdcIj1OAa3DSZN+3LHha5WvY9Jgim+Sru2cXfYZM5eOTb/e4KMV/lHeRXqHPc5Wb0zbCwSmFyglmY/yLwVoZhxDSVwF17BWDPK5Fbzbj9Kknm0NPKmYJm4ZoFCcBgNop8du26Z7S5MsTD3UjspU5naKPq8X0GuDExwYQaqkYhUMPfDUCaiiO8HFjEmzhwGpsn5WrLl77pdRdto3vKyTuJ3Fs+DrS7VVH/FGR/T+J2hHvvVzxJnviqt+GKBG3QDJyEzM/TFfInXklahsARL5z3jviXj7ZzIOkp5dR4QXspgJhZQgAumvV9GmbrFu/V0cPZQj4E7MctTQElNBeMxYbEqgl9DmDsKc/Y1oPRxt59124/mSZxWGwJWqLZFZx/23U7K7WX+qlHs9koQBv2OrethMHBdjcmswprlpFke+WyOgr4ftzAcU+b3fTHvg7XZuiG61RQrNKjRoi0KMrZFYa+BqerAEEwLY2OA+dQ2BE0ELvu1nTa70bFjx/rs3v5KONLMWu2S5zJ1nGMahb2yEQG+MI+tNw7aEfYGFDzyTCitp6L27lkpnPVryg3MKUCKi9yBJH92HcjjO/uXx7pXfUqtf9Iz05iYkDCX/ig/xY9jpnioHWDD0H5NYZyC1fiW3wWHmqMWZwOOVismv9/Tp2bdLawB+jk/mtXlTn9JZl32V+anbW6SmM0x4H/vJhQX4si6FdaGGVsW5HR0jgi75q7SrQE3xqyE+EE2Ae0XyzNNBjJ0MA5ccxRY+/oYq8zdJpYk05fyjaa8zDhonyo61qu0dpDJRfBsdbLOYZZVrEfWwXDaPvDRyx2m7WhPmAfNzgXQTs5iNnWHruZuKrKj3pFxK89l3sOcv07m01HnRiFORTBpAZ/Az1hpnzSXNdzz3mjpWDvaOnDvDqyuRSOOsXboL+NxGEY3YW2DHxC+nBeU47t+zp+y6dTmPXBbH+UdlhTd0ELo/TD0zbTteplOWkW5OQ4rz8PyCJQo7uQJss8QXJpds2GsGa9YkDS75DM8g20nYXHB9RImHNpJHxlH/qQflKD1SMdk9NfArmVLrink5VVuBieTDhx6vPZMlevj6PoLEJrdy9yraVTAF9bWJLwVchZ0AI+zw/24macfrD/P9oPLIeISJ47ZNnBjmfSlpuWtrk76h+StGYwZtbRYt+j4xo1UBUx5DM+mt3F+1Q0tym1NUkPOcYEh+Ab+eY+uLu+Her08fjZ50bwxJ0aGuPMM500jQ9MZJ1ujNdkByFjEFL+J1VCzQwESzOhdFW2p/MYIOGmjPmnZCGdJG01NscG8Fh94bG0jXdJl6WUbJt7AO+y4aeI631mAl1U3ABoN+k3UtyH8dFMuXpqG+DS7gAl+Z3hgBu3hyESTzWq1n/CF8gKeU3MTpX0y9UO/BrEs6Zhq57ABto32t2aDs+mJ52EYtQbnyjz33OOQo06dlOnV3Kqb8JWeke5DMBuBjrqGyn92TF8QA2zy9XGth96xvRNWT9aus2rdKJA6oLPSVMZvaQj9yTgpGz/yZc4HLYYYw6zzTcc781r+TKupHCOOI3JLm/TQHW6qMa/4Q9tppwoEcOY1Sh7jSUd50NHCa5rzf1EoEzNxUEbZ7rDv2iJHeB0cNbu+r99N+CaT5NO8FZtSPdA/VYGWI70fK9+Y8aVXKaoEpqx5v7E8xGUdvuOBIDtSPfqLDznNkJnG3hAzLuFYiRk/+mr3+Pr9k/q24icoopUMmVo0Br2QDzMBou/RaDD4FbJSw8Zgz/NrSQRplFoTB6sZMB0ZgSg4CWxemwRIgc23EiYW2mAHW/tjZgH1MLjdFVVbZxoXagb7GGPIuTGJfPZg1QDK0M64gQmAxERBKC+rtoFU6oTpbA7FFLxWWpbnX1avZ3fvDnZhcofJnT6JqjtQQunHXSYEvH1xeDBjckxHGzKEY4/tEJM+HFbo1CAXa8qrrxzIfRt+SwzU7BVmVBhYUoGphZmnecodIeCAVxLCFgzSrKmc5SNv3axhdsCHet3tIlEOFIkIv8hU4yJV9dxt0sZioSOBkSHsrjHRK51aBl1hgJP9gHGE0AKHjFXGWzQV5mFaZ8+EwCJRmYaVe6ImvPxP/VAjqCmdd5YNwTQpVHuH3mB6lWOxlSl3lc42UoXPjBUZkhE1s8Ybnf8EASbd3TMiJfjiJnHuq/9kqPO3YJxk1hwXLc0mavy4IVAH6svdVDuNjw4kZL6Fuz/PMim8sQSz6ZGep8jrt232HJyL3RC4iHjAZBNCttd+l7GnbPtcxy0pdGCvP7ltJ+71WaRcZAWDkOOR79LbZRhYrq/Vqq3nzJugGlPGEG/4ndnFrWVRZymuQCTTmMy7MJiVkN/1DxLrUdM8NRwKZoY5U2VQQFyd1jT5hr9VnGZbPtqz/YMtHKAUxi/7IdOUtzbO4TCdM0GdHTB+mKRaqfXKLKVZjMKyYyDr2PXPSGxh99NbFphuCERsZkArEmlVBs8vdgPvVJmXrNaRV8acpZVk/ra9ttEYE5Zd/5mzpXkEBkuzhTOTKcznyWXTQ/KJNBXTZkij2JDwZzsMFo2a3iptsaxGGxtk3VwCjgZKINwdTtoJPRkEz6s5YygTrrCmMF+3V83u/FncfQeNG0DIKmXJNOAcCEZZMBOnXE8w3MHcY1fdDRIFYjd+Mj1MRHq3dYOJuWn6YZgxv3NeJtRwmu3md7c5s4F/aLv7bkNuohFJXY7zbb2c2dwCQwnCxZIhrwKQ4VQLp/lEpkdzhnbRODObNu/QdD3IGPpKUyV+KxQls8ScVPuWZi/gu51NtBSWHKd8xBG18WGnSLpqQW7A9UqXoZOOFYLxqTnjXbmjrkz03BQURuCzxw2CmsyXpqcJKvFG5kuec/6UhAp2VOKPfG064bff7NfBpCOUTbake4zFGscKC7qgl7EcqK4FAbkwhDqvgnZj/uU6ZmjTJBlBQBqRzCA0VBrbhnVDOTPI3aWkaXBH2iBtH+JaHR2qZBej2R/A+ZBrxxBeTw2OF608vK/UdcxLrXd6vYhjuhPmkz4b4WwQgyeZ+zbM63Q+NIiDIMeSwo9zun8rmm4EwhYbFy2EhDx7icl9WwfreVPhpy/6Nm0AsyAg83FtBN5gi2AIzYfh1VlVG+tEP8556PQiOMFzDLrGETrREHu9yUAPAjRMt/2U93yCj4Ft0hE1qAgjCHSdeAUeos4BHauxwTbAvY62M3uH37k5zNhqa4gHNOesSW4stE/fh82WVvRtVVABhuSD0ORAJwZxKDQAP2C7+ymv0cQpGjyQRwo6PUvF3B0cVONPLZohkt/jEw3NTRHUnCM6RWvbxnoAz9TeQb8wkYYQlj1ir2VDB0JtOiDjvKl3D2r+6nZi/yY852pJA83qUwhCKG0j/wDjY6i3nCnv712bsHSwcTSM06fBHWwqDtIH0OdB5mYDga/RzsYNsLrhnM5/GEdqyPIICk+2TXPTpHm5Qe78QojJcQ/GrS+7kPGAw6h0tMa41Zujm7Na9jQ5Exoj0Gj60rPADcZjc8DNDDY/GJNE0A/2nnOy0CLncH8vgr49BKHBpgKEMH45l9vWCb0AhiHmhuna2clPFDvnwb/9XUwVixDmRk6nAiNrh74N3JhP02fMrJ1jg1hrKQR7j6z9m8czdHT2/zH3JgC2HVW9d3X36b7zlNyQgcwTl0CCisxjEGR0YFBUkMkBP+E9R1ARQZ+ID8GJh3yonyI48QkIIoqAGBl8wgORIUyBBMlEQpKb3Nzcoefv9/uvvc853XcOCXzVfc7Zu3bVqlWrVq1aq2pVbQ1U6ld9nkkrJhLEWR4DKYxhTvWlLr4GyvbT2DNP+j4WuX3JvBrOTlRkRc8D38A5kz9MkuU1WeajrzHApzyfF2NSzDco2OqHCz7v09hn0m+6uP66JFJJ3T6tKet5evowX19WYrvE+QlwvrzxuntWMPpcRHfpMrliMu7loD5d/Zq5eEOS9qHn3VEtfFLpCnDVQaZypJPHAo/7UQlkQY82X0IhkMvi5bFHxvaIJcXqLx+OIbj6cX8vk4c3OmCHhVmZBssYV0hSGMsRmkLcgIlQ9lTICU+JvPW6MGOtKtGECPocOJLVEgZOOnDNYPDIwWujRgxw8BnWyMkAKdwEfp0N9TkKsLPlLhIhlisPm0en1lA2MJeZ7TNXGkPByMw4r6Hlg3jTvYaraUbHbSeeTKqp9sXL8cu+8SNcX49ddv9273ud3r7jmTvatuO3IIzXoGxxhD4D3zx7IW67DaOCFZHrr7u5XfK/r2mf/CjG5LKuFChXzNycdzqzP5R5K8eg24RIgFIgwdcGtpnHg0IudU5dfFZsYLVVHm5hIPja//ky8baIzzUFdVe4vLtWyTd+PJjGj4bnaXysJ8Zxu4GP8f6qUOpKIpYqnOs51vy0tv2EE+tFzYC8jWkr99eACM8pBdovMABNH7eGd1S9ldUtZ9fBl0FODKpuVqTu+9ig7vOgSXrfr0Rbul9vz9497dGPelDbseMci6g2EyfSypMLzIRarrzTV9N2VVGb5ZUT8o/KSb1viXQQTpGuq8+E/vPAkFf2ckDB3771HXkZcblUoewws5jT5bpDQrJXg4E5AgAIPf5Ve+4Bzz9K/kS9v2z6IW2BQyPW4sqYkE5bl5USPmZwcgXUd+J53LBuf/XOtiDGIRUo3eDvwRq6AKoo7kWRcDDYwD6KuIFYaBfERbqISAZIV3tiFDFYQraNa9e2ay67jAQoVnFhuZrfI4ftpz2w7WXPYoGWT71SHSBY8S7GW4M0KhdAbrg2dbg7aZMirJU+2BMOumkcbWa2/b8u+6CJjiGcyesGTmm7mcX2tNMgBlxnLxdp8zXMVl99+b8fA7zVSU/HnfSktofXFnjQ0DxukK6wOJhqHG3GKLzu8t3tawvHivfqcu7Ie6m+g8/nAnTtid+OQq0SpmGNUoESqhxRKfzype8mzQl87PuHCtC1pNahEtyB8d/atnGS5R66qoe7qJx7kElw5roG0uIzV73kxMQhRBaj5ParqNpC9nfiXcmIol0Maf9wMsS4DLSUEzdm5HgsdelBP6sVVuQifXOJVQUnSJS9GkSZoFL2WISlpEMAn/vIh3RGr5l8g2/K4LN8YkysscGEZVYg00OEWwaZrZf921yYv+8rKgbynfBVAlUoQaXgCdoxj4aVZgbv8yJzcNEIdC+nEH0FTb1zFOgahcjMmsxi5Y0x2v3Qcxg8KtTiOcN47utLshqA8ZP93hgryiuVUHGZZh+lElbD2xUJqIYcZdKEfj2FnJvj5eS+yBhpRFmo9iiikyjDmaRCQdaZYEBf8nTWBV3YLCcTEhowu9u6bbiVYZztX2QimLZZs/mkyPc5VleUc7rpO76WEY8xR36VJXHiIdfQhfb1Jcq6pUnXBbwdnNDU6CIjeRjTbDfq7JilR4SGsVHSXePHutc7WG0FHkCrRVf7bAiAZnJDuKSj0aOvTfMOMVdJ9t9yfWg6peuxHkngO4m7n31x4CoPxpkTo4sYbLbtmq2n1r2TfDybYoXe1bTwAWOC9LU+2SoAfAoEDls8gMtDjDpk4nrc6aGrxkletcN2BA2rJQ9VYzXOSWXbP4dkpOrwDG6ZWfG0QtCi36/L46IP45Ltl75DHUOgPFJOGKCN8XIBIDJOQx9ZVToucu02E3nQlSe9niboj5PwSSZESGeb2G9roltY6mudYWt7diE4UYY45Jpv6em9bowpnzq4915DrbxboAB10AspcoHVzOxpVUbCY/LLUia14Wdw9KwEy14A15njTqUfYGgD3/vgriFGewzwKpAPLGMJHiBhxy+7cjDJGvRADbJJ6rbEAoU8Z3onmPQQWaC+C/Jyd0Kv3lT2pQmM6UzQUDdl+NRGdBhkxwKnaM/v8lAtOIKPNMoAXITgvnh0eJsYvgjjcRWz8lsS9mH8uo/Lr+Os/NOF0VVF9HqfOgHVtCmG7dRnK++dYB6c0qc6eNW/aCsSl47YPbAgPv70HjW5EaiFqHfyG68O0/Cxb+iRZZ4qLRervqyPdCw+Hq9bn1AuLnjEcBE2T54Um2epb1/BPmP3q0w2v5/g0gHrfpKq1zO7LIf4Gc8xlkSgoQPPTSIhDFXxuj7C92ACpTS9KIRHKOp+R2cJLF+wS62ztw0mrENNEAa69uACEHeMIAERZW4YdhkGFw39kJ0GTFelg9jA5p9gtseTDVXalp0p8XRLqLCsIDUfX7JyCZDcEIlgIj09maS4JCCIt29ehxPg5vbFj6jMLLTv/6Fva4+8+Knt/PPObGeedVrbsnkzRhsGYYSWDDGihELK+rnHZc+efe2mnbe0q668tn360s+1d/7Dv7T3vvtdJD6hnbnjXDbCT7Wb8+Jbh7mibe8eWuM7bjDSEJwVEhGACGUZSh3Vd29deMam9iMvfVKOEfdFugr1ZQwPB99iwq7hUsLqL7tWx6zO6mE0LTEbh+hjZm5v28fHgxx8j851X721veefL22XflzlH+ObFcaJu6xrdzsZVzKU2ts4tjztCr23bJpqL3rR60ijQmjdvsLncj7OPl3Ap+pUPvhfHLsX7r35bOWj8qGB8s723ve8b2jAEZEOaSsG98zy6YnLwMespe9mUujLA3bA2u9kLvPVr4pb+ebzE4bCnJmbb6945evapZ/+VyIv5oNgbR/lY7AODhYOjkcb7tVOPu9UXJqgJ4Nn1XnEKIXDlcww35ODRRhYIZ4rIPKrB6UU/sWrHkRRqwjMCiLgZxgokqZnvP6XUmwD+WQfkxLrmc3eu4cZPvrC2k3H8aLTqfaVS29uP/eCn2wX3fPu4MZqMELO4GCz7MeeQpSYSt8BM3s7d+5sP/+C/9VOOH077cwsJeX5zMIi3CK4EhNY/deotgWtQ65/XL8iHPxRKBlxt62fatf/1zXtt17x6ri3LuAiJS2iWK7MmTuzT3O8+2cu/Wz77d9+fdvOJMNuVgRmUI4cEPdDS4/m33nNTe2lv/Y/2xmnnY4iLX9UPS07EyRCIyqyBf7wpDB6WUeDqXbJ+z/c/vwNvFPttJPqNQa6xxUJ2iZcVa/7whfbU77/Iez3fG76vmU7m7uouyDwlFXCjnyAzoW8ZXa0qZij/o6bDHB7qlseWgJ9H6XA2d9Asg8QDa4337yr/Y9XvTHKnmlAJjzki9T34BL1it/6g3biiSdiSHQrC+KrvMUYitwRoLPo9Dv3IGfvB+2evhYsSC9fhCdMW2VLpL7tMmgBx5lpByfbTkSl/3AAZtbNUyz/kT7/ljd9oJ1w9km8zgEZBGzLUim1zlmFg19mPLWRuszqvgWsrCBBZ/f9VR+yIPq77YyssN85UVKykWfAitLqVdIwdpAmCpx7Z6SrydL3qZNpTEsa6+vqH6ZZ+kQEjHwFXk7KOJse90zSGYo+/lpxI/hQd42NPEsk0TxWcdeYjKtrFAkURb0MyNNhYGbyMftPugkOmRhOmPDE92aq7GdVyvqbq8Oj8nFPPl1gdd92tWuB1XmwqVV+jCrb0H0/GgaWM88Y6cpWZBf4qfxmnGHVReMqhmR4CxpqOIADwC0uCqiupa7gSWdXpmyfZfqpNFBBn0LxnSZuUbgo2RqOZZzsq/1HGEPuP1LBj0It/oztWT0kn0aVRqL4Kcc8mKdkFe3ESsYsyvs0hs3SMic9o5hPcVJn3Bs1dMFjDZNkc0z6uQ8+7m3UW/6f3+0ELOQAb2HLh/JUJpUxmAabT4kxvMBqlgZyjDvosYxRNccKje1lX8q2DMpSzmrIrXGFjDIWnLAm3zTtII9WOfJVWooVvK8lHjAEjWMmmScZm5m8nNmE6yj0necwOMuecmUH+sWYjGsdLoPQcZ79uBOMyxqGmTTGSEkf1FjFeJwzHtzkOfMG53g4yKvyD3zmChBPsvpoofITnyE/83R1CMoiDlMrG9zWYF9epN2UEJaTwLMYvfCjEwExouUPeM6J2Cqn5AtI0r6UTx6xCwSLEB9j8uuDShNuoF+6wiVPTEGzKeDOs4Awj3tkPAe4r4lO5AzlS2MPL5FGujvq1uh2oIlF9rLRF1wt9bAm223NttPSj2KsWrbyFxwX1Z9o/zVbTs25D8GOdtfNU1ziUkk/S31vu6FN85JvFALG5K3A1XPHles6iE43Zesl307SDmkLYNg2GutLGOEapxlf0t87OkhX/uwH48G7TKCMR666XpmD4lc9H952sC3HFilpM3zKhfGEPBBKQTJOnbUCcd21GPchT7ktWc6vyXyYMuWpghY+GmWrSFOa3vxmSU6RGIUh/42iAF36eB8VLhNAwHlhb+gCcfJz8OBRxso86urMdS/u+yz9b0Hq7/p6je5HVxQyDKtzDR+suhAZo/gNAv6uSnKEWxzJ6DowMpzuiIQLnkYWTNfXyFojdH1lAC0UoR+h6GDsMxnRX0r2YA6JllklZpF6BUamcIVv2YNHNN5chXPw82RJfs2ta9oyq3a62zlrZwcMWCuQMsCThMfxSoF9KAtf/MR/8CLZh7Tff/VT2yMuvn87++zT2vr1GJyHCKNGAxcaU96aQan0s23b5nbuOafzMuT7t2c98/va5z93WXvv+z7UXvzLfwG0r7Vz73EvXDJYkWPlIJ0MROoPRUa/agQOSCJUeKk3A4RBFlyLi8T+G/a3Mx98RnvmM58Cfqa7E4LNwN8cqy8v+ZX97cabbmxXXPFf7dOf+mx7xzsvae//17dS6L3a3ViV3IObxT7SOfN19gVncULj8TxDkM3qdnO3zFg5U1s9CgZfOocBeEe1gdxFW+iS4eZflcwNvNPoY/92AjPUKo4HD/KDyoV08oAWZ9RpZAZHZqfoiArJWQdi2l3BUJ3RDsqgECOx4NpmO3ac2b5y44Pb6Scx4C24R+CRPKwZm2pj+IY/g30h197yEWf3QTqj6asobuEwkFn2QK3d4H5ME53Lt65ZfejguG8BYM4aO5OdvSreQ4vwkskkKMFv8SgFJXfEMOgjvPuQPOCsG5iHYXDEBAe47mTx4Ma2/eSTSHZNe8JjL24Phx+PJcwzqP3Si17Yzt7x8HbtjShr4fMSUtJCQZhZNG6KysYWnUIp0a2oVMRblW1D/8L0k7etb1+57APt5b/xyvaCF/y3UfqkOvzXh//9oxhwL2ub1p+LAecMq4KBgRTeWL8OI7R9qX3fU76LF5VfcHhAh3n65294DQfgnBH42cOmUsCf77e7iT2OD3rAT7XnPOdph4HwzXv0ta/d1H7z5a/n3AMUEXhuP26TTkBN4kK0hlPqfvAHnthOO+3kbx6Cq0rejSfDW970JxjHJ7Oq6mSUr3zgheoo2q6oeaKsjFRu3qXsyl/K8Vq1ou+TLkot44Ar2fadaRSmGCMYQ4bqmzImk2Uqr8gJZ1ed8a4DDyrNKJ33fMLLTJjZD+T4AsH4Y0oULRVirrOaLl7m4d4JEd3BlXVhcMZCVzoKClFJCTzS5hUx0RSsVD3xBFGNV0++pCL+Z1zLmBpcSEfewCNtuXIVTsa7smHdXJkq+DU54sRpJlE1kC0buemY3dg+MEB5VAleZgyW9kLLyZ6uSlmGcSqTKJxL7A3UbVzPCD0ZsucaOWz7Kas1blzRcmIysps8IJS8TjRZN7cD5MAWaCUMjq2OkstDlGgUWcrLih00dv+fK1Ie2JQ9cbSzhqlufRrquvomLYZBXM54NljHXiWMlIU97Lun4aSHe0zrkBgVa1ZlBttwgTyl6ODqGsat707Na37cAmKAr6bYL2+9yQTNaRLqMoXu4XijzqLBwBf30pQVK40BxyUMVlc3xdVVOhV+9zHNIadnd7G6iOx2X988qysQkUlA95yxKsrqr8fSe6ryAEXfFaEp3gW7BqNEV3CNAcdYJyWyWoPRrBE8cI8U+Gj0OS7GCI0m4ZgGL2bCF7ysA3S2jUE41xlH4ddyP5U3a2ySBMVZXo2FAKn78IWaW3iVcYn9Z/KCq79Gz7M65qFxmXSSjPAeyJPe/1A06cagW2jgGQeoYTDajmh9+rwaZRr78qiT+/Kcq5XxCktOxi0n66xzJ1NibIsf9XQSQr7kCyON/NBvmsP00pd0YU372uZsoYHOC9THCYAYfPIFlcwECO0i7wAo6GtQu8o9cFUWmDl8jrpPovNZh/QX65Y+hiyiHsHbPpJxE8qTXj7P4gVy0VeQQEjQBg8Mwhyc1NFReAcL47FO/x8+SOFQ+RDJ6lnRXs7oA6V0AtJno3ifFwb5Fkc+XpsmvNAlMfuKvPIJMZP5FTwyz+sAMlOF8duVNPDJ+NM+x8pfsc1fkK70UglJlt4jyj7vIaWa3nURvamzEuoh7nogKx5XPYsiKx4ceJP8Xdlm6+lxiLY/EMDKmMEEJ54tI3SY6qVCENuO1APVV4IOsKyST+cpYcGAQYdYZoYiAQFO78onOMC8ywt0LHCUiMJyH53CDe4OMyO1EdoIeYVmBknSMBO1TAfwXRwRRgBLXcWFZeppBo1taxbaZZ/4AlCPa3/6J69oj37MI3mJ8V0Kj5RVRt6ICYARIFatu0jqIviQ+ZJXHNCdUJ7ue79va/fh80M/8L3tbW9/J6cg/jYpTmh3u+jk7DOS6MKzc2egpf4ykcv8k/OeRIbwEZjjf96HhxDMXijJNBKsQeVov0C5OkhlCF1TpVG91qyZRnmablu2bmrnnHNWe9SjLm7PfvbT26c//bPtTX/zjvZ/v/YVZL5/O//C7dRjjj1DsxilDnRgj/C0XgOM4ClnrB3sQzNex7ybGX5nAV0JAgmPWZ6cKINr+1Z4p91g1mGoa2lvG4IfPcQ4V9qWeAedey/WeqiLqxE88BTGRd4rNasbxTDIPeDmfpQ+AGMeA3/3V/e3nWtvxRCVwKSzB4KXBpXXcDH3IqT7FQOvfMaAM+Om8kX3wkxzWARClbZYsx7+Fc+kR/noDJYqsmgbg4982f9GHg1183hM+YLuMBghKq4aZDnIRqxUrEI/IZ1a4Lpv67zMXgxde+1Xzq776yl+aWTwdz+jQUUyCqZ0PEQQnivUP/yMp7Vf+Z9/ER5dx74lJx2kQnI6aHBRfVLUNHppy/Q/iuUvPJv2MgcwzZwr0aO+fPa4p2Hy3Pb0H/7BAM4L262n9BMe6VNectaXZUiPeQY6QwZv0mYWGrYSl2ovVyWIIAzh5m71V7AdltPXv8/roD5gsJSHVXJTm7Rv9T+hVT/0ajW24newWNPeOaHHX/fueffXoPh5Wq3tlWe02n4Ukzl433BEGZK2MGVq3v16b1hVO28N42QgbsQP9Xj8236mcTCkN6sA7l8R18xqq4jRTwpm8Zg80Jese6CfNazE5ACXrObIGyKh4VPGkjzhPlVXtGdxRxO2L/tWYXM1yrEiJxn2innyu9qFsUH/iewhheWmmuKXNEQQJlC0Q+OeTD4ND4cAFM+94oXnvo9qgpXQrKCZSZc/JyWVlSSIEmBang0PGzJjB6/6lnwOb0MLi+RhDrKikpQDznElFENgeO0AQr+WrvJyjF1oYPFZubM/Qefs0YksYUhl/NZAELYrKCp8E+5BoiLCqdVIJvuQ5znMRQMA489JNd0hpbGrG4ZFVp3c4qABnLYFhgeMuQKRlQfHeuBoCCtnLdNV5szEY4CY35W4NRhZqYv0ZsJ0kUPFxFs3T71ZFnZfzy/yBT2hqooBK054NSzsK7dOlW3fuWWbe4iFw5F7jWfA1z1Ljim6NVr/eYwgTrMoWQweGlW6Jbo1g0SRsx5EohI9GaOL1TzwcLVHvoyLJPVwxVKDaOCKpgShnq7MWJfkJb+KufiAcMZ/y3XPY60O04vg7XneO4mVF8+meVfypGf2YEkxdoa5MiceGBiWt8QEdYxv+U9DkhKLX5xMc3QDrrzMuDbF62PUN8KHPHNPmvCdAO9D5a278BLP+a868TvgsBNXV3NwEYX5Wp88tw+nZMdW5bJ8wLdjbAdfXjTePyHm1ivGikpcECys0iZ5tQ3A4vbqpK5tDy86AeHvIhOaQTDVsM72HdKLmPBTlv3HA0GUGciUXdfBtNAOr67CRDoxkeThLh78whjonkQSAwf+pD1jLMM/gQ1vpV3BZQr5Iv+GXuDuSl90Pfp7ygYWkIOvB8PErRReWAL+AJdh2y39R1lI22ugumJnf6byEEV54rkJTgyoQwMtq8nKTWnX17Lo5601t+3Hw8o7n1RM5A2X4lo5i25wbtoqPGhjdiFPR1/DdhxdDFEKekonkwcOtLCYZAdmfnlW7d2NA0T28VXk6K5rUqJt7B7fSnWo734iugSv2YoHhSoEWobvKqPnUSKikluBPDEJYciXdbvie3W6kvMd3KTsygmsiq9yO+A9NPvD6mDUqPKrnx7V/cAZh0mUz5yyaLXoQCGj5VNo4MOgTD1x7YlNqF/OSqnwu4LiSozXxLnsH/dIUvkX5gGAnVKy1hKr8ZSjQEX5dabZEIZLHkvnXphcLnD60XGbmS1j0LvsY3/ZfvGXXtqe++PPaGeeeVrS2cHkQ/MrVIJvnhzuq4hZZVa6/noEr7Wzzj69/ezP/mR7DIbiK171uvbG1/8Rxs8j2+49+L5Ps0TOoOJskUFylRGQ23T8vLRbJTqrDBVfeFb5FXOU32QZz9XjO547woaIsI4dCWJsO25Le+jDHtju/4D7tKc//cnt93739e3Nb/4H6nFhu4U9fm4Sz6oiwM2nC40DngLGP1d13HAvrKJz4VGzdlWGOKzsBPAI7ysqfEIZYGP2ySP8yhvCL1qjgMBnDuTeh0csKMEZdsJ4xcOdRJG+lKjq9s7IpwbJyx38Mo3h7xH/mfnhsa4y8pGD3KTtZpkOGsIXnm6YXXtyMyzW2b/9uOjUHhL3Q+IuxClo/VHy+9zvyQDni5XXs5nenM7mEtlBuSLlCNNQOOxkT98ch3Zsi3Kqe2SUP0/rAg8NJsOIp1cQIc/6L9tGxfKudz2lvfkNv9Ge+MTvauff4xHtyusZTKRtAI3qE0jSmoue0tVfSahy6QOf8SlXPwdwdmGy+valz/5re9Nfv4WVoLtSpoYZfS7w8z2kWY+bv/W6BsVJpcmzztAuHhCLwqRPIg7BI4lXfx28rGF6Hq9RkaJt9yvfMmB2MDoUDgd/DMvVBd+599R5CRfaBVynFrPfleKCDLy56MRWT6OD08anSd4TMdiurs2q+1W3fZaKPvBh+mjfBzseVfmfnOCAB3jQoj3hMnwr73ECwuQMSiiWQPYpwTNr13PgAYqQ794z3YD83mu0TPMePl+D4KEtVRZ5PZwJRWy9k4ukccZet0dig26+YNYiD/1b7X4YanzQvVn+myffqG7d2EGMeSOvuY7blRXpqq/sqktlVLeKY0wilUPKEcYrgZiPPhR29nk1GT8+K9mXbMEvsewfRO5AK136k0UYyINM7GCUuIKlCmsaDRWNEF/DsMAqdlxKudfwkKfTBtBHg2ohRq+8o8dFrXRTgY4yyGhpaT6MFd+RqOuc7ZFVHBVNrjUZgnXaWnqDM0pzViFQQOdRmmO0R5GGd6m7E1kqp8bbVk7YqKDWgTTghrEiqcRJfDyx0LppgClN1Bf0ZImCiwFovPl9r+yyRhqrea6Qecrg3C1f5d5DvjCiMGLnMAZVmJXV7tFzImQB9z5Pep4kX2Q2Kx/z7PNz/1LwkiKRe8p/J+T41SBmT/yUq1HkGzC5ptEnrabZTy8ZPZJe97sBY4HGpSttGn8q6W6RcCzV5bWnzxKGRA7RsJUFUP/BUSOs3Qal6DsxLkwjkRJKhtddlwl8HacnoZ1G+sI8e84oN/vBu1xRcsfgQGFgAouyYwgJAz6Zwr2veVLkbeiB1F3Dn4ThpyApouYdC9XzAjFPfWSKtDXJdcE2TQxQri3Xp+nTGr0YOeqLcxpdGrm0G8zLp/pu8OuKhKvJ2ZdfVKg7SoNHpaWT506AOLZ6L2Ya24scMDZga4LZ3Wcn/acsG96Lxxi8I45pc2BZd3k2ui78q36QojVw4UlX06rpCg9KD++F/6REV08aI/1rga1G05zY7gpsXI3RgZxM1kAcsDLshHEgiU8OQ0EGWABtqhFcf4VCojsZYoqige3JTcIoth9ze7r11KsWk0SVqY/vIfg7glI3/f0wLcpAxIEpA4Yn4FWXRXvpYHrlyXjoYfXYjz+r6yrFb1u9g1qPOiWz11eN7OtZCcxDCIgOjgUGsUqR2LF7Y7MuYbLKUtlJ432SdvGmNa6/zS8RwTE3fpnDT5+KyzsxDJZxV/G9bzLwBC+ZHRpyKRTUFMI8X+K4YSQGvQCBDxPndEqEq9wjE07oN38r+9HSWRXDMlbIiZ7Nr5vL+XMgUqDZMXIYCkf9++tMioNWlBTq7+zSLIx+Ij7hX/7ytXjT7W7/+K5/5LCMR9AJ6WjM5qnk2pjpM3cQkUqxK2CZ6QbjCy44v73uD36zPeLh98XF8qfbiWd+S1uP28peV10o3NlQ9+L4jqmcNkRcBBUDaztO4cEMS7HCHYTlwcH0CmzxUjFQhDVtpKvoAzHiLrzwHu1Rj35Y+/Ef/c12yrknouBPtf2cYCUNowCwSppZQutEPgf5NRv04V+Kq43tPSK4ZVQ54xhFKeMo4GWOn16i3bGYAjtszUy2xp+nVc24KusAz8CcjdrACl8EmKnZKK4yloxG9uXBl+BTQqj/LTwiNuBlDxTRTagGFHGuwW3/7q9yrWIBDxLtUeveLzFIt3YlcSPlrxdyk6wQTuH+M+uMMvQSVvEJZSqgAh7lCv7dzz5IZ6HnVE7l8yBPsu53WAv3MqKo7L8N5ywU1LUI+MlpVzKA3z4fYZ+0qVbVzftDhb7tH/vY72w/8pz/q/3Jn/5tO/Wsc9vNnjB3iBAj02eALxJbn1Fi4/qILaxUfumzV7YnPeVp7fFPeGw9gWnGkifuoF8yF2GUWqFuHLLDZzRElZUovvpSc3nQr4OVO4QB7H3OtBL6Vd5aGT2Lsg6W86BFfMMjxSyrno6OGDwZQKAPhwDST+DZ0OzQaN2xNTsENNvcjkNQ2TPMo3jEGFBx5W/tBldBnKDTOGAF34Me7DM+p99m5Y5f29575UU+1E+ZG6UJuPYfX1zuqyjWIUs8intff6Q+sNDGU758JGkO3rTg6zPGC1eTioRVN6sxfG1Ahn7iUU6CFzD7PsUVsKkZstFJlsAgr/LBsch66ba4on0odAr69K+H6BANffrr/FL3Bca5PvQyB6AxxvSMEX5N7oiTNEYWI4viig4eHoDRly09NdjmF3Ch1jsmtOn22WmwyVtFrq5I4EFz5ZPuaemJyn7L0WPGykooP1zyABisYqnIWmfvLdP03Ps8h1mg8JpelzZD0pEvsrciuNQDQ5xYZcXwCW+g4Lqilv2prL5GqYf26gcqvWAR2TiBW/GMJ09y0JouctZryVVSeGVm08nBpVZGMPziEshKnZPNGAuu7mWFj5W17M2DT12pn2SyTyNPV7lFjDHdI0Ms9R7HDOT7PMagKzzxGJIs0GFuFx4o7qNlJcU9dOZZMj10yXgh1sp18KsAvZwRM0Av6SRpa/XMvuAdyYVfV3zbwtVX6AjUD56jbA+LcxyRR1Ju8lQu4aifWJQx8lbi5AvbGhw1JjxgI3tXaUMLjftoMCo4QUEMaAexqNhAJD242v7GygPcWuesQALb1Vzp7rt8nbRfwHA2fb/PL2ib20l+y+9wKAoMS+4vRr8Wb1nyDytmAxYTNKYXeFdn3FR3wX8+Y2uHh5C4f1B+lld8jQJVoQ3cqsOqGLLVNs/hedBkEjdHV9eysglPL8qnrmars1oXJk9Cc/kdHdhVZvlDt9IJDHZpscz2mUmMw2n2dvvMcwuYVaTP8loQDwZ0/yrj/ZKLJ1LViQm2KU1G34E+WTFGN6E9RLVoIweYWlpXO+SZhDAO4o/TzWcdK3lFnc0XkNwfOnTQhrDGYQ5zpThgSkj5goJWlt6nXJl75V2fJpjmxivr4m9dB+XunhgALFrPrmI9vKTvbwLj6L9W5/W+4HtVwfuhbO4j+a0uPV7w+PVYwjvpctDclOmsIrO+ag9pBHGwsSWbiGPATdyGgaV/Mp0zMxYhaSFb1ZSoCgA6M58I5iwZw/x0znRqDpkoBgS0whyf9gkYdhn/cX3IFSh5UTfG4AKD9UkcLHHFRy5vp525vv3jJX/c7smhDjateyo8xW5E3juHOq4uSAaPUV+HT/4zn/ED7awzzmgPe/jz2pq7bG0nbV3P3g9cLtykj2GqQHUQSj/hK24lvD5g9eEYdw62B4eajtUxnwy4aeP69mM/8tR2xhmnYQz/dLvrOdtyZLLvIrM1bf8Mzvp80zaexJTXDShYkqKnuoM2OWzzAwLU4GTHrM7SpvMY9sX8vTBiJly3DwckeMuZSt0rnR3L++4cDNO6GHcSsw9B0HvykXYNg62b8t07496IYacGr+nwnoOm7QEPO8AjlOvgnX6gKAXE97ktcNiMrqDCHoZib3Da1NbK17SxB5MYPOFQFJ35Xr8J9wx4Zd6BwpcWhyxFlxrALyp+T06/yChs+5I/DPwegmLN3A+SwOBjMK5DI/eH+rLvqfyuYZD4mZ/5bxhwf4c3Dy5KHE9tO6VvOpGyKgjbMiAMTdn1Ka4rjvguwUYMuOvbFe2FP/cmDgdivw2w7B9HE3r8A7PLYH/RNTQuad0AcDSwji4N7R2ltFLLpnEBbl8+OmIeXSF3QioopLZln4I3cngDpThGOgnkzzc/iF9h4X4lgy7QvC8GmpfLo8aSynw3mrDixvsNo6igTKMs0WuwMcqdtt77xgQOyrGcOI2C5QqT8mDDFiaOgENrQhKMN2evKXulm7MY2MDJ7k1u62L0rcOToiTj2zDau/rLM+sFswjK2Mie7kFkS575NN0lqRwbONK4ypTRkjspyK/C7XUfUkBcPIdGm/ANJFRW1IQVcfz7/j9zaKj18aGFuKW/IyPMrxzx1zyC4jqYYKwYPc1klp41VbHq28JJKhMk6IbmwRSsgm7Gs4anC3iagFRwS17TKUME7ritgc5KlYZiFNq+st2YIOQYvMpO2s/7bJHgNzDS5IWHq7PC1JBanGKCmNRLc+ShDA89gREwcFC8ge3ePE/9W2YM8L2ITrp5SnX2NEkrJ+HAUWPMw0ekq3vYagUEw1evDMbquduuh698jx7pWK2ZjEcQeomyV8XdlSh+fdeYxpUGguONyn7R3QqJmu2M4g/1c56AuNMX+sPOqrLWmVpJC9NuZNXL9qFfpM1EmLpV60ggk0toL/gnn4ZtjGQNcZ9pYANDmvRp7R/VpHKw+ZKda+/oXxygogvsvK9NEBcyuFJbK7mkMVkCFzbYWMg4SrRYKvmdELGdNEZ8TVQOt9Ngw8DVGGkaM4zNhRu0EaC8Af6LrJ4Kvn9mnzfY54YoJKb7Mp85UjlqwyufXBhwJX6KX/nGPlL5TSdzmcdc9H1d86F72q7fW0s7T7vaxnYeechXi0yyGrns5C71sLiBRhUyaUEjn/F94Gov/CiO0syVt54fNB4ncd23nktsTXIFWV7TlXKBlcYBekJq5z58cLBNMsENDq4gegBgFkms6zyTLvugZbYCQDv7mgilgVMp74JHEOV6ZejoaPqEjrPMROj5pe6E0D2op4Eb9ut5sE849ttD7n/HHh3x0vJtq/ojOYzqXrnQlVubuXAkpisgPHyIwvp8qwu2+skCvFx3vwBP0vruCuwyW85KenT06fIMSbq6sG/CPSoUf8xiTcCc6Vw2pB0bpkoHQLAus2k37auvrt2XWi/7igGEjwSIuyODqy4REQow44RCl6BPcR+A3BFTQQcc/JaXmY3QwAvz8nyS2ZRFlNjtGzDertrfHvnYb20ffP+fxnjr30el4jeE1QO/k35tM0+Iq5nhJdwRH9A+9em/auedMNOuvoV3QaHYqsz7jrAiEnWUKNQvp9vpCtQ0SL65wc6gwm09HFy+85EPbP/yvt9r11z+Hg6VQIjZmew1tpD4c+3hAs6gearYHDOSGlxVOYecrramPSDYEeEFZ6wQSg6SCSGMeSkHIaXRNeeMGYOQce6BcFVuDSedxeAgLp24L0P8RJGvAa+bmNFXHRzXun+AdwSGb0UePnQlTJdNX2BsZ9RI3M8g7YAfNODx0ES6OHgk0qr3hVlOF6QNdItSGtTlB1fbfEE8LigI5ClcgWeY6fUY58yYC0dQDBp0Ji86YP0lgFTWDZSd4S2aekXdnu86+Ge53YOJjtf+wW+0Kz57VTvtrqex+oqrUNr20FClhX1XJVysgrpf3NyFfY6Xf/b97aUveXm73/3uk8jal3doeId/4soFBwJgtEaYJHFHi8NnvJ1PRwK5JMftBPMNyDaBG52TGDMbXJGAJuFLaQN/R4n5BiBxmCKikHfP+xZzb0i4my9li6tOWd3lXp5ylcMXGpf4mKB/e0gLsohnKv9rUIqimMoTKERTPNu07WSe8WJ0+th+FOl9yAlD9U95tZMNOQ23Q6j/6RHr7/MrhsEyfaG6GrjquknfHj7r8/TyAJpHBiUevnXE7J71SW2jkp0rC86e3GEii+U5n0XdpDtUho+Jz2TGMIILk5NQY693WbeEgsOveBPhfs+sECZ1D0DiiysrfLp4owC6b7AGb6XNwQLpGfcXcDvLa3s0kFQqDeLbZ+I37QDOtlHcBoeJVlZMvCxtBkXWQzwyFtC+ysXIeI0r7n2XbHmvUGMnC1HyszoGj7hvaUEdARmuoegplBpUHlqyiOviIi6RrrwtwSuuXPiu1EXS6CapYu+v+8xcPXOlSeOhTsYkDzAXPMHSNmSsU0mPQg7OliXdFtBRsteKWkuCcq/TONWjVQAAQABJREFUOIAK1H9mK0fOYyxG9yFF2ic6SkZM2R5er+s8I497vnJKoaQgj1Qb/XqtpsUHvGKQY7xNcZiGrqtwUGDGcHN87eRCcOvyUDxBXBjnuCrYJdv97l3Pkgf657Aky8rHvGJ9YDCvPBJDA/7y3tW2Aa6cOY2bOFdgs3/MSVrTQtcFDn2xTaypeaR3j3fVVkyKDqtLDf5O5ARZvpAZA475n9yInqBYCfyv4iWGwTiUkeZKSfxWWZac53nk+M+kK7zixIGH30yxV1O9VRmsR9Vgy4lBxWI9YCYTAXKzfRi+Wbz1xraAC+8SPLikSy4ITtE+MfDAdxm+9SAcDwUCg/SreLg5oQIPmNeJBN+3nFMSpRunmWYPKnSb3Ep/cZsSRmSoZr9wcsG2oaxa/bJ61mv8Q2m0aX28PvADsjLX8DNKb75Kbxt9vQFTfdUf/QBUF9RDoaMlpBT5Bo7vP9lSk1pTc54N9QTy9rf+joeeBIkjXR/69N4nj/ValXf8XpmVupvGtNKpz7M6X1/IN+mXNTcYEmaqo4IdEGB6/McbQqnhuyvPr0DeyjlwUKlllt417pZ1IUCARuDA6I1ZniU+yyi0zmABoLpSmE/Go9fJjPr8hjgwjeXwXGG/iRfRXnHTbDvjpJn2J6/7pXbG6adQJE2r4O8oLR3NcvvCUeYcJhsxtK6bF95zR/urv/6dtvi1G1n9YU8HB0bYATJgU5Hie2piHW9kQ/CyBsodHYbIHRPgKN4QTyF08SMe2N70pre2L176/rb9ePYZpg4Y3Bg0eb8Jg6iuLBmYnGmG9go9O575xSADUjAYx8f2JrWGG+nQNJIivF/EARJ8wfPaE+AohoBD4Of9Kq70hm86o7gD7U+VB37kValx0oC1HM65wZfd8lIyxqEDNzO2+5n92odw1aDz9NMYsODTYU85QA1iVUg2FAdbvmJ8fVtw0xifBS+FW19nZ2MtU1iB5zvHBNbh668KQK3s9UD9VUjiWmEuq66w5Q5TEnxGEx6mDP1ycRRfqUele8r3fXf7lvtd2K6/lZNC2bNhuxXelDlsP67H0DVnmke8uVZ58IW2+/Ky4TNyIE6ql/pVYbmsIo/6Wxp50t4cL+Etdhj166MGcqSE8l0XRldGjBGpT/D/o1/3dDihkRcCQxz5KorOPK5ZkZ9Hi+zKWleLHinv6jwHps/g1iXrKRk3KfqCfckJjHXsCZKnXYmbxrjQwFtgsk6mcsXNa1euddXyxEkSZyJmvSsd8P8sio/GjC8wNpP1F96o7YyzHypX+oOPAF7MFKTTD3M19iXekUdFjRhigvUTSlfFrFfUbeF1layslOtkTJLx5bM8Zy+R7n7Jl5/68hkdrKBWlO0Z1jQyebunlBVwypCxeliYEJRLvctkQSJ7tBGG0rjtUQmN5GHevhzxLJxzNDp0zCEPXf8Yx62HK8LKX40Mj/R3vC/sKjXNYeFpE1fF5lxNEZ4yO22SilX1AKYcEUcPxxB2PnwVtK5UgdrO0Df8TnQmpCxZXuLXSd6ZrSfjIskqkrmRxeENxitJ4aSQbpUD9RbqLM6lXpAf2I4105swgqiXdHKiwN94/pg6FQNuR8PIduCOVqeEaKjxI/ynAeUEhvzvI/HIp+pt+nz4iiFGGRqRvnIoB5bQZ8znmOpx7aj9uXZYUnPywBuvM4HImMYASYriqZSX3HVF8oThHfWIq5519I+ydZf00BjVZU8StW1iJAZLsoODTVlYd5BsUyNNy7WuplPqh+iNxntwxwKTvHGXVV+AD1yN0ngRzlL4lLbNKltPQ8swVF36a38t1TpaXq75nXCvmh5b/lmmK7AYblSKdLYj/S/jNT8CIY+f9KXuOnHgr/fOAM8z90jKs04ELN+G8Y+nkCtnMaJYnFA/sW3d85l98xjplrFI2+luOelEFC7ek1sx/KCJhwEuwQcewOUL210J1nxZwuBczsEqoJuGrT2p1X2poe2KPHQ1VWN3mUn/9AXpa18zAH/C/fXISFc7Y0Sr73T9UF4dfaruPQ3ym44wFl9Q7+DvcBmcNfpjfTt/6mj+2X6mMtiv9K+oKYYRKrafn4OGgz04VFzf7lXcSnBjcXUJEOEM6cR18q/M9o28G0PxkMUWezBDEAZTmCj48PNF+4WpyvCww9ilFM5590UO71DUIIxkPjs4lVVAMGKHEJlFc3+dK3EwswJ+SUPRBhROOp3FQzXhw+R2rEkYOMfHfnFfe+cbf7mdfvpJI+NtVUOtuj1kJfMgdRhPchTkGSsggoM66rrpyYAXXnhBe9/7XtOu+/JH2uZNdDQ6rgZmZixxd9LdYeBrEk4+kTjdKO/oMIZcB7oU9COVUwK7T/XkJ39P++///afaFz5xddu6CdcHZoM8VSuCj7oqxDz5zSOcnW1dw2rXegbIaQ4UUBnTkDIAtQfJL3yE8qaSPstR0BnooJ0CxkHZASPtLi9EOfCOzowA28cMlMdbO2vV2ulhjSFgspUiBy/Bd1Gm4FdbcooXi3sctGU5DJIwA3bEBULa+jhjFT40Ax/ddhSyGt5FTeswqkfVCddG0rqHyuOyXWEwjfAcqPIOKDJr/Or2lZnyAobrKYKWAa21qyms+hI3lAVuPCvFiLzQQHyEtzhXLpqmSwit+psj/4qXRuoJJxzXXvmy57dbLv8kx+rraoSSgYLniuWAfjm5Rtenctfs0B0Cr/bxpLrFdhcOLrn+Kx9uf/VXr2xncHCQsMMbXerVeYdADnMRAc7oZVtIzQq3B1Kfd+WvNF+3ib5nG/EXyMP+PypxZa5vzl2w6VDyZ+0G3pvFZJju2JE5xFUNRnz5jcB0vGVWl9dTsNLAzfBy7XGD3kxa6dbkyZF2HHk98oM2cbJlAM/5jkR/p3E9133Yl2evYzbd9ppltc2XGOsuqUtUr8yvxuGg92ljsKPBh/iLg1F8oqh2/annNuPTwY2XX8zLIN7T3nKGPESsB42UnE0hQcNJneK13OYr5QPbw1OEtYL9xuKDrDlMQN9SpsYY8B58/BOpyAZXBrgFoS5Qt1SAVMpWJoWUPypGJhmmTeHIzMg5MEsfhp+AlQk966sxYz1yzT3GkO+f0+iSHiXDBWrxBd/flIEcVd7G6ybjwRBBUyST+4lc3ZIuwTFJfFYhEwPIvwEKsS/TVrcwbeCTpFfz9OrQzTPkMWuBz49xOWTCg17Ia6IqASx8CG55xYFuukLvgIwmNeFW97ehhwSW5fcFDH+rTHkpB4agryywuhd3S5G1TH4LLa+tqPjysVTTgL+Hm9RKX1Dhq6tKtHragrYKEnlQE16+CHrefGIlgqtCX1ejc5gNutdgMyvZvoMs46LtKOhQljh5wg/pwS4Ts+QVcmDJIkzxT65lVdz3q1EX+cSV0dCZ9rLdnaRcwoWVE2wsOgCcpLcN06ESV2UXZOJ9NqSpBnZNPmR1M4WLaCXJ5AUrUZMYL1mNcZxk4WCRbT9Do1uqkC9jlxdj0DNeUc+K5hntP8GKm4a8JoUeYK4YZu8cbrLy+hJ6S14Cj57hwXxUuk5Td8wUV/ShJfqqh/tJ29AOeeXqo+6Ry6ZDB1xiNdtq2j95WR7GISedYuwuI98yCc0El7yzRH00Uie3nZr+ryyohQ7NeHB3ZRDenGQVfYKV7JaJFQjkSa7Azlga8tu2uQgN6ot7+Kq4ciz6KC+LmiT2wo+8FJ0eHh0LfanS1I9/pvBDDeojLWiIUR8pkGNgDriMTO6RoBC7VP/JM+HzPB95djX8jh96wEN7xnxGCjufvhAj76xQha1uI/EYUtOKEEbtxX06Lrnsu9FBk0Rx3ZFahjGTlUeBzmsCmJUYBoCqGC3LOPo8p+bk7YmTMomkYS3a2TL9tmPImcYOxAzGBPsa0gGCbjKliMBmMN/Oizuv+tgb2zvf+bx2z3ucH4XxaPfaDHFddSFzh5HCeBAgBBqVvSr5EW97V8RHPOLB7Y/+6HfbFz75L+2ErSjF0GZmAzM7DH4Dl9IdKGLYMSj0dDoi9KNNkAZYkfhYyjCtLqkDlPqf+IlnAudKTvniJDIMs4EzlCoTuN6pRHngiO/rmUHoObjFt7ubjfKExtZ28KkZaBGS3gvz16EAMNg4mELvMvQ6XpM3mDGbQSAPdKNz8EcIeeiIK34zCOuBvvoYcBO6RnZNFYZOtevFvnlvFIOJ+AVHFMES6A4WCBlw70MGa24ElQ/1n6G9MsMsv9pB4BJP3BwF4zrBL47kKVTsRHAU967y+f62/bv47Ka/kM48zpav4/Qr91cYogDlyqfyIOUIj/p6EMJ+BPo+XXxWr8B1eY7lp/hguT38YQ9iP9yz2mc/enm7y/btrIwcj4HAB2V5PTQWv/Q7+ya4GFJjLm2pLetm2hc/c0373ic+vT3u8Y/J854Cufk6vvryDgRReBwYf/Qx0toXKkNkaoFyEF5mnxZuiGGfowd1p6e0tvKDQc658TpeKstqjph3nOoj5Eifqm6P/L2SjrK3PH74zyiNKB0sbeI7fAtjZCt9PEepw/vuS7UPeJS/bewqNQ2Q/Zj2CQ/qUZaswy1oDW6ivgtrDmVpL7y/T1cklDPfo6YcqPofWNPqqz4eryPXw9uulf3pLoWi2B+7NSohvGh2+6Of4YMuvQfKlBayssg+HTncX2XoV8WEInp6AthyQXWs8DrOPzmSL8g7CaTC6Ook17q1DZFJAyLTlC9BEJwAmlGb3xjOKKJOssVQ7aCO8lefrkkiVg847XPgqgAVW11/8Q2qtIWHXAwYB6aRGaF7KjKGt/d8sprKymsmhVTshwV3l9Qn47hpnSDkL/xFSRoP6ad9nEZa/gqK1XX8sLbup9b4UWaOAtiKB+XGbRKFuIz1PoX0pzyUa1eKdLFM+Ty2XJSVjHeuyAxcoXO1J/pQCJ20pg839IwgaIs0ln3P2aOo8Ws8was+9wwTudN6IxlsRx4od4NzxY6+o5myysXqTk42NL30od3T9tAxcK1vF9JWifVKjqhn8sQSniPu7Uo9gTMexN0g/cNedQsPV5keqGQ/zGoVbcvgGDgaJQu7eHF52tl2oDx0nq7YDkr9FKRRlJgVfnXV39l21clMy6QP73GLsUKndX/aovv0WOmLQUzW9FN4QMNfUoyRI4UJvQ/iUJML6C4mRP4ssSXElUObXnkFQ/HMMZ56SCfovMSplfJLTr7FgLIs91Q2dbstJ6f+rs75MvjgpudadGf3WWJwOinFRNzSLk5Gpay2kf106jUaP/DXEhNYU7hpTjIWg0R91BfdP0jQbXcRt+B6Riu5HQfeTxs7Cat+IZ36w3YAUQauufsgXCvZ9yjb8MhBmsW4J59TD/JIVojhf+VO0WolJDnTjyVUKSufW2rZDYcvP3KarP3vQVOvBu19PpZ9mADumUTpGKbcMw+T/g571CMsdlKnv68CvLeVEvpH9gn1TPdnwo8QvT5OqCVeh1PfR8IM0vJu9hgwq9B8ASKKenO51s3M6dkUasNFeXd2iiYNLONFyEJ47se9CiwvT6i4CxPmTgchXV5EOofCL4JpHQW9+YGAENw2s8wLuq/kBcG/2r7zOy9OfDpcro7ty8HB1QKDMGrGzA4q84l2Pc+gdGygOxhWorXvf+qT2vd8z1Pa5z61s62l77uK5IyM9YvSzjHamV08xjJWJC8SjUVVhF0yLoFdPccSHNWlg6D137Hj3PZrv/bT7HP6ctu8liOlnQWnHu5Rqw7pLLoHFdjStrML34gFV1ttR17BbBfvg/Q1yGRlUEkPUjCzntkqBhZX9Hyx9gwGTliBtCovrnKVEiA8Dz2AJ/sAjPASq23O+s3hDrKP/Q/7ea/QbASbxZCGj+18ANl6OOC3hiN812DArWXGd50C1A5CyIlqXbqqk/zKzDv8ueDBC8IVML81805x/KmY1upgoKTudUx2R5eOJgUaKiLo2ZzGimYZVSqzhXtX+NfxY91dKRxwJH0Z52x0B2dfUDwxAJEOF9tmhiPd894syjNfKkdbLJB/62Znqi9rP//zz2tbNnNiGwZ/6vx14NZnTd/ob+7oX/rfvHt0E4oLypiHDofmimPE4pDcdUxwbPPMGpPrne98F9+faetYHXWSTb4qdOEhFAtU4GOCPZ645J6y7+v/xPUM4Dnmvp3GFXyB0enrAOQfV26mUDDkLfdn5R2JTNhsxP3N0yp9Qbmuze4hzTPGldRT3NJC0vZA+mbFwxTyqWFVksSGhzsWJ2KY1uR23FV5cmueDmaSmMwHdt1V6YkhmL5+KkHJm6Qd01DMGvHYwQguKYvsNmUHo9rEeyPq17jgWzH1zeOeV0pxpVwRDbOUUpDiiTsA7WFZcJFGtXvGmPAKIkF0lGNIs+DK7D4GlbI5CAO7w7JwSjZwJc2cimpguvriODGCaWJlv5Oa0yqoupWJJWX0ba781M3TvWpFE+COFyY+pCn8xh8IHWhElWJZyk7g9g3Q44LcVca7OpQPKHin67ITEe63c3+Tq45RXHmurMqYbg5XQhiTevmlja3xYrtoYgYTygpM8rqi6r6oAeNcPfXbDw8PCCks48g0ni7TjEs1kWGOsdyhWQfFsvjoaqliKtSMOxgk2Rt2y/Ws8HiQyAGFdRALjk/NLZmyby2wnJjABRCDd5F2MVhWcgwZONESqbs48CdF8zy/gSt1eoONeIg42Mgps9BWZVVk+/eqmUmedruOexKrIlWWRfqseL7KTXOnst24S0sMMKym0Wc91CY8yfjmfkknJ0YdtOfrgl1wpToIYMT6Ko9FjNacls6Ese0/4WqYE9DucYOnhR/vNSeOxdWFDvTpHm9PUXXVb4pFjAn435XYOngFXJ20wFisfZxM+qA3LzJZMaFXD7qOkw9LtMGSk7xOQEh/+pKeSL64PG6VGpUa2vSR8Cc4RvlXX4c8+VAxqT+87+Kl1vhn9Nw+WJ8OAD9ySh9fJJTuff5R3mqTY/lO+x0hwzANfNPLCbggf4Wj9eMPnPoPHVThabL6WIa3zlIYdyeHkoVSpgsyb9qHX/gx7STytFU+8NAiY+eS/IPRv8SrL5Y2ndQWaeMlPst4wS2xEjtovDrApdmJta4W4YLm3hyYKUygayUzeq66OJMQ/2uW8VMADCRSE8zkodmqHWK00SFkRAbnCEnzuwrliTvx2y2hEoSdoUXIMNrXjBwrDyUkF9qP/egPcxoZaanY7Vl96/PZuF7v3HlL23mTh6yg1NJxtm/f1rZucc9UKUR9+p62R/MrbF0pt/Di7xe96Hnt7/7uoRx1/bh2263MEglAIyerR2Mj9dEAHkuTRg8wOouD9JDTiKQu2VAvU3Yh7RHh1ccc+dc80vixj7m4vfSlL0DY7KCp9zD7C/2pg519klU6T43ziFvd74rxaGrdvDidszWOBm7jK1fcdvwRDBQA8EUZc6LOzCD3+sznpdg+489O5wx8Zheyolc8Jl+n6lZ1klmuExWACNF5mB3Y+bMM6mLIt51CWijouo5ieycNvdqBUSGnOHNlYIIXjA/z5ko8FUn/h0F9K/txOOQngClNsJlwtExOfmTGdppBYj8PZhGy0tM9Pguz0MfVzHZX0nVA/eFGPNz/Yx/wPVfiUwrxeELKGct2LJfiIB3PP//c9md/9ivtWc96YbvgvvdvN3C8svjTuNCSMYD+Odjki82ZaaQP6obl7PD2DZPsjbykvfiXf6094H73Dc4x+Ml6e3Eax1+jURr0bTb+7I64LiWvgwQtnDww1Oo71af+oUOX5Pb8OJFhmHL2+XYGZZ597W1v+/v24899Tjv9bg9uO/fhSgZP5hUXw/7dy5FjL2h+br5dfz3tK98muzzWt2J/7a/TNfZD+d6gsizNuvtudlpjeAaXql23aiSfyAltyEIMZk+btBDfA+dnDYprDjTg2Rz9ehp+9F2MKrz9wUW9TOjRSVlByX7W4xhkwIr+ar/uO1N+TVPpVCrSR8lfvGW+6q8B6ZehhwttzZln/nrRp1l5yd0oJLvNkbRVtk9V4gOiw6/wB6te7nSFpVTS2PdVXuMqGtyVgAXHwzGkkWkTywPLjXy0sErZIZ2IfC05yUR5nozsC6VDm2ijPh7hGpiMX+5zM+T9V9mjlEoNaS9+Oa7euavwuTK0+D4Zh1/kc8aY0LfDqLS+ZOpCnTxARBjSS9Qs0c8ofdcutHVoLQ1I4PUwTWhctJHOljl8FiQKanCBjz1gokLlqYK9JnSwLcR3xgWe/Q5Wc4QQsHu/JnQVZu/UEvy8xMEnhU/BsOzAMlLc/Ch3HOdYsQJycBCfoF7IrPjOyoaFUW8nT/2VpkM+ShmjmqrPpEy+7UdTrB66wpqj+vME3soz0aHdvB4rUfpHrUhaqgk8V708kMWVJ10BraTvUoNR6zOWv8omeixudGlpVV5WtTRYrItjvatM7hnTKGGVK3SlTGWFhouUdD+aBo7kDMEoP7xioV2Bfbk9Him7o39OxbRyMXBYBXPPHAZ64Flf2kZAab0OgPKxAhc2UupMG7CSpuvtMts7fG+iK7iTrqw5uQw/49aCwdkZUy5gaJjZfvRv9Wa3LwhPN0lX7ybQs1E6ONWdA3OkiXj5LkQU9uVbroEGyEiQmVynQUsb0RZcgA4487ohtxg5nskvSxxQ5KTIhCt7Vg4Y1l2dexnPBgQB+KCTk776mu0YcF1dD/0j342ohMlNvmQd8p33xohdhbrrbo7ip6d53z373/GsfZr+12cpzzYaCyvvxh58Uy5DKUquX3ELS9F2aQf6wxJ6Vk5ytv3kI3hhyYMiaUOYB9sK+0l9rKOuq8VCC43kFa7pSXQzE86w2obiHoZEebDzTcGEOR0SIe+mTXMrEvwOWkJgFWViwAyBM0wu9+pDDGIqJu5zcC9Umwaa7lphBxBDgDvLJUPq37yMi8FxwLjio//Ufud3fr2dd/7ZGaiPxniLkOhbFqQc4M13Gy+l/Pd//4/23n/+QPvIRz7WPvD+y0H2RD6b22OfcApK6QXt4offu933Pt/CKhD+zF0+EhCsmDU8fIjvPEnv/W3fwqrhC9orX/n+dubdN7Xb9jKTRyec4QW2tAyCQ6Ek3Y4u9HWyA922Z2/7X6/5y3bLzbs48taVT12L7JOzrJBsaGecdUq7iJdy3/2C86h3+UL3Av9IdUg5HUrnnX9ee8jFz24f+txX2wnrOZ3Jo7HBOa4e1FEBsIBAkJmcwc3pjnDS8vJKxVhwUk9FTEHT++tmIER4u5I3NbWRF8fuxSUcgaZgDq3lTnzbEWbul5hYByMz6C25D7Nriij7wExPsBADv+FFLqx3ynW1ghUxB7O4tvgM5aMMQ/KItzOAuNSZxxf3LncG3Hir98JJl6aiqXJffKEMxk7q6WCL0jQxYN8SuNdJkCjluINOO1urEG9scs67ALnsgrDzwmHxB6Z4l2JU7duns4xxnPr4o/qlbobv/Z7HtUc/7p/auz95fTtt20y75RZmMxHqa5mtG7jXkGQachO0i79u9l9ckmdPac95zjO4VxGhXwHv9uBiu/X0C0K2h7zKQFfcYqw1veNCX2bx+ETbtccJhnu2v//HS9pNTOjk+Pex4uL6ZuVAo1bMqWuI3/USbqr21sX+Mc+7+9a1n/tZVie31MzuyjqOAe8uO0jcVUHSVOPtgx/6cHvSk767nX33h7WvYRTNa1yaSn6WVt6F345BhoSc4jrRbrzppnba6Y9pO+6JyyJ4px8JNfxBGsCq4C4ji6do+wUHE/rZ5MB9rmzMn9e4p9/PbI9sX57lEARk7q1Tx7fj7n5yu/FWNv7jpqXRYLp5XJTipqSyowIF+u6HXdyvrKCfhx8kitf+EiyfhPKj/Dfv2CN/iKPECA3sVx7mwUQj8ZPTPhAAn7SP6agM0a58WM8cKe/IWUAqLdcZMhJfNKrn4+mE1YUU05cl+uQZhwkw28ki6hm/4i04A8aAuTNpkAi/zNN/DyOJLVhRNpOrnqWpuFeOxp0Qvsk+4BFaw4TCLaNQPDSCTORnVUDuxBOAZx2GJDgwXRRHeFUldQrFYYFDyyKzSB3+DDHJx79yzINEYrh4lHohnoJjoMBX7l2iEqQ1mq9kLc0iCUMZ2lClWUUVOW77VkLo49gCLm5T8F1vHsU+oTcJf6kHgNVB3M826b47FdiuWtVOPd9lVCJP4ZJVTQ23EDBIpdhANZrxy8PalruzAZJuCLcwh/A5UTC6jXwBrgv7UepjDHRjUFeVKkjAxYPB3X4ARh5yEvjiMx7MS5CWI/qRk3tJbT2FU89CMe4IXXwuTQccQQ0nVsGvR6t4uOR9gIr7MAitkAhcrkPTKiXJTSoMR0rrzwwnK2zb40boCpIrWrZf0u0nDfT0MDyNI+lkXXKgR2BWeX19KlNy8tVj4FVh74LKsquerlhgPHniqAcjNbzMwovoLlS6yggYYIS3+KHcSFgLQ4dIycJDV3H1X/1B2mqQ5qRI9RTpPukkCBjgAh7jCa8ex3JX1Fydm+TAl7wuwtNSpYdKOvkmPYzHRQ7yhYbSBVdbDa+cNQHN0p6sojKLwomU3GucqVOzBcOV4EniMhEktng+RFdxIi2GHMabZdGHljA+fSWBW5p8XUhoYbuGsJRuPeTXXo4mvu+TEkGuNFj/XKz4OkjUiuf9jfU5WEg9KWY8rEhrvv75+HWfwbjAzlcfu+pXAP3z8etRMtuBGg4j+ntj+uK9CL0SA4249zkaHV/S1PYhEhmHIKw2NI5nvm/YNlh24gwd0f6xjOzKVrM+D2v5Aozcg4/yzMUxJ9B8zRQN0OuybrbA1RHGW8tsnzMuAqfD5SCRubIKHUwmWdJH28DXl9mBzPKpmFI9mC9I79fXGqbyD6T8zTHAdkh86HUwECEZRF/zSWd1HNyp5ORt17X5tQqJk9sTnvBofgkH45J6suLbcqrxwSU0mmyfufTz7SW/+tvtb9/6F6S9oLUtG9qZF52XQ0XmUdbfdelN7V1xV3p5+8mffFp74QuezwENp0apK9/6UQOuKGz1jQ2iEsYK1VOe/F0YcH/LqjkuqHshNnVb8NSt6/G1XnavwerMh75PnaCtv4usMr3hLz7UvnDpVWRA+A1XugToDDht1K5vL3vZ73EYyY+1TZsY9OxsR0E/4atD2Y6bcZF79CPv3T54yT+0DReuRcnnnTdhFJVseZG6otgtcjrTQN9rjPx5jfpWgnicYl6bt/Y0V8VnYFyFiS6SKsCTzFppwMUFIAXQfribitAc7pCzGEStfQoMv1v0wtDBdwn++yqzVGdzup30p65VAslS70FbqzuDM1wEN+FLC4/4n2W2qnBm8otr9/SZ2/I2ba30ybT6i3IsxEF57RaEKIw2hxLice8acvP0CVctM1hRedu6BKSAYMrMvobQgRx8wclZQQ95WWKldgG6quxOYkSxQ5nPOEWT7Zi+LEMc5M8tWze3X/nl57V3P+ipbdOp92m37tkAX+G+Zh+kqAUEfPY+soq+iDQ6jkN5PvfR/2xvfOPvt7POPjN0PZrJlEMheCAvwhvUNe3ZZaq9B96EOvk+Vgr06fMuSYRdZjdVzpA5+1iF2nTK+vav7/sin7cdCtWjiNfArtXaj338E2W8ObArrI8QxuurMq8i/oUvXNYe+pCnteNPvx9GJvs56TQ02zCYRw4qPiraDB8e5sK9IvJhBQHuxThc3/bOa9RIZcon2rZZUEGW35iMWVxmP5vGtaUuY+hOwCPcObhPTLLSrvLCGGH66akbkOr2wZIRe50190mUTvaHRlFQMeQ0Sjb7TzvLzp2ThJ40mbRODgDPV3msQaHJSXWgMsWqtodezHpQQTf54uq/+2Z7Ag04/be1s4FoRRkHrDBKv++68n2PxqEJokCzh1eXWvqxrnEwBkOZ+2HkDcqnD8fg4Tp5oF3KAF5kikKSbCmmu1jOW8GJS7B8Hqfjc0EZgqgAXipcBEGsCOAhPWzjIXgLSV7ikoEbLtJeZI7HjwMdslLD+0CgxIGHqxlxmWasrRdEC2EcAwsBrm3PZ+B+HfDxnWClEAaJoGIujznXnUtemeZk2gF13M8JzMGNBCPIjlnqAvBIKuCTvoW4NCV9JfVxFZ4yHbhN6ieKEQyqC900LkKLyO8FJ4ZVXgzSmPSsN4GnMnvU74qKAgEe+XVdtALud3Ku2jJL8SIlfDeFC70HVKjfMF1NWuk8Ct4Fr779qdMi70+zHHkn1TO5OPnDZwJPjCke5BUEHTxlG1hB3g66Nwb5jUbMYWdOmvm6B+hRj8FHJuqyVAa/LZd62Ofsk5RlMvugLqzm7bMcKHcLSnkhyHtoZSj7MXBps/RtxsK8MiG83CPaQzT/+DVZSKJsyDvhTC5Psn9vmgl9j9fXWIAZGdswGjIZS9vzu8hKU9pJjM3PVh7pGprYfl7nY5t51bdNz8V1DzUKJ5Rh+dc97NLGA0jco5c2Co3SmimTDJWHOvblWGJOy5RvGdezL81VNOow6djOJ/pQ5Lyyk7bzWnKwVShUsUOuxT0Y+RmuhBfC37Yp8sz6Rr9Gl1ZGOgmU13GBb+EBLGDK3ShGWVCZcKUFnck20mDjAlHeuX86weFkmwss/tJ3rXsMYfes+povy8hkIwfaIF/37jOu5HX0b/rBpLLSuPSrjk6pQdfWVTmJ9nUF2/FgIWzOsxXP+7QdCsnXxx0MSPjgoA/GIscBjF+PkgzboYuakDYgKFuH48AnHChe8FXGB9pXueLBNZOOJSxq6bk4iWxZ0rPRviSvyaMa93KL7QIPTTo2OFGpLIP+kU9JDyYY5JP9OIm+tKS+yqKN2Sc4wX8SPmAEpAuYkX0JCiWRCsMa57I3QjCzD91M/QQWoEvJQSiVhBBWAEMis+owbwqwxs4WOBMKEjlVEGaRDGyAIAkVMi2/m9dMtCs/vav93Auf2s4664yCCh5HG0xpne0U//ZvH20PfvB3EXNuu+Dej2637cd5YRLFhQF8AgXFFaVTt/HuoRNPaOvbg9prX/v37a1v/WB7/7++vt1tB4emQNAy4o5cuuWWstJYAdvRvvdJD2xv/+cr2yknTrbZWTqS9NuM4eLgcDuDQvisM7Ziui22bZObUYowklNhKYkSxX6ZtfTrF7/4N3mJ8wb2K/0oz0kAPST10YRSJieh/Wkk38MenC3t5sYsKQNPCAssWTj8gYBxxcmZnlrFqhIOLEoEzGfDcEAJ74rRWO8VBhVeV6nihsnzcRdR2xKpwxczSXGl5MdgvVJ5JgKoXA1BltEFBRCuXW7kz0AIPw84pcl3CGnI9Omsh++q2q9LA7HBsdFWB4QuRxDiIcU7UCq816pIOmNGbvvPLMZQuWWSDj70xZ+uyOEETwSUSn2qANvNMMXpXtZ/L4e9SA+FwSSKbmvn0ZE7ngljH0jdADjMV5+jVgRbe+ADvr398ot/ov3Gy97ezvvWk9s1KEYqrfuYvJl2ppryrds6lOLPXbW7Pepxj2jf893dZMphyrldj2xDyjNE6R3W0fau0OPf3x/NryLHoPuZKzmz8QaQUzTg17KqM9e2nLqhbVz7YFpkFPqyegW8bx9TRECH52S9CU5qXdsu/fh72yWXfLDd+1vvBV+pJFRdRhAPfyUvSu+rrrq2/dAP/TiA16EUD9rNGHCr+27k5OHBHeKptapaZuBBBq1F8fba2J6lzVyucV4RjyFlfTIzb+qAIA+DWE59NQ24kojTIt0rqbvnDAYabh8azSj5HuxDYpLQr+kbtsXAmUfkvX1lkgFuDYD3OzjxmwMwUHCcdCn5IE7IB2BOTu5J35Ve0yrkjFeZ3QavtBeTfrRu1cl2Og4XI9qfZUzSIrPoo76nLCfEkso6TDFB6TsnrYODqKuD8xiKKjqCEPlMxoibONEvSrHOQxMcGMg4fFpkz72Xw/guVx/nry3i4QCb1gzCW7ftm2s7b2M1k9cJ2EesI/8JVV/qjSEgfmk3n3E9HlIHaB2JR52SXeMBuTQK/bVjPs80yvlR4ZNHeuQrlW3kpMtC28BhOjsx3JavnW0nnIu3yX5fB5EcNgj0oz4e9KA2Znkqhgf0D9JRxIzuiJQ7q2ua7W2xVCX1VX6ikNpu4lJ4FPby1eI8fHErdXNlgnJGz4u/sdoLD3gx/AzsrnEpAAMe3sp72Ch/AeNidchhGaGckKkDLVX1lD6welcn2877tAC6zoC91dbZd9ZlzPQpZVcLiUQF6RTDhN+8rBkFzr1NaWPiKoe/q4JRgMlLy+HNnOypDEo5PCBvZMiqbCtvSQfe7mGfYp+de8EWWKlKsTnQxXZMMSuzpaajOvgw4zaGeDCFrtZ5ior5Muwl+De4uGqJcRnDsQNsf0r9AwRc+AuQ1I8vZypCtZJZJksZfnuhkS8TJcA77AmaQBGex7WVXhMjR2xseyEIXj2nzyGPQflhu8TQSST0s/3sD9DVdhuyL3lqD6DtD8zA8Kegpq/yyiJXyqLbwpspGP7Jdg/us7I+q/wsGbtkXyEsL2Fwauwii6JHmxa9xYP/NNCc9FrWwAd25AJlKkttxyVW9qyN25km4et4y91yXeTxPPr6ls1b2w374eGb97S7bMIbBVfbKWmn0Q4PTUiXPbwOTB1fPcWFG2GninKW9ZPoRxds12MJB6QPIwLB9hgGgArXqBXxXYKu7YbJD3rRA1j9cGV81TgFUZZ93wCNOkSLb7mXOaQZfC5yy5xjoDzo7xexfxx/CjrxymB5AiNvAvng2OIe00xQks4TRTPJQY5sW2OcXHKlWl7MFjV+mUiwT2ncyXceaRCaeHIiHF7WvoMtGzZDMQbDJQqyIhNOs7gEjWGigOoRtcK+RT1vk6dCWRK2P3qwBIxSx/7CcG74pAJLGHA1Y11EmZlReb6UFaDfAE86vp2zG2zE70ihV4g+85kvYLw9v516wbe3afJfdSOrRVjFg3UIfK1clFYH8zn2HM3NLbSd7FE6/6Jz2mVfnW1PftrL2nv+/lXtlFPuQkNBaIl0pIK756bftGlDe+J3Pby9/W+f1Tae+Rhm/PGRlkYboCUK2tHCWl2kjQSq7aab92Ks8TJqrqvFwNGr29hDCPAd33I/3Dh/lxMDH9nOPefMNO7R1WCE2ebO2FQ58HjvoaJEEoWdjKLhNtv5ZDugHaqMCGTw65/PoazpYpUN4ACKUE0PkFFIFZpTBGXozlWD0KmwG4rhMFSdYSLZKp8+JkmAIwDxdyYjLETUHC67vmMuShnxliFmlptKJcLr1aGPMwPX9I99t3yNeYlNTNLxQlVWRx2oPGilr6fCPiuDCP99zMxtnLGXfwJc03BdAcKbbOtZKZT1ZxfY/E+UdV5aVJn4ynBoSbldrtv7U+052X70R38QA+6tbTcub5qHYqYh6gu1QzNqsX6a2Ov+qb3kl3g9BvtE+751e8s2n/2j2rOgKAD7PpY28B56NScNpPPtDH1O3Vs8odQVLulqe+ga6vvH9tP39+92FQE3G+TY/k4g2s8GTjYh53T/sn0MMwhRV5IWkB9nn7Qpxtub/ubv2sMf/uCONk5yJOlRfam4aIzsunV3++mfeVH7+Mc/3864293atTuRVSjtAQXjWhevU6fwqS3W1/CoihomKvRwKWMQmLJvCNl/4KacFe3jU+Uvcp4QjwnkvzzuIQ9zKPH7MY46TENbV7JVBASqvPV3jtXltDmwfY2A8n6RNlZmOJa4ej3NvRMf00xkDByswC1GH1p8eIa+5eE+vsR7wOm4ZSjLtV1v68mh0UnsFC6fbRqlhLpZtlImdads3x02x6nKugAOXN1LnycTvcCBdA0Hdi2yz9XDCoTv5FIUXFfZqbey3P1ltl8BDWQBVD1zkVtwp18xjq3FhX6UqrIFZSM73PfPwYvc3vDlm9sNHGDjftnjzj6r7WECcKrDcZinwHd1Y80I/rbfput0z/wJ3cMz3LDakYOgpAeKOg/HUnpLa6O0qzyuW4Myx6tkxDQraCJJenMsYKwrC266Ymc76+53bed/+73au9/xvnbC2Se12+CHkrWkpG61iqrxDM+Ko0rLqiAaenRowGmrlnJUU4Jb1g3a5vVr2i3sz9/N4Gc9RyEFgBOZUHYtby3G73QmhyuVHCLpJpdoy2nq5usVSL8HWvtqlA0I3ZlJeI/9V65Owjkj8FxJE3GfWuc+LSb/MnYw0bx2uq3js3eWiS/ejWk/Xs9BVOtp51v3zbdbWeWfIq3BXgakXHuVW2NsB+vrNRfyue9MC99Di+LbyjmCIIBRUEZ5MEfc9aDB9jXy8FS7fhcriR3PjFKPXeUZUDNIId/Uxeh/tT9KqhHXFerPgaGPrXqZ2BhXq5z0XsTVT/yll4fXDSc9bGw/fXYBU5Q9dBRnGuD5Y6QGDslKLzBv0S33PPDAk3jf0D7Bw3ZStnJnTQbQ4/iNa9osvLmHiTv7yeb1azOJdcNutrhYhO0DLeVR368W4ykrshhRHPcvE6nH9GRbki/EMWWoEdV1JQCebSuvR8YCk/3wHgjookcDnu0WvK0buigdAP5kG4dGlzKGyYqsGuvq6B428k8IA/k0was17OgT0pZ8vp5LQ3GSVbbl2zCOrQuebhwxDc3kPibHWWHeAho3fGV323HutnbXrTPtfe/8SNt+n7u3Wxc4ZZptJls3rs0kzE37mIQDnrywNMcqs4sv1GUSnJ1MdnxWZ7PuCRTX39hmoyBVK1Vw6hONEkgo7kgzBDb+0Efdg3G4xh0qfZ/d58M8XRn9s/yOJ1COc29fUICa3HYxCbpaTnzV1olwokZMHuZgRiqbPY2+o9S8rnQiB2rCU44AFuMEgwePya98TrGkdVzXaIZPJ5y8dMz0QBLo4f2Eskj+cYzR7nJ13FdRsXWqJqGQ5bdcK6LAojUon5FPMneVFSGFfAwv0mEpNjL4ksKWARTGcKkWhCa3npqTgZa11q04n+xrgwllexMVIwFdVwkYdHk3yinMPLHlpBhTjXeHaLDtZc+Yqw5333Eev4ADHTE6mqDAUpDu2bMPN8LfJQvKGoS6adde3G1wkSBmljq4KkOFOOFKIQd060C+r96y2O526sb2mY9/ob3uD/+s/SoHeWRv29EULhAwVTjYee/1rffkHr9mKdCRtO1COC+z+nRU8LpE4aKigLRwdgafxjZxonUYdYuULu35c4Bt7bPM6l9dBpxGsMx3pFAcS6qJdvLJtHPbifIlvjK4mfmCXrrQ2KpZ7uUn1TMvdTckaa7qmq3UEJhUHsEt3XUVRAma4bQpjTjf9bYwpuQVQOB2ArLgeaw+/NXDpby03ZYT4COgahRRRPEv5YoPeMbdCzgK9DkEcmiYelZKxVtPGcupwXa8BlVgnXp3EVWkjsCzkhoDzgrH5Urjjb8FB17rGgIJm7+uXWqPiWippvXB54xxGBTsoANPaAT8GH6ZDXbiI8DIIF49tn3+Y/gVLWBJizPPOK39zf/7Qk5OfUo77x4Xt6uZ4PC0QFeRLG/T9GL7/Mff2X7hF1/SHsCKHQRNHzmG0o4uaUg9qpf0Gg4CX19Vq3xgKBQNxU9LbW/23XBvQfKGfOvsV09bbqdQ7GwL9yaa3Wc2wxy0O/vETe0Ln7qk/fbvvLp931Nc4aeduzJ6EClwxdeojkZbpjJnDkXvN1/+Sly838AE0iPbf31NOdi1tzTv4XLdl+Epj1WjFQUc8qZTLfK8lLrPtqsvO517+ox9O9As0+seT6+NsyQ/yP92Jh9X10izqKK7q62/K5N0XNkvZhhkMvnnQG8cH42kCRUL6DvAOMvrVCKPgE2ClJ46OsnCIKQrkLQhLi5XtJEv7TXOgWwGpcTTLPswx6rxFAoM7yKoEsnnn4OmwRn0WTxKnDCqk3KJA86AUzH1iogoEFGQqZVv+B8lXqXFA7g08Aa+OJc0JlMBG2xgtZwZ8Tn3sTg4A8Se7iQBTJNBPMog9FtDW978FWQ2LuCjoOxGCUO+6uUwDIN70CR72/Oe/33tqU/9k/ah//3h9qJf+K12yt3Oa7fshf4pBxykl4jnx5KRyfPKP+N6RIueSdMVIP4qKOlf0FP5Gf4K/QXJvkPGiV237G+7dn2RxOIo7l/hY3tLG8OpbcPpZ7Qzzl3f3vHm329nn30WPPwqxtxXt9Pufo+2c48u7wTwC9Vob10UfX/YvpuvAf+a0hOfLK6QTsMlSjFsEdWH+m3EGLrusmvade1LpNzRjj/nLhhLyqfqO10BaRdhabjd+KVruDJ9jy/KeJM3buLT0xre2HJR23zc+rbzKpTn2ata23ZG27hlo9OBpDPwG1oS43tF4YMFaDbBGHLSto3t8k9dSZrP83Fy4yI+9qVP8xGTe7WzL7oL+gQud4KDvsUhtFTXhgUbeCQvD4tqR/z80ycibMzKx+8eq9wOv8gMzy3gFjqxnxOjmYT+8mUfyNO1Zz60TVOuCqN5xaoP4pLDupiYyLtGfUjdyr2U1MnQ5+hzez/Co5cppe+o81kGdZCvwiZdfu+T03ryPOmAY8XHahXIPrO4xCdh5aVPGRdF2jbIXwdfGYXcMW75FvUDRlFWp8RGN8iNGO0WesUn3kWcgbGMNtvVPsbvnrb1/Eew+x0uxxCP3a+izipXDiZRkaYB+z9LVH56bygMqm3d8ZEqsfLlYWW1vYiVV1/0baXg2QlXzfxDWZ/chLIuJAcV2tBVryxkaDzCAxMYTjkBFP2IE/Gsfg4p0XizdLcoLccdGBgacbh3LuuaSlmZIKYRMq6pQ1DeBs4UuOGmm9v9z51sf/mGl7Tjj9/WXvySV7XXvPrt7bSLTm1X/edXmTSCblu+nYmY9W139qyCIZNmE7jAxsVSjNFzGqvkSxoxyjvSpeLUX6O0QjAET4nCdWijXDTeD0H5Nf5rOkLxlXXonpvZPP1tUq36Mmue10XoOuxnYIE+rMzs5ab6gLgOy2A8cPJdg2rZ8UodiDZwvGEAKJmOrmpnTh71N/Pwl/YboIPSjjZz+MPtZ3j8TMq36oee4o/NxADRJl3w4FePraZbLb+2ZXk9UAmfUb7GehbHrJeHfWHcC0te8ZUTdrKwFQa1tZaeOoYTOCzCAYyIVEQr0Iaq1GVsiZhxAraZXNJV0Ul+nkksB1AgT+RdWjwQATqfVmUU2jzjPoMgCsnGrW0dg921V+9vz/nxh7dtMNixBttcPvDAkje96e24Td63XX0DiimNo8GgAIhLDemmUARy0hGulO7Fsu4DiHLtTXva3e991/br/+Ol7clPfkK710UXROFV2Tp8CBkpv35POvmkdv8HPaz953/d3LbhFhricAiJJ1AdUxCeFatmgimYZYL+DnYibSdaQ6d3Rtj9W5YzUvr6DnWUJdpuKYsJHAVfu4KiTu3K56REhQtMPOcrIVJNccs/P1wkjh+Yqg9GTQ024F4lPPABvntOZMBZfcqZMff9cVXDAmAncPZCPoFDCMZfCfuMDDgQAfBW3FJnWW3GbYLDFXR/KjQYuMihwqY7zizuKB60AqPSPzRghJmk+abWKb/P29Mgibov8Ssllh/6QnVeyoHvpbuK5zy8PReXMeenTOd/KBO+rMjTRcyno4Bb78ADbuxr1Yk6RaLoUd+j5F/vVc+jj3v8Y9tTvv/Z7S1/86F20hnb234U7TXsWbCNXKVEq2nPefYz6D9l9A356utAoC+7B2EbF78odvvQXRXR+8jb/1vMlfyyt9D9rWAbsk8ihlqV60A6q8sKCSKgTYimuXvPray8bWlf/PQl7Zde9JL2/Of9RPqarkO9l0DBPNh3Vyceyd89Lf/4j1/fXvGKX293u+g72peu24XC7+BS+aWVaftQnOSdcSN4/fND/crfPV9t3358+9KXrhiWf6g8q+ODhW3Fn14Razlx9pOf+FR7/OO/s52+46Htxt1z9HMNk8LLbz+6YU5hDLk31Oe97M+pc6SY7IwoJw+sb9zryaj7+ixK/RReHDM8iwEnLaQJ+fxzxcTTFePVwSqNocq0XNIyEM7j4eHEyTyD8/RWjg93wJT+7iUxMcKg4LDqibeJBqcKl4+mMdxyH8DEqDxavgMsip57RRecRaU/a1i6nzuHiVDGInJgC4dxXf2FD2DYvKo9+9k/VC7v8JYeIAsY7oNpT5tV/nF6Le7v73n3e9uznvXD7aJ7nt8e8uD74c6HPGjX4uZ7QdvNXuocIBSXQeMJ1Si5SH1BUbcpV7PUlaKQUhNXJ/xYK+nox0NBMnsPLn04bsNMu/rz/9Fe8tJfbM965g9ST1xeWVWy3gbJP41b9ZVXXtse8KBntkc8/sJ22qmntPXwwllnItfa1+DfCyst36BAHmgtMrg5zqNo0sKFR1qRMddnBBYBYnKZ3mptY3Xr2suuai944TPaIy5+UHvXu/+5vfr33tpO2sGK5CKynzbNSj3tIQRXWK787L+0t7z57/C8uR+GXh0i5Tv2XDGfoR7po6HZcnvNa/+wvfIVL29//aa3tIc86P7t1a95ffutV/xhO/XuO9pNGqCFFpBRrl3FR0+ZYZzasGENxtt72tN/+LntGU9/LVstzkVmquSxt3bPnvbJSz/b3vDGv2lvY0LmjHs+qt2EV4w1KtoDzgBs7/NuM3mFiYIYQsT1xlw17hCJ0EQXKWnpaXTZN2xdiJti3HBl6fT10+3X//zNeBgM2s+85NXt2r0LbTMneMeVKwXXV/Y9wetZudtVq8lp4chieSREEnTKrWIKF691GfRuycl4j6pnS8qyCqtjK4aIKqXGtOX2fKf8Uc4DvYByFRjAkSMyv0zEIjyn14OTOVmJNAcTP9I3SjVlTPK+NPvtBMqwdPNI/QrWgnJUNejDG6HDjaxEtutn2//zp3/RHvbQB7TNm1CkKWfXrlvREz/anvmMV7LQfVzbvm0DE//sG2MidZnT1T1pVFkTAuQLPERY0PnjxueEUuqtGRMLTkChmA/og7rAidECuo519Hlyu/ABvTyJV85Y1B188sTwmQZw3DZ1lZS+yEB1Z+WiE+dTHsAiz+gBIAqS07FrER5CDtVL1pl8Qq5mGs3zKqDdjEbCl25oFzz03vTZk+nH00y8nAM+a9pVV97YnvuTj25P/N7HtQ/9+yfay371fe3ke3P2wa1MbmAcM4+ZuuSF5BiUExojynJlKYsuy+wzDt5uQ9GwQSa6MmX6CcZR66gxkuvIEgFKCrmJC2dxoIVCK+qPbd3RlgRdsKJdeiBWCBAuhUejC8M7bt13pnzLMw4Yi7zIQ9MRz+RFjDX6dg4R0f0RvJe1U6DVhK84cxIPfisXWsunDdULrLeFMA5kRTT2A3LUNqGeKOSshrLi3/FCVtrIY3qvc3CJ2fnzTBAPfRRP37k9sZuV1sCBvuLrwoR7knWfpZ1zL49YB9pbl1dVYW2bQY75t2GYsZR5UkkS5uQToXFsKTubY8SlAukpZNZn2lnQLTALVuKEpz2tZ0Bzdsr3ykH4ZfbzuKGy9hbYUDIvlXbmEBcG/UfX2bluuqpdeOG92ob1EE9EuzKsy5GCwm0BV7Z3/MOHoMcD2u5FDspYh1DRcqUT2XAOIHJJHatsZ+HWjgJwDVH9gRcmnOE9v13yLx+IAbda6TwcHn3a7ccf1+5734vah//t7W3tju2pJhsbyEr5tztAR+kRDlUAKkrAu/tYmX61wY7pKXIJ4YS6PPJ3Jd67V2MJ31wHDDNJPwPlZ+aFzmILWqb9L500Agqf7xV1ROBO4lbR8K3PKZXASycGVgS8s7XUxWIDB3h29ikO14gSbbk+HCmH3JCeUlAOZWrTTs3gCsXg4cSC/VwF2VPJ9tMZNN6kVpQvnqWg0LDSGSWP+tySsixusgMChqn5TGf6PIfnUCJns4IojDJenWOutqC9FJ7mC13sD/B8F6TlYMBkwhTuY9Rhcn+56NUMZSXqB9SuwD7r7f61niqNG1hJ+MUX/hQG3D/zmsftbd/OPaxO3dJO3jLTLsNIef3r/4pXD5yTtGhZxE8AAEAASURBVEeewLjd6IQ0tpmhOLqu74jvatcekm2X1u8j6tcuZdv0SICF/JNbv8jjgSKnb9/YvvTp/2xPfNIz2i+88OdRCl2l61cDVoI87F1gTrY3v/lt7fnPf247/8LvaF++/tYVxtth89+uh/IfvQhF9pxzzrpdEFZn2rnz1ERNo1nKU3TE6kcQTOXCtjRet0k9MnRFtJmVKHO6BKEMDKaZfIKGTqwFhuMCMsY9o7ZdXOvoX+5nFWYMD2C4X9SJk0mUNAe1cvMrDCPTlZM387oYFAwHXGejl/QQYXyeyBnM1dc9xn4B7w/l2jxulcqmKY+IV1FBfoYtGXg9sEmXooGz846NGqYaeCpjwI9ySsE5FRO8PZJfd5fWTsoqq14hC7jsukK//fjj28lnntFuvHFn++p117PqZX1xyZ4tw2z2/yPuPACzrK7/f/JmkjAChAAhzLD3RkEUUcS9q1attmqrtbW1zmrrbNWqrXu2amsVrXtvVFREFJCNyN4jJCRhhOz3//me+z5JcIK//n7/C2/e532e+9xx7rnnnnXPhYlUqkz8boq7V0uutZUvgyjJ8doU24rrV4hQKpovmPJHrYVplCCWgQKugrXVhW3hKW0qQZhwdzH6H+iTxku0KeB+KrCSxa1tbo517doF8G2z9evXIxBQp8YCOKRWp9ku1oa8rtn2ysvT7C8332m9exXYX+993NJ6HmmF5bvYW8O4ojTdVFpuLXDLSiNC6DaEop08k0JNgmFr7qcjXMgFkdrpF+6IFZW2zdfsFrgoViK6Lrcxo0fYoYceZGXbSxDgbrb8dqNsE7qlrcXsb6qVkkk0WT1X/1Eu0p1y9vhU7JJnRK11xNOgOa6gq1evxV2cI3F87JLDeswbnTp2sA75HaxNm9b8Woc7dR/6Gtx7HaahWBgyIj8zd9YtnmJPPfUcgcqOAw+SGL9CKyrcwhqXau3a5bJXmCi/Ew6yJw4/2M4++yfWqd/BCIQE6gB+rTPTLAvBdMuOXVYud1nmBYjNNpJt4Hmtu1+2bp5uO3HBLCJSbjKWbgXIacK4ZCOgKrBVdWoLa4IiNYlolkVbt1olz9OAdXZK3PJyM+3oow+1zKwmdvs9DwOkCmuKS+nGUoQ08FrzC8pmLZpkWFY6+w0JAlYDKmeI16L3JTtZx8BDn4f8Fq40T4tZK+rezn5MPWuZlequiApw1SSTPeXgeYnwjLyiAy3BVeFKJXxYBuMroVl4Vyn+nDyqJ8JXgVYwwdDqrth6mI6CoC6VMhGGq3bJ9R3lLEIImGo5lCFaUcSa3pqDduO0ZRv7Livl+q5yyRsqgHUVL8iPGG63M2Y+ZEOHDcJxaZutWb3GPb269+huPbp3w9Ort4089WbbmY63FvxCGutx66Yx3GDZVsMyLSUIEBGbQ7/0O2btmnOsB1N7E3NQKRV+pS3H71QBhyJoUtsM4JyCay2wFwzkvbNVsAVIEn7V55QYOIByQfMETs3KULzsSMY1XHyWxol2ZIEfrVOriKJeioAes9Y5bYAr/AzKsEzgXBvLIB4CChuswqnw5a1z82krykeU5Rk10Ebchot3US98eylWo3aD2tkjj0yxbgX34GHVzm79+/PWeUhbWz17tu0zahh4OxZ4U3/8CctvO8L5/60IcZqfpmiYCG6K6qn2GcKzb6diPJjUPqcVNdM9ISS8aERQamm8XY7QdRmuqLwrfpu9CyxG4IpoP3TFmvEuNN0/2l4lBbIrtMkrYQXByo8xQzEDwlIOrQIOoQwEI9YXj7PBIInvqmNPrQRo97KRxUrupxKiRNcJhKQAQ64YqELIhK47TwptlgeJlI5x4ReNT1L71F55I7KnUfym2hEnsmlM7dKeQ20V0HPK0Vl/okl12p/Ie8JJWd3k7ijhTnjKxKZP0BgMIXUtgQHrouQh5xN5LMWIrHfOu2Da1dwC8YWFbEUjvgJ1xeX635L1FytxTNFcUQRSm9s93EPGTXyKkCNAV/PR5NBwqDB91DhVymyU1sEkhSuPGqNnaA6CNokma8AFQP6JhEgY0JX+yayqhVEN9Cowa3fIExDIRla9uifJO0vmwqJie+ujBZY9kP1tIsQsDNIIuAVQiEaEI7CQgWIhgSBJcIwhAVdjpVGFssxVyD2ocz9cWOajOd1OdDlM4jyLCNv3tUd5ZbVom4PAi7E+lswGbdVF1B86+n2vf+W5gB0lh5jDSnf8CXCr1LldDlEmPf3VQm/JQ61HjwJ/cQ9B6HndzYFxWbceZIUECtdUkQSNKhA/MLahTapTSQQ5cckFcNXN+oSGW6HHDcsO4yPBZ/fnjfBK7/BcUat0ltqu+KYQMc7LohKe0bTdk8oUHoGLWpy8fPKIIZeGVq6Z0uapTr2u5M1VO3SDxqvPIrJa5GSNTckS/tHeryW4Ay8kUZC+KCzARNpFHqsmXVCn9pRJ81YhCyDEJCRwUQJdIil/nfb56Lcju3oTpVBPPcQS9UVP/yffWhjV/2EsbLf+9Uq79JIHrPeI3la6fTvC2wqYptPZQ3mkV7GneP+D2gPMnYGn76F79J+xCCn0P/HgBxXve348Qmuj1x3O/BZlDIMWvhtlqQ9IwnOmmLVplm6rvthqffsOsjvvuMlpwg8R3qJ33nv3QzvppOOtW98DbGMx1inRwUR3GzXjf+XS8X6PSg4j8tWs6oO8GmqkfCPJAhlZ15gMzDlCbSP8RAKQn7un+enzjMWVRVD7Z1O0EPK+hsNppugzdEaKNKc1XGscFHjIrXBatMkrpZ6iRTK5uJaFCVyuZV5Rms97lSemACaSBYm7ot3hYGirwlqmg4LFEtJu7QVzJaHKJl8N1pDkpqwZifkhrKyG7oVw27QHRiGF6GEpMEViPuSe5PNDeAxX57OXdqvM7XXJltt/X7v++n/zuYLyWXAREv56+yN28YU/s/fef99OPulE7kWpn194uVxF+70+/+TVKEP9d06X/VgvxSizsANzJTGH2Vhh1i5ewC8Yi6+knIKxlkG/yhAQpElW0riJdkbRQ3WvUlIQafq0z+zwIydw1YvPWj7hHS4stcNoy8f69JebrtZP0ghr3R8GkgjUKxe+73dyeoy1dV+oLVpLelhm53YOs5yWrWztvM+5t8HzNfzpaJ0HDUKEZD+q1mySmG6lEoQVjc/MKY/zPdRyezS3bdWy3IQxL4KZbt1tPwIBXc7z5XxCHz6c8omNPWAf++ttd+Audhv3+/BBo90FJpFURVANJQUEUxI+ymLsXkVci7aLOrdqmmmrF0zmjNdXEZKOQLDdaPfc+yD9n0SuZXyGWOfeeXbpr4+xc84+kyNXTnce42c/Pc26DjwEF9hKW794FfloW9oIa9kxAx42CH418AaZCNnFK3Zacd0U8nSz1j26WCmb3HMQUjYjAG6dG2Aa2g+ziwtgasdRLoxJyNi8eK19vGwJQjJjBEymT23AmViXAwhIhQIdD5Yc3PFWQd9Dm/nybR64wZHScbuUcLEFYVso1ZQ2bVlSCibN4ukQpN3mVrz0bc8b3Gs3c51j7fsMsVoEU+HiyrlvfuU55RSMsywEGe1hTAGeonOpCL9NUUasnT+X/KIjUtCqPF0fYnkj21gqe8C34zKbjuuhYFG66h2etbK8vsNs5We6JjUfZc3aoOwFhxV7QdigURS9Xjb7TZv0+DMuvH322SwbNep0ni3WW3bksWfaPXf82UaMGGQv/u0Mjtc51fKHjbalsxDIbQY5BlqrXrm+V1KwYKa7UKg9nss+f4NfuZberR8CWoaVZbSybbOWcG+zte3T01bOeI5rpQ58Qp8yu49HGGYvJf1eM28O9xFmKCO49yJ8tCiwvE7NrJD+prCPMAOFVdHWXVa0dDZ5mgD71la6eAfXwttVfIRzfa3t6H2AZw0Rhctt5VS1QS0VLHkHl97Mbj2sKe6TZTvYswq9yumTz3muF/GM1H6MFeRhdLH1VozbtFKZz7fpNuM15kNmR2vZpYbjq1if2CPnFtBqXDulgIbfd/dCGWEkGDFf47h/gwgujGj+eFAPCRtuOGHQGSPjjDvRePFHMvq49RJapH18LgAgOxhHiflMVB7w1hTcBc8Inb9nadShs/PAI0ckWaYkSImOSYDU8MulGN7flbLAxcuVxC3hU+WzB9qTDDuy3ooGoLj2IEhYHOPyNIMvTNqufZxMLvrqChDdpx4JjrFICS9kdlfbBM+ieCFS/EnJon6yXsgyKsteaLIEViiKlDcSGOU6Tr9iWGS1z62uVUePNhnXcRF4Q9VRnyJYKhiNqoppXaNvEtS9PNbhOuInuECoOyksVuLadRB3HKlRpt5ogYhr74gKyG5L/wEPJWLnoFMMrgbRJxAMqfa20WivkRxhUgmgtAChMI6QZNrsrlK45YOpjZu6ZsNls6ayVO1dUueU1q/bZEtmFVkuhE9MQA3+us6wqN2S6Om4u5toMAGwhEe5u4hQJ6HpSkZwqEarVZCbYc89s9G2liC87mWKGKTu3QWnL53Z8Y5KiAMKe5ca55fWqznny3WyNq2yrF2rJnzSrX2bppbXJtty2JiqhXjlglfsP5MuRcuCWV5jpJHe05SA447tTBoRC347oni7EfCFfIkRVV80foK9agjjrMVa/QxJxRFjzv/6Hd2IkjdLNxraFxitUvatMG5i9LztyiMGqyE501EXyq1h/ISHma06oEyQBpB8LlVSrhgxfy389ctEdXI9bdI8x9IhAlGfVGetNqWaiGVDcmUFY+nCRQLZVIW0PcInP5Ac2CsJJoo8qTO0NImbQJAzMxNEI+Twv/6HsmSVFvMlJlHn1Lj1zfsQsjlT2PDGf/3q1FOPt859O/m5YznsA9Eid9ll5/oB95Fw9V+vNDEcjUbl61X42HO7AT2+nufb7kTvJsYqzAFcScCPNLnPaTFJML4SJAITTmv4L3rXRPRJZfB+FlpoV4rAxD7zzP3WsWMeGlhIaFTHt7XhK/cj4U1Hmxx08HjL7Tqa4wLQqgsIP6SPXyn/+38GaKvZ6u/3f7RIfHM+r6tR/30fGnBTNxQ6vkILo2DPR5En07RnQrQXuCuIkVoiy7Ws5PX02csLDJ7GQMo9rZ+uLEzMf9UglzadD6mH/i7v6Uwu2PzEXKdaeYpICFCZjgOiW+ID2NOBNtrXGuamLH+a+2TioxTohWiZFJKqR9Y+uX270oPyJKixyiWK5m36UQMDUIWGtgptaC0BMaKSKll32vRsb71GnWTDxh/E7bFuEdLzTLxUxAAP3ucI644Lbc/BYviUAjJUymLI89dff8tWrVpjGzZstIULv7B7733IilZt8n07UXAUWWG0327t4il25ZW/sqlTP7F16zb4O3Pnzuf80AetaPla27y8FKYfC4Lgwn8FUpA1McDIK/d+6SoNplxp8D4FVjBglHXHUtxjwHhoxYEw+ilYo1ZhjXrBPvxouh11TB8EkBVWsqzQnnn2FbxXprJ21toll51nixYttrff/oeVr55j+a2bIbxV2jXXXWIzZ862DRs30c71lDHNzr/gFFs9912UvxutW5tUe+21yTb+wLHehoPGH2zvvveRffbZbPp3rBUu/dJysOIFjJMCjnNSmUh5PdvSzrE2ZF8pnwjGgBCi1AbXYbNu1n8kfRnS3LpnBxg7k8cTKfmU5IKayj6jZLk1gTeogKmnCcLbdPvzjX9z4W0VVpz8vkcgvN1gHft2th6DJ1j3QTm4dpZjUf+FXf+nW7ysn555ql100VW2ct564LLB7rjzcvtk+iz78Y9HWcnyIvYZo4iAz1KglpJlm+1nZ422Tz79nLH6I4LSSuvE+r55MW5vrTPd6rds2UrbtGmKLV32BILJJOuMta5oW7kLb9dd/wv7bMZcP8okg31YU6d+atOmzQR33rGerZpx5E1bgqu1Qnh7m4BJJ9mUKVNt9Zp14McCm7/gC/v7Px61HCylGxZtsvYIP9lYj4rZf/ir3x5GubjV3XiGdcC68NbbUx2v1m+YY3PmzLebbvqDbfximRUS06Bs+Tb757+esOUrVjGu8+yLxUvtX/+cxP7GCtuyeSfRVXWmKO7CgFq0cN2CaXbt9b+zTz+bbOs3zOKz1mZ9Ppe9xcfahs8+taKSCgTYNNvGWZ2jOzWxyZM/shdenEQbZ9hddz1oK1ettn/ddaFtXz7V84UZLFyIE/hHPEgnGzlqiI/FvQ88xneVDdznKBs4/ix79cUVdtfdj2CZXY/1FwuKdUR4W2e/vGAiZwXPsRtvOsu2frnMWiHQKmUgeO3YUW3DiVw8+V3a8cKjlo0CpWxzmY3v1NQ+mHqfPfHknbb5iy/sn48+YStWrraNG2fZ4sWL8GSZhJK90gpxV9244Ev70w2X2cJFX2K9nUcfpnAe6ZM2YWx32zB/qeWy1jSj3FLOaT1/YnebMesVu+W2i6xJTRpjea2tWfcoYzbV5jCnb77lV7Z5WhGw32k7lgL7Ry+0ZSv+Q71P25Il99u/Hr0NPp6zPzdvt5ZpsuSyR3RXlr38yrv2/gfTbSyRk5eXxezlV9+3448+0Ps5csQwe3fyVObZw/aXa8dbCe3MaZPHVIInZ83zbR4SwhQkRXyehCudU4iFTgeGa3+cjltwQQea5FYnzS0psMV/uxmW9+CVRN8lGEkA0jtJ+oiOKx/4IV6wDtlC1ibfK6b7kkFUhz4SasTXS/Gn+cqUdrovoU/3lYf2aU9gnegcgpDqUFwPrSGK3igX0XhL+HRZzlq1p248urYVIVhtkVaHPtHu0o1YvhDwZL2jLjdQaW1BMe/uq8g+0eph8JNxd/FF3uGYEfUjjqeGPlG/PCAJNKZOwWh4M7YLgRPYJlGXvBddGGaPdh18Y53eJWo7WlFAJ5jxBvRa7YmV0C6Vz/7iOHJVSpzKceRmQyUmRnGh6rQ6IAmX5BY2gK5OOtCoxDdSynezhuh1Etq0MAgwCEIyTTqQdU8LI9/OAGsvkyRY3SaJCNdiGavR3iortQ7tE8Kdv+dZ9uCPQMgG7O3UjdUruY6+CLCYhN2nWAOaSEKMWg0m32JQdNaJGIGYXEX0G6RKYfFmhGDUxBjQXIrf0+aoTKVWrbL1JnDjtzMRoY3+cA//BOYiZBbRe/XlBfwQg7CYj8qjn9adjxaqSuvTv6Xd+/yruHIcxm8Jb/pKAJrLb0teD8WJSVGI6EWLlpN1gmnPuGtOKELBXxQhTi4mfsA2SKcKAmMmAEkLQZ8TgkxUlyKbBUlPTYHZ8jYleibhh7HxBZTxcKUAJulkkDaVvYNJitDk2g4mU+OkMnQO3PoNVuPjlkm7QGZgxAueU/W4hscxTHd1g2/y6CgDhczXuMSoTz7lYjzlf6+w1F9PoUz1V1eRNYFG6Ielo/2RwOZn2dEPLf2a3I7z1CGtbrKIl7/rX+EPz3QOWzkLMVtJaB6sIdylcDMMnl5Qn0jq838xOe4Di7z2uXbPzRfYUUf91rYmNeX4iStsv7H7eE3Ch29PCZjsRcPqFQqJvgh7GieHbYQ/UfGNM+zhtTP25PVD1lWOV6PzyKA9/pMbmpP+xbeuPYGPjGcQpBWBMGbZMEorF31oH330MRa4PpQpC9R3wUUF1VfqpUrg0ztr1663E08+m2kywJnOMlzjXBCMqvfcvJ0Ai9MSXeu5qhRd/sEpUehXYP4/K64rbZJQg7WeeaS5LAHH6aeDiDkJXZBngwvNohd81B/1pBJBLx06LdorLPfFlsVVKXSbuQQNjrP/yOcEd6ulrZS1Swo45oZwKMBLjFgCPtLWZrJ+1Y8recgb9uSoyTROv5n39TioZjH/ZTFUkAdFMK3BZcXpW6LBqtMVfmhyU1g4Y7SrmrWkFubC2wutqpFboDa/q1/UU5Pa3DbB/OV604rZDxxoWVBY7rRtO8ptI5GFc5vTZpLc1pW0fqxaNdsVBisR4JLZ+9WXI2r0GTp0EMGFjrHkbgWoPHH/gsEsXD7H3nrrXTvkkPFOQ9asWQu+1+AG3cMGDuxvh0wYb+f96hKEq5WW260l1gXaKsaEugS/aM5w5fWHEWC5Zw2oQoOhfTjYUKwEj4+22WrrShs9eqTl5+fZE0/8h+VSc2unjTtgtLVqmW1P3HOp/ehHx3h/KnBJk1fD0jmf2lP/eZTgSUd521asXOUM9Nj99rV99xlpnfM72uWX/8ZaDT+dPvbHbYzQ9vyTq2NbjvvR1oo5c2ZT1kasH/28nx4cgfazmlsJRwWVMqfax9QW8CbRF488zbpZsm0X+9IqrF02uNEoRfkUUMBpBt+i8WAYFkktgm3sx6ec6G/cfvv9MIfrrN+IQ231FsZ+Z4BXOvO755DD7MYb7yFqbwtc9Aqc2TNc0jFt2LChQ3BVG2qvvfEO5azE6pbvFqYmvt98kfUoOMv2GTnEmTI9L68usOH7DbCnH7vJunbpaFu2FPsnv0N7O/W0k2zkPiPszJ9daNM2fWJdu+Xb4MF9mT/SdyTboEH93FVwS1ERlq5qK8USsGH2cnvxpdcTvAG2Idw/K4igKVfC/v1626ETD7aLL7nenmFP9IBRXbEdLba+vbvZCKKMCidO+/GPrFOn9uDkGvZsplFHf/8MHNDHjjjyTISGaXj9dHMBrwJLbPeCLrjXdrdhI4bYsaf80lZvr8aSibWMoDAl61bbx9Pe4Uibkc5vrFm9zmGrdgwdMtAOOnB/O/mnF9sK3HANS2teu+Z24IGjrbCw2N588zmbOHG855/XWnyQjtqQEoIx97kDjdDkymYvGrBQChFxUcaA6NvKyqzbPh3stn+8abf97RGetuM4HQS42a/R5vPZ+jLIthTJQrbKMtP7WSkWa9+rWQhejWpC28bwvMQF8M20L79lku0/Zjj9zkcAf8XHcP3aje7G2x3Y9urVw4YPH8rWoBGM/Qt2+KEH+zhqH177dm3tyMPybeTwfnbxpVfb449+QlTXZNtS9Q7jcrwNH9rP0uC7Tjj+MOvSKc9WA/sYrryDmM/6DEYImzjh9/bFF5OsN4H/1mEZLsd9WMdA9ejRlb4Mt1N+cqHNK9ppeU0lDCfhljzUaUv2Ay8xjVbb4IHdrR3KfiXNsWw8zuQeu2rNCu7sRPmGgjuOp4ForSxaonWSCaAd4u+TdAQI8Nc+PPF+OjIChkYaOu7BA3GGo4fHZ+2N4wotbydFupUHhLseYl2TIEU4TMaP8VJZrCUuGErwg4bHERplVHJZROsMMElinkvY8f12zidSnuYvgRGd1fKyEADFl8oopfpwhXY+VROF5NvGtB7xXPQ6nkJ58sbjWrdFA0NQGJ6rHYIBSmB5l2i9ikkBSX9FP3xZ4z2VrzVOZ2UmJYc9c2wCR4iUIAZNUtXwEOL1lE/tcz4R2OqstzoshHUcQZIEH+774YBpkL0ol2tf61SIxkL7J2mTBOSYnwEhU6U6Q/KAH2qc95U/jItTc0mxMKhuphRwxMiziAm42lhq6hQSubsuMqEEh/ChmzpjQiZTAO/FSrCSCZHO1TnjvI7Jpop+WFJADJw/qIP2NGI+xaT7uRgCtZgN76cmPS1THwCkmG/t4RPZ9mhqCHDrmIhKGpy9TfE45eNaooFyCGgdCL3WxR6mhoqlWXvllWvQQv3VXnr5dXvpxdf4fpLP9WhVrrVpnzxoH77/hB1/3BHOLLrAIsg3FPGtdYZRCo+3sDfjieemWm7vZPzxNU4IOVhV09AGxNI5xwm/9xRZUkFhH0N9g0QKECCzfnCdDWWpavVf/7wdibb4eyCW9g6Ew7Y1FtIwwIyIMWKCaFLpWntYhG+hrkS5XpwKk8UKdy4WqF1oStxdC6ZJQV7q+0+u8C5/hcz8j8klgNfFtGjyhGAK4Q3Hh1DNN/8lv/g/aRMVDl3MYDrwSBUh8kkili/0XF/BihiqVoF60jgJt9yCQLsUvj4N0/lu+KbKPH31zcal/LDrSECbMOEAO++Xh9KQGXbuuefg189GaXFu35nUnr1rkzPvektaf08igyFFpe1didHb3/wd1aenTiw13sKBKHGpvSV+T3B2wOM2J2GefLIYSHjTXNtvv9HQXeF5NB5RId/03dCLSOArKSmz3154uS1etNo65bbwaH0uvDV+Xa+JZgrHIiTw5go3/WEid6M+NH7///A6tActIHDzQFDULRqqfWuax6KtiMA+V9xNnucS8ER/dROKi5WHvWLa3+BjAqXg/RoEtPASfQQGsoB5lFoWZIFENMPptmY4NxogAQORSN429omQ0fP4nNeiK5cW319Rw/rH+Ye0lQLDWyzwKQRlEL2pRnurPXGKeJkkWpFon2iU6J8aoj26YjhSUXx6gCdVon7Rbx2vUqm9CRoy8qqGOjEPRAd2pkU1auHVPuMmOUEYROmpKHnaK6g0et8RaP2325j9joax7Iogl88cvQgmtsj22Wc4VpMbrWjFR5YPLhUu/9CefPIRF95kqTmB4ERdu/ZFeEPQG3OYvY7Q0LNnd7vzthtpyCqUSZBXAZMG6m86TJbWx5ACPCK3wvkzlmHZm2ar5y+29fOLoVHiCQLUKytRWgG3GjdRi2/IwuUKt3XyHHfskTDb79jZP/+NXXn1zTxraqedfjJC3ZFYkjbbMcedAYPfw7oQAOWa626A3CfbBRf83PYff6x9NHMNHiTdWNve9hY+++xzbl0ac8Ch9sebHrL0TmNsUyVWUdYkV9I5V6PWBxqe4M/4rd4p6TvgkzNDfi9xu+GL4UUgL9sAXsB4sa5kpaXY5iUb7axzjrRuXTshvKy1u+6cbj1GjbPlm4PFN0CRlQg+aFXRDuvQu7/9/vJrCYJ2hP3t1qesZ4GY40yO3QiCe7W79mqPf2hE+OZoExg2pUqEKqXNWMNuvPo8k/D2EoJXbm5369evv7XIHmlTP57uOHH9NRd53hsQRA7Y/ygrwQVu165dNmHiCdZnyDg7/OgzCDAUt02znsZCdKULb2uwvJ3/60tg2scC+/1t5L5HY+182xUFd9x+nQ0c1ol3Kih3AGtAaOSI4YNtG/uhxow7zgoKJLQPRNF3Nfe22+FHTLQvv5zm43Pueb+jnOHAahhn4f6U+8sQDvvYbTdcbjWrP8BbqLUVz9tmr0/6qwtv8+d/YUfQxoLug/iMsP0P+pF9hPV40OB+9sh9f7Lq1ctAqcBMqy7tzxw7drQ9ipXrJ2dcYLfe8S9L6jjWirfDU4LPGvdaPKiyM1hfShdh6eJ90oW/Ocv6DhlhCz592dbMesFWLFhuvXq2xBrbz5p1V5A1zcV0Vyoof3XCjTiMDYXqAoWy3F0lnOroKd+Dr5lNveUEqMvPb2fd2HP5y19eYvmd9kWoHmNH46rpMOjfG6X457YfLo/33v84Y3kYAta+1mPQYfb2O1MsF7j84fe/o2YMKFqHDKFJAgdp4MAeBGLbYQcffjaBR06intPtwstuJhDLdjvk4DGU/yh7ONvYby7+CwFKDrOCbvvaIUecgVC3hD1+BXbTdRcii75vzbJbQ68IHodRRntEa3SUSsdkhPKB7I170ut6Byt3i+yhNu7gY+3iP95jqV37WOHmtWH2yFUPXl3WHyPQC5uQsUoh9MAbujulJoL4IeVW4A0UPm6x03og+PFfAo8beFQb1xIIgwCDEEN+95pgT6hvdeIFnUOdRJCcGEcv6DgHhfCPy3Klb5SCSdDpuM7bQ0DyACFan7WlCNoab5GLayofaH6M2Bo6D9KDjkDvxX/Uid5KyCqh3OhMNZoeInl6c31sPXiLDDmyyommE6ylTm6UvGvAJC6BTmuT2osLpdrplj7WkRhrTYyD6r2PCLqCSwwDWTLejcnaEyhhGPxRbVolBE8/dB5rZlI5EZZL1rl7pWiR+kSDyIrwpz4AryTao/7GaFOK00BMmF6AmrND0ipQd2oYXmQI+M/kkGSdkFSFwP7BkqWN4k4g9RqNcouInktSlJBHWTyiFO6RVKdL816GEFdmSn3zjEGvZ2L8zvf/aWAMES9k1tUeCDqr83vgyGg6glwTFiq5bHpLAsGXdck3CYM8yZKWyWf4GWuz6A9P6imaPjEcWMcI10VnNdB7l8L4KvJbhh155MTvfTmC297WE723aOFiW7f8LdxljsAfXppl2DAhFkiq8QzhnhN7XGTWFtPCPi7fl2LTaN/XGX+1JUJUAF+fAvOXiUVUPr7SIihnxGRLwAMX2LPIgPF+/Wvk8OnCjYArekflOw4L7HoO/jh++e9wz5k1JoD26cia6JohfmtPTnCjUeb6F/TS7gn8rWPjfywpnb20BE/BcqDjCcpFXPQebQwYDt1g8uq5tPkKcpJOVDql3UqP5hZtl+VX+/+S2cS7Q/uI/Ny73nBaQdhp1P3d2/Q//CUBQxrVc3/xMw6kHmjSGgahQ3D/9qR+BvaPPu3lXA3v9XKc8o3GgpuI/H8pRbBSiQGlhAvc1QO/mfjWc+FYowfCI50PWYDWd/G8d+3OOx+wo4853F/YW3oUCXy7UIRcc82N9sLzk6yg/zhbXbgDIVmau5AcHlGjE/eiL1eOaKEEPyBiCTh9S+bopf+Lb2+8FDzMNWDoP12TiYcDQpes9Ir2KKEpLHC4orJmiE4o5L67v9BO0QAfEuCuhU5CXzQe3kvu1bGg1aWxNiGEyZqt8iMGx/FQLvHs5/E28MfhKUY4M9ABIYEroKDz1eyp0b62QIYCJQGolJuBVR5NsNrB4iyroc6oE82r0lqnfsDAqBzNVeVxdKI+rSuigypHeJaKy7QHO6FVqkFkKowfN0IrWQpFJ/PoE2sSCswk5qD2i0kgUpK14Yjjz7fVSzazJfsgtwI8+MDtaMlb23XX/sHGjBkV8qEY2P+Ao+3oow73PWM/Pv3XNhM3sN6DR3vwjFUllXbE4Ye4y5usJtdedwVH5FxLyP8xHlxBzdGZdx62nBKjAEpyO/zNBZday5YtsGjUgK/JMHNb7f6nPrAcAjkoaT64h0lEx1yxG9qvPX5HwNyb9bPUPOBqS2Faz/L8C1hj3njtSRuy/49ZLnba9df+EUZ/gA0ZPNA6dsi3D2esJn8BcA40SHuclPA8JGgGCjMCfPieGI1VuWOJP/c/VC/lIs6fji8ND8LVN9IZ5zmEewlaQBkqNQtXQrMvsEKJuTZbicVQHjDxeBvP2Zhkqdey1GytqCIC5VAP0lLKQezVvnViKeMdBDSaTAow0lVIMGzhgdCPhEsY8OqQLw8bs8effJ6/pbbPgSfa9Dlr7Jpr77Z7726DwCEc6mEbt2krCH32cWAH5HYsKLjLZnbAGLKpxA6eeIodd8xRKAR2IoxeZO++84zl95vAWXhxm1dY7nzF25M/sAkH7W/XX/UrO/bY8yl3IOWFtae4uMSO/dF5HFNQaJ0HDnXa9be//QmBoqOdf/7PUQ50w3J6rf39wTusx9DDEaLi9tork4hr18r+9dDtNhpczW6/v839YLH9+PSRNuHgsQjxW2zg0NMYfyyXw/cHpnH7dFWx7Y+AtnTZCqy7I+x3vzvLbr/9XviPgnpce+Sf/7YLCP5kTUfCLiZbM7aTVIMfUghJ6aaz6MqgO5Y3zm68+X7rg5JgQP9e9tnUp23O7Hm4bM7EDXIq+Pcf+jjAOvXP87rFt0QKNcdpnmqcfN2QQtn3Ugvfxe+g5HNjAYPFgElhoXTL3+6xBx74m3UbegRtMXv91VcQiJrZg/f/1fr06WHPPf+a/fr8y6xgzIFWtY29oBwbM/GQ07CsfYYFrbudd/5R9sA/P6SkEHdBZW7dWmon/eR3tmDWIuu83zgPKnTnrb+3Lh1a2IW/Pc9h/8erb7S7b/uDdR92JLDvYO+//a5deVWaPfn431H2DGV/5nhbvRP8yEJogZ6K/ursU7dq4Xqudaoh1diqkhrbUJvOWYfML+ieBBfFitDxAQDJhS+nd7wX58B0KVFcgJZiH/7ZXSiFO9ofBq11N0nhf3Y7WGH4a9+aJaIILMVDSlGgNURComYebo5Ow2mntw23d2uKwCY+fidKQGinLGFxBKK45AopCsV3qh0SthwfWDMl2LF2+Bl8MjDRF1lh5WYb41zmOu2n482YAqJIIGP9irfKgyBC2xFwZQ3zo29kaZRxypWr7KDmWtEr5Q4pIcxpCvXG5H7J2hT4TBUN/aKbMbfsAyvwKKkZMNL513pPvAdtFt3ROhNnf7ZvMZNbKfCr0bYgziSNaUuC52WcWMM8SAqwkYdaTO1smed9AnBolYClPvz1/xJAtAkvjlnPkxNTIW6Y3A4s+Yc6UdJ9vaoCGAIGXCbWhntqB0BSHi+fCwmEAFJAlQZiOxF7fmiK3E9UYSyVAReyeYco0dsVhAtnAGRhwNaqf2IiAhBBDvLV0UZG1HJyWnpTHBx72Si50YnhCgVSQhaaW7Q8e1OWmuwNF1XnRW3qF0J/84ee0NewEES1RN9e0Lf/IZuEJbncvPTim+Qb6JuSRZyEXhJwVLcjsDBSzId++3Ne1ndAmtDexjVpXD2fhkLtEUyUjSmH6XcXUUzlqirNtzQ20rjziI+iszH5uCfBnjt8QvI+umBMWSFz6DvlIq5DnBThDs2IL8zhPe1TU/0y8dcyQcWU6Qy6Shg6d30McylaA6OqEt9qMAmcb8KhrqkwdqlMYAn+aSJalOvhzKm7QVPC7j82qZajlVHUvW8sWMUmPmprJUqQCp2twhyT1TMQpqj9iTaoHf/FFFmU5GZ1xpksqKTo3ndV4wSWDOp7xHx8V/7Gzxg1kizdjKveZ9S0Fy0Fy1/Akca5f/i1t8vxjzKoR7DWPf8n2sAn3A7PeOqa9C65zTnr7V27+urr7ZfnneUNUD7HtT1sjvoRwfH++x+yu+++xXoPOgi3K9xS2NSvsrwtjr/fXKjqlHU3oymb+rUvL9H+b879f3zX0bIH85a+yBURnK3xxVTtQAhmEaoG7zWvpS2UIkJHe/hcUUeYh5p/OhdUNEGLslwYfY+yTwovxv/IQi54OWOOhSpFC6fGVQsqObR3WRv3w0yhNO2BY2+I6gj0nXxO08mmRFk+h5nHzpA5HoCVcp1zqxxiJN4GzijwTJE0XWjjudwl3dLobYVoqF16R+siTaJAhMGsgNsB0WGuaY/opaeolfohukYm+qKz5RR8RDRRadnyVQhvG6z/2OFWVpvGYda7ONh7P3vz7Q+JqLjD2rVtZ8NHTbDNS6faccdNxGM0k/1KsxDeXres3Ja2eM47tnTue1a6GYaG9NLLb/j3PqNG8F2Je5jWOLUF+i6rJP1RCp4UhK0YOtBuu/0vzIErEfj+6J8LLoBx3rqNY43aeV79adwbKdqC94oR+v9tnvZlj1i+tW0hRmmQfTZrgZ/1euAB+7En7BGb/WGJzf74ZZ6l2Uk/+i0C3kib9Opn1qu7eI0FUIUAs0DHUag3YU8x7qICdS2MoT5RH7jwFHgLXdInn7TK4QPjz729wh3TfkjBQEm/E4OVgIm/oblJShH+kbZsQYK0OeyTFj0PuOUPoj+8pLYWcuzDWo4k2sEehIChaopK3IPkVYJXOMcuRNBVuo4zaY86+lSb/v6zSLCf2XuTZyAQHGiHHfZr9lh2xN2yxrIIUBJSkmUSRc9ax3DvY95VzLAfnTDRFcDadyjhbfDoY62EyJLlWJq6ssdOwu7DDz2GhamWwFZDLK1NW+4tAiUCLn755VKEt6nWe3hPK8IFdQduhZaBS+A708HXOtu8udDeQADM7XMwEVLLsYjtYl/gRHvi319aUfFWaw7zPWZ4F4AwE5e//YBnsn344cegy2xLbWO2hHYtnTWbMPmMGemtt97z7/3GjuAbiw/joGM3tm3bZvf84xVr3ftQy+/aCldd6Al72FNadoBXZr0UYjCW5YTQbEuEv2kfrrKjf3Q++zJfQrlR5kqPi373K3vh2Udt5ozZCEyH2poFS4Gd5mEEP6/a/zgOQH8NCzWN9rI1PBrLIPQgyNH/FKz0m3BJfXjSZMvtO9GjxBax563r4P0Qoj6w0hL4aiS6996dwtud2C9bYsXgSN8uwvMN7IVbyTcyZ/v2CDtBIHF+i3tLl69EeHvdeo0YACw3W1lJIfFRDrR3PvzCI9wWFZfYW1M+I4DKeKYmLsLVqdZ933H24nPvMy6b/eiE3n0GW8VWcHb7RoeRux2jIHarF/2O+GaPCGmrrTn7OZq2wLrk0RSBjYQgeBMpWz2ao+YLc8jnZULhlCQ+SIE+UHIZVqEkRacX7wbNlLUOTXZ4Bl11rwvkCYXyd2sbB5DLdVFHDUjIchjDG4je+9xFqR1XHAHWD8OLTxEg1Xbtj6MhGIGg2/APuHT4fEvCIqUI+EllCF2a1zruQrIIBfteMu7FocleH+uPu4eKBoI/bqjwtYL+QbNd0Qjv6PPY6QWFSKkunhVBTq6SED3uUb8rMLnWmuC0Qz3hWuU4btIavMpqZbnjkXsPAEenWYn8rsSM6JK+hYSu/OHCX+Ke1jXPzzfXOvg7xTf8SahRnZ6XPzLTiXHQoYG+wKg9dIXGiO3yM3NYoOuQBMWEQbu4R/lixFyrmCVQ8SydwWSBkPlVkWNUvgZMTLsWcVXVAmJjRZwFB5ING8T1nqeISOb4+XEdbVeVXJ1wrUP7pQGJyRUP4NbR0Vrq9T4IAA7UEAo+MFMsvtyHttGgPq7tUCsEkr1NGzZocWG/GG5BjuilIFUcBP+hiUbIf3jPUtTi6Hv3t8TURL3SBJE7oFxYRODvvucm6zkINxeiIPnEBh4SsOoI7pGGhlpjpcO407TJkglao0UUJuebkmrx+a31iHrk/qRNoBKgBXt/rkmusSAJhyrBkRRFlQNZdR5ZJpuqQ1uVOyRN7HgdTJFr63lKoxyhKTMFfHVml6fax1IBMZFAl0p0o0pf8EV4YDC1lwaLq0T35ARcVYNPplDN1/6qlQoV7soGMZzUi9Onh4SuhHnV+Ai2+qe8wjl9Kxx06ANfPKtP6rczE9zjUueRaT+Rz60E85KgjxGI6l/9rgsdEK22ybKmb/X3+5LGWqHx9yR/lGfuvIX46nfFUg0hpoLvqyXAhVw+72p9r2NGMwncLCIiiowrTSCJqWgEJ936zvQttdNvjVDoPlcaH6+bwhzkjD3MhOCuxldD//JbZ9myBXPt9NPPITrnRR4IQYt1JIx9ZzNCsfV/lffpp5+ziy++wM96W85xATpjkSHxPIkv6g4wiRhVtUUaOZ0vqPPFhN9+FhD7h31v5V7AxmHuhN+rTNBj1d+Q6sel4db3XkmggauhfU0BnJRKKJegdbJka35Kc5mqvQv8VnAl4aDjDZ2jeyR+00edB+l7zqADrqxhTVBy2Ih+EzY6BcZAeTVV4kRVSxIz5TBTMRpj5dZipzbxqRETFJJqE8xk/ZNwoqBHKSzmqSz+eqZz4BTwSoVXsvALP9yF2xugvpBHSiUYkBjCY5UWbRWtQSSvsqkM9SfxgFDfrIdaf9jb7f3HswWNj96qT1qo4Swog0ibcsvR8sfZm1pblbZtRwsLfGtgEKU40h6KdATOz2ZuJ9pgJS5rmZbfoSXxCGEJO3XUK+x5GerMdDTf1Ta1VXCXckSpqY7rUUo01z0qKD8Izn2ZC947+/zzefb887guZnPeHYx9KrRs42YYovZ5HjI9FMJfKtFQhMTYwFBIEbhxIzDp3JVAPeUIMlUE/mhtr7/8vN1730isNr+w3/7mZ3baaceyd2oJZ3LNtAcfetqWfrHW2rclPL2DgHVJa0OjJPbEvfqEY+BaSOpIoqf0M9AmLThLGZ7wvp56Q+sbqzuMh/ZnJ540/vab5I1oRW0iSmWbHFzDSBHDG8oMuQM+gqNNWlsORxekVhRzfAKMr+r8WgpjHMCm51iBCAvfkEqt2+CJ7BW82T7+qINbo1584TFbueIGW7Bwob3x9vv24H2c+ZbfCqufLE/AhfkRqqLGGvgs9o4xFJ66dM737y++kECYSmh/1lcQQLBShMzMPh1t1fpiDnBWiPos69GxvS3cMiOBE/DCCcGqknHVnPG5T2RIZ7BZN8rLK2z+5xutHUFd4HacxlS4W+1S6ALv0JCWiX2H+R3yvC2HTBgXcFWN1FwiCVa6TGefl1JTV3rrAXOSMS9DOFy2Pc0y4fNqWNd9bsBAC5p1YnLF4+F6ptKKAUqHAW3sS/aXn/SjY7nT235+7kSiUY7gnMV9bBhuoX369rIM6Msdd77O81xankihOf5bQcbc7VkKGPDMH3nGRG4aLMudjsko5YyLls2l7KHJPN7urphYR2iXorvqMG0OZfMjPkRXtLdUSR5MSk3ZI8jA8eHlxKQqL9fvrlhyURwhSNWKN+LczThBcwS6SvbczlzSxHJbs2eXM88U0KLS50NPb6vqzuHweaR8+oFFTHeBZ+0uXO+qyuAyAq9AJd4/fWmfova7urujLI3i5yWw4F7s9ElddzpF3ALa6W6G0CZX5EELXaFV3wcyQwtlyUtSYEQmcVzxM+QCqbbofmIux+H9XGiCtzR4dm3FirE+eMARCUHQbrfuaUwUpITW6xDuOpXFx4850HFSnNmqwCAQbdoE/mEZE52tkyIRrzodlB1T5ElKUBuCJQzGA/gah6ire34UgYZBro4SGAF2IDPCUd6ENsm9M55BPRJaVZqUYHpGfx1EeGtpvsRQhCTpGALl0nouHk9tU17BUeuj+BTJR1oz1Gbuq52K0FmbjSUOqyTMNugBX162mfdVLniguuCTU9zFkR/MOG9QEgyvLFG+oFG4Niy6tYzKTL7nAF6FqeLGSb88/CdMs9DdpXoxZ8I2JrsOffR3uCfGRCfX18mkmEDinRCDvU6CFim/QzsbhdbmU9wHcoiUJeAlZxDSk7aI6MRcAIHACBEkdCQYGxEYwV+DmZ5UY+vmrcZ3fxQWuECwo8kUatmzvytXrCIjC3MdzIcmI2DzSvT1/zkJLlGSy46Et22ck/OnG//O7X1tR7l8vDWSAEVjKCYMTUUlm/F1h9UCDQgLjiaVY7VufnPSu9I+OTOani0g8zrnt0hLwvuNmQ2XcyimGtzyhZjrQDJVT0Ob1YgI77w95NNjRT+V25Oe+9DiwijGS4KUrGXC35gYReVlAokpCZp1TaJQhk8qr5c/X030tQJlhiaNoksKQhLQxWhISNTBsaFdagBlqljeiRgBFdcY9jQYBrgFhUDYE7ioHEoK7GNEvpQVwFP98/Dzm/4G5iUJjd82m/LRdDvpxCO+Kdt33ovG45szqS+CU5Jrox+b9Iz9GZcsJSfGibZ/87vkifrgGiUWBsoJewf1TAUDD3dfhqFpNNzfVl7D/W/JLPqitlE0f/n4hX7UpyCIAG/Gqy2L76ovNtlgNt7fcsufYXZRQEEP91R4U6Gqy115oClv48py8sknWrd+42ztVgQH3z8UVR0wJV3aQXBU4fKrtS9AiJxobwr7koQvwiG3FNVbLL+lv1HRjb4d36LsfEth8dW0G05+9eFXfkf44YEDYNfcYgPNVPsk4EhpolR/ZpuPNbYU3KRlZXJa6zk0szk2BJost2FpNKuJMiaGT60UogkMmmPeYp/g0HPuVONW4lySwwpmRIubLeHdA/hO5NeF5iClyEquca6WywlzVwKj7jvKAXspfVJgALSvTRElJUjq2w/nRvjS/XS00ckIqzW8r/1zLqBhZQxDBY2jsDTcY5IZs2oCcgUhDqaA/rviSpHcVGsC/GG+fIliLB8ySOCULDG2PUJ5XIU9aljjE+OVjMZcZ3NZWxiAxD602rgYhxxotYRB+DpoeNm2Mph6rdveMi9PY6a93ZsRwL78Ygk5CdUP46ccwoeQVw1bxEcMIysXR/LcdNOfucIqYChVPXWwFghlNdoP0jh5p1QamES9qk9bB5EOaC+/sZptZl9VlwH72WWX3mOfTJttPz71GBs8aCBBKwazH2oUhyqfYvfd/7Bdc/VtNogAHUoRrvkPv6Gb1ON0RFirfrGGhK5yO2BymPXRC9HbwgWl0Gt2mdFv4Voo0tvuv8gBriiicUVGG+7si2Vznv3iPLOuXbvyG37C28AYwUOo1FA/1nv63hq3vjWfCl7v8eljLYd24furCeAk8CA8QYnlHiUN+TSGbXtmYTU6266+7lQ75KADrWePAjvmmCP889OfnGIXXHqnzSQSYtM0FJHApKFIZg2wqE+J62oEcY291uMIPzQfPEof80BJMFfwJr9OlNiY/mlWRjWp96olCLQtYHrbwYQyNxUnQfyVideLBseLrG9XKXvaJBjqLLSAqol8ZBNPsmHDZlu2ZCW/RjLCQemgdiQTIKMitdyyJFgIz1kn5ZIX6lOd4aOgYetXwRBjte025HCEpmr7x4OT+dzpDZk06VmOnTjBfnX+mXbHbS+p1nqYoH3yPN5XlLxWS58qpJwIShB1iaVqt+Qw4qbYZ+FYA5zCHjDB1YOqyLigNjZ0l/xqM7f8ZV3TL7/DlSs2ZfQQ3JnnqriOeVUL7dE8EH9QyF6wzpqntE9eEJwBp+MBQmKGcG6glfLhXGTV5egLjgeLWxfGPNFf/+4WhKQq4CtLc0LJ4etzokRrmivkRyhBWIbnQYOFKyWKLbUf4SpJljvRWPF4Es7ou6926pTmHH1QG9xCpzKFn2oP9+MqF3rrwpZoZgbv0ye5QjqYHK/UdgRK6pabo4xMcblr1uHqSD7fS6aq+OdFU57zUa3y6Rt8Kwq5eA0wcv4vwCPMaZQhyD064sDdaWXZA+7hiArwIxK6mCt+VADl+lFrsjaST0YrCXpyyXQMwO1U7+goAA/qKNhLqaOgXbg9+rnYKCKwUgAnlIS0S0KZN1rjLD4bXJSALCFVSsCY6iSP+sXEc5AIMHC2/NBNkpsj0YqHQ7xBJu0X4kVfEIU0DJR80N3fVagmhAeRHKHUdFnX5NbCwilGOUlSN1Iob4Vz5oR0VOZIyn4fgbrKoz2NsCXLVqNZYbN4YpH6GhH3Fu7+R3kE6NYcoH3ckePs08tvsWYDB6NpYjFiAuiZPhokp/2uwaVfAILb3nYhj3y3M90VYY4dOO5i3OU4MJG+6gDHPUmhDix47HlZs06LXG7CB94rUUV7Usz/QR61I8BMhKcOteaD/3jS3nh1Dda3NpxNtYM+iykI7XUYKT//NBW1UFbC4AhftO/QNXEJ3GnceL+lIgCfmJ8ghMnax94wJpKCE4R7u8NFY+ETCtinpCPgcP5L4+JDvVFNiXf50sIrS0AMq4ov5mo4Y66w/lVoLXySJUqKGA110bNRnPrnnRKh9E9UR6J25eWfGNGqnSwmTKhq+uAWRU04kpehOvjvZ6BAJDJxgUtKZmJ6opDGSZpXhD9ngJkhYv490RdmNW0ODFXjV77vOgMt0wMPPmX9+/Ygal1PYLJ3Qsh3lu/ASrLncbVdt3ZDvWb/O9+JHkaDqAG0lfRtBGByoPo4aeEO3Rcso8zRy3vx7eWT/yug1vzcPTGWwAZksRYZuKnh1iKm4z+P3+fHcPwQuCmwjRQic+csIFrawda+xxgrZS9ptLfJ6ZnjBnseUV65eyENTRXxZ/Hz4ydov88BX7wFhwAL79bX+rB7j776Sz2OIKnAFGLMG2iqngjPohzkFh47mAJcfD7osd8DXuBlk4wMBHjRt00oLVkI2RPqbiISvmikw1lWTayNYXLxnhZNLdKipV6WahWzyDqjjrFIpeFaImtYnSxWJMGgDi2n9JjhbDmEJ8qVFU1vq+2y9GkPWXC1Cn1JSs5C7shlzmm/Ku+y+OnMsDiMhtynvf6E0CPXZ9UvQVRh4wVeKa90rIeEarXR28cDRcNUBEyvW32gDHrGF4u2FmoxUMpPH4M1nqooOzWrBW2ACWPPTcSo6z3NbwmLsggmibFQFN9Eu1SvhAwlCcaiK3L/sS0wpcJZwczr62ibcGFTmjFzJhHrjuEKBgrl4Tenlta6OxH92DcV6TATANktuw4oVhpIZMSyHb19LCQAlCrHUAlUAABAAElEQVSipNdNf+ppntqiFH1TIv0ytNfxtrluwdO5YqvmLyPPSsKwr+fzL73A/r1j7Kc/O9V+ctoJdgmW6hmzF9q7M5f7s+hP2NtOeH9QR4KtBFmGM8AeWOvsLPEXtS5QB2FW79YrF33O0G5PamOinSqkPjH2/PNEHeITdulogoFtCPLwgv3hD5ew56uzXXDheXb3HbdyJAFRKAvF4Oo/3gu0rQPWyiVz5trV15xjXbucg7V0HnsGp0RFhm/hf2DhXWkkRQDmEfoTcD5qkejI5sXv+jvXX3O3XX+NFGX97dzzJti5vzjTA9ncesNv7MADLrKWA7G8CJfIoZ6Jd0KKD/OQ35sJGqOkiIiqK5uzDjfjkquWZDJHizdiPevWzT0piqEPq9dvUnY6FrUm/PRh123/CU8HvVYK2Zilsizow70AYfXNZ5CyeSqUFZc0efIU+/k5Z3ClNi3VLZJa1IHPWv0gDTEr6AgPJaV+olYxuRxsLWRQHaIRriTlOsx+fUNPub//mJ6Oqp8vx6qCEiGvbzvcJTvbTvYpnnban3BBPchy4Blze7azwiVzoDGh1S5scG6j+D6oA5XQjxyOpqpind4NCCE/VQcgiJZIqNS8kGAjJALfQ9uZ8Ql4KXujN2lt6FvIp16o1nBPNMtsLi90AEdECbnPxIUahGmobHG5H4pPgv5As+K+nzbMXy9GeUS2mom+CMZ88R2s/dqvK9qjm3rG7woCbeCOKX440Qzuq5BEYm7HU3FrVMh8lGlJspTJk0690rYkdQ44BSOA3uRdaBwR67COsf6goJcsIAuWI4/omSdK0LsSUBDEkghGowiUWhuSUNJ5uZSlVnprsGZJYJSgKPkkeDVQsngnp6MqTPSdL37HpehLAZ56h3XDBVhfk8igPBSqvO5iSl7V6QeSK8ATtMUtbGoqAQXr4GcFw2SEtRCMhbVKkfypR9EkRfd1DIDwpY4xDHvjNG6MEf2VsKYz6OKK8in6D/3ywCYUHyVfV6ScgMf0ssUjSNHiZ9RpfBvGJEXtd2Cq83QwCCMIXxA5necgbYfn128k8zqYFHVAg56kRrDwBqTTPbJSqQ8EzKmIq5hZLaZJMo0CbFnvfCiElHR6pw5EapVmc2fPJqrPLmveHAGwUQPVvD1Jhx06nihQVxBmOLTDN4sjYDoyqb8QxribV/nBfwWakGZFUTBF+Kp8Y/AA30yr+hwue1JxozwK+fvO+7OtXa9sq2Qii3n4QQU1KvO/ewlSgUQS3kR8//7ws3bZJZOs7+huaL6IkAOBEOJpQkpLqYAfyYTGlnujC0Y0xsfex4cCPN/XIaX3VY6674yOymQW6rdSeDNc629EHOsZbfKHw5hhyDx3Iq9eTJTBS34ZSEAIOJCuzbBojqqYXBLo1DJvnf/xVqkymDnwnGeubeGZ/PlTmJj48DIPtfgkUqIuMaCuvQRfqxR4RZoVyhHRdtoctUnUUp0Evu43rjkVleHkJ5Tr7fL74aH+6p7/otyGXIkHiTvf++VzuMpuY5/JfXf/yV0jv/ed78tAo2pBFi1qy5ausPN+caH9+rfnOkMfhN2ovd9XkOiX8naln2AFZepXJcRS0R+bNcnjV2CEv7+kb8kROIpvebj7bUYPgYtzctg3smXVNPv440+IUNajfn7snvu7f0WuyCs5B+iQw3/Coj8YAQ3tIAqj9FTtu2T+AEf1VwJJ2LslKEAJtRig+auRoEMG17xqfjpbwgt6TxpgF+q+ux2Nn4a5B4zBp2LCX/cffaoVtMVtTyjpZbLgJLOwssjUwUTGUqDltDCJcxbrpKVMYXHRoqFFtprIjbgwij6U7yKYRMdhVsj+Dlm+5U4dJfVF4fW1Zsj1U3NAQUFqd0gbHeG4aAHaYehjCtpazS3NlxSisFZVS/gQbdJ8hDllDlfJ6ibGlKQx82/KT8WCqf1q2m/lhetBCvSCeym4YCURjIuZDs0HypQjONawwArDuOFWOV2SAUtb0PJqPJzBUXUOJ+pHKemMmQQ4zU3+q31SRqWgcVafFbilln06vpFe6yL987OQZDl1JiW0P9QX+gDwfKwDFfMn/idJ77BPq3ZXMbDlaBUJuhr/SlVMG0jVam+rbHv5tfdNh0bvN2Y0fT/AdFD1kFxcOOsYB5ilxZ+/bc8/94r17tMLK9djds/dj1u7np1sO25wnuppTRgb3RMMlMTsFhOMQ0l3nEZrEDU+uilQeFf0h7calRUec5Zaqza2fu5CQuyfb+PHH2DvsF/qqj/+xUaM3c+27qq1s356Muv9G3bCcYfayKGD7NUX3ter9alGygD2Qnk1fjfgs68TWA0UHZlh8uSKv8S1TyRdu3vigPrONTTRe5DILe+JRA1kUJCaSqLANW8qa22JPfX083YFkQIv+d359uIrH9mCz161Dn0n4BLNmKCp38l+tyVz3rBLL78aK+LlDqd58xchR4sBR+5GMFIajUCsvY7NssBPhKx0vc/x5UOH0j6lwKVaC6IevvLqm9DuNCxwt9nG0l4caZJlDz7wMp/n2dM133oQRMQyOF+MqZbTWkw4mM7YFJViiUjlPLQKzcmBjh+nnnqyDSFIVXr+gTZv+nb2szVDMAp76m3zB3b2z65wl/s5cxdY2frpvNeez+4pgpbw2mIw5DD+fs8BCt3SHitND+ZxSOEN/ZVSXgeAv/PuB3bKKSfYwQcdwO+m7JvraHmt+vnU3Yrnz9qNyfbGY09ax7wcu+Wv99u///W8xYYdQD3R6DNKXr5mjEqup5AOc2FlFubfohWcvffivdaD6KtXXXuz3XzjH23QmGOtAlfGDaU7rEvfVsw7uc/XWmEdDDrCcfGWQr6hJH0K+LuOvX59rDNBUpoQjbToy3fsoHEn+nioL2koicOM0BtRAgthxuMw/PES3AW9fRFWRe0Pd32YI3SLXvc+duEX9Cpxz+ki18qq/ob74VciC1/QCnkGZbC3iiiNSbTXFVrKTVZIDDgqCGqWhBJkkQrB+nQMSvCakJINNRBk+MiQS3DWod1SzMnNXEljz95+j9iO9UuT3yPYi1/SM1VJYA1e4pLKJTfofWil+uLCcTWBOXyd4xm004OTJJRyQe6gTK0fCC9yCZVrJOIRCgKKlfCqPqk34vOQL4w4AxLe4gT9kGAUR1lPo1Q7ifuSVaRYkEwi65jicmgrl4RJHXmgAsXAqS8S3GR1pS9ej/ZWsi5LZpGQ5biH1TeGAl9rplcCDRJsk9UO+uvHHNDiJI+GjycgHhaekSoEIK3JiqBZJ3qe3Z7ftFWWQ+oMfLXyCV5BCBavrjLqWCe1/y/wz16YMnrCk1qdoHg65gUi5eHw74KZ9q6FuoEg0rA2ELpVjQo0KHUEglDlGr8k3GH8HAdNaiqTH6uEJgck+T38sqpUY+UPKoRHSKjEH7hLh2x78YWP8J+HEIQs/r1Hf5yIxAm72s9u+suN9sWsldaB/SwKkqHz6uIMXI2+GQR1VdPeNTdi8Pktd+T8Nlm2auGr9u/HLvWwuuqTC37f04BoWkUg1eGk61e+xaZrNupLWPQKqUTf/8spasu3VaM+iWhJeKvCTH7nvf+yX577gPXfr7sVbi0NY0ZH3LVM48k/H1thgNxcNch+7Q+5F3BAEzQkPY+SWsPYC77gkLTfKkvBC/RxwYkcEVSES4FgRWXgJ45Pu1x4vNpEsSrVy/XfTB0mdQKryafxlJtVKYxaELC8AYm86o+YEO+FXvNrCRK0n3L8+AxwwxmVRH27fQWOWPIhtAnDNQRE76pEBc1xd800olSifVGSS9guXEpcI83vMPn8kYNRfuk+T7yMqD0CcwTPBHQikCRe/a4vCZnt8rLs4b/fzIbwyZ7VLU3f9dL3PBPEJbzVgc//+Mej5C4Gh4B1fbvqL761JJWhJAuOIq1JeBPhFSNapTMoIVQ1ohcEIEj0OsBIL31nUrmN6q9/mdt+rZp5zrWIslLIDRYBK9GJNYs/Ipz2m+w32YcxY947kxDyfu9f+iH4Cj5bt5bY+Zy3VbixxDq3zyN2mbS2wA6PhTRcPVS90xUIvS8GIj40CsznCfgjHPLGJRqqyv13RNz1w2/oyfenRsUo89ZVafbllmSbvarC5qzeZQuLCZZQkmwLy9JtcVkzW8javHBrnf+evbHW5qwrs/lbKm3e5nL7fD3vrK2wuZtTbU11S8ts3hoBijD60PBk1gT1qyHhUqaFXLQfuHiAEj0WCUmgdpjvYlbUSD7893tciD4rMmQKkblSWKiTfcO6YJCgN8oj/JHg6PUi4HkZ3BcANZ9YILUPqkKBhGA63NqmBR0NbxVugNW4AMmFTHO4WlpT6CLQ512KUtm0XdrYtObt4VXRcEuQ0HjxiehDMlrlZOiNXklCyeV7RaL3dS/BvPh7lN2wr0uZQpKlL1gz0DL7WpnoEo/jMDuuhRc+qizmhngNnys1JdYWHuaNV2ZyAO9HhCfPsc+m32W90BDPnvaKzZ++GuFtNevZk3bc8Udam9xW9uF0gkXk57EnR2Ul2uBf4TrgoeoPv6VkdTiHpuqB00lnEAUfZfM1TuWFsVH+gMMMNLCRC6uYde1J1x6kn59zpo3ad1+b8dFLLggpwInOHFMqLJKFBsaQFMFCZ1PBzcFEsYYgWIm+e7184w5hVRwh42faCTf8xdD2kEm9ZMwIcqO2qI1Rt6Nvpw1YLcO35l/40FEOSq7E9XOMXXnFRfYGh6p36sR5Xx88bZchqK0vTLWVc3fYyvmTLa12u91z74MEe7kCnEriWIen7Pbb/mx9hksQ6m+vvPS2B52YcMiBdv0N99r8T7+wZXPesoUzXuPw6nts/Lj91XJBkL/N7PNPPyMcfxfO7zvQLmK/4JqF79u8T+bybDmC5NnsgWxm23eA8xULLA9hcAtBU9SxNAT9YQM6WXztUpjCbUTEzLNnn3rILV65bcCPN+6zCcf0t8UzX7Plc97koPGNHPr8HzuKCNclrP9348aa2vUAyoJvciBTav2EBdw0z93R2iLApTIuARnJD8zErHsPPFO4pgy9Xyv3zY497J8PP8KZmtNMx0dMmfKmlZZBYz5+0eZOe9HWznnfXnjw53bohDEcPN7UXn9/JjqMfOoIRMPxCsQK40Q7GEpRD0FMHyryNaWZjhGoXMhh4ktw5U2xc84+zUbse5TNpZ4vgbfOj73vb1egNGjG4eHzzJaVWq99++Ay/KzpmIXu7Ot+4snnbNOieQRXeRW4v2hnn3OB/eLnZ6gWn6siA37t/VMfvQXOM2svk5/ZFbL4s8hambi125dA2JAkfCGUJG5G5bpiBLxyOuJ1a66pXmAj66sUPto/JfdVAnj49guHG5k5i9IKCsjb3OmG8DpF7ol+9FEHxiY0oFkzzTNKw5U9jXPWXFktyHp9+qZOjDUsZOAWFlztQ4NGu0AE7aQCf9//6JI2xTmXrU57mAUTCVYuqGkektQfCWBqO231ICgtUOBiHdPIQvgQlKDROi4AWl7HGuBzmfsOF4RKGY4kSElJ532H73OMAH7yLKsjUqXcFetop89rKUAlHAIn9UEuj3JR9AOx5Umo/kb4LgFL+9C2rvO21BFFs462uWeV9lTzvmhKwED6An2OISTGtVWrBZFqWf9iW9ezBjBGgqEzH2GGCzy6nwSPquiVitYZwKwn9VQYEEgJAxVGsHQLnQwHEj4jBOSpEtBRw2kKnZD2zzf+uUSuAgVwfSuFRVRXSZhLUcmGivVc2lKZu2WiVHZVIv9UdZSyRXi1R8IHwaViiLL/onyeK6CA2QqbOWtuwtwf6lR+75wq/Y4k/FGVcjGYQRnPPzMNV4c+tmHLDmfUPCqlMvBxTQADJc1xCns4urVtbvM+fRY3jqvsZN/0mqhoTypOZE2gJWeyzeBONzTJ9M67QCEuWKh///vJQR9VQwMCFLnBtZhGaZ5Wrlhrd951H2HSCbU7fCIb1AuZB3Jn1ZzCRAxcgvVK1kncUzSGvOu8kWs3AmA0kWShC66OmiT1tXlZqlx4K9eKCoWjhcjXQcwd/ipHz/klQhTtTVH0SXT2/n4YeVlpI+hq+HiWJKuc9t7AgFGOAiVw0/vokSURTv2AYJ8AqsOxzv9KKJdGp95dkX5pL1Y1ezGDHzoT1ydb6IKK1RTxpO5BeEQMVJ/8x0U8VL6ilWVgEZCm3gV/YLFLE1NtF7EixWlrlMSk1sqfXeWpEv6rTWIIU9KYpJ4CPFVdKCF6+zu+yVjlp7D3tQsv/RPa3cHWoUN7LzsIzd/x7rc8ElwknE79+FO75dYnWYwnOD8b9etbXvvG27mEQodK03sgBz2ogBi6dYW+y5qjZ/VotEedjjIFWDluec2OXPUj72NLwRofMeDVLFwF7Vt4xMn7H3jEDj98IvXShqi4b2z9129qzCTwaTP/ddfeZG++8awVDDjEttRw4LPQFksI1BpBAQ0a+STU+55Mb67+6BPhjAg8kBEzREO8PYkqfbHey7Y1mv2hlBbJ7JlJQSAJC09qGtCSt4IsVNTrnUc7ITzN0DP9i3HAPfsq4vxOihEQiHDUmm2uuKCdaqvC++t4Dm+z+qMu0VYpUjSvpUzxG7qpSU9dyQga+tQvmAhWta504bEjvDrLWHlh1MgaFVOUG9rr1jKaW70Dpp72GXvg6kGjAZRGlvJk5VQUSK1Lohu+8JNTpTLRPECKxkUCXq3vQRRuUL26wALugVhY9JOx4tRy9piECtUTytEFi60jjF5ICDHeXvU2jJ/vmfNgTOADsFCKgooID3U4eG25mC4YTmivUjIqVVTLKInSsVzCmKGBjbs7dY1b1FPxHImltLDNwKn9gG52xBl32NRXm9uYfYfbrE8f93OgxDS3Z953IihFCftiL7v8eps34z3OKhvF4c6MMUFxgrsRLfU+qF4hLCD2oCcdwROYpjhMBnMmwiWnVcqDpUOvJcvNPQOFVcUaLFLpzjTLqu0QAF7FxRsJW9+GiJaX24iRwzg0+iB7752naeNi1sgqXBO7+SHCH0Nb7rnzQSsYNMKWz+1jH32sCJtH2rGEwJdXSxOi4z366CT71a/Ota4DJtgm3LygluAu6wPgd4UI8Ij6IuZdKSVJTBD4Ee/DM+FeSMneR54ruAHHHcjbg13OjFroq/eADpZgOc7pOZ4zz463p556jDPejrWb/3IdQY5KrHDLVi+zQ15bFwh2VVTicvmYnX32GVjoDraVW7YjALa3xyc9YBMOGWdnnHGyXXXl+XbqKUfals2brFPnThys3ApBYo67Raa5+xtzpcNojnz4K9bSm+ykk463ffbd4IdkZxIxcdAgndFWh1XwOdqda80z023Bgnfsc8LkT0RAnET4+BoCjhQVF9spPz7b1nXZz04/90p77Zn7bOSIYfbas3fal4t/ZZW0tWu3Ln6wczGKp6uu/ou9SRTQAfsOsPkrmZ8J+ETfIDj16QNcN7KW13B+IFZx4YGSnghmnvyi2p/peUyEEEVQyx6j7LAfX2lTX7vbDjhgjBUues0D2dSA3106d3HX9fUbNtl5F1xhRauhJ20xCIB7KkPjKRdazYyGFGFjVDueBkSgbVIwzk48+wb7uEOejebcxCmTn7LFi5e6JbBrl86cndaKM9RW2K8vuZmzvDEgaO8eVO32u/5uf7rm9xzcfjyH0o+1NavXWHbLFn6O4py58wk0komrKbROTDktSYFGiJ9yGEBfFGhEAUZEv5Kcn8VVHitqajoeF4m5lZhqTh/UjwhPA/+7ijt4bSVwV/NcSb0UTfIkOgjP4DBJFz3Bawg6JIGgDt5bNFqusqnQSi0j+KGj96F/0HR/h32aSQgi1XHwvi+7NT/81E479Wg7cNwYjxqqIDIvv/oah7efZ50GjcLdVnSCciS8SRmDMKY9W04L5QUgHivqFNkCJvCC9m3BEyVRvT93Hs0z6AbNgaZzBJMnCVbi6xxGII/ofyBFTqOScNmsQ5knmOsoAqe/1J0sbz6vG7rN2iGFW1LzXN6ljxJmxbeKZkfKN40LSj3jLDxZyuKygIFfICjl8F2O9wc8iJfvAIcasF7HY8g2rHEqS0Ko0xq1lTyO6uqEmp2JvKOZoLol3OJxmCyLnu4BRK1lvrbIUKZ2SQAVTiNkak9gTMFO2Jak8ZSxrFaBzKTgg04mEcBGQU3qGIPYdnhfRc6U8EtKcaKnfhBtUFrxJBDImyaBzjtPLjVeBUfAEA7TYHXIN+S5hUU3hW4ktdQRXQSR+7wbE3L5xn0aKYBL4646GNxdnAmCVzyb/z/gQOojfQ+aA7IeQir0m5Mv8gIE9ensmrvvuJHJfpU98/Q/rH2fQyFyWWjAcGNir10N/ZCPvyLCpeI8uqmk3IW3y39/vV1x+YWWxmRzhjUx4b65xoa76q3aKRjqoNVHH3/NMvO6cxC2NAO6DxyktcBVKVpcGt7+L19RFYDmn8Af2lRfZ6J970yeYqefdis5KqzXoP1t3UYiEtHXIBhpb05zLOTaHAyCIKSH0WRyqVDGIjG6/BCRz0DDmu1uLNKkglF8GpKEETmn+OQA7hLePA8w8abyy5GaXzrYV0RBTL3a3DhHFJ66oWQtGpQLLrqmlokblResvDDKqsvbq7e40F9gItdJEQpn40RUwMk0/ItrEOBqKiFO7B9xfPU3+CM8phchqRx+O65pMoa2iuBo/5Jbb1jUXBCDSEpgdY2llxFeTRQUikFYCUllSQhMRzEmtzCIn1LUqfBrD//SRr3Xuomt+PIT+zdMz++vuNghoGbQ9L1Kapfgr1DMN3C2jnXtzX7ouC1ZvsUPMW3RAs3eHpTbgDeqXgy2AuOgpYKQ6pksEXK5Y7JEw7VX7Ywy++Gi1h0ahpAfFw5DV1j0JGSkgK8uNFYSVKFtMxferrnmBjv7rJ9Erzvu1f/4nguBObLW3X3fv+2uux+yYfseRpjuZGvHQh80pAFn1Mc6AvkIP1OaYo2TsArgBDsNTpwIgLXyt4dO1rGvDPsxw6j5xy0+fsizFrq9SKpTZXjSwKNkzUzFBQjXMBc8WV2TcZGsI6qrBBEx4/pWxK86GMOUTEw8wK+OvijasBbGFJhIdydMDLq+Stj3KzwJVVGPaB5zPwU8VtRIVhT23rOQaZ7qEf/8LEbwXf2twUVSAlR4qPfFF8AcVEibzTVzU8FOFE1WCBxL2YHVhY3rlO3nfBLp2BGbcfYAW2iR4+RX/S6gsTBGWnCBgSJVhX+c1nPH6aT6rue0SYKnYC4PESkvZEWt0b4IYODtVLvUBq1fwKhGm/4TsFb5uhZzoGi6cp9V2oqFqbSkFJc6GAWSPDREd2tEk6CfJbi/bd26lYAjG/25wpQrMq2E5bCnK9UZ+WbNMsWDgNc0thK4Nk3moODTwL+LEJAOtgL2aykwj1xU33hrit12139s8uvzOf9NDFk1etW2aNphMhBy1ZcQ4CKdusuY56W2uXALhRNYRkotrkTDxBeoT8GrpDXu9uuBT4zDuymDqJhE/bD169cRGW+XbSe6IcjkLn3VuEKVcX5bc45BOOzQc+yOO37P2WMTEB66Uq72v1fZ448/bT/55b1s1OJgZpjNdr3ac9bZk9aUDf4nnHCMC6HVlFHtPAI8hzODGkEl+AtdsvZrDGXpEw3ZuGkTlqliU8AMCR1iup3OgCNK2o9VzPOtuAGLHvlY6BEIp3xRqlR+4Ni+zz4EJTqB41Z+aSeeeDTn1g2w3BzawhirnLfefs+eeuYle+7pfyKwHuwRHrWvavO2Cn4fZGee+QtbsWI17x5leXntiMzYjAOZt9l1199imwhE0atXgW1w76NM690+G95lqm0r/y0WuLO9Lp23JvflhQsW2cP/eoLgG4+wr6uvrSlizzoHWh92yh/ssXsuwso51Fq3bOnRQGtizax5+i7bWhmzUSN/ZLffcbkdxbmA7alfSYex64iJ2+5+2D6cPMc69u9ppRwDICuo8KCMT+Fm4epYFCXQ6Xi5K2+EG+XM2fXr14OP4CrulPJmiNZNN8pi1VzHcx0uLuWWUlOOrygpqyR4zan20EOX2fgDx2IcAg94VgVNfpm23HDT/ViSV1oBR1AsX1FKULVK6lhv2zi8Wh7EqInFTfJOYpSEC4yBZrOXk9IUeyueL5lVKDR+a/c+cIEdPH6kdemCNY882wme8jgh/8+49C7OOyZ4VX5TW4syIB/L5R1/e8Ln5zlnncZ4dLfufKo4vPvxx56ym29/APfef2Kp3MZZocKPFNws47YOgXM9W08sU+sW65poCP/C+YXNbf26DcCgkn4AVw4mR1dGPhSIslpZN+Y6xwoUb/Uz39xSzLulnO9YAl6G/a3tnGel6VrGyJJq5bjHSrgsKmF964YVjTMk9Ui0usYnQzuvVzd3bof2lDGGLdIYrw3IchxxociMxUXWpX26Pf/UXMvJbgJ+nmhdiVjqwXnAd9RjfKhUFjTRQdYeCTMKAqLkyh95WZClPkqjP9BYqDWMEuX4fi+tIYyRokOGUfKMZCMfPJ8fWUAd2t8FE0Y/onUOSPKeuzCW0R7aolD8MTzrXB4RTfIFhXJon9okIVbBNmLAN06kTaZMoNlaexLyiIw5vl6x5mi8fJuAjEuUp/XGW8d9bqijvCc+k7bDq8gSF0NZ6dExhXeenz/kl3AlI5gfWi4Lp3haCXyCGTKHr0Hi7XAd1T7XmOCM8sItd6LxWltUpmQs7XlDvpKrZax6i8Pf98rhceBrFHy6DjH3tmb0OCjRbP3UJQ2XzEUjPFqMChXzIIsaz3QSeVwhO6P9EXRQVhMtfEETlihHGCcACQ5a6GTSFKC570w6C5skTFSdUtdau+bptnT2K/bp9Jk2ctQwF8giBkkl7kkKLlBJPuGfevpFu+zah6x0w4e82pFPZ2gTdXGmhnzbzdbYwMFH2FV/ONeOPvpQ125G72sSNibkZP7WJMFR7dQ5ascedzyC0QQrLIW5540MNN4bKjLthH264EJwHe4B+NSCdM4wfGuJ/70HIp6a7FOnTrd773+KAy1ft7we9JXFt5gACym024UgNVZjy2CpfQ3MZ0NbNI5BGFcehD0XNjKtdVaaLfpksb33/l/twHGj/YU1a9ba2HHHW2VyNvMYwcyxTu+rbMG2HtO4I9oTGARZ/hz/+NuqaRqRAT+2P9/wZ/vDFRf67bKyHXbGTy+xl1+cbh0H9EBQhkFCGeB4onZ7yVHZwj+uwTdFikwHf2Wti44U0EOvW0SCMWzXqoktnf+2vf76ZN/kTBNs0aIvrV+/3tYNjWoR2iiNtZgutdeDIqi1AEbtVnRKnQMlOMmKuRP3LTEbuS2zbeXCN+3ee/6Oi93PVSyby7fYMcefhWtauTVPqrJKiFsTzpxRua2bAc/p79pbbz5lh0wct0fzIMKpbcDnnF9cCQPwnvUf0c0WzPiE+fQG82m4a26TETD3JkXlPoYr1hlnnOr7qBYXbrPeLdLtvTceRJvZOoynOv0dyWkDcF69ep116XKyderTxIo406oJbhYaH1l5W2dn24rPZ9ucuc/boIED9qhcVakxJLOPw0P/fMZ+ftZV1nPEINvEwlgN053uh3LC5DPeGr8cDildNuclO+vs8+2uO2+1LM7RivqpovY8MRugkw8/MgkXm5/wWn8+C/jIyojw44J/hOnC7yV8lESLZG1Ry/VcOK/rlXyU0qxV3yO4o3vBKpvEXoWi1cttOdr2rjDoe9reKN8GGA1ZYndPqrsnH9ULI75bEp4MSdyBRnOocUgIUdaNj9io9XzA8RbDiNqZBhOsMaDFLHpynUtm/fCFjwVTe8+0N84VRcwJCVZ+MDZChIfyhz74wiqAqt++cAYLl4TMND9TNOCuZq3vq+Z+k3ilrV/4hl1y2R9RwF0Mw38W7lmLrU2vfDSYzdxaVy1hhfIFzUB3uQJfYlpk+Rbu+bqlmv0Re/0Q+FO1B0QviTHSmZFyYWmE53LzpCGuIVW2wC2EMtR+pRQWYh01oL3Q2xWZUVpnzlLLyiawk1emscczAo39dkWW3MK6lMx+0Fa4GWv9VAPQxGukxBDsKIRBgXlOa4EiEm15NfBrytmCGTDHGxYzFpLS/SgO+owawH936Wqdc5pYsYKQEKQgRjkahyqioCXBWOigaW2L2KF9cYVrqK+NNcvjCAEYCQ+yIlpH4CoZk+V4A7Bs52qtoWzQx1W4CW5r2ltevoa+gfOxvA60h8wBBI4DTZq1tSyOHFk740nyaIyFW+oV9VmRNet/DIq0LI6jLXRlTk7TDNu4eFniOXCxHvzvadmpO9kaAd/g6wW3VYTwibFMwaVXChrtCdqxgb5XIlS3a29ZGSgpGCeNlZR42oO6g2BdHikvJ5dzrzKh5TwLUA7NdoCrA1ihwb0Yrlo5ybtwmVS/5/OBETMJQsq4lI/SIOs6MBehLfA0OlhaMQNqsfDkEuV2zYKZ5NnKZygfvTeLTyvr1HewrVm0AqatpTXr2NJ24R3QNivZ1q9GON/xGXl68UFY9Dk6h+8C69ivABdPrBAUk8pavgtcqVr5Ac9E59S27pY5oi98WrFlVm9zi8ymhe8knvXmm/EB7mbU23KUdcpvgVWT8pir4gn8TN5NzO+2Xa15565WS6TBuCthYHLJUwG+1K5ivJOaWFaX1txjTgqfSc7bYcnfuUL4yPEwHHmQ3hqlAcxoU/Z1winapsWTeaZx7c9HDLtwh7Z0GEtAGNxCd1ZyaDsB09jfUrVGuByzJt1yKFslapVnzRYeYbGQSOcWISkAWU90Vl8WeK75UbhQNFf0qwOfVD7L+RRbs+7jiJWQZmWca5dCPTrYvEPzDFs9T+2YzWcYnww+K/lssBY9DrKypYIX0crpbwzlv7ysalcjRKXFrUk+ikzmuKa9RtYhAYh3rWU+E/U11qk1RySozQHL1N5k8GNnOYLfMtqEMJXVLCj9ynWWlQLhoRxtmtsiKB9UqN7mGwOrVa/keSrnhPaEkU94T4UcATa71iO4wRsldWF+Uq8CMFWU038soandMjm6qzV7AitQNGbZhlnrQC2Nh/CSdYrgMVmcI1jNWWp+dhrzUhEcXWiBX3f3dPXQO8m4i05CL5NE2/4fc+8BqGlVHWqvr5w2M2d6pwydgZEiSAcBsYANlIs9Jnqjxt80E43mpl2TXOM1/aZojBp7riUqxFiiAgqCCAqIEaQOdXqf07/yP8/a33vOGZB64//fd+Z83/u97y5rr7323qvttRXAlAucFxWIFPrga4y+6PlwCnViiFwZDDGRBWwZa4N5UstUKghpqG3tVUGnk2P+YrqEcYBSLK1VmZniqgv668B/pbBpDQYbwcOn5tmgyeP1EjJfVAUnzUIzyjd1Ai+VY296glw1hUnXWuidc3RhdL1gjlGZlxY8iyVNnk+H4t7ALhg8SU8DzKfFTascuFFY7BicBUugRwVI186/7nnrIhwqmHpkA4sP7qcLE+ee9ZZeOdYjfmhjB15WHGhgY/RIHaLK73K5zyfNdD5z8pvj4m9l3LPPh3iuAKTLgYOPyiVeOhFVykxxCmv8ufdM02UiJ9PTWBdseogh0GsAVrj0zT8+PvGpz+H6dRxCq2U/0avAr3lZJm0+fuJvgKl6/vOfHd+/4ea48+7b4647NqAV2hWHcWjoQQcdEEetXYtLwrpkQm1/cYcqOJjBxGPXLwEoPOxCQ/TBD7E4DZ/C+TeFGRIi/ySeghR/PLWrLPaPkReADSGvb/wYE8D9D2yMn9x+d1x19Q/i05/6AhnvZXE4Jw4/9oWxbTcaIdL0EzQg94DAnCSMDgBwV2DmUXVTnuRnmaQLdsoeFO4dadCAvTn7opdBgJMO75MZKW9Lv/uuhx9oys3BZc9hKduUVWlFc9IrmbQsH/zAigBdJYMoHWU9aP1hDA0G0Zsm87lBITy7Ts0O826WPIH7lQ2UEZB5UyNSXTMQ+KT6Jc2KHywYQ2j3rYczdapWC7t7NDI9WaaqKEvmd8xwQfIzl4+NsYd23zzpgcUTabDAzviaTj99M5P/Ue6sQ41Y9C2BFli4mofFe/70b+MjH/7bDA5U8PTEyqvS3n33eoS3X4vVh+H2QgTCFoxg/0KgzH5/FEAe8bjUWbKg7eowtungKbVZfMsMF+bY1pe09v8Tg3SmsiqvhefxFTKoTJo500CDC4aacef9e+K5578i/uTd70rhrQjlT7Ym66zF3j17OYT4kLgWpZOCqHNchnaXJvknPHRp1s/b/AYgm57t96tcpmMyRsDeTIS7V73jfcyUBg1x0Tc///I+c1aZHvt7VtJB9h7+6Z/9PVO3zE55UUJIu0pJ+ywMyRBJj7zPcea8Rf3uILcREpdossMgaceO1pvP/cvX4tpbNkBfAxlOPaF13qeMCgcudNZL06EbBALcQibc35D/fGYVlMuNdNV0oaS9aWlzIbRi6hUPgpcMvAuqUoUP+DNVFkSf60HgmWTOEeZJTSvl+89rgPmgBlMhTD7Rvb9ajC3HCJdZp8whZWk5Ff++c85xD2xGQAR3U+7v6F3Cbluc7xSUmu6HtR24aS5YzG8ZMoJlpUUIeDJKJuk8kmQJ62r/0iUZ3XMM4aqaDw0wYCTLJscJrDiQFbOLoLNtI902Cb00kuF35jn0tBMoF5rEPa49gptVcyV1ruaIgW2xlXO+jHyqlri0g/1pHNibzFi2geAahF0fOOwIyuBcvLRkgVvHD8rX7HrxZz/CnSw+dFX2k4G63Fetu+Wy456OpXY7jCGb7hPNfpT+nAR/er/o/jhJnj0ZZANX3b5jYu5AM7ajzB3F+lZDUOqnv3ewhu531GG04cjYDZNtVLZWd2eME+RMt7Veb1M6hFg6JedmGRwF38UIQvX6YmDBEpm0DMuPRtv2yuDPXz4v+rF0Ccskwme6l9NI2yktVeC7dOtG6FljDyKAr1y7HIHweeB4ir3zZV7vbxyYbdiNteihXViLkwAshveCR5mbUf4d+LQTKR/lMhFvrWH+4HOoF56ac7qWYYHTCjgFMzwEzrdvfyiWs5d53tD5tN/jahyfQ3gTPSfb56HazhWe5TdOXyG/x/4coK0MPsGYtJ8mRhhfMOmjCCd19gsedOz5MQl+9rLHyfHc3zyYPj8Ci+lkCoNGb3QOsK5hBOiBtUdm5NdJ9gGlkA8dJ3Zo1xBjb2jtQeAWhah8mwxjeUsZNAp8LTliBfhmtSZ4iGsjqI8R0ip0HnzcBRnkbVRYmGP6m4fEvMG1CFQTsQN4pAFpyIAh89auTnjH6atKEeh3Cg0I112ZY60pjnXGYgOhYYzXkwhOBx13BG1ADqZecT6n70SMWE2U11iKqVuBFVTgmV0jIMx4rDp6OYr8C4i4Sh/Rv9LnnP6nZ/qFRLKMocWMTyyR0NCAipO1KoVLHwAkbaG8gogsd9HBy/KX46msMwBGmqRDaH4BCv7m0ZzfRp/JA8lHe7j4wNEHSsqM7RJNtxTp+sK4xsI0fNSqxMW4ngsSae/KuQ7cLFyDMrm+hGiqjAfoyrlt4YEoiA8EVTuhC5RAg+Bpy2gnVh2/PAbaF8YuvcTIm2NCIUVvOXBaQuPvoQY6DtrM/tVK5J3IQzEn3FrIDHCSbobiwfEh8aO8iwk6nzaCBB45zqA1DAA5/yCwdEcRUvByyOiN1M25Mtkuy7e+nJvl2Xo0kMRhnbPanvyDrp5aDMFtyieubQmHoJQ1CFcOgicjLCv4Am96bUiy8gl1lArEaEi40zBV+jPD94tjhMfck7cIhQB5GyoHXYdok9E4O7o2KgQzR9ZQxHQUZq3fNuhCTx8X4ZP6hF2NmEoI8J4R/EnbJXK5Vrg61rYZIZF04p+6tOilayXt6NJHzbTAWDgIDMyiaRI1cV5+88cC08W9MJEAEDk5YVbfx0VM86VIzbwgHuS59gNpErmSpBJpYfxolOmdNAHIidPIWIc+/YD4m//1nrjkkgvz0MVcHJLJtZxe0Xw98qrgpY1MNMkMkEitc9E8n4/LgKG6q30EM8JhTgYgkzE869rnx/TzHjlN/zb6nIvo1776jfjSlz4WRxx7YWxiopduC3NO0j2aciUEG/DErtn1KJT9j3f/Veym3CaTRjJgEo2EggbaMeSBxHfd9VDcfe+9cddPHFwiHu0O3wcctTYGm09jUZyIzbsUOoRNgYNwsQjhDgL3dYkzB4sDoe4EScLEDemzQbyXcbE+aabFQCt716yHQABpcTBx6SqXnOzrHiot3fI8L6kfH+kxNtw64fTlmRmIM9CHZc9cZoSGBGS6jAomFnQ0HS0j0IhsYaLsNgxAaQVZfe7gkQlR8wGOHDQGXWCmz3RWqPbYPNU1c+eT8ksNiO6Nbo71IHBdo3LgWr51A+AkE0IeOGkW8KkLjbjs6Hf9Uy791id3o6EbZt+hTBQafg8iT21xWjcoOy8L7CGg9+TRvkyVOITOR2CCDls7FF/4l4/GhS98bvz8L7wKOBUipJ1Hu0p7ra+gr4uF6eMk3oIP/bGck8lkTBjyDmdSZcMfrZiHPS99ktDx5kayngks9Hn6gaNddf7JJs6M3YcV8ag/q1IzQTYeTSnAO6c0ELRdOG21msh7t7PAdJvx/r//nxn4wXdpvX3U0h/9heNl/oJ57Jc4/dETPYU3W7buRPOMEMPcr8iQfYZAAaRPrjTan2OHXIuJWPi233zzk8v/qKln6NE59c477o1rv3NHzFk+HLsRHsSL55up5PCMTxfyFgoN99TRGP6ziDGPeFXztE+TCWB8abnTjdj+azJmtaJ6fIfRLDO3AhWLp1EqOzWVOYxvC8sPvinD/s9Dtl0k8wXlO8Ezb9W0vCmgMV/kHj5dYyjfy9RqjrUQKui0OBjWc90c68KTl0wfYzvHKfB5iWfpeUYBQzmMaQOXuIdBF1DPV+UJwuA2UpqJXNbD3OTRLYI9TtoO9bvO6iEp7rTqNxBorW+izV4bhU3u1QjL4FizbdkCU6/QZ94ajOYYwVrGd7C/D/y5FulWmppc1t08q06rVW4ZsGFATz3jwJxHBAkD7WzDHDPr03bnA8ema78WGEeUlGlLnOdxceS2BaNccCDllnKl2zZzpn8byWu5doXvZej3cNh36SNwKW4RBurwEdtg5C2FpQrmvLiSWk/WR3upNGuvMZ47CAndKYRaYSGXHg1o5fJ9lk0+heW0DuDW5AHdY/YNMCec4po605JDuZada5e0i1Bgu/Ve2AV978Rl2He2znV9HEXBbt0EuS9zCW/glzoepWD/QEem3cJ8LMTm8d92hBXr9/eo/Q7IngVlWkXUEYTPvayxtrjiH7YRWMU22s+2LuEHZy2Y1o0j4A9Bzfb7osse60pzL7o2p3tkKctWjyHgjPCX7QBGy2twnptjt8W83GH/VIkcTZ8DI0XwLTXYCoQWcGhf+y77hC/TZ93Q1gR0pttX5tDaYFLr4VtYst5eXgWNURl3fuejrMs6tXQhhNCA9N5y3JpOvgA4PQMs+UjgSihg/BO7FCJsG4miWtXj9y4iq/pXihdP3gmYOOccVeaz7njP6wEc76G/d9vf4LgNHG4dk4fIuih/nGe97JTj05kLkIpwy2NhyYiIutAp5ChsAuMU9THVU0Rpt7Cb1oPT+Sq4ECESB0qSmsE8iCfgPAFQ5a9AM12x5U5qpuM7m2f50O/kTqx23svLU78VNMfrsUPZDO84+7ZGGt+lAmvRqrSMqcAqghRJVIRTSHfnJuZRLEEKQ3mANmUu3D+jcOZ5uwgz6W0h7PRTzTajCOmSvwvvlMYh5qVUNvfWA++7CFYJNWM01wZ5f9vRm2fr8HyO0a6KMRRwwbmbiSegSmMQ81XG8ZA/c3xrAcPjIY8aSDd9ikPI8yiA7DdpiYCNeiB0tBRi1IgdzDsIb0a6TDdHaLfMf7QlEciMxnph4KsuB58zGOlTlNK+6411aV5NhW6ONWi04/xNeUagrMOzpvBWRhRlWqxpyxySmg4bxbrkc+f2BNbO9KeAe+tcDJyspJCuzG1K8zn8eZ3DNTPkB4tYmkNZNDyboEx0lRAE6Ey6uV8gK6SKXACZhmBKk9CkNa0SEJ7IKABIZLyoLh7vRRsVK86O//Z7fxaXfu6DsXiJkSop3zwlW5X6Mb8zPSkqBsHfAyxW/nn5vCq3LAr5+HE/HGDVJfOn8LZ+/X3x8lf8eaw68vlsoh3PoBgGK1BgYNZHA2G4VgTjgvcq+2N+W4/pbbbm78u+cm3cepMT1zB/jjgY/7Rmgt9kyKmHg6EXrR6K/dfW0az1pfvBKBP0XjSYu9GIDbARVG1KhwFswdl+cdurKwna5kEYHnDrIO4wEKfII1UgHkFT1g8JaJomrfuYWgMKKLiOzWqfxTjNGdo4NTFm4rIutc0T0hMpBtA4Wo/9IzMzYZharpmiSn/lAwo1XaEYJnAZGJ4lQecNDAV9Yh1ZQhZCO5k8tBbmOUy8akHnSfzSnvDRsmQue7WSI2EoH5bl/qD5aOmK8GqlE5jQXYyk39I+8JiDl34guyUkXNwImkxmvY6QMutKOHv0b6sUPgO8tIqZkAJ6YyPzz8r4eLe5kZrzXBpL2OM5HgceeSbnLb2Ng2FPx/p8UOLo8YQWtXZuUr/uuuvi3f/j9+PIZ7wEhkoPgjlYmB8ENlv4ZADbN61tV2lQR3DTFdeJr+BRWrPsJ1d6ZuCjw2ZfXWRSG1v1DR2gINGcYtzcuyuu+e4H4+CD1XAqSNBfT/Gq5hhp7j/jEqUyieMwDWJLHCUNSfHAysjJ50+9LkorqH3qRUznLHOyFmmVbDJUwmr54kXB3HnG8xINYtKBAU98sRg5zj0CwPGrZUovjQauho6YScZVWtb17tBawgLruGqh5c1gSuJExo16p2RCOPdw9pX4WsRYxWVv0kO1e4xE1W6b70HJMmQd9h2mUCJWfdH78ratVrmOggtGQveaQr29/jAdzGmbM4iEw0ZrobG/LM/xrvClUJhzD2n6cNOxvelWJJPQU1woXHmGmS6bWoicNYnOQpnQlOMfvHV1geJNpxfi2iMLZODLIbPCDVzQoHW1dM1xTuGvA4Mdk5sTftf6pCFxLo6xkjGJwbgxzmHEGmjPU7FFsqkOWmXwJiNhn7WYl5qsLbpTTsGsJfNHOvHkZbvawNZJpovyEP5kGGViXF1ynXGtkqOlvDpR2mRiFRKEs8xz4E43PP41Fiwv+NbliitHF/ny3FFw6fmJBmIQb2kBEAbee5XVwXXA/hAPPPcV+JzywGHqS2bQ50kUlustNdOOBvtTO/S9DF3m46XruGmqq6or6QS8p0sqjHkHbXzyUSQuyS17JqN3BR9+019KMjnvWbd0wzc4KaPclOWfqV1Hy1XKLD95xk0dwbu+cEUKMx1p0mYLgSYv8j78SqGr97DA5I9eOuAofEVZFZPiaYNyWRoLLLd3VeWYM9P5DnjsmxrMcFpmEDZkcO0Ly5h9mc92+XgaSn5X6XJsgSetGFpVtdCEjLuuv0Rd5CHjCFqlT5PmKaV8V7WUsv1VwVq98XumXmmwBwFfQlulV+DQGiIPl/P8DmmSepNuZ8E9u+BZ95aaJdtOLNl5JppCp8y6fT8r7exbScMr+zFT8QDaz2OwernKuDLVI0tx/pHm/XKuY1QxHyg08lhaA8n2sDVkInki+XrnxaUHRYPxb1CWpCHHAsJXBm9DoZV71vTC0zXRuhk3Uk0XF8oa7oEKTeluab/TkI4WJcejQjzpkxZEIQodrzS4CBjw1T2Cwb7QuqQGkz1vSVsoUeCQoA1r4s8x2TMmJC8nGMDhvIyJNBVWCkDpmsh6Ia3k2BchnmOsp6BKuxx3lIcbsvDlMQIq9Nz/zT7eTo29+VjzEm/Czo1FZBnct7HEZXvxYnMvW/YReHXt8tJiavCRPJLBdmFtay9cgtDLuufapjnawmlPF547o3ECVx3FftejEhR+ob2UI7LixHi2JY82YA0sq5OdDbJFb8cNqyLfWV/i9bLySotiQQCYWiApLZFqIvI6oYHIjDLjAMt3ZCC/AzN9XNOsSLlkdVaQMFwEHDSjaA4OWTk/rr7y5vggmv/fevuvJNKy7S4ABX1W9oSu2ROoGZLo7YTe3xMq5KckKnvlYLbQHv7pX/wjKfbEQBOTNYFSGi6+wCnhZSNhyjL8qD+f1FW1txb777dfbKQzl85hAe6yl3CMDZ1pBWJw2B8knUIbpPvLKFEIcz+DkyaISxyAuykW2WSSJRguIfRf6Qj6hz6XAJtoKg0AIDU0cd2x76YwuafLlIxNlulAUpNAK8mTVyk2b6ebyjPL8lBecQAwlAfTRz8n88wgdal3Ic5zoxyUau6maaoUnWB6S8HTZVcPobPyzIlchrz8yj6mTcI3weJt4AQnLQ8Rd9IxraHGs6cS9l4D9qnbZ4dAnwpvYISitR4UvNnD4oi9oqTSglgtJFoDmyxknuHEqs7bo3p5uN3nqmBlqDHWWgrX8xjwXJb9ZK9k5Ixu2bsUxFDb8euweP/7PxHvec9vFyuuDXEMVAmnv2mTfQHN7sXy+54//RvSncS4pL/Fle2hXQXHj8w9XcwjbmzLTHrnGfvCjcG68RYhyDQsyLPSPaKYx3vQo+0uCxDOKHQWbeRZA4Hg/gc2x7Oefch02PJH0Njjlf0o7x9PGH6UbI94LN691LYnfhmz9pAWXJn2grMZHGbiJ/UhLp5UhkdNXMFqgrJvlVEM/OLa3032KqSVnzGRc9+sih33RkvzUd29E25gh95c2LVAT8GE5r44W89cYT8lQ+UiJ20SvdKxNdVjCJyH8kr08cF4zPHtd2pGC1wJG2UZmVItrYojrU05jzpHV4Uwdj0wPOkDIP3nOz9znoKRdBwYxISHua5lgBUZTZgS5xv39ykoKKRYr43N9c9v3teZE7WqKYTo7tkeL/gznZZDl9U6TJNHKGSAF9ze1SjLBMqwdz1nSEYGfKRVDKFYQaxNfa1xlWBYcLU4MW8pjFIpciECBt/CZZS8BlY663L8eQ5hOdicPoBxmER40o1VZrzLvTCnUJZWK/EtTq2/wg29QNlaE+ucR2Wb3Dfoul4wR4PsuxyP4pp8IpX132UnL9HkM+sQr1lH9dIUlkEduFvXESbtO62bM5dpSQMOPfrBQ+ENlpQMoo9ZV8qc2lPakC6LTFgUDBGEcDFV2dflaAAFmcLkZpEF3qysBxNfUDttgIEVT+LaPso0NqSXLn+Xj0JL9AGvGwSTcS1pKaiCX+GezpHKO/Fc8FvlFmD7KYPbps2IJzBxuhEm80qfJKNtw/Kv5HzEp7AniNwATMLF72I1FJQCaSbpZc5nibOCxapMcWB7SnH8kunE+ivTLvyuzmarLtM9/Cr1mKi8lZayj2F4uwTXS1JXmWLZKm4oMFOCv3Lz00p9eC0zv0tqPy2H78SHd1UfeI+SxDFd1VVl53firvr9KN9ZB+2weIhQzTH7XBRQpBnxXvr3UbLzmIz+t3/kVRQ4GFfVfDILpY8swg5h/HadA1JYwMtNGLyyWD647Jc0qEC31QP3d4n/rNc9Z7o29s5scx9b7iuTX+fsuZQJWJ/ggiiIOcL3FqoAJp+vkNKTG8StfJF8Zp4f7dxAn2aAEwU8sjnPq5jq6C0gL6j3A6AWhTsQ2i5h1ttJodNtWwhbXQQyBa1sC/mS5kjrfN3A9TLnLsZb0rAWdeByvJa1u+Aiy7YtwFUOGodPZF7VVTcDqST+nPOAg7ze1FPRh6Bonbrl67qpACtvTt12s+thng9K291L6xnCPEwBLYVYhU5pynlHwd7frpEpOFKZeCqVljp7eGJyzXxEoRQinvrfWwti4JggNVwCnklIAERJ8ADTMbRxUoCdLVGCEDvNeyckGiBCzZHaB9HqoLY8VASUxnepOhGs8Ef6DUQFOuLEo+Idv/WrGcL1ogsvyPKLRs1MT/1K4nrq2TOnRCbuvD70T5/jwOTr4qiTZKGYFAAAQABJREFU1xHRcRsWOS1MTDC0rixwIC4F43xklid9iSfH1w5cLuZAKFMdBk+L/Sc6vDuzZedYbOlA+9CFs87A09rkQPRKjaz9kX2WqfO5r10w7bectrCKpDtTCuAQEgu8dViK9FDuMus+9+VJ+Sy9Kzz0GpoMVBsUkSWImSQbfztRuEctYYC4y0CFYqSfvKCnfS7L8K9c0kSTwV6HodJNS+uelzC658NFpIVmR2vLhFHtfCldix/qbePCkGgrH77l6nVu3lvXXeQ/lhS2wyIZhPyTrkuSGXh8ngc18zYHri6eg+IPnJp5n4t8/M8xBgJsS9J4L900rVr8w7PuU87Mj9KPJubPL8b+VlyRjjr1AM4c+qc4//yz49nPOStpoggKM3kffnfppf8Wl33hk+ybfE5swe2kRCyE5lhE88r+fHiun/670MPD3kEbjpXUcGsJy/Kk6ad+Ja2RPYUCSShxR0/5jfV9CquEf3k9QZyWxP/ffQpqG9wIcy66zKu6ziQz/H8dzALkeOFbeJ3DmS88lJsVOJnoxJzJbBhjzwiT7hfI+YZx7p4mWpzJ/HAkZDMZu6lxBRFVdpVIujJrFStrjFpgx1fmYF6hLNYX16M60fGMHqmQknjM+q0W650aUxUHvcWzwM/YdQ1jY39a2GASKrotcyYF0C8NhMxkLmACdEFvMs8o7MiIuAZ28E6ocy5cm6h9guWs6j623Ocp88085Z6xnFfNQ5nCrKCWc7XrI3kyMIcMlMyG8xppZSadI5OeKTndhdy3geuc1jyFGnFk2spN1PZKOxlRmrldZZR1p3BoG2inytiCU8c3Qgj4rTFvOzeZVwEv50y/WeMVGhTSnK8aTfEGbKxzbp3T8up6noIECiT7JK1L0jT93HHvo/0jI0dL/SjzKTek8WzZbKDpgb3wEOJENMHIUm/uCWMcV7RSuhY2UoWwoesJeNBiX02LLQO+8wLK/LbWXHdYKA1xTzVYGbVYIsxjMcqjj0hbGGfypOmJdiSgQArsICHz8TLd5j3aQsGvzOHyX6S2XVSuASOBSOYqQeCDl9J33iFsU01aSsBhpu+9KRkzda7JyeAytlR7Og9rYVBJl2diJUyUm3mrema+Ew98SMu2oQZTnn7aMrRVniQsAd+3FNuea4sprSKvUo5WpeTv6DfZuexLhS3bKAebz/LrUT8ylbQm0vICrwjF6fJqUAhx7p9CjLTKRe37AplPH/9DmvHKNlOffJr0SiU4OC3jnm8UvqbogBuv0vd5m7+qu8f8thqjBYoVBQ7nJpQnpfqqnY9Sgk1zHONSmHkYUynE4UlSCiDBo17ZWzl2FKoSTSbvVVnV7KNSSrkzCIcWTl3+FKzSw4jIkOlNx/xVI+Kt1iTxnmPEvWYGMLGvnc+Z+1WCpLDCvJtbsmRcGRs5b9mfKK50H1VQcY7xbDX7uK5VzL5wPNHGGr/LRXtRWKUC3bLoK+FPl+IiHaVrbRA1Wff0epat/FJoJOcO5wQVAfCBWTdzr2fDKfApLKXQR73p7k/puj2m26jweSxB7s8v9RY3R+6hxZQDwFXWlGsOmFHYs+3OjwjPCq8ZCMaAIwk5sOgGKmMm3hzsjkffUW/Duk1ZjQMHW3aYH6W3fODrfMxToCyFOBnlY8+hkUnLzDyToDMHzLQCWFZoNRZIMbq/uKCikczJzYXFQcFbm10GvMIb5fJDf1jfZadaggNX87L7u3inB9kGzjo45NgXxEsuej4HUX47zjsPptP81pf/+fgZXzkRWdmsKzVDPeL4+CcujV9+8wdj3RlEhGKh6PPsD5PTueJBtBW8sZg9rJxZRf7UW7Pue8l09oRqsOdiU/qlpMxJmefOQfmEgZtaZHJNl5Vw2we9fgGmMomRCNz248Lj3hJN52oUHSw2yIiKCnTuS7CsJAe+vfbFTnnmpynbuBVJWxOcr1G6jtQWkLREuTxMFypdh6hLpsrJ0z0wJil76gqVlXwlu5RXakb4Q8veh9bU93X21o3DHGixEN9axLIvfEmWKriEiZ2w3a9R6oFJSKDzk9fAXV29R22Ev/EJLXaMM5ieQt+Wi4sRk5FIcYKtgljI7ExqymcEdLvQBYejzqYBiy3t4Jsy3KvVdmypei/Q7JO+Aufxvq0jhW+/+dfPAqKQtGP3CJvBj4v/551/GVcduzbPXkq3FLo44aLarJkGyox5qOlr3vCuWHrQGbFhGxM6kfE6Cvbglo6lrSDUbniCl2Xvm9wyEL7VoNEXbUJaa4GkcP5M7fXIXOX5zGdSZJU8HztH0NeWS5ml0l4CcJuLhLDvcz1+Pfsk/1n/EB9aFvroQ2kCWkomWrhzUvlZA/Aky3fS6fVuoXF+Q0fJuNOH/pum/YQfV0ksBmZpqNwZos9yrmGs0N4mexTcJzupexQuhKXs0oc5r/YEktyDkO7G0kzvwrKXeyOqccQ8pmtfrkPUrXKlNoRGmbmhuJJX65SopQ4UQQ3cdjqMcdMIVypYXCMVrGyarkNdtK7AmvTEgp3V9X7LyE/m0QWFObDtbYS6NsdL1OttghRIh+zrQ2DzaBt+5LgfIjpqA4ZNBdHYCFhjLm5xHpxKqQHOb9JrCYSQZywmPCaD+bNJQKU5w4zxPQ8y1RIIhLnGtVQrmkJrG4FkeDGBS+gjD7xuY3VT+HD+62t4pESx0NVxPa4PLgMm3JxgoAYXLSP4BP1k9EHGZZN9ujJFllmXoQFX/Q2YE9bs7VuAfzuImV+LhSvor4nNMQ6K6gIMPo3eiYEzm+lHCnfUoXBdG8SSxvrgkQfiUFxRGvUUnOiemExWT2kkJaWHhkKiNAMcXZTBg+BONG7fSmYDpBCFcNE8eAmnAaZnF0bnYjLw1yby5BABHvpjz4Now4FlaFGNKJlE0tRFTAAozC/f+S1p+NFwrWE8tnWX5BmzJUlg5ojIKV7V1Ynr7VvJNUGCgRrbQOAFKGWMOPhFWU4RPNEFVw/gKXC6ezvp2fPWgPdbRBdJ9pOTpU3CbFtVCM4h2mt7zrLYuRna5LiHOmc7LlqIh0xL5ZS1VJcAuwZYV5lVB4iW2GC8mEbYmXEp07WpPKvWDceKGQ2QkqWI2N7l73yZpZT7VCLAzKcCA7rK1AofibTM8IQ+DPKQ7q2UkYUoRFm3i25Vn33+OJcwQpaMGRPSBjq0d5JBtsdnljJnkJQIIO45HduKoILVswFdDRLoKZ1WppstDOAWWNhqmeSlomCIvk2wKGaUfXO6y+W6yG/L1iW4xqHkUyhxx8cQcEQJNQ/0GUDG+9LPkut0VfmUMUzfzJmDEmUYZRVCxiR7zibZLJfoII3phwYoLQVkxinv8r3ComWIJ+avwc4evB+hNllHMrvmu+XUYx/K5bel+d3JY2ZyrnSus3nJu7BnljGtrtsw/kU5Cg/PXJrzEsorNprF1LYHiW2IYORetz3b2K5kJFDqxi3ZPaFj7HvsbLs/x3ZN6yDzXwO8dpnr2XcEwauMA37mjKEmij1otTsXqxm0NLVrWxnHvC+tJ6kXY2Lu+GbWC+oEV2PjuD1Obc9zTPvqAEyzUohz7x08QY19qQADPhhgzBl7G8ujiXA91KB/TIxya4y+1HHJq75zIzimrxci2EqHtXkx0mZO86gajzTQDRxcFbmH/tBThvWmWPEYowpoWtMoq2BZpIJbqpre8yZtZWWOxZKuSl1e5ON9PjI9T+y1pmEuU0vHguHVG85l5JvEztaUaC6l4CTUsgjUdRVBKi8QAYBuGgBog5J5tUDyTzPjlCGBKH2L/PyT2dJ31sVBZlh3ABq+a7xD5KYL4tnPviS++u+fjuc952xLy4nMTv1ZXxWSqnqcQFO7yYOPffSzBIV4fxyN8LZlL8QA0+/ClF3Rm3DKZE0pLGRp0awKegLf1m3n5JWjFuImklgH96EpN4pL7NOTGbVqtiVHapTJVObOMgFbhoM3+wRiqnMAdbqJOBiSeMrE4IGa1qpLkYuYG/k7aHZT05qLvq9nICvCiZTus0deTQ6b7fRz9hVaCpaK0h4WhZLaKbQIh7o3ljKEl2cwMB6sWvAHbmdd5i3LkmlJDbOSeHLhgH4a4LqDtchySkha0ptgWhPIj4IcyoeGgazRh8sok0idw4q9KgjzR9U00npYcU4f0nepgSTiNSuAzIGB9O2OghvwOwn28Gu47G5XTmLmcoF0o6tlaUXsgCe1OgUXZu3NIjNZntBdYVQcxQiXwCyd7N27K1bAtNzxg6/Gxz/2zHjb23+9N/n3igRum1rGbsRHPvJJ3CNuJeLa2cUd171lWA7qRDMs7m6l/CcEkOVON8ubYlW1ze61FEdO8Km5422SWBZcIT9//NQPofB/6QO+tah4MedoAYCaE4+Gc485WBpYdMTHvtfj17Nv+p/tr2QC0jeeemCeVVyh6khGPtv7s63+SZZuf87Qqb+cW9z35sKpZSKtJrQhBwfv/e38nQI7CoEptK0NNqRrJdftzSMDfG8U0VYLzSyLavYZ86/9PIFQUpdhdK1gsbd+600CFhbpyYHIAy1XSanOf+Q3EEodmmsxttrsDS7ZHIFWQR7opwPsWtYcRym8sVa57yotNKyRWjscJ9bhv7Su6QaabCElAZNCnvOLMCR1cV/HlXrPxFDsXY8WGsEMjiWGDiA/dNqASdh2J48ywi57+A6BOeqwh49Isv0IbzvvzhbyXlzPiYXHFqXVzi2cs3Yrgm62oBkLDgZHaoCB2dltkj3Lm3/IOpt7p8dizqE70rVSa+DmO3i8C9wm3HzFZv6sZxVrFvuoj7YtzGPgU/fLPIuQudmzpuYSpXDLlpWY96fiac8aj3mcazbOIco3fd01hCh4h2Hl5FxB3V21OBKvivkETNhd0rYSykJ4isX8bYTTHmwREZZ+oMrEl+NXzbyMFwKge7sUnBzR4l0NdrqD0i9z5g7EtpvFZyPWnQNsw2xtIHT/D7/JI3IsOoKqx+lNGWr7DKFs6y3zY+HxQ/H0M/EsgNFbD+633tohXDyKPwShsgb0aEk6yDmD3/RtWWuLso7iCjzgBCNAbL+t1Pm0ZzWASzg6wAGt7Lcslqxke8MW9gkhzdqLg4Mc5fMT3sE+HX8Gwbzo59072/GTq2kjQsSiNU65MoBiFCF1iPQ/4veKHUTpRqg+hjD4CM4/+Q7pl7VjwaI6TDz3XFIdIOXl0KMbYtfd4FmFQV5YmlfsjDnzTOR82KPT8tKf+dR1O38kXXBroYwTaSJrAi/pvmkxVJR8hmXYkY96mdhSC56zLOis7hEAuqS5b45y8/1jljNTwXRt3OgFtWcHx3aoWMhWEGxqLU0nHoAh7bW8T2zfEKP/4XvmEGrqPwTSBA2jO3fEyAPiw3FhqQXWmW8inB9JJNG9BODJ8UoSrv6DHcPkyHmOsfxj8/kH4VPUPMo32qnHN+26nXLzTMMC9bwjGQ50S9aUVaJcBu5tN8uPO3DoA+S4eSugTZqQ1A9NbE/4ed1r4/CRjFMOnVbBOlDH4g8etv/HbD659OUw42EA4WWUMZFtpE7n23Eib47ftpFnFeyWnQDxzVmOa/FBau+KMS1Xzs+t0djzH8CIoocSAbAv5h7ZYLvKCLQ/FLu3Uc5G54M5/AH4kQugeZDh+XHMxVm7/atSmKsDzzeHM0rb8Iw7b6dfdjivlXmSRsWik5cxPU9xOgiKI2hQF0gms9h5i+7OlkFd+6GcWUIwrS0Q/AZpXdhQQGc/+9taTWu/L4vmcShtdk/F6APwIbZhiP2bhxGhc5Jjbwh00uAoEsfU2A3AnBcT2FrawdFEbbVUlk8bZo+35KF44pEGqeyCryvjwrrLlfMGOFUI9rw3151aeohJe17C/fiXJTYN3WlwCxm03FRH3mQiEsMU5aTHxD0zKBmoIl4oFOzUmMhssiikW4iLphK1VAkgKazxPgUI22s+s/PhfODm1Hwms0KH1Gw4UuwkEbdqaKUOeNrT4/znviw+/vG/i1e84iVoFJg8e5NFwvn47XyKKUQAoNJW/2Q8xohI9P4PfDx+49d/NY4+5eLYQthg2+8me5nFFGrIY9v8pPHQngNHXDy1y2kuGXsOJW3PRaDCT8W9CdyUCYN6FNxMl6Zl++ZhV+KevjJgRLq7wPyogc79YE4QgJqhss3nPfjPKG7T7eCheLAOE/Atw5OMce7x2rfCZH76oSuUA00G2hQBBZJGyCt0qTBwkoYA6mhP3DvgJfmq2fYMoprCQo/Z911e0o7V9ySCmT1s4BkaEw/WXceNJq0XwDxNy2bzH4NGBk2BK8+YUqvKKtlQLZZp8qv3IbSre+5OjA9+FWHB9vejOGJ/H/AqAGqpnMh9OQ6LOVjE6ZPEWSlKBcDsS1iEqMlE0WFR0TVsXI3Ow7vPNj/BK9uXWAR/fKfFzPHJtWELB1gfdV68/bf+IE4/4/Q4+eQTsCoiLKegSb+AvwHUltddd0P8wR+8Mw5dd05s3NONwYVo8+kP3XF1McPPqOD0EYA+BpC9JpSmrQV3MGf2LQ+SplDiGMjBlSq79jGKeuSrGYQZICPYb+h84p/0reXVkPFJOImLmfSPLOv//yeOMBnnVHphofIcMzW+Khv8/L/rKjTsyJUxzciraG21eilEDHgGH0yvbnrOKY6HnIPo6ykCmPjcUOcy+dk/NL1FgIIGi7lRchllOUrKoChjWQa6Cm5SFHnOu0lIlGH/o4Cinzvsi9DVxwU1yY/v3J/j/kg1o72yrUPrA6Ax8SHAEagj5y/HnYIQ54vpbt0BZgNcZETEtPKTnpQquFrQs7C47vXhmmbADJmUajnmVXh+7rqT+uO4X3SuarIPvh1f/wLLJhr5UYSbF/5SPRYsde5rxA+uHYo7b+X33E7svD/ilAvrcejTrK8TO7bMia9fiWDV7MRxJwzHuuM2AQYM5Z5GXPo3hNBH8NJiYzjwJVg3T3nbeAzCXI3uWRhXfhkLHnuKxqeWxQt+rhsLF6KU4mDiYn0hH5ur6n0wcsRh//bXYYmw9DVgMCbRrndpWwMGuL9B+PH7mnHG8/rivItasXiFVvuyDu5+SyOu+lJ/fO2D7Vi8bk/OgczE8db3N2LBEoLRGHIvL/qkRv92J4lu24lbvtsfn/jDiViyFmFLS5V9wryaB8CrWKY9AJk5S18KK9p39gtv3TQnnvmK8TjnpdQJLCr+nPN3/ko9vvX5enzzY+1YeAQ2MspViNt7dzNe98ejse7kPbAsWvKwXsDM3vq9vvjw77QQ4rRouSY6PxWlQdKX9JPzMxBk0Br6kUsLjxYXhbdzX92Msy/qxqIVEpNzMAcz/3IjrrisE1f873YsWVOsQfCJpK/HJW9vxgnnYG2ZL49AHqyJmx8kqvWnanHDlziu4bj5nHXK4ev1ydhJ+v/ytgbp9yIwy08hoiPobryvEV/8QC1uuwkhbhXsaVlKszhxNnduK7b+x4K46DfmxfGnbeA9ik7Q+c3PNuM7/4qwfRD9nIIBIDziEtu2hR5hfUjry3zcDLWOO8ZTScF7Bw94NOXjX2VUJ88HH5eWXcadFkmIMfve+qw3+/pxCix1mpK1FKuy8sGxJ9bj6BNV6g5C98249IOct7qf9If1GjPaSgSi095uBGys1oybb32lSXTRTqxZ3RenvFpLJXDRJdksIaGSBuP0gbtr8e1/jjj89Hqc+FpghQdqYSm94qscfbGbQHEL2EPJ2L7w17ZDm9JQN+6/K+IqxtLC5fXY+SDHor+8Hgce6lxeiy0P1ePrlyH7LGZ2Nwwt80yLMbhgaCrOfYdCIeszZHj7zfW44aou58Jlkejya/HiX2GXN3Tj3HL/nY349qWdmHf0IgTRbuzgyKzY3oizX9ONAw9DWYDwb/lbN3TiS1+Ejm/vxJJ1nRiZUrFEJNXRVqxZ1YiTXw4I4FBeoGAfmEDtlvv7OfeV9iCULTxaax+Cz4O74+yX1WP/g0w/EffeCT19ZzSWLG7Fti3D8Ywzm7H2qG0YlrGEQ7/XXDEQ63f3Y11jLhWh2fcUrpKZuXruqgNix10IYY3JuOCVEctXOUfgjQJtPngH9X+Sd4vHY+EhC7GC4QLOWITDiQt/tQEemDcZszdd0x+339kf5z0PhfUBKN1jPvvOIHZwglmQnsRSV8OttUME89be+MqlE3HkEe04/hdQOmJZi8Z84OTw+PsYcwiPWlxXLqzHGe8ADeC5QTtu+kE9fvzgYMzpEKiLYqX7GVplDEg4dpreTyiL6spV8rfQyuyLGSyfpeuqPEpvCZyd5oncN1OT5eJrgbl5lmzWpTaBm1It7wqcfIMQBQgWXlZgWoWE7eLlYqwVhwbJhLkoZJZqJPhMiCyKBjlwU/vCoM0ySZwMb29xdHocQwiUoTn4uJPj537uEg5W/qN4y1t+kaMBVlrSz1SQS1ggNBlcF4Q77rwn/oygDh/4wOdj7Qnnx0Mb8Wu1U6pGJTygAgJ1I6Zni2Vn8g2kgvvULvElJt0rIu7FbxLN7AkzEyX+shLqN00BjXuEXqOISYUufAYMyb16LlDud+TSRdKahDUnVx+WHuTbMiBK2+KfZZM8zz7joNQqZd7kB+lJ5zkxMs+53ywXYuso+HShVehtIMB0cTfR2ifMVduy6ocLvmS3X1xY3e+kxiv3syAw5V4X6C8tX5nZsirIrNfLhR8hDzwKU1pU6V8FFFhL3rM48a+6Eu8c5NltH51wuWCWImUGy/k2GbDA7qGdA9DDBAvRlFoqLmGRGSw/Mme55zProSqFQLfK6VfR18Eantohk5X0++by+aNfs2Evrkp0F+OvaJAx4qqh3f/UeP2b3hHnnrGOSYxFCDwgpoGXFq4nrfju9T9Cy3tG7GrNxa0W+BEmsNMn3nK/kvRiHzyVK5mw24CJiHYwJn1aLuikVBZgCQWLVbOfZOnCY2+JrYJvq1JobhNaGjtPwtx1rnqKoD9JgP7PklcwQk/9hHjOkdyPJrEQ9P9Z2T+T3ADsasZ/pxGVcE327eU+M37nHjH6Quu+9JT7Qfx28Xbxci7oEXprlGM6nC9tK+NU+s2yue8bBhfQTAcFjO7X5VI496IiuRkVfNQzyeb1tN6JPemV8rTmTCJwCaOMi8+cb4pCUOHFHQVlHiqKGfYxoLRwnlERUCeimtEl27hICnfuHaNeIxC6kb0fAUfFEBkSIj/tu36nFpQhBx2xJ867GEUI2vFtG/rim5/jWBtc9/asb8TpL+iLVQdjNUNI3PgA1vJrhjmaYUfsROg55tRGnPFCmSrcm2/rxlc+QANg1g+7IOK8VzCnWyVVqJD6/F/titXPaLJnepiAYINxzkv24DK4KXZumRc3fN0DwxsxctveOPW9k7G/lrJJ2g2D4xyhi1WzuTV2bRuM713O+VREzjVgSrqGM1c0W7sQmPrj9GfV4xVv3hxDuCl2YDgbMF1tGCW3Pr7o9ZS/e3Fc/ZlNsehwFSj9sRRmbOEy09A9udyI+8IkDyD8bFiP3yDKm2Y/eNTqZN9weTZSrhflV/Zjrg80dgAL1tabdsdZl0zEJb88hZAqEhTSEJ04g2n1cC0ueiNWrb0r4vprJmLFsu2x6ZZavPnP++IZ5xE8gbYarEnMteiD014AHUI/H/rtTixbh0WibwVurOwR7FmEEgR5FRENrvKbW10Tt9Mn57yyGRe/BffTIdYS+t+yNTSunt+Ol7xuS7CdKG74FlPrITjUA8cr3okAfIl8kNYI+QyEAdIfjAD+qrc2Yar740ebl8SKRaOx6bpN8erf7UNIZR4jrdXL3LaYzw8/fipe87aB+N3/yjqWdA6A0Kt46sfNb+tDtTgaIfHci3ZAByg5c2jVYv4SOgLrifgq2M4WzvpwraMcinNs5p/rrsp8C8lLZHj1SkjclCf7flY1FNgMsFGDHzHohd4XNiiDO/At3NU6VuXat6yf9gtYaXu/Uca3duPIY2rx7JfD2xCRuUQi7I/L/hbcH7c3Ru/hoPTT+uPcl+IyONyJ7Zv64obLEa5ub8d+p9TiWRcbbZt+QZgWN15ObX24LP7w6qH49qdQCMBKnfkiDDZz4QHaTU6KasZXP4AF73CsqUc343mvhJsYwE2Zqen2Gwfjqn+mrjXEMNnVjXNfEnHQWgVVDtS5aii+/iFceBnLe/XYxuLsuYhbr90QR/0+88VRhTYOW9cfN1xai+E1ndhwYy3OflUjXvBaziHrU4mPgPqPADqCQoMIspuu78axz6nHi/9rJ1YfxJjtp4weItsthJHnN+K6f2/G5/8Si/PJS+XAorNxI3NGPc69eAoceqSF/UCjyWdXT0Enz35FLb7xLwvi8i/PiZUHbI3ROzpx4jMbccxpejzV4/uX1+I7n8ZajkflqiW745JfbMXSldBLc3PccfNgfOqPdsU8rIRt3HZ1Y3eOdM7UhXJe35bYcc3OuOBNrTjzhWOpiFGIruiqPdmMs17SiK9+rBXXXTYSi88YjpE6yiR4yme+eIL0k8zrfYGnadz+7ZE46VntOOoZWNFwpXZMd/GKkn5pTeLd+Veh9cc3kGd7X5z0nFYML2RdqO2NYSz6H/xtXJ9PRmD/XsRz/7gRZ1GHNLB3Z4N5kXVnB14jjPM2BCK1zlzOoyKN8/t2b8g3noE93QEzCXPt0E2+tuNByihwzXr9hG/l3pCCi+AFtdNQRzQDSuBAsn8VIkWAmFAIEBO5eVZXFpvhviwvB6AuVyxwTr5OKpVlSBymwEga7wXbkKMyubnYwmxlVCVxAGAiY5LJeBvneRxx4ovjT/7kY/HPl34r/va9b49zz30mfsIwgFzWwf+sJwvOp0/uI7uhV459YN3+7di+M778lW/Ea17zxxTYF0eecHw8tN2Fqdd1pHWqq0shOdsplszq1GoGnP3M1yQvV5V2+kG2p3rrty4jfuZF95RAKcLoDENtiWOZ3x4edONxsZHqsthe2cLiAxuYZZrfvwoG7/htkuw7+rl3ZRZoIvveHEzmXW36Olh7lRGSt+JtISHn21jRumh+ptSMs8CrPc980I/lpeYX7U1tiM2fHRkx6xM2Dt1MwfAA+DHbXq6c2BUgYA4V+NTOpDbdszxsgvDZFjUeXtYBfvLisSX7RLx5NlIbZs2zptIVK1+y56OXKlPmswNiwTwsRJRdcluEZZIS5q6p74wXrztIYm201rY/F1Mezx3y/erp/Ca1WIV8/KO4YQLlvowI39oQ0vDcK8shg+/Lm3xY0id8max8kCAZXgQyD/9lswYWAdyQaGMLE/0IvviLceO4b3sn3v8PXyOPnKU4r+iLxWv5YvaPDBHO3nPphku5ftK/kwRKAKDst2lYfGVbaHP2QSYt7anS+L6MJwtSgDYwApYZrHr2o9Hk2vqlE4WymsqqdluvzSxWgoIHSxEZhX7ypS/QojkHyRQ5B1Eef5XCon8B1r10jTFzuYRPmBPOHi6zrqoPckz33lfPyCNTUDICG7c2P1P5OKH1t0+yhukn5fdMmqqNJXJcL0+PtpKSdSfG8qESKSOalooKvrPUgtfe44Ql681qeQecWadAPhwWM+XjXht6Ge2nXtKsxyRVwdPt9FleVuQfl9lI0PC4EhZl6/XwZvHhPhO4DfoCSwjKDQU7LWxa7cyfeLAM8vsvYTBnqdw3WPMRplAcJnOMEGfY+y60w+AlB5eJPUJjB4EoFiJcaS0WqCTKAqN04c/pJtqgZEY7HG2AxwCKICNHZuTGTAQsMNZ8Clq6Rno0AQ8pB0hts/9MS1sn2YPLjQ+tOS9uc3xH4FKONnoKrxI1wmqxK32pCXEeMJJ2ClQdXyxl7PU5NtUWs8eJd9ZTgvDwHDrRqsnQyXmw2d+JM1/ciB9et4CjbRBecUv0qAQtBFOT7CPR9R7XzrrR4+ai6ec8uinfqTwjndY32+KemVGETcOO5zozuYs9cEtxOd3DVMWYeqg/nvn8vhiEeZ0ca2IxGoy7fzw/nnbKzhheNEEQ0PE45bn9CHAItEx9Ex1dYRnfCKIT443YtNl6nD+hB9rZB4O5BWHWxAYTAWLeF5w3DD5gWizrHpzexjrbZf8JtomEE6zFWRciNGGpnJqox8b19bgbt7HjzsQagbAyOG8yzjq/Hdd/vhF7ERSPf15fHHUKDsmgb+/OvrjpKqxnWEqOPZ19LsNtrFtYOp7VjJt/2IqF+8MUKhmDc+HhgwshFwKqaMjvsjzBGMPQ94PzSSx9G+9fEHffMhXHn9WKOQv4m9+F4UdQwAJqfx38DKwdz6U/sOS5D233tnqMwNwvXQX+EQjnL2kjBDTiR2/YEq1jWhww3ZeWOgOWTGExvfOmfiyuWJrOUIDAWnFAKy75hf747J9NxZKj6xxkPZRWjT72EsWO/njJG6dwLfX4ntLHkDT5skGlWTZt1mXvZCMZZ4WPoBxxgMK+zT6iHJ/yiOUp/QhOHAM9NPGVV1WD+wTz3opN5/rM3FbGvTMElNdbX3tZLWqfq6prn4eOXXkgy5RO5i6HVujfKfA2a1w88yWduPEaaG8H6ZAd2tD6JEJJH38KJ45tl0CF+vxtaYyJDvSY7yi6hQA3MWo9tbj+37pxwWvrsd+hpd4V+/lNAXfsiiNQmDRYy9x7KZs8fwnuwQc1YzcWuqFDGjG8gHmCfVYKXnfebMXMk/SpDe7gweNzrys+14yXv5WDz5krVq1pxbN+biAup14TnvJsVkkUIFrP7/qPenzpfRzIfUI9Nnx/Ik67uB4v/1WEOaxSsoBe0qT69zrWtUXLO/G813R43x8ff9feWH4SSh3bLp/m3CS9g4cOngC2XcFVOlq2Xyde/LoRptehuPnW0u4W84onkpA75y9h2/HjerzzY3gCUI/jbPP6wXj3q+mjNfygr5I/QZshvdQQKOd2d8UO3EFf+hsj8dxXIvhwUHlRlFOHANi3KIj2P3QyXvmbWihr8f3v74z5K4FzJ0Ia9btf1PlRN3x+0U9N5jC8PHhWayCi8ic9d8hrAEDrGB9BYY5V9cGbpuImPBpOfyEKRtp95IndWLaWeW2bh9E3Yu0zHNPgDjhu+AZ9dg24OLbD+YDSrb1nn1B871/+tm0qAv3H2lelyYR+OB5sF+/ASJaQBq3pBE/8pmloULGfk1RWCWOuC4EMpLD5Z138K2mk5sRMeQcTlsJer04nNdSkpAUwJ0AzJ4NIPq5ctLLlIpUHNoZF3fT+TInZdA5MB2gCgBl1+1gcfOyRsW1kPF74wufFq179pnj9L7wyTnjG8WzkJTKYmU1Np1cMQWEEyvOf9pmD01ZlZr9ZQHrlbN26I66++tr4i7/+WFx15WVxwNHnZLqHOFurWQkKvULNUuqkbkcthSSB+h6NsJ2frmr8fCRMvQpN27tmp1FwwAAun1IYHkdlQTKpJQTLZDGEWS110gGsKol7mUHapNtPi8mh6SZUmCa1zArZEpYbZqv6ZvAGHhQCp33mqUnfDJHDX1oW+TYQTXZawm3Hl0sXyJu/90V+PJ2/Dfyt589LIS1HfP567I8TeP3D2E5Am5k6zAFdoKUC0fmXVlDhSGZVejEJv7nKnjJu6Gj71vYVwZTJz4hWXG0YslqHjalYmbwoffpqOwPF/XHjd++ffvbIGwSlOJQ/XEoCN5A8o4+vh117OYR19lUN4Fa6c1IrsGXgmSFxJJpLWyq6yWf5Jl9Wd/ld9V9a/HIhBG6+++ayD0VruU2DWfBMvzEm6gF2eS88bHX2fzPDibN5H7pyjI/T5+PjrD6MXYXcpgxsMuKQIJaV6BTLRlovE5SC6wJIfmY53lVvilWU3wkb5EnwggaLowv55B61pADYE1h7XQf45uavV4iw7XPlq9773qsMisFAcaZKRVBvLGotzSmtxl7HHgwVzmZVMV38dF29cstX74dQ5S0fvUfTv6dLKDfT5fSeP+J3ydhrZiksLeGbcHVaqFIInCMQJT0jUBec2LUVlZY8VTFV9dPwJIg9ICtgK1iqTL3X+fXwZ9Xv6TzeVOWJB+dLf0tgYN1bniW8MJvSiCPOwEKON11nSwAm5nr7vGSzIHss3Wil1+kgI726cp5CW5vj2EpsPvRR8CnTX4rq4JIX21AyDLMeTOf1JYwxc18X84/zYHK9Vo5goDCpN4nzpcyFQqYw264iwCiwAR9rXtmnKv5dG51/bDV/jjEEVAMHFCT0vnwJU5BBdQiYUKsjfNQYP7lwgxfggqcQwOxbUZeabx9Rp/jKxqakwB2LJ2IQz1izN4o85wrSwaC0cI2bv6gVL33TQLz3F9D4H8h+dIQn66Ko7BbnPs+BixGiYPJcZUed9emaLzfjB1fhcLTAfmCHyBhuWHvwInD8IDhpLWkyf+xmT96Bx2HJOGAKAQqGj3L/+X1z4iffbMZFvzYnzn+N2nssBbj4kRkXIoTuJuYK4K3DWI+Pzonfe+kCfjtPOrf6R7+vxjrEfsCRPVgA8EQYQthKqyh8g/AIag1Bz37PIAzcbsM4dzCucisOwM0Vhllh8rP/a17c+h326fxmXzznFfYlLoTzsVzTzpH1CHavYx/PHNYTGPjrv1GL//0nrkWD8fN/PD8OOZqAMQjVQwugM4KKdBahCMDClWHOSZUX/TC99EIvaUkFnYec1Izl+yv8doBjID7z17g0Xj0eE2/Hnevl0j/ubqKBvtr+k26c91sIjjDYdsw23Oje/WswnPcsivPfOB4veh3BZmjffod24rDTxuLOa7vxgl/qJxgNHgsId1twAf2rNxe8/fr7+9nKAe2C7oXLJCRwyd7iLkcaDbe2x+Yf7IrXvquOxUcLhW50MvLAXUDxM+k3b/JebkCeQgEBpREWZb2qWrs2pOvbEhR70lJ2SpXpMb6z73xvNBnHu4p9apTXw/xGkA75RNyPs4zymbc/5cOxsmXPJN4qjk6y2xEGuYHXUFpLfpE9S2zSZGpw/JIOunFcLFgyFS97c3/8+RsQSA7mOe9dXvx2zGWDsmO55XkDBn9kdzO+8A+cp4tF2HnX9Fu34HJ6VCt23tqIzeyVO4A9kzZr6f72hxcuhYfp3UMxCFeuayoSnn5yoNCoxVkvq2G14x114miA2yv9dQDKHJrgHEfkJlx967H0mHpc9Zl2nIai5LBjxVknTnp2Oy7/eC1OvYh6j6C9dHobYe+6f2c89Y+Sj/3D+zXjha9TOGO9o/7R3X3xo2sbsfFeBEmWkbUnYZk+iDFKL59+wWSsv60dV+F6Gaw1iQtbwLge2dkfl36on8AjnVi5BosfFqg5BCmaOzweJ5+9OW7E9da2Jo7Bi1dRZNTiDe+tsf1C5Q97xxCkPvP3NHYxVsu5BPJhPCX95NyDhbjeZp6ZE8ddMBTnXMRA4pKWt2/uj9uuZ+sNiJmP6/W6k9kVSNoFuGde/Casfa9F5jD2BCZOLdE5Z9JBXejbDvzyp7px9deWcGbtUBxzzM549st2wrsgQ9w9EJ/4i3oGClJxtR7rdN+6efHFjxOp+5SpWLiUOhC4L3hFMz7232vx3N/FELEsOyd2ba3HpR+l/45gnkIg7jWbb+4kAnswv7l1fc6G9vo13wqZN1B/rmWsj46DUoJvntKVUSgdrF5JRIlcf/SI0kWY99V+owSsB3De8z7zp/RbynChSO2vg0iAmfyzPbazd5W2OphLWyHl6QY6AM3jJaNrKpW1m/bizw+lHH7Ci+JTn7yJv3+Ic897Zbzm1S9gT8+JcdCaA2IefvES4xO5SrJeWhiDnUj0d99zf1z3Pc6h++g32IvwT6i3zsFN4Tmxbfc4LoFM0gCihsCW+t+6ym9rBNZc3MEkbS9MOpMiTMHo6BgTPFYfhILZ8FlSdVVQ5zM+DHM8wr47tSMO4tSG0T8Jt3vrnFUou+b+LWDKUMY8yz0lJkpGz0EDqcCktDoEAMg9YCxcHAORwrJ9g8ZcLJsvmWzKykApFWDZLrLQfoObSA+pzc1OLFBLitU1f3iYPYsfpiyZ6UqjKnbKJZ0l4VcZpp+XNL6t1wZYdMZjzZo106kyj8dX7IQRWsbBh+JYPPFnmUgr/C50IzOmfsPneaQAeJvEJUeBL+GQ5s3Mn8877Jt7+LVkyaL40Ic+EkNY2ab7PHPL/Dg+ygBUK5ELiq2iSNQvfvBnF7GZncOZDzv8yPydH6aREcV63RpBY0RyJ2THTUVL5mlh4XSfWhmfZipXhcfqt/2ie+MoFrYSYQrXQVyxakPLKBi6oS4tFu5zdCHUqj2F0sZNtjXCbbdRo5X6oWXeJ31BJ+4hc5+SE34KRw1d+vrivo3bYhebieeyWTnLAXKbY9uz+QBWxq03kib767A2jjEGtEbCqbNY0S6+GwiFah5LzpVo0xA0GSMTCJHFRbmUaJsrupmuo6oNmPson6MQuQhkY50qmbh0fZNWGyg5PCdxbIxgDmxCaSmcJyJLyZk4H1g6rxzXll9+lte9+mbnKAl4kkjrJQaeXuHTVeSb6bIomfTOjT1qZG5hkzs0OG5YssXsuxpg3LABemLXZjSg7BNlnI9zlMgkfTWJc35WZ+n+p9yq6GnY8rm/vLIleTf7/XSm6k0Sbymv5MoXpQ3lNrNYV4Nx5J7gxKNWMOD3ahsCGobKfab2rXNAi+iGCtFettf9t9J0NQ9WUHp+nHsh3VPWNfQyaQpdkpH5q4a7dTYcwSLnp7TSl7ZZBiwnzCJ/jnHnzCxY2mTOJGKt0V7dJ9uZwgoI7TcNmw2d13EbMlCHB/am0JL1kh3m0P1sJaiShTFCKTvHuh1gFY4tgnCZpkUbk+54V5RHwAFOc94eQRBUwATKclWMZik3F38HkRiifjczdaccF0v5zdzQBa/kFX9l3intyxzcGs5fZvXQdTvjJW8dji/8Je1j71epr3xn8TIPy5AmagpR0h8M05ZFceuV1qVSS/hgPNegwaddNQK/qBys6/nAgdH9w634weXsyxxYzBgdiN0waXGQs6HWUaFn7chxiIs6FnwZueQHEg8R5/x8Exe3ASx1EzDJHRjQWtxyOeP3cOidCNi72Z+3m/00KaSK4ISwJ7Tyy2uBe4ioQ+H3evI2UTaOjxEhjv0tUWf/Noxijiz6oa3mJi/colaaFgZ1Vx1XqG6sw9p2+Lq58dA98+KjvyujPBZzD2nF4EF6/lAz+dMLSZyIqGygPUCZ7N2va20m+ierO9p5js9gjh3d241d8BHiMfEA0nMmgaGu+mL1wc6n/o6491awfk87Dj5PN7xanH5+PVbi+kZAUvZK9SPATcW2ze245kusZoylLQ9CEbjWbSWfuPWyJIZU3qloGELJtvm20Tj9pbqLeuZqOzbdN4irH3vDTsKlnIjKhY7AIW2yWfa5XyrY8x0PO5zDZbChQcbUzk0juBlebsKncJ1CHsf/D55C3llZVp4Vw/P62VfFeHCMqlxQEesGU8Z4KlBIrlBYmoTA6rgAN4cf144X/3IfrpRYtY6SJgruCvbAoIOjN6ZFqNat73xWQvZPDJOePXKLVuvuuyfuua2Gpdd1lX2Ti6FXAoMEgWt0G7QsaUfBnWkmDjiMLORftUaLs+7YsDAEWbn7usFYfBrRE/EaKNuKKMehL62gxLj6smYcSGAQ94kecEQrDjtjME7EPXAQl1/ngDt/NC+u/OTC2O/UyXjwuwip76jHslXyDShhGJef/utmfO8y4feyDbX4nU/1USbzL9b0M1/QjKs+TZ2UX9BRqELr4+1YoXchvH7vMob90r4460VYTBlwy/YDD/K4gtC7RNs43XDmJXUsxQhvtFsvgq9+si9u+XdcKY8l8Muo850Z/BD3bNzAQr/nJwNx5tvruLPinYB1bNeWZvzFbzZiy63ycc5Fkf12+vMZRcBlv59xXiO+82XG8/75Oj9yjFk2oN1zPzzOXcyXD+6KA1f7xjqLxfLO79D/BzEv7MXFdcXCGF66JLZ/a0fccg3W+gvtu24cjdUNpKTgWDwQ63Hjd5bGnvt2x5JjmD/GsyGzK886Oig8IByiU25PUiptLckyh812bWMerWE67PYskYmOhxU5U/hj30HeLgqlN5J+GbDWk20WGzRIKbdUUhCaRJ2jnpR+e/RARfwkLEw0yM6CyqtSYO/BNEx2iHW7mFu2zKYvhYpPG8UDmR0nGvctTTF4H9wxFivXgvyhC+OKWx6IK17/GhKuihdfdH6ceebT48jDD4+DDlqT0XBkwmVuLUrNtYyQjNMEC+SObTtjL0zvXXfcFXfccU9889t3xje/eocpY3DtfAS3F8Wu0XZsRngzfzJ1BUBB9ElpnF/8El6nQfFp28dhtOYvZD/BjzfG69/w9mLN2AcF5vLyoX/ld84l/oTip5ikf3wfJuPFQ0YaZoIlDW1IJoI0dTaZGyWN/brFxcR9JvyTaagWscJMKxyoqcVlVesafZsMFANNZig1tQ5M+yDpoYJNqOxTlmEijnoAreV3WgYigOl52KXmdMmSxbicvvJhb576zyJU9IaozP8w7lMJY4V3YAUXVf8IQxP3jyYBSqSrjq4fuP8VrbNJbQEXH1O4X/o7FwAeiXYv6WT16pXx+tf/fHnwn/ApXNKgdRQ3PGGmH1JZkhQf26aY1fY7O/7oPX8TH/7oZekyUIAFyhb7URiLCqz7XNIkdKFy4IYf3R/9q+fHKBxIHZ/uPqPManGFHjyY3f154sl+zAPbyZuWB/ewUqiBjBpEr2sZPSkrYdxBF1pRJmGKB+AstjN23vjGt8ZcDsds5/l9CGbZDgnUUmDom2jfnT9wa+xyJpZ7QkZQwKAyj90j0CDuannelhZQ8u4aYz/QIcfGO9757liwYDHCmHODngEIK4RtZyRkuXCU3MPAEUwFdbNEzz3R5GDO70FD2rd2TezAv9022ZuC0yI61zyEtls3jccb3/IuoEODBz4gaOCGQQWhqXBKBPCc/mDpJ7dlG0lRhldk+FHa2O0yztwjhFtcwoTCoYxJ5krCN+s2RAMEgW/gqIMP9gMVmFwMyzljUrVXNb9NtObhsssZXAiiOUbxA+mAu74ltfjV3/gDhE+UQElHMMyeAUYdNQRUccyP/KfQ0wW2BnWmm2GX9ib8KFRECDSUYyphA4J8Bi4aaNgFRqUO5dp2FT2WWy4zgBc2eztdd6Z2x40/Xh99+y2OUfc2pCalKA+Eqw2teeX8w2+jHzYG2NyNYsBAJ8mEUbbWL+HKQ7XNxxyW7TKzKIQ+FIw6HBBcZwHUg4BMvTY5Z5mOhIOLYKzBse98RqNttwFg8tBs1o+y7w48sfdUq5l73RS+dFU1AmUJumXZ5OVfnWBFzWH2Q9GHU7qPiSsuqSuFOfqiNb4b+sMlWCFVOPhzVXWOcr8xDSM17tk1rU/Si/O3igaUKAPQ1ir6MS332SGgHAFgM+NxOeOKMIW12jBNwuQEzsu8Rx3c+efcpZ5uZE8fc14bDX8bxmw8vs1eFeJcUhdlkVQvDY9d6eyC2d3Cn/TP3C+tHHXiZCz+fRhFxn2djfp33ELghSuXxMLFuLpSi3NLB+FhoNaK9ZtbcecfSceYEqh7vzPBxPqIY04iOly6KrHvimAJsH2gl/XaPgBnbZjSoXlTcfEbNmKhQ8DXPQ2GcN3JBOHA3epbn6YPVnfj1FOn4qg3oTLCvFcdXWM9DqcmLk/33jYYl39rIYFCRuKBh3bHJ95FVdkbo7HyBPCM1HT0KbhoJy02Ytsm34sr3S7V2E8iZPXFsy9uxLFn4kLflEZ3xPmvasY3PtMfX/mHqVh8JEKV8lx2pfCznpcOF5FMD2K94GSI8Xg/QtXH/xB8moG6VhxbaHLtM0Ad1hyfF5yITSKMDsE0Mwe1W+x32mBaAsfs2Mi31k/HETSJNW8h0SUt7wb2NX338/maDywhh0YsOaoea9YWQVb31433mxaYYAw7RAiM8X7c/IiGOa+F4qwEOnnWf7ER0qWfM1fOW57xxTzveV+ZgNcepDwX5dH2jWPx/HPXxqte9jbwJT5m8j7yjpdZgenEEz+ZLJJOXeccH0/yci6aQJn5Nx++LG649UHmR5SxNgXlSnHPZLQJFPNEXvJI1Fyn00YInKHQNDhniv1SDQJXaNmZaUDCZyZuEl77F7rsG+wQ7Ia5CCuXEWRVBFzxlXpsmmJMHTwSd93SjrG9zZiH1XsBQUgOfRr9spAoiIssm71quA4uov8WLp2M/Q7DUsh4Wb6G/a9w3Ja/8V4VxsyzekIJeqIFqmK8jNO4ZYdHXPP5Vu6NXXs8AhfW14sZF0tXydfhij7WR+AS6H34ARStSZxxyDpokHnKEPw/+UER3g5EdjZq5hza89CN7IO9fB5WwgcZ5+1YynhbdRxnL98FfaeyH5B61waPwtjgOF+AddmtDrhfsw7t2gaOHYy9y74pFuYG1r8p6nZtacb1Xx+Mr/1jK5YfjxO4SzV9kutMUgKZnU9ROBklctWB7s10L24Nt+a+FN72P5kxqNDHOL7sI33xr19ajPcr6wIeQgPgeQBlTE8nOE3LiUJKnDsHLwBcorc9iMKGOai6asoppF7ENDzBHtqpqT1EhsXFFQv1P3+QIFOn9sWSFfDsHP3x1n8s1jfXtC0b2cP3yWbMRfA34NR0hVXB9F+uF+DQKO/lqqCpEpmPed+1Tk+NNHj10jw8aZXlCXwTxMSB75hzyeFCa+ZhmEgOhLYE8yC6UJdvyyRhspmrDE66kUcFEpmzYIE0a8dFnAU3BTRfS61I6JnUe1clqVemw9eWAhG7RyinSYiG0ZNpZLp4gzYdP306cpR9FEsWzolF+70ITXAnLrv09rjsi1+hhDIZsqU0Lrp4HWu6SK0TQYtFjX1BDuztO0fi3798E88f4s/JdwUL6bo47FSkY4DYsRstllEmPVuIS7iqK1uZMDsYyxuGQLZN4ahG2HInw9y0j4ZoDyFs/+2yn5BdgvXKVva+8wEfiZzet8/8XXA6/2BdF8rE6Z4v3/jHqAA8F39KpGjvkzkinzhMnCeOGVQFm/Qt7ckBCAy8SzcncF9gyqIoiMJ8nQVTFsyxC6Nn99hXttlQ3pbFr8zUsJ+4Zty78ud/yodt98ogGjIeHE7tQphtylfc8a2gIgMmg99AWBHuMikjxBlOlo7NdJlTuEu5vSZYxTT81Z63fPif9FHhpoFGs963kMrQ+AuD3LB9wLf7hRYOsln2Zmj4DmCUdu3DrQjLE4ylaRqyz/wT7/6VfhhcsxRGCQsTlhCZ1sqVMHGlgN7DpZEzqwXLkO0TTCqFxpgHYGz7cPlyodCdLcOqCyOwtVHvDQHyN76houMu/ira8dux4oSpNh/hij5KhjVhK3DO25/9dYaOxwKXTHmO7RIlS+/Ry3+IK8VW2k6UJ5muUoaMLDS4YhUw0E6YSaII8YpnVodVLXFwxMpYxOKl0l1andLiyhtdQBWYEZvi3669G+U+eau5zNDLS5aQvYfDTSolKI9oa4YVDlw8Yy54xxqezvDi2ucPbqZgS+f9HBboBawKosBi2DdLrGpuBK70SywBdoULL+CJTQ9x47xDmgXUZf/vgWuk/+anaxHjl/GVoYhJBZTx9W/fQ3XMyeJ15cqCB1uoe/MWyxMAYfLPe+uzjkoI87kA+s4ShQ2BIvtKHIpv3q+gbFXHu6BPNmOXdvCV6UmzajXJ+KaYPqz//Qja/s5oW9YNLlUW5b5m8ziXO3+oaKJfrDVdKqVF3tWwunn4t107hTW2uFu6rpiSNJTVTeabvoWmc7zYlLyo12ReMnBa4MgHP5C5c68pZWSgHNMIm9VyCx/FvAm9W5bWuYbKrzJH5Ld1c+nZYGPzF4n9lmH0Lw/cRRhNC4hjpHdJTs6t7h+reyYRAlxxiaQ80U9eXfHL3MaDLLRk7rRY4IGjNrCUb5QYbZQplC0+XBOFxaveQAjFGuBw2PogboUPNeMZ7I+Zv3gsXosV7tPvx0UUeDOPlSqwJd3rzuo7qAMkHH3S1lh3Cu+47x/kfLiBZQRemBMD+4/FKIsycBIAAEAASURBVPtUDEil66uHsPeDi0XHojQkwuWcxp5Yf/WCeNk7J7EQ6AqNVRZm8ap/RcuN5WAKa3KuFQp2tHWAqI+6WN5350C6WQ7izji8uBPPfVVfXHv90pjELe2IdZtx2RpP5k74ivIxSQC4uvH9K/pwJRuIfoROgubG0NGggHbNZb/bfddPxKt+ZxALA/XS3tG99bjyC8wca1DY3sv6TxhzLStz2Ydk4IIWAVwMeNLvvjNcFC94TTMeWt+Im7+LK9XynhWOcuoIvkYdbiOop8BAvxrhtL3tAXqD/XMwg4MEH8l7XMXuuz7i1b/XxMWutH+U/TZXEP1v8JCpGMeNy7JkXO2Skd32J8TinOD4c43iue6YBADOa+li+okpRqGUqRlGvB6/9EGOelg0CVoJtrC+TmAbzpBbK01AB7cOxFv+CkveGoWDevzHtX1x8zfY+/Rq+hjCl97T7YzSCz2xniPA6WfWVXnS4wlZQGMO43s722yeduQFcfFLXgyDPlNGgW7mszdaSwWOjWpcmqQ3SMvomcnzeHcJL4Sg18GXr7glbrjigRg4klnLsumDdJ102GXlpUL7wf9Gjtz8IELH1kaceA6CFoF03vxOXFxx66u2KGRCs/FXghLJZHNsA7R55ot8IR+lsMGGju+OxQPXb43lCBx3fpcIo+hBhhcbzbKDy+u8WLyaPp67I/Pfdj0KgjMQFpYRZAMFBW4V3Mu3ELW21R/33MGawzTrGbNGeU+FLuPauUkcTSjcLOkSLbSGoK5yZSoOPor+dJ8oc8E9PyJi9BcR9I4BF7j0mcvopDZEgX7bhvIMr2fK0hCASvLgibjt1n7cN5u4VMJHMi5XLGPvXO7FI6u5GZ8Dc9rxh39HWZTTwD1z0QoVsC5/jfj+lZTL9J9sc+aQPXcOcfz7oBb3/Lg//um/dRDesEYzH+Q4lh74l/1POtnFUTpxzQkNlE4IpTRcIW7DfVlI7CGfcDt/zD8Yxdt8BgDLo8dWjBo9szdkbKWX+VO5BX/s0SziyTW+4DWxMg2f+z+d9/IBnkoDCHwjuDLfeGWDYC2sl/T32qczvhmSHYI+3XglMN29MQYQ0kfol6rOrNgP+kNLXQNXY9uf9PfIVMBX0gXn5OW8byPyssTS7t6DJ/wlh0GdVIqGvetJ6umsTYHMMWk+ZHGauUpFWoF645FXAlUGa04MJsYVpksPZXfNRSuKpiQlTxpqXYm4HrwplZeez4YXgULaYWEGFhduQ3F2CX9sVl2NJIjED/eTaOo37WazPwCtOHIeh/idRDQ9iaaNr2onvnjFQ9RPp+huoHtdxURh9l5zzBHsBzo6O3wK/6tx/Ii3bN6YqMyWSrXmET9UOY1ifmT7BWj6snywYfAIZlloJO89db7JQFl5JIteljKdgZtC1D6Zfjeb0E1BOeNYVnoocqrPq2gz+MV74dPikFoovl0BcmJTbWhG03DxlDQ8A/iSn2/xbKkwSdL0jOCnoMh707roM6nLhNWxhmQzeuWqffEaZaYYSxcvXf58Mhs3gtAbvL7iSrDL7fTnI9PMDPjU/uxm06rMFIuW1dsHDlpxlwxOVllKrtpnimlwfGVaMje1Mjlxoh23nOLyBOuOm5+uYRO4qlUCl7ksz3KyCB/0roe30vILBCbgbZWA/JahRmg3jHEHRQKVktZ/CVWWaBAFmY9FaL8H2JxfR4DTfbkN89ElemO2Uy2OgRzYA2AkIy0W4lwL3yTcXLrxJnPIMyPFZgVgCjoyv/Th81y0eWfAgpxQfIeAbD833V/AJRW4F47KYXiKJdqztFYcs5wZHUuKLiw5m4IfBQ4Ew06HxQnBTKavVqccByz95sQ6Bd6Nljc1zYg7T/APa0SXyKIrVqG5RzPYmsC10iiF4p2TVRUGGriy+m2ft+fNo92jKRTU+ldmvVrndbstViNwSn0Jk1ZI/tXB2zL3nnBYtDDlwc79CvoyVGQDJ50FWK1aBIEhUlaGzV4NY8OQcYh00Zh3YeLqzCFtgtMYuKnWh4UfYTfz8yF+O2hlO2xUB1gyaYWhr7AG268ksKJozcPageXH/VOp8LH/EF66CCBQXsKeR3ugENLqJK0uXo5loYFVmd+NueCVPAKmYqtNkBbrSkBpa14yhYzvuso0FBsK4xn5SniEmfetEQSLTFwCjzhl1LAq2MbOMELNOG50udBA19RTZ27POY55UQuhB59OcUhrYabgATnHTVy3WWgT5whnvrPdngvn2T3SjBFCPcvH+b7hPM+9VwMhzLPV6HbyF3S517ZvHkegsJemXeP4ARbdpLkE3PmZhGToquCg/7tYrJIGGF8d+xl8eYl/57NUrrGuuf8tmTb6KV2MqbuM3lJ5KZ79JGr6+QE1ZV0Fu5ZDcA3PBKIs98fp4lZnrOguOo7STifuvqF2zM9gJNTdUTADdCccCuygPGiNI+hvQBGRDIgwSu+8p+zg0GatQx78XSruvctz3WT4S3rz9KNh/wf2Vh38b32xeFUH75G9cfYFuJshpAyp+eWfysW6sciXgI+angf2i0FLOH9Jixh02T9AEAyYJxZM4HOuByOU75lsuqspzI6xZ3h4cmusv3GIkOntOPtClC3UoZXvOxwjcMs3CcixbktMEAig0zecrpaTI9x3++K6rw/HJ/9wB3t5FsclvzKOMLUHS1MjTjuLsP8fIV4sDNL46GAGeVH4pOCES0auPdXE8qDC4V6UU6qMcRvn0PMF7N277/o6sDRgupmxku774up/bXCu2kSsfno9HrqX4BG4o4OFFNg2rMca8zHmNcq94OfxKt0fxRTWy5OehbDzNSz5+yM6Q1rZdhUPzmuOHwTqQgfCxgWMrvWjMNHze8LbxQRbOP0FCu0WUI4zuOOaqVh9gnwv8DNPFQYO4S/PYrNfLYxeyimC+Y+27kTwsAwDRcgkd9i7vOnGbrzlrxF0scqYeGQX1okPk5nQ830cZraZCJfPfyP7hk6VKUbPdGdfvO83nBeA06FCUpnaMQKaOLvn1A6oHaNtMhadE6pLmtkxTqaDDowvfvXauHv9L/GKQmdfVpKwWzDtgqbrjbnQE3ENoCfxnf9MY9q8MkPvft8vU5S3fPLfMWt++Yxrb98ajYPwn8BF1rJyLSuJ9inEOr2sbgDh6n1vbcT//Eo/gsgkQSpwlXsByj2scPDtCV9R1s6aOy0eZmg3gW4cl3qCtKHLVgOJeiXzmRFPUZxsun8c90iUNAhXqw4fjuUr2RtKwI29e+fED29cHGuOGo39CF8/d/5EnHJxCwFLzwZoBavg7T9mPTuA9bBOZFuCrqhAYvBBdPAjbJDThXfpfkSq/Go37r4Qd77TCIzCcDU64zgW1W8RlTKw9k2Ai3palpg/bQLwijitWV7OZ44dz19sIwQPNbbzzgYWPPuq3JUH4szAQvsfJs1JAWOs+0Ta3NmMa77CftnPtQmYwpQFW51Z/aTOKdI0+/VYUWhtx6Gn1uOu+9FNstQyFeZlP5qn2lfqCJZCrF9oy9xX4M8MvT7WQ2zvjzeAG/A+Tjtx4xzCqqqHj7n9k4mr97GmsWctvRWygJmPUoNlUwYDVjhTOcS6OMqQnL+2G595f8RxZ/VhcWSbAm6S/bixbrqvLz77XoRILN6O8Rw/1Jg8szXn/zK+EuOZIO9mKvdOw4NMBP2S/NS+b5/yr2YuFtQnSCUSEMxDToAghwWuRscUynDAF0C9Szqxt11sJHL++V7BobyXCeGR5fLcCcvBmAdJI1zl6PL1rCuFDn/rwjMEowKjYZ4OG3NZJYFF65mLrHBUMJR6ZQ7dJDkis0AKJ3/dzFcsY9FaLoMmrMKS0DmHEkkGaR13K8EUVkuqWuIz6Tyf8u2t772q7/KLTwmNFPmZ8NlVLprgwNRk9kiEmcsSZpWY5Rc4cqO6RMB7CbpcMzVWT1x4PahWrWADhlqstzEJi6+kMsufTjyrFN9zlRLBhXvpeGYfmW+6HymvFEA9Wv2AJV2FmPHdD9E2vDT1b90DrledG//9j/8+lr3vo+wDkVApJSsQJxbjD5komHQGXa1OfzK5q43KBdJ+yYSkq4ROyigYJRmP042KFfWHd22POTDV40wuMpYO4oxuyZ6bvOhYcSBe8uBmFiUDF+gqJQ0KiQNXdye1qTIdBnbZuhu6WX1m/NF7/y7+8UMfZozDjDVRPogHYO20tAj1aCUrypJ4V6B0vixt5aX35Kmnq5mWLoQXFjSv1OahebrjQdoBSiaSLshgAfSpC6g07vI/sXsHfas7DftrUC6UiHiOHeZ6+nxK2Ac4K4wJSXc1meGOroW4Tiq8CFnSoLG77ffpvicKF+mb1JUBbWCYzZsCJWnK0QI2g4pc4dHCO0CkgQYWeoU7e7ILczbJXrVu2TCCBWYC5QnWZzetu/dApQng2j9TOMkbWr6JksirT/hljClThrqJQNGgnRO0xXrb+MMTN56gCzCv0FQDq1edBaiD62Huf3KhkwHHqq5LE64E4JnWauGBFqZyXwTgsw/LOSddKoFjsgnsY5tynmqyozyjx2KyE/25YNHv9l2b/Aa+aKiZzg5l1oGTamHt6+tD6COaX6ehgAkFokRilsp0HuLcHsFKlMTgM25hfJs1hU3dIu0r6JFVTXfV7gRuJ+KIMdXiwPVojLHPcHnuG2tNYF1RsHEw0d4JgOzmeKW8pmGkWfCBVatUmwPsFW71qIBnBF8I+/YdNKXAJ82jraIfNkFPuGRKDiScVFOZAjzjXFgFeGoHeDXqIJEBZZZwncvFzn4A2IYCiYsg7mEpiGWr6DcFUtcMxqUHs2qx8Zw3KoK+mZ/EDe7o1uKZaXnwOgIdKy/l9NaIahyUxaPAQ3bb3aG+ZAqlRUqp5ipBNqGRv5z07Y08JB4YOp4r51rCvynD/0OQyfjRlnYKZuAHGHT7lxbFdX5bJnSpkiMtgrxjzaeUciV44DdpsA3NSMO4FCdjTtCohUPbYwgLQGdqGwwX+DInbq65PyfLUSGxFOujNJKdQb1Wz0sta0NjbIOBqYaBaqNxNo3jQndizEV6KPJLAazAlPliUVx5KSHEX785XZn+X97eBdrSo7rvrHPOfbS6W/3QW0IISYB4ChAEOzh+xst2XuOxk8maJJisPGbsmazxLCcms7JmedmQmTztZDxOnBkmtmMYG4MNQTNJMNgGFIwDZkCYVzDiJVkSEuqW+v26955z5vf77/rOPbf7tiQwydd97jnf91Xt2rVr1669d+2q+sbv0XMOP9DOgtWoNXKChVuFDo+0zT/46/vbB993gNA0doFlo5+TJzEIb3sc4/yqrMMU9py+66yqfXQv3vBHfoeQrr/NVvh/jn6yqgN1tX3ot65ub/1Hm+2Z30KY9XEkxAoOCQzvH/vhc+1KnDHnORt0E566/VUn2ofuPo6xtUb4JrwCj5VfdaPd+/7z7chDh8ADzW+O43bqMQYq0pCF8M7HHqUizz6I/FdZvtDWDxxsj35ss/3513J21n+F42kVyUlf+tC7DrW3/dTJ9oy70nWsPDJfHoOSePrfz4zYB9+hrjBhzdmk/YnXmIJ2c7orhhcGCO/27sXBgBG9xQYZOojkbVDhkqC2CrIHnnM28NFPtPZfczzAt38fuKEEz8H7Q++6tr3jfz/Wbn4FziV24YxBRri4syTujncNSr+wnF30Wif6glZBLrOj3xEah3c6gM9M97UL//Ga9sM/e5St252RZXw4s9re+UbODbyHnSo5aPksm88geNn8Av6nfNdEXoGx8fq3F+wDzBa5lbwV+FOv4eyv547bG39izplg6E3oQtH7wiiA4bKGrmfah7y47+TZdt/bqaAPBWdfcVy/kqgcZE8OzbLvxiIwAeU4ppjYdD4KbH9cdMn4Cq30A99xf+tNyH949YEHO2z61y172jp9ziKq75t0CV7/KYrB06+UudHu+dcr7Xv/m3FmNr/pTyFzlSUAGhHKjMAF13PwBe0CDPvM6VP72lv/xQ3tDD6XFcccxoWHz+xh3CWwnv7ennm4PfjFDXYafSQ7Nd7AbLWzuIbcnT62zsY+e9of+ZZZe95dq7TtJrsZXsAgUAfBJfPYFe2B3520a/4o5UA6FmLxxz5KPyOMfY4xNzrxFRwfIHMNs3DsSHnrCwi9ZedXN8753MdX2kffyeybuyEy3O+nCaSZBv/1t6h/zTDASg8zWMRmkb/OfJaZsj/HrOqV1JU2cVbxi/eTHJbPTBXPDPk9zSYmH//Aanvxq5Af6CJbyJ83/1OOMvg3nGV4J3wnzr0FpBd+oaS/4VnYVs8hHJswxL/0I+vtf/kLFMxst/J2aKaMTziDtnDs7Tv3aHvo3q12mmMYDrDRyQQ+uO0Frb0P6Fcy7DL5myVExx9kbd23et5uyeYjrB/80kPM6PM+FzhYQOwHHN7V5j68+FIOc+4uEUpzJgMSMRJmoQ5E7jTW5H7kPZPMVBtuqVPr3nsshLJ5r5rjVbznWEQZ/RMnZ3gtCZJu+c+McSTlMe6ECcKgA47D93KOp/ebkcca8FF51MO+AkcYeuYmA3o67UwmUbGTwYQL0uIq7o46Uf5TLYUDwgflmXlJnvgbpcSEvXIKScsy1zBg+dv/KUbY/qM8weePSj2XTOfUt+Ayzvt6ofD3pD7LP8hOB91CmZzggZbYbgoQIjpqeS/QfkkG74PD8Gx4ufQ9vBf3RerUrd7MWWPW1gmnYhCpnR7xPJo49bIMaVgDicZHXdLC/HVlNs2fKl/UIbNgi/yFtamTA+/vNLNIwFWBCS5DTQrebn+DLX/SogyqjBzgQFkYyc7AFJikquwQ3C3fG2ce6RF3MwDxU5G/km2pP/wABs5nUZCUw9Q9P1Am01hSNsKctj94E4JZ/Eh4DunIdPJCeLtyWwZf1CM1pOGBY0gXtNjPoZQr8o8GGTM5mW0Cvl3TYqopUBad0Tn9WNh726itNCbyCIGCDk8xMJv3AILo3gcwtH5fxYkHLODH0kBioagb1hTgFsQlTsazGJIapwHPrJYf0zlDcgZ6ODAxgxZmt5wDeIk4OuEAYTnrDFAquW4Wkh1CUcA9uHkoJ3XT6HKgkWcBmzYSvh/ay4dRKmw7aGyfy0wpAtLzm+zHq+zKt8UuhnPWm2WGGyTNmh35gAAhqwyU6hFr1zy0exVYCkRDz/yIS7Z9J18VTblVWZqycAk66VvgTF7pM/UsFga84J8KkJZ8UZLBL8a3tMSg3oQW6av2cWg2c2W0cseZPQSgMynujBrFP0gICljQde7aAv5lB0N42B04PadQPqliiy5TjCLL17jPzq00oe+T22NMkkdFDQUb4y98ylsYJsZkDF3rSJt4WLR1HztDSBJhuJZqjhE5g4aec0OnQWmmLJwrF1hTktrTd6RH9SEGqVM6B6CBBhj4bpw5Cssgi+Vz+oOyS4PH2SLPQNOZ4fmHjdkf224L4y4GlumsHU4BMMysgbwQ+Wy7Ad+t8t0S3r4jbuJQMx3mNTf5gZPNPmiTcqr15+ID3rwO/uJWGybBP7YH6TMbBa+4ZjKb0Eg7+SOA64sXSe97nUBj6pxZMogo7pH9lGOu1N10OiicucusLrxoeQFbfJp1PMGBx9kMhb5rApUh8bYfmSVytuPElzNK+Ygj6UiJfLN9MVY5m3CicoUDyBlFaS0+Xo5OzkhtMXORUHnKNPxZz/CRj622v/rPD7Euxm3B2X4apeCX/547s9G+FFMg4EvWuq1wcLYKwsYG7YGsWMWL/ZI/erh94C3r7Ysf+DLv1lGKGEuUHeB47AjpCO83nMg1lYCjjRxPkEPPX2cjDM4Ge8kh1nc9zplk8H/KkxtQSDYYl9lyux3RU24b+Nxt7E+3+z+IfHNs1iikblc8i/RsoCOPpBDGGcOeLuCUOfnJ8+2v/4MtdsaraIuzZ8btA/8Wg+kf25mOtAd/e9z2v4LlCtDsOhwX3/+32FhjP7zL7NM7f3W9febdppsSAgj/CR6UsvnSLQfbg8dm7bO/TL86zDjqjqJy8rPQMF3LcpR7Di8+cAN8j45x+sSFdvpjB9oP/dSZdte3ifeMIYW1QXevtLf/U/NutYcJN7zmhRRCJY6lOvbXGaFvjHkc9Gt9GfrAQUoCIfxR/GwExuOfyWP+sP739kUPyb1v3KXXIyHOMNP1gz+Fovlttif3pyaEb17R7v5py561hz4KHi8yB7Ni93PI8StLB7iVbf/3PINlhIRt/vHXTNq1N9GnyKLy/tAXOd+OMh/7ImGf17f22l8+3m59IeckYpideJxNKn561D727ox8nA/G7nrWkz7kzAGo88E4u9G+ZamEHzMMaRh6XfdMjOGHGdvAzQ1VevXzbvlP2gaG3U9kwN47Di+9oq8ij2kM9ET4yqUy9HsvS4g0sX/liX+2fy0e5UelXjwLIqRVR9Cz9RwNeX7TLqdx4BopMyQJyKXsNR6Z1o948ETys1nFr//LPe2Ol5/nTMWjWQ9neTo25MOZs1/PvImxz06lLOYd/fb/+zg/Ps/nGsYBjeNbPDyeLsRsaIMFP/FJdhk9vdYOMgN3062MOZz9ZtFHWTPl5To3ww5dm/rCu06yGkJ+N0yQ8jK7JZrURzwyqWFl+ImTxLPyaOZ29e0cDfKeWTv6351ptxxksyXgfYbZZnl70/Bm2lt+sR0/+zE2+LsLWYmj4vYXT9uf/G9Xqfe1eWe/vI21oa/8buQdSLpO7pEvMZv5BfjwVpKAd/8DvBGzlq392FvY8OQOd5x1Xe0WBpw0DcYmrsv2oA+Y543/aKX96E8b3bRFGPOF9jd+er39ix8ZL0Ipi8dolczkw5fq7kB8AMPyxtspHZrcyRrYV/yZ1fZRDrLvBbTXvH7cXvU9yDIbE/q99Z8jGz+CUXVr0avSgRlRAe1hmPwA9AGnIb/fYm1ZMBb/4XvbGoczP/JWH8ToFg8D59y376vjHuxjH34PLrfbOHaA2bedF/Co0MylFjjsJizXeLJrjoPaJSOTkxXNMdD6yfI8nXcrZXlbNRC0jqdQDJDUKlh5BoPk4iteXG5CyOBvpfiQJnIvNOeFSpLhVWZUOcvAp8Dq6SloEJiBnj/CNUPBctdEtFqYA6GAomTMeQjW8cp4TLmCFK8CIc60XY1aJVDw9E+BoWJrAXMV5CrIwi65OiqXPB8eDO8tR1zz1xt/2qDu/odSoLLkuTX9hcn6VTiaPopVnkJpBtMCE0Bs3UwYqh4ow0dhjiqpgyBhVaGwGEGrKr7uewlDgbt+m16mtjOP93FiPUwd5QSlc84hubOaflzMQvqujANVF/KCb5QY6ryFcnuYBUwTNxdBmti2hW/9LWUdbmADCtNIpyhVzBLMVGA0NMJAAMaTm0/aSw4CHkpGFDS+DW10oHBtUA4SVwGk2vKqIKRACfnUDnzAO7T1vvC2vFAq0t16OKjDZwjyQ3jiVjjMMZB4P2e744lrlGaE7DlQRbFUgAI3ax2ZPSAMrQavQE3WsXUjFG3OgnLDSkRODHJYMAJ7itdP40UjwdnALZ0l4FC0k9apUbz/8bRnFO50pT6eo7WCURMFH4FoHVfZNS6zHiifnv/m7IgK5iZhmVQEiqrIgoU0waiIxzVUCdVAEUqDk+ezbXIgeSnF8CXP4OzQxLA+nSIaKu5QqXEqzs5i5IB43k/cuQ5j3xnizLSAh/hpfGQHQryoW8gHCBM6ZnMFDBYkP0YSoXekX2PjCNNrOLkzobufOlJNoHlC8IA9wRgRnofUBz5GajaqoTpb4OEMkjOGYS1gbnJO1xhtzZBCnRDZop/BTr7wr+fIuPHNBdbojXmuAVxGSJovcJxhnmE8xRDSmNLhgDGkQSjfTXRC0C4xPh1ZAW5rjg0d5WBdZ7umzJLqpJGHIx81FqUn+EM06q/8gHc0bOCjVepv2KCGRmhta5BG2CM8js4kbuHKlUXSStQtdIY2obG8TdHOcgVfEuaweXCQbuIX2Q5fZOaY8sIRDDiA2r64ybb7yIjsaMpgFNrSAQNDOmKkBi+f9cxxOgDR7fQ1zgzZLb6x7zHbCT3dgdL+B3G0YxZX+oOyx3zyQ/pff81zNwcYsZlL2h0+9fAh19RJh5qtc90cOwXCDxAUOlCh5COBcgRFyXfhVRAXZ2tD6+AE0lnA2KMRjeypWe0qWx6SqPYV4caw575XmWZ1cwNCcdDC7vp2wovWJxzSbP/DuKYOZ05M28kvHm372URAI+rB+7BTCOPZJHTnxd/4RPvRn19vJ77Cobm3e94U67Wgy5j1GJ/5GDRadXyFSMjT1CWNAC3uP4kSf6793E/uaT9x+3oOuPWg7hyKC44eDzRnFtvyQmTJx/Mbb1tv3/FqdordC/2oqaT66AcJ2aLMcrwU2RznR6xL+ZtvuMCaFxRIjEFIyPq7FXaUO9l+8J/gVGOrgfNnZ+2db0MOoCQ9fO+k3fi6tfaM209iQBxjY5Rp+wzbmT/j9km7LsYK5Z1fbQ9+HjmDcbYOv+95JTSBv6fXlLwdX8k7aDY/SMgp4WX2A5iBvYJm7Ud/7gizeOcxgDVaCCHEM38FZ5790E/Jy4aDjtu7fw0ljTC4z3181F75ndJjiwON8c+xW/Ls/LS94jvcVAVFjbX/Rx+iTJ0p9IszbKLwl1+/loOFz5xiG/FfZOOzM4RXMjbWmCG1cBKz9fvf/nl2tHw54WZEVxju/xg02X/wLHgIj8PNT0/aO94Ei3Oe1r3vn7GN+wT/IDv0QYPX/9y4nXwCRfdmnZIaVNP2yAOHOMx9s+1/7tn2vFeutb/82vMYXefwFWr8EhL6pTFGOkb0d9kl5u3RPxi3u98IT3CAuef4XUF8YHyspGU+Tk6lfeEhZlioXA4ldsNYazAsg/But0sOncJjp5yCSHafeNmPj6LvIGeMtsAISdfitb0oiU2/dNU47tvhPRR0Cmc/jhLlH86SMFV3tAkpH3VIf6lrCk8HlPKZAiMvlG0alIQXj5xNaYxfImMoMpsbHSQE8U1vWGt/5/ZzzLKyZnWTMPROi5IdMLJTPqzfVhdxDeL3MpPJZtDoBvJWa489xjmBn8OYXsNY3ouB/XscAH50D86As8wgIZvATLiP3E+Zh+bt3s9O2ncTLnn4mrNsT49DD3Q2Lqy0z7HzYuMIgq3eb/1ali0AInyaMQ0Zyt5Qrd3MyM3GNs7gK3DFZUEXyhTHQy8ctX/zs+z68M1rGPn0h/MzNhWhn77qDMa+M9zjbHKyn3MJlVFn4efffCtgnglIUZdkXOr2jgnXcZj9v3/HrP2FH3HWfas972VbHCC+3v79m6dsFmTi3g4Ak87r7MJ5/0em7Xf+3QoHgnNeIf3xpd+80f7s31zn0HCWLiDnThLuLK2NpBuxsdZ5nAKTW1t751tG7QUcxXGILfztEz/w2jn9012rR+2a6zEG72CcpYw9++bt859Ya+//FWYCX8xQeqbzkRUK/n5DHO5za4WWftVvxnYcYGNopiPUevjJOIhzwwCF0lfrlawp768JsLdX4IBPiq0Bl5dPclHEKNFG0vZJ0n0Nr+TYuroxVMiJVQ3sqZwpLFkOJN1wpYMEIQjm41TSvBImNeOZ3FZ5kj7PBSehF6/44TXAhilQuBq7jkkzIQzX0DQ+L3rSuZaokmcAHjqECkDg6uGA8yF7ih3gXf57qJDZO/7AUpGwTjgc8twv0Ua9yHfopKLq817BjkFqtwS1MiZdDQgmV6nWgzx3Wh8BNUM5y2nuzB5GsCW9kO1A5BN4V6B85v/gtAS97iuHvwccQguUR+Gq7KeeGo3hWgd6HpFhqckXzwY6BxhPPZ9lSwEPjVIbC+Gqr/qLyGorGmAoWGiwTESxoJd7ZygsWwUzNIB6GbDJlg4vbtaYbbidjVnddw3CGqUIJWmTWTZpNqFcQFIeSi/CPcqjynXwqfJFxt0XMxPlN2VuxaC33OrMmygtjOXBG1FJudDntN4VYfBRicbYNfxJ2Hrfc15c+g/Eklf8bBCm5zdtkxmiPFaBeoKBQyMCxZH2FUaMIQYvh1oe8B/aUKexu2iiQGbWgTcpH/5bY52RCvyFYw9DJxV98SdGXx4BRjYgIZ0zNmPXyWmM2cZ2OYg0YcMId6C8QEjZ2HYY0EZzcwZL2ptXYS6tVZynzh7JK9BgA6OwFDsqBb5kBwdC0uR7YGzpbIFOGkMT2usCu/fFPQFtZ3jdnLWZniPM0xkq2kiFe8yAJaw4h8i/Qbv4276tMWaYy4hQ0BmziG6kEi8lhqAzc7a1fWHEb43stAflT67EkGSQyK5x1sd0KqWG+QHb2Uk3QrGd4gXFADC0dKQRRVrrinQBq4EvbRv+Y2i4DlDcpYBhljGOKFtlJDsdmpcyO2YxTrLWQu8f9Q7fpe3YzhheHGHIJ4QdmOFRZ/wwbDRSc86Y6/PYIS6zzlLKusAbhhll90P4bMHrwtWB5mwVZU1wBlHrnLepF1C+Fi95xiuhnfDblHq7Vi+7kwJuxqAD8Ssd914eE2Co7ExlS37qfJJ+ah4NKMo0ubymbHHNtGvbVvZfy1OMFM8eVQknUZwK8PImThBDsyOHpH2xlkUGlgbzlvVZvCCNhdDfk9j0EUq0K/9c+0bBtDf1wtGQ0B3ra580I/U1bDeOMhSFuec0giNssYA3ZwY4jkSyWG6ymgA+GTP7qQNZeupkSHQHa8Y27SMoie/9tRNsXb7KGi+U8EOb7Vu+12TgFlZaaZ/8oH0JIwny7rvlXHvzG65ut9+5D8PmCZSfaXv+y+mH/ItMQ8irWHz8P1zd3vOLk3bzN+9rD33KtsNJAm4qnDHoaRMj8I49cL697+3r7fs4M8lQIMu01hCYP/WRRl6Kjlf88Y328u+QXsgGRPEJZvn+470o+Shce5idMf8Kyq7N9se+a4LB5EyITUu/Iduznr/JbKOwCPkm/+knJhxEzPpIQx/XzxMC1jifjl0sqcMNzzpByKJ1Rw4gaN0U4+O/g1J7z6hd941brLWBx+mTts+cNezK88mE2Wjaf36G0K/zhBjPHm0nPjtvr/wvRiiWRKCgeJU8mhJqNm3PuZPs0GTCeqSTT+xt9/z6Te2qO5/gLK6TePIJ2/wGN3o53b79v1QhhkY0pLsDHnlwrf3GW1BGnz3jSKFRe/atGnwbKN9Tdh1ca499monBF2JjeL4eXvcVNqc5eV9r3/T983bHXYWHIW7Cu+0FHB3zEsCjgWsMHH981H4VI+8g54J9/oOEar130r7t+5VJUwxEDg2+EYcBRpAzI6ePr7f33H2grT2PXbKZnfiGvziFL9hNks1Q3JhDY+ylf4zxgbZ25tLw089/gp0mmZG76kXT9ov/AGceDgOP0pgQYt7WroWuR9r/+A9dbygfztuv/99r7Z1vZROZ581rx83wg7zReYXvupPzoRHyfW70CLqdyqiyIzzEzOzAUwHBnd8DfxW0grRIp7Hl2GcFkp7UjtVKqd73o1ybBidX5LNOn5RJMpyTCa9kHJh7rqEyyr0HruTjlv6E2la5yCL7vOf7QbdHP88GO//uqvZnXgM/UZZwF3jaEXjmZeicx1z8yVc/xF1SQuNp+/SHr2sfeduBtgfaZ9Rj+cijD7Jpzh3mkd+YY8YZ8YXfxzl626wdYz3iE4RLXnUdBuMFNgZjZurUsX3tPjYNWd/PGIejY0QU0vxKZjaVG3Q0Wzew+ZUxxW6+EHEDvtJTXG2DAWducQ688Scn7Qd/YpV+hgME8j3/Zc74CEQZwV/oe4EzE9/9Zs6Iey8hvC+dt6MP8lpaKBJ4r4P3EGfJ/fZbZ+0bv2uVdYPgBU9/6/dNMeAoU4HgNbQz31txDHm24hxHxFq785tYxsBumt/+ZzfaQ19aax++e6MdfhEOFQw729FyjJAzVPLRT0zhx9X2vX+dcF3WqO/lqJKXvErdSJKIt/2C9ntgvb3lZyj3mYQjMwua2ot0PsFI9szFUy7/9nplbPAZZYu/sMlX9oHPxYuvVM2X9QwxVGLTWx/6XIU4fEp+nMI6FbpV3VNVKw5phDvK2MWPsr6T7uvxR0laCIh8Yc23jeRzPSqWzv9FpU130VWJyW7tvLYbuO773zASafwPvBBPhllKFDSKuinXkUIjRaZepKOcxW/T9reVV9i8DSPS0ZwRc0MGBzmUUxu9AC8VusvP3gR5k9A0FDaVFBbQMG4qtMp7PGQdyk7lqKfYBo8F3lXudjpzLuMyMBqPzU+HiRGL19VRUeVb3ltc1CewOsD64i//F1DTdtLKh1UjH3kljTcaiXrzUTzlSaaCKJf7KEDcQ/9KzVe/fCKADop83AAr+Ep3mXR4mXKHnIBH4I5meMmo49xZBRK6LXpdBceaZY2a/ALNcyagqMIz7p6IxVM4qsAnXA2vHcQJ/gyYmbVVGVPRFx//8S1KM0LZJnuvZuxASegwnaXSo5uwTI18K+g7nkWwcltCC3xU/FzjhcCNN501XTPCjhOGRUY987a7YZEaQV6ZlUTRXmEtp0q5SurYQcfBCSnrphBzAtLd/CB1sC4oMSrrHiYcfITDP28yo+DD3Fo30eVPtiR2rYfrQ5CMJHDmakutinbWkHS95CpebhIz4QU+zvyRbsTM0QRAGpXmcZt3y5oRVuhsgohJgzk0XyU81DDLwYBJ2ztacI2ok6GFYBMDwoPKhTNiJsyZuQhvDLgxxph0mhzAQOTejU2qDaGZhh11MxREL+SYWTcak+qhULsmDro6w6ghqXdwxdlqyw4fkkcDTMUTLLK+2zaFF9yR0BnylQPXkQ+DSZkWJZ+2gGZj2kcDMTwDrVTOxx5VQB+YEgqu4mTZiQbQ+HNgoV6OGhOVEdffObNIeeItDay7xoc8mXWY8E3CF6WnhilYZrbM56anLqkMRqaGnGtvDDHMWjLS2FOSDngJgYXPgAB85JF09p8J4O/MHsFn4W/eCde6Ocs6kud4N8UonPLterk16DKyX5gWHp1oaNL20fsBmT4Ef8zP6kyiHHCQhiE7tDHvZB80BCe1B/um/EZC2K9oHCSU6cG18DFiwntn40J7AYYIVAT4Y2aW57TNyJlk+M760TqU7fCFrGKLa4Oopx7pgMPAjWZgkJQrKcZsDmCbpUXsLFxZU6th563RHsoLflq+/JxNbMA7ywGgrWeaxTpBkUx4rDNBJK1x0TxgxLk+rABp11zLgdIfONvuZqbqe1691g5d53ok28Z1UKxfed+83f0zKDR3sC4F43EPxqBVe8PfH7VX//fr7OgITa1fxgDWdp9aQ3kct59/HWGHeNcvMMPSjsNj8h0GkDNssp/OpvMYPde+uLV3/zxec9bfvORbUHLt9/QHpVHNgKgQkZqPCopjjZdjvbCy26+/oYV4gAlEpH8SuriJfD15HMcC6Sq6octX0js+QipmF2l+AJ8n3OtqZt7e+yZnNNYwYtlw5Cr4jHW9hpNeOLvOQcOb7Rd+jI0PMApPPf542iJRLPDDZP9VNZtNKKdtmplQ4I5WUNRvZe3v1nHONiOqw63LM4ZABHDOzKt1pszTJ3FwkGeDcwHWbmGjl3/Y2g/9z5yvxQxI1p1R980NNgdBuX/H/zVFyZ+3a18wake+MGrP/W7qM+EQcGYrPvo+qYd8ZkZnsu+6wuc848Zewt5hwZNPYNTLjpBKlgpFoQnVAA+MX4xajWls0HaY7ch/6e9C2elqe9m3slkVsznKZ6vg+WDvRkm+9+5H240vYyYOaM5EnDrG+lWUX1gyl4qthdlmHvB9Cn4oTb+1hx6HHrQ2UGFr1l5dcaydv4/wdIxDcZHFHX7m2D4r11MrDYRg7bdX8bP56zGIpVI8od9vz1zwUGBeScwf6Z/E/q13eUWS3CnLDE3XaZvZa14oG1CEU59UkBwSjnMa5zjHAty0hqnhYJqjA6Tfaeg7ljkmICtDHIw1ZySdXZMXa8aRopgtvvaOafu3P7PWnvPiq9qLv6EcrDULRxFcbvwhX3vYuSHG0cGsDdWfcG5aD0dKlT3eyZDKB+9ba3/kOxgTCY+c8Dl+hGOjMKav4zy4x+Cbxx5ab3e8lKzAXSO8+vGvrLMRDaGyL3sc3nXqC7RTV/CnU44ZpxxXsCB5Dq/ba+2LtJsGIqcaMI4ehjbIOmYLQ1Noru/8IIdt/8FD0/ZP/qfV9gP/w5gZf40hUtR/Zv/EZ6X9xq+O2u/+61m76sXE9hgaiDFkuyoTGAZCg6xBZ8b2N39t3G55PrPa9NlnEU75Az/OYdh/N2gnves/wRY+AwZcfz07T/7Mayft9b+03m667TybyGy1P/83CEU+erB94ZGNtg9njDNatql/PRr2ILOH730TO8N/ZbX9iVdjfN7KOYhsyhTnE/LJA8Hv/8xKe/M/w9iEt9306DwzjK6HVP6NV4jGkYe3uwA3dTkOexagTpRs3kKpGWN4PbCuKfPbduBSlo4x+HXG0Ahhv7zwz3BvBj5V78Xb/Ajfky1OD5ECh+ikO5N9Xe5YTlRI74AGklU5CvY1Fcvp4QholUCVqUWtZDavXvm68T4PF7cFUEFAxXlXYTW+5pkXHbcPMcUQwuug/Y7yWikBYdNvX0NSIZQ1bEY+JIsi6noSi8EwmTkYb2dd/FKBuOSyHOo7cptww52EyQYGrm0baRxYgM8uukrZv+hh0oqSDD/k2VmPQPMPHu4RXr70Jsp3xqgqI8yeF9zyawA1PDcJV3UPuD+C3s5QAn05k1UONoy4Rvllyl7lrAAApGO6hOaiuEq1SGubjJnZcSB1581Alnn4WI40LyPKHsnsCsqHYWy2e67Q34LI33lBOmbGwDQdF5Vdhn86l8ojfOm6PK50SnlTuqRtFLh1ZpaqWfBSScMocA0dD8xFR3UjDAwlBpbMOgUYfxj0Da9S8ay1Th3PPksQPgs8t8aOFpS+UaF0CAtAWF9xtFahM8qwJJGGhgqOLqBs+gzJmVV8pqf+KqwJj3RGzJHWcsjjiGQImzNQ0slQ58zUMSCuspPfFiFtGiIzBjqNYuWkEDNDnXIRZl1BFysNC8OdbWWNOQ0L02pMbTHA5uwseK+axvSsCYoRhrGv0quBC9wYKBhZKYe6ZAdCcdXQxvDxvTOBaF6UChwNEdJNNMahlDSO8ayxRLvEOFTwkl/jduyAz+X6NKciVtnZ1hA+jfCx4Zr8AypGFoY0xoPhoe4qmHBG3qA9M3OEckg68fc8SXmDmsou1AOaQYfxylUMCBqg7FDorKCzfuZiIK1dFmlV28jwUATKmA0a6qLVTKh8xKAXxiYeejc0cfapDr13DZ8aHk2EUSsdNJqx0OjuKCA6NqDhKvXVYSE4+//8NLOVGAvW06MREu5n/wCPEbPztnDOT7ORfGYXsFH47QHTyo6s6zOPs5HwqjOe0iF4YKjHEWG4OryVWWFlhRvGyJv+Ns/QB4dyxDC8TWkOUPCb/cVZUHGbYZGM2O2z1gHSQhhR2byFWeLwJbTycviwL8l79hWYIa1Z/UQqUD5/jahIG3MToxoZkBeuwiWfIdDO8tkQzqxO2X3AWZsJG4vYF90BUz6RLh1g6KbBnbpJu1QJXKizYbmhv+9xvky4D378to/ax4IXdIlc49uZ6jHlnIWPr3pRa/cQ6nPPO1kUT0jR3oMa8Yfxvp9rn/qt0+0QytD5hDfS19YPt8PXnW1fefjx9o//2np7+Z8+hNKEMofCv8FugRo593/0aLvy2cw+o8zTouy21jDqWAuJAqZxdvwJ6HEDbIpo2EC5HD2jtbf8H5ucmybxUPDYrOu0djV0nNwwa/e8fcTMEi6JbFJDGi7lrQrv+dNb7OBsP6UddXDQJlsre9u+PXva5x6at5/7X6HFBv2JPlRtBu34PV7FyUm7bNLnH/egXBSnM2fHOVftN35hs/3GL7AG50+PUew46+rMevvkvXval6HHQQzWjVPwGLILwQev41xBKU+oJM6dRKDowbSdMaSn9Hui/tv9eOT/5d8/SIVR7DHeg8OaaxE12FmzhwN6g7MQj7kkAB7ec+BwO4vx95N/9VzweMYdyCPO1zvy0Eb7wNswKG5hhuw5RBEwRnhdw0zCnr3sTP1l1vi9C2X42eyQeQ5+c9dAZMYmMzVrN8zb7983am/48S5LyCfXSnNpk9/QcRPDoqGA+1yl+dALWnvz39to7/iVq9qdL+MYjTkK/bFp++Q9tC3K8mHeH9MPAa3e/67WPvW7yMwOj69eiAVlGGCzDc7RfB6bSmHQXDHDGHIMpiwEDOFihIzdPGm/+RYUcUSufe4Ln2EcvMVdDAdQpi1JKszM+tv3AocHtK/r3KK3Add/lVNkhp+RPNzYN/1N/cVBvE2u0eaMIDIiTnGdXY5TRpoYmeB4oqFmBAeyjpi5Ko+sc+RV9mRAThQwMJAQyLLIGAo4Ly/fNmqf+j2WWpxlTRtlntCwvc6NRyCJGzbdNWtvedO+9g2fvgWZgQFD/zqlQDo0bn/w4LS965duhI/ke3gtNbBwflP9Lz+K/GbjkHMMyfajVfrgRz6N8favbiKtuztutqNfsZ0vkIZp0ZfP2/vePeJ4j+upL+MW/fnLDwPopfARocbuJDXXUeu4xgwpg3PoYR+YJ1KDHYnB25m19/0/h9qhQ8hs7j/7OWjAelePVnAjuLQDOJ/DeXPwJg60XznU/tkPH223vmKOoco4S/yfrfHIl8btd/9f8NuP8XYnOSGzOo+baz7wALOyb8IxinxjE26O0GKW+haP1Ji3t/3spF2F0QRV2gnWqLZnQkd0jw+x/vL+T4Mrg87DX4L2OAM2CLFuV87am/83Do1/Oc5jnA5rnDu05zAd9jEKZP1/OR862lTZ9WeH2Ujn9z7CB3rd+Z2TditGow6HTdaCfgaD94sfxqF4G/W7Btppu1LMBv3pN3/tUNvHuYpbjLVfuA9ef1Z3SPC+3TJun/vUtL3zXxlWa7grevRNzJKK444LqYXMXOU4kKPI0Xf/kiGh6xiOzKIibzWeXeOXi2raqxNdIoNdDIpEkYm8mxFlFcewURqm/U9wjfY89ztB6Uku2iudDe/sHAVM5WV88lFr8fQuEbejeaEg6EFJ1zbWWcbdcUkQma1XNtn4s0tZ8fzCfBEQwDCJuWAtnpXgNBSuroJRaVUDOvzhNd8h+tJ9oAFHxX+EJzDKFvWwr49OPgHuKGdfdaOIB5/k68JOHIW5o2ySobzWeXwqt3TUnm6R8uIMF+VPOSplKN0seKmwLomzy6Wg1R4okB0ZbyzTa7ks8R+e11teoxgTaqdi6G83ilBZQxKSVgkkgCWAtrG05Gn+8iMzciSPULYVVeQsaylnyIaA0Qs6cptz12ARiueag0BiZgHLBRiUmcR0PEBYhqFoKnbhXzc58HgL3mVdG6jVocNVUflPJa3OkcMziot14LOqBYOfBgkGiDMzUZDBNWG78MxY45C6p6OLhx8UiAzoKOVe8u8K9EqYRAZJlCGNAsKwxoRIhkcZNdyp0bVRgnAXR0P3NtihSsGQUYVBL2FytHPqIh7Az66L/PK3iqgCRyVmFV7OjJ9KqJsz9HVsetNVUjObBf3sJVJ/RsiccFWwVw4yQ+NIppGlUuRAawniJs4OOrxzZ0vfaZw6G6PhYThlFGLwk9bZlANDJ8YbAm6E0qvSMMWQkTY5xw9FOmGb3KdW4KVBG/gYAmvu+sdg5+Waupnnq4CfbLNC+zoDJGNrgLj+LQYqdNLg8VBzDRaHaRqw4DozqGEDDu7iGMORvidv2g6DMyEzDW59z2gqfXVcOLK6liuGCDg4i5CywSUhhdRthd0Q5ZWt07Rf+MJ2QWlRjoFrFGjlI4OxxHdrb9d5agBLz+obgIUeI+jt2kCJ77sp4eb+zkeewLj0qAAPp04opK9QfGOQwW/y/xwjU8M1fX8PBisbdkTegZswZ4TYJupAuPC1OOlc8HcMtDxPLakHOMGbWVOG8WaI5eTwjZSJsiG+GFczecaDgvltu0pX12yOnf11fLEeOiF8T2EU1y9aSWcAPD8m3Egj2Wvl3BPtOMbGt77opvad3/zC9gu/8lvtAXa53Md261P7AfUIDWjvzHZSXvpF+ItBHeUp/R7+oNDAzB/unaF00545vDpmfY73IJB08tiUvjMjtFp6imjkA/0zR0u4qQyGzx7Whdi/T3DuWRJ5Ng+7Dl5zw0o7w1o3+5sL4KWgDo1V+v/a2qQdeRgl9ivIF9fyqO/exBbkKOXnzihDgiH0QAFzJo4Zm8Kd8KNbM0ecogx51Ga4cL/pTYNS8izaD5rotD37xeG5314Ctr/oZOBspFtNq1zlkkcxzleQHZZ/DuN4isIZw9dsXCXHKccEiIgrqLuXfyEBHvx6d+zLPCD0zBxXPBOc6TrntuBLYM9O0PbQ1ln5LTeNUTah9NvHRzoTbAfu04bgZojr2SOMxeyuqtOTl22kTFDe0VZTdi0x1HHPPpxJB29gTCXsXhpTxaMnqdtj4HEEXWZts1191w1MRLDpxNmzbd/0sXb00+P2d960wo6P5znX7sr2f/4tdg288wxGMLzsoGKNbQR/UecNZnisujXLO9Jk06f+RGm6fi0arhexqDop99J9N1gzd0o81MUJrzx8WJ6h6sCLHsMrlXYVY2FnDPHHgAPtqR6icbC6V2ZhXZ/y1fGBdGkeyrI/nfs8+YbrmUziwJbpJz4D+egztrlyzf6og+3EQ9WAVk5gvc5mkQ5pd/46XsBY/AJ5HWTytjKBsSNHQpn3SvjHfm9mZ78N7Td6go8zavJTjFRn45RPyA7xtiKRjc7E7mcccebNx/3yp04GZYyqwFn6VsPR0AzXu56Nha6qZRFS0LP03I1+8w9IaMZVDN9rkYfgff4UzswvAdtZv4N8SwuqQ0cgg7DgV7qloX9e1kNDbvN+AObE+OrLe5+LfGA3SXE5dwrZ8yAW0s3ID2aNGgb/fsBvany5MY9QaD/1mJE7J7PD7FzdAtoYtSK9xoyP5zjqA+8D6SkbGFewpk3+TzrHMfpH3pF+gm50BbsUHztOvR/gcS7KYF3e4WeIPzg7g2ib2x70mQ2sqNknobvtyGft2bQHv+wrp3BQFL19wlEEd1Efxqtzv0/fOWG55OFIA08o0eB0d0iq3dqDpveirBtHHjENSyiXfZQ/RURvwWWdabRVZN7jxxAgX5bGlX98K3gzk5jz7IC/zBMXwtO9nGdBF45Bsf9Yhqx6FkdSO4KlvY/OdurRdsVtOFZTR+H3SzrwbH4YGeC493HkUHZNp5rPduwxLcDgUfelmFlRHA0T9ITl/jCASzroOj+IM8DQSdpy13SLDF/7j6cw4CAV1JirmCs8qWiY2u2YqWiQ8tnTuUin0pEdYNIhELgKskXe3qD9vgSCN71xTBhCywAQE0IqtEd6y8IRPWPPUbnEt56b3YaPGIwVxhMf9gQXgeipaViFkEqiCptGlcomimJCUZ5G3asokFABAu8RQjGeRUPLUrYIBhG++bV0G2Eoxpcil7SX/wM8Oz6MptGtWJ2ys52GXNrv8hl5s4TAcroBxbxeuoGpVdJWroSppS+4GpK5iSIWvpdGS/jbUbevoW7ldc/glJeVZlt5F67Og1KmVchDM+CWOV7DSAS7o11XigPPTke6nJmmIic/8682ISCpAwk9PbMMvunoWc1qF+pDKebxWZR+BkfhRM+WFynDtVgqdirubjzhS0OthDEhFMSzpAQeuJThgLTKDkZu6JDwPKVNnsPaKBsq/TLDFmv8nHVJPtLEqFCZhX80vjKLZimuSdJBQl01ElS23FhkU2NP+ltHBjlnn4Qh/u4YGIUO5VTFU6Nw9QBKBryTmWvoKJ4aAfLNKgq+axCth7OSKrEpn4FzTqjlCjIi5OPeUMQ59TesrpwfNSCooJlGI3cDRV/jbuKaT6jsRh2BaSOo+HvJW57bBkwNq6k7l2oEg/+qIX/UUYNnCxynnBUpnhag4j5RRvDO2bq+PfBHAABAAElEQVSpYbK8SzsLM8ogAx+0ctbOLe6Lb1D+KEv+GBmWA57S3l0hNdDMH+PdWVBGJHEey1O2LXjJJxPCO7MbIzPb8paGqXSMwk7+qYOzdIDOzsCNCJcZqzBRN88TG+F5NsZJurt+baxyyyzczHWB8jz4xeCRZyjPXjBF6clGHLwLzkQMJEySutsOqbt1oTIZwMDZinmfg4XZwEEjUk+4W+prDMubNSttJhQk6XbVTYCHJ449GlrYREIMMNGh/IQeM1BP3BzJvsCloa5TJ6GMpolmZD7wpw0nyg9oEUPU88ec5RRBcM7HWqK4Tdj1TlnKGx7DAyj0x3SJf/q32+SW29sa7S37xAGhnFDumtqK5gIOdZnA5zoypoxlcVAgX8TF/1FANYIFxP+Rh4yjOAaUbQ3chFbS/wwni8OIvjc5fHP6wdZxDAf7m2uQ2LJ/z3U3I4ORByjDF4h1mnKUhesm0/5W0XBl+R0lzCJXCA1cI6zStrf6F1got3H80dQ5+BWmzFCjYKDIiaRV9Uyo1JV7f6lAur29l3C3d1IzfJByqNBA4xGb7LjmNnILHjxLmGRC5ay0wDSs7A/0oTE7LTszI9/1loC8VsTSC2afxKJcH/qOlHyrs9p9fbwJvlM925RRjhfbGu6kbzqzYjg/XiH42qgCDGlndCFIZvMtXdk9RQYiX6fHH049x/DR4NTRWTeDblOMaQ0C65CZJWZJV2d8ODfNCIEtLN2tAzfnPZp11vud4Ay7v/LXjmRt2rvufkb79IOr7cD0KDILB4QVUBeAj/ghdTPbJwLW33cZi4ye6GOWiuvM3alNoeIHHal55K/hdfKr69lcn1Y07bCSo9OMVOaxLxLvzAceQgaPCCH2wGHXWIpL2qJIbmrygBMmyjqhliUymGUVNcpL28id1injWqXPEVIaSji1wk0aFcJJaL0/KUdZ4cJGwStjNBotAD0vW+H7wugK6cG7jGk+U0bpuDj+UDYvyeyajC5Y6UJba0Rl4iA1tjLoCI5RPRojifNHitSYHp3Rvk1fXB+hX4LjFGfvBcWAVKC+yh37DUsEU3fDzM9jfM1xPinfrmAWrbFzcrviaj7QWDkpfVBmnPHaPI181jhVfsurFK//YIRxIA2n7Eh84Qx6FnCtp8r/+h54mDwuTdhkrdwGcl49QjmTcUOZRQceHetjNZ1EZ3O6HuVIuz2Hr6H/1bh9gZlEOW+ko4hv4WQjGdcnQ9fSTdF56GvscRUKmozlyTX7hBOjc5KPaUPkNHTb0xiv6aOyhfxB9XLtAVWbVUpvwZ/nOQdSPX6ds2xXnVXmjQahxptpRGoF4cOQQh24oSLOjlp3oxJ3v2gZ9AB5dXXjRPqmSc1uRMEWedXE7DdVCr95t4fZRWlsn3E9sbjXFa6lPGb/wEMRoFqYM+kC2FQmHhAiPeXLZ3vZZMxiLPssjhSv/IVHZ8ppnXuMjSOXUgWfJLnoD5nl8/D1cjkXJftD3sIpQwUuhmShXhDOmsNg6YgIpdwPLTEkq8SX/WsxEtnSavqx7v2bK2iYqO4V1MMVg81BoMjIYErnQikytGKmdSvzd0E6oON3cgBPpgz4/teZDq8IOso37cD0lU6sTMOdnYuBxI0g4l1XIPEv6YLTUGKvSZ4JnavXRUgxZhwgYXy9TTOFuGtF7KDDIJlMQO5IwO4C2S4vL3ypwDJZT9hTLe6ts7NRMpBKOIpiDEeU7MJyOx8PdlzWewGHX6nrop7L9z0bDGzI19SBCqGUdmDgTGejTYKnxW2Tqd+AI71Kvkh5CErD1gztcqYj60ygU+FSNDClSls6jW1K3oBF4XNWZuSAT92jeNAR5Ru9eNJAxTjtkHzAcSDivfDjveod0a8YaQp7FIdhNtfaqmSoxGhkuKFKPJZCAE8HnnRW6uAsRKVn3QKz1QkHCj+HmpGGnpu0oceNGqiQ57W0cFYAr6Xb6bvTpAOBddRAdhZBBWSUDW6g0/TRzCwCEL2jz9DYV5G2mdnAmI3CX8iUIaThxcyB/J4jBSCKA55HXczwBrs9fdqRcpydUVFzYwvX57mWJOvLDEfzo0LF7JCK5wx68Bca4SGXr6nTSC8q9Mn5OhiYCVfDSJB/sxMh+KmMbYX/qaUhNnwZ5uzAb1/RMJ4yUMkPtnEGK4lFuVMW8Wi8SZe5M0m9rBVniQj32rJdmD11V1WZxX+2uQbRnP5h99SotT3t22kHsaOuKkZuwCL+2Rkthi8zptTN0EIP/R6z45khXaGFhmAG++pBlmNWvzWsdNow9qUMX0RRQYuWDjqhRmzmk7WG0LtCkM2vN5GwEPlQOaEjSaVQegFjMK5GPhOGfMQb60otkVlHqJ/9Qd60cL9NYB+SFrwb5L9bdJ/j/DBnAAkZz3EOtrHJyBEY8pOKGrATagmc4q9QFr0V3iWPl2sDXK8o/l4ehLyCw2LqLJyzk5afC1rA41OjOoQnxZElXlYzSl94sZxPwaUqCVKEw+C5PkRZ+174QsJdGA/MY14UCEMopZfK0c5LnkHp5WEMEeQQT6AFNCTPGDytpzNs9iWdGXF0wLs+11kSukhP8yln+a71vfQRNSfbDe3J0ClnrDTm3MJ/tI4i58yGdcKBMec8zcVMBohLSVaw4vBhNniO84N/yi7AcxXN/Okv9XUPUt++tt+bQgX9nLMR/YqyGLoTOkdfV0o7BsoarhMcaQDat+Yo5bSx7TEaQofkeR2XwuVNDNQOVxyHK9h4aznhOd9YQOVTyctGQu42rNHATobCtB9WHkolbQ4ipv/boPMLtAN93xlhPD4xDgwlN3zeWYgRmqlrlgzlZQcW5KORJzjUgGzTZ7zXgeMTnRT0uQ14DK6jHoyTzq7K18728W4L58/+azbaL/74NeQBR3bQO8CanE3Ox5M+7ijrjKGh2VHkGXe2nP33n/2HsuWb7B7tpl0hD3lxIKrQeiv/2B6Gujt5OOesxfTPQCGBVJa/Mt6x3jUsLOV5DE1mhHXFoewDu4v5zRuetA2LN3WCpu/SD1wHlrLNo36gJUM/0Aib69BSl0IOpn3po65Rz3iu8YucpkSKAIbLLPieIf9jiNjWfpw9t89pnNielqbcYjY1uhZ0Tb0Cx9e8o++P5vtJn/9JpwMo5zLGkcNYEXlnfzYdCU1sXYFdeqJON55GD8SZxfdZZlDEPeuLMfTjIJHH+ees2VnWfYX34fnRgRvhGWgArYmYA0VC908dpwrQTiNWfRGYc+uBfJ7xLDPyUMojR85xNiiDIdbSoYLJOY5zIiImOh7A4Rzn/rVz0JY+L12cTZ4ZzUI9xCdrSa2VHhfHTfpcnNfQIQYQ9bxw6gQJwEd9BqhxkhlyGR7hFbBHRly40xDEEHbkA+vebDer5aU+c8mFwezmYud0KPYreSQql2G2Ahjkx5i+M2dM3qC/bbp+DvjDVS1Ds2JI5gxRx/LAuZzx1vObkbrZL7bOucHJANFv28ry+dBG1q2eGTZb78ObpvM2V/1yPDhLF9xxmf3iy2fqPhR0Tp5dXNKujw+8G0cOGn0A/J6u6FvlFWZm5l7hY7olrBZgv04/JitX3/a6wB/Kueg75YN04nQdWN2NbhC2UudpXlnDAPOooCaXApO1ZIvKWVD+i8D24+HG1xlg6WhZm6Rg0/NgJj1xMPI28erXgF3SCJYHfm3fDykshadwjwwUxcF7CjV9zwG+JSSTpuObBsrvSp/kETL86uBVet1lzs1Uhk6QdGwxHyHmTYeR5xf9KSwKk3olQ+28Bkx9KkOF2TOQdBudwSNKcZSNnXmX75bhLJ5La2Bu02Pxpn5YTxUlhYvCVw9aDQN8dwoOpPZWPlDwdPrmFR19lV2uEi6joBOOBpl0WVz8zj1YugmGbWRFTSKOwHThuzMdhnSpZDpb4lokB9TKWgJTZbiMJDzJQxnAGjtzg0c3u54xskZQimuVFmNBVWQHLeQ9DS0MCcP2NETJSJEMICr2GmIiGeHMrmqGcOpdx4Mz8K0NpvHjLJfha1EGNSSsO1UbQ5NUVcVEJQthK3x3Bcz26oK3jgxyqy7+dpBQ8VTISBvyGDZYwgaPscooaVbw9LvJRXZOpB5jw1k0rAhrmyGkrXfWCZJ3ptuePp/BBboK23BEZ7Hi2abNPGPMHfmEVwZghSVm8DV9tplXCPNPutuHVbikIXAyS2ypKHfOykRBQCFQ0a4ZJtqCehrul1lZ8FMRLmWKd+CnUaUDA26AD5gtgQ6sqLMq5MUrmpmEopf9ce46m7SxQ4N4FR85MyRfuxbQcMMKUyGNcsD2QuEz5HJMSJ9t7myuxpw8nGM5lHFgIb6uRwttab/BeI0XGhoYiqlREwPd9rWt9VCTT+9rZt803mV1eZ22DN+rhMHjUxf3k04l2XUd0lYFqBJ3XoWe1i7mJUrWCmFqpotBKIOpWEgglIhsGiPPTOFbjRHrCyokSv2yUQu/w2/yojgJTQUAHCoslIdpU8wE5R9GiwZe+EWlzbolV88O75TwhYelrRUFJw3KiTs+eqtCqQKuR596xgDCyNLwPY9loDGadgQn2zhnuFFGZtlDOGtQ5c3o2xrj9qkx0RXZjdIb8MgMNTCdmbU+ubh3TZ9HPwxrkqst6CsYfFmbhYERY9p+Do3leZUqjQONOnGPwW9IMml0BsnfOqxsa/lZmqVE5Rd8G56SNsIsTPI91KM/2vFlu8orIdrwRp5ZUtBMk6sKi9KtjBEvDY1s1pU2IoEVtV3tI/4eaGlePo6Hw2fxvhDI+yH9gIplOONcM9w8pW9b7+EKHjoruOJ88b1FO4YqCwyv1NGngqTzJm1DyLDhde4oQp/N2t44EyCE7dpxzsxI7qlnZn6vrXEZWsdABaaOwBk8dujZe9uBW3FKUsYWCrRGbmYppZPtpWzlE7qGVzAaCBNMTaC3DsD0S9pPp5thicq6zPrb32xr5IL9PZtqmS79kD7ljDSbbakjaXTOmdUaya/gPPO3Mlej1H6q4u+sgPIKHS392PbHAJ4ThZNN3OR85asX5TUjLdQPGLOFi1kDDMYkjSQNFHHTcSbd5FPrGTLyHWOXdjB03AsUwr86EROpBK+nY4EXbTGyvXR0AbcuZQfjt33LNkU2iS4PKRM5p8PCfNab8kuB5rUyRz6RF0muvIySrN4hf5s/1M9bMxTORh8pP+GjUdZUQnudB9GJ6FvWmXaPbATvjGWuX1bXFS3lDjI2YeLgnfXfvoiBCU11EFK/kpW0O7yR9c7yhHLYy/T2Y3Vm21k41K8K4KX11WHB+aVZ++f66NRP+Uqd7WA4juRNnUhGggVvdRHhS29lvDxvf8hD8oV+Jth5aTTWOxIOfXspSVE4QIDNC/uFOAhYOg/yqCcxqz/Np54+UwdyB3XHpfQ33woInHZcPhMmOdGHsoY9cmdHotzIU0YDurnNWH3AtqqKptxCpcMD3yoJfAR/KbiU21NX+fbnDm9IXvVx3OyvxFP8bJN+mSaX+FhXL+FcBKtefH3/YsDd/rqnAplOo7dKoWFVFojtTpZd4ZlUxqKT1wABow2N6Tvr3evOr0uvDAg8lnFg/CIi94aO6ZkfYCzlrMZNtwe0CWQuG7Q3AmtS4n2LsMUAsWF87ydpubX1k9e/KJncDtX3zcWXTOXl36Tjj0JQ9LOjEp2lPGJ0wBgo24yQjE/xp8DbabfLsaAFE6VcMaPjAz/pnElRWEXAPUUBy68dTAiBSzy6A7uKVyq1nShY5BnlIXA8+y47GZo+9e6YiVL43s4vEb3xW9pA7SjDGrglsLI2SmXYdGmDKlMwuRSGGeykNXnIZ5ik63BST72AGhHwrG1ZMfbm5rdftnkEXZUnFPEbwh+FEeVewU+GnEOWcqr41AoYKw5uKuUOXipg4uVMErxkmOGw+13Wk1hmnA4kA7e0UVoOg4pZD9vK7foHozE7VGKMJiSP8EBDKbPxh55iBSqwyAmeDL70gRVmpivMCdqLR4jFBiUoNtJmSz7Aa20/9OgGw8LGxMvX2V7crzNwM8iOCenzHLOE9umdduB1MNdDq0CWVuCvYcPCgSgf9kkVzrmx/LS9fUxyTQgHdBbNPLalhl3NkFa7C8+wj7QTiq1tnfaCfm7qwVBIU/BMWqoQhV60BwpclArSZQYOeuQd/BoDTrr4z0HUwc6y7YTSTV5D2ZHOrgPUI5o+KcFooxhlGtjhS2gin4BjrQkq/nFGfZywLPnTito/kG0qUOAURV1FErpNWI/mffjf+qikyLsq1OljGHiHCOlzQNeQA69h5leaScPwrMqabSqayjwHawYdnQfBITLSBMgHlJIYMOaHRz2mQaM8xjbGhWsMhRPjNsCF6wMUGXjZIwjkqwxIgqS+vo8Sg+GYEETXvDmgGu5DnVMHYM8vFD4lK20/6gktbAtxrcgCwfEO2JktUfn0HeWkLXjnFT7itzPmMaLpz24Kk5kw8ztLavuRb6iGP6Lc2/72y0VfIA3/xhivOV6Dd7ZNdsoER+ljiFgMdsc6kAl+1l/+Eg8VH2EGvaJXtnPUqAzNaCMujxnITJP8BY10+uhkcPMTDcTMDkpf5ZRyQVnHv1QkEApXHnAnkewVO69FfXc+rjv6jMiXrOUnxqfOrfFelFX7MDRTRgk939A+/cE62GfIm3cW2guOGB7u+7Mq7OK/vCRzIIjD8FqE07/gR/jE39k1FKVans1lGulkmzm201diRMD75rHvJnIFqHHEwGsaH5GZzHZpiNPg5IMHc+HQ0cni+k77I6knzH5oNI41+KB/Iih0skkTsUVe2ec2mTV1u/Ks52b8dBlJ4sLoe5lllad5HplGfkOpY/zQP5Q96RvUIw4CjYRAhyrIYWfdY/grG+UB+n7GMdIbbhejzfbROKF/jeU/mHyOzAnPRCbT/+Gh7NbouOczjTbrruHg2KSx5qVyr7w25NGlLDaQl3xre8PTc9Pz3PYyfDEzhqG7hp7OBV4I27FLurFuNg9tM+FpcCDvYhzxPiXI787YpI6OA/1KFuQUONt3w6s69I8/EmNopBMycOnjySIv84Mwco0w++kI56UyQ0MyxnTA9NSBD1jlsoLX9pXflJv+pr/pEHJmMeO1MtMC/IgQfWS+D0OZ9gnujlML+QsugYEcF4bP1T00cq2135HP6EKGkNv/ve81cYOSGDY6JnwqDHg+m+WFGLSB9LdtNGoAGdTs0/Co4Y55oFMgYwhArKdtYzthRHvsjg7CRDOEcCmq5Lu8YpQKbV6NZJ23P9s9lmfIO3WWmX3FSzwV0rzq1cnj5T8ZM2x/8YN3M+YGBzPtvKIv8zhlKs9LsO5MlDvKtMD0CXQW+UyZsVy3pCMNBJszvukEdtzxStvm19If08ET4uuYcyl2pqXcXl1FfzDdJWGib6RTZlZJBV9eipv5v75X75XB7Ekg+x6s9fQkaU9vRZ4q6wIqiSF2BK1Et6HkTK8ng5EySDCk0QNBaE46liEUdKQ0+vA+zbC4KfgpwsbiB2VHeWIrVremFm6U/gxgNuQiyy4/FG7Dv0vLMIOhNimG3wPqnm8UxU5PvgJbQaLgD6zd4exSeOHKC6fLrYtCIEqmJeXBdi7DE2eERXnuWClKYhOMthM91S/CXAyDU8DlkGbSO1MwdAZq0a/tOjCsBif9WcYfV+zoUtlJyr2PFrmhqYP2BZQYlSjoMwy2dC+bbJEyRMhdPYwxzr2blDnQlwgFM4Wdwky62JkUKA7QGi7wXmacWPidjisvMguiN1AYduX845nfXq6JioHibmcaKLYhoKcaxiqvCFL8Tnme4xGAU6GEwA4IEjMYu+7N/K6dypb4ej5J4CzOjMMtHVxcp5bQObz91CqDiYOEA/cW3sTxCEWC8pM/3keUhazpYvAWL+tDPVUuahdHvLbkj0IfeiiEAcHHGTxDukYodg4GznRtnWBGDlqNtvrgD0XGeNMmbCDh2qjQDgD5p/dYryEDjjOXFV7IGWzS2HpLV34YUjfPftVwPQpWxgDLVNDiUTRkMXiTT8GsMexsxty9zonhMGQxm3sEF2YJbQMbwME8gwp1luecTYF+9gvbq9HnsplA2gsaxMOpskRePZoqL9TbXmt9fB6P8GKQkkdIG17pTUlJoEHTQEfWWHglTBI8pIPKoXJJ2s/6M2GDFAD41lhRAfBRyvUn+RiYXbM6cqEQ9E94nzPFtK2zNFPXDANCOoVG9BVnqLymzEIGhrhaDHwhv8SYtS3M58yghrYhM+BZRoO56TXKdupj3uAvnuTzgrtSnnTKhi0qg/YnaaoyghKmc0EjnFykFwHz1OUB6Sq3U3mGvrJ4Qds6KHokhIbR1P5mv4VmFUIlz5QxGfpRLqmQnQzKMSJvDH9Nj385ZC3krQDNQMyZDoeMDUEErChb8qS94RHlmGFooY2GPe+zFtFQPWdA0ybkMy27ksUAtS7QqtqBfnsIHODfqYqnfKtxBp0Sv0SbZf0otImcBo/QjFqk7ELVh9BEXCQN3/35QD8Ac/G818M0/sz9zkQ9Zb54L6zi6xiM1MNy9NznjMClvHFa0hfySH6xxPwpWP71XUdt++Guv6CDcgkeCR1VXoeyxEknAYA0EjSwI+PEa6i4Cir9FihxmiSraZ35MY31IF+MPPugPOh7jXzP84uxXfCyARmGifJTmRnDy/axAwOqxjLT8ogvsPMheMHL8qfGrkog/TKhrJZtCKFrgeER5ZK8mDM7yWv0QZxzGI2hNfyV5Qv2Fd9rmKrUqwtAZzft8I11jOJrf7Y+PM8sOn12xIYUc9ffsgNF8FdOmD6ZgCqdgW9bi0tor3EgDNJZbkrQIAjTWHfSy2+2jbjZ19UnkE2RLY6Z0tExCPgJ87X/SCr7qEYZfXZw1mX5An1jzuY5jr2dQ2PYGEnjrJ3r4lI34MTIdKOz/dBTJ7FUUKaoALOhlSHulq/sjf5iFXR4O4bbHuKMo9GqjYn6mCHXYhRZf+WnROWPJKmoL+pHYtsilUBWRVcLb2KkSRfLkA7ki9PFKB9D05XX8pBLHkwj8MgSx4ae3j6e/sW9cpTxfY5c87xXW9iwy3HWwQNCJ4NjM2Ov0R+pk+vbwgVBvFCxKGWvbSDfdL62X6gvGfKXMFb5lVBQj8lx/bQyVbRmOGxGrKEvR7V4+oJ6mpfjMXI7lMTjqhw/0vHrPpG4vgldwc3xUrn4ZBftP9bIt7+q+8ovu12iI7KgVsY697ul8xnJws3w5VhnA/Q39aXpi+dn0gx6jHUqDHUUzuICoDJKnQW5MRbXwFwkyI8YZrT/1IgfI33U96xTYC6lFRFA2qn8Sl++FLmlDF+fn5OVw7e8rgZoS316QNMpklaqwjx0pgjCSBRhXAaQjOEr8/AvqcizyGv+iz9SY3H5nhuNuO418lUG6V7mAm6/D7xFftMKgI6ngHXwHoR9F3hVgEC3P4Vf3csy9Y9uaRrxU5j4DeygO/yGUMM/00bJc5CJVwUcevYUFbx4cJlLagU6SqFGVQZkByIUnGTdZbQVb5WSAf+gBZS6hu+dBaZtLUnm11BESCbuOBIBQSTu/LZeA5zALeDBcijCRwpJkyrE8lOcLsK1kgAbb6uCKgq9oSMOBPTT0EchEJShhHXyJi86FgLRyAHnMkTo5A6Sto2pHbzE2sGPgUap4QBdMwq+462KA/QU76xrYse82miAIc16yyvCsA7EnyfEA4ESIaRRYk49qxoRpnTAcQBXaaZehmwmtIp3OWuNBfTOABvm6RqgzCSgiDhoSqIVd06DL928w1kylXG32E4IszSw/VWmTa8nUxpQr4zR1KVCZ2wzlGsGZ9tT/FWAsiOgs30OYJShl9p6W65nLkUM2Ra8y4YolhEFAHq6xhEYqS/4OmhUH4Q2CkwHG3ERHeFriKkI6WnkeUSvhp9CEWU4fCYd8RpnrRHKkTvRiacK/PwU9RcWGHru2tg9xL2njrWxCIaZ99KEmQbLiKGAly7Kw2BwMwhpDJm0FHtnScE3sEMZfoOdSqFeU+mLp9YNK+x/0qc+/Te4mVmlbK5wH2SJ6RzATC3/MVBUWC2PwFE+S7kaTqkHz+M9hRaGsNIWxVvSDZ6zbalL9XXzW2pvZ8K6EpKVWTANHN4BVHonrNf2kY4YPm617zrCOqC6h56lL5NJeOJKmtqoxn4jLGgKb6f/wsdjlRLlZpdtqQ+4RyGjDVMv+1GICtXEVeNQBYi6OpuZV6SoNSskkOfti9Q7syWpb9GvcJeSZrZ2fEUoAJN6+SZjQX5VQ2bjHI94QDmw3iqZ1k++y4DszCXtLu9L58xAyzOktj7hV9o0M7/QRJni2YEpyzaXjqKjcq0HnzTS2509TauRPD3xSMHXCxwa2l5mAr59gTpmNgkZ4aw7SAK/8M/XcJs85uuvc7+dlF9ivXi9/Mt3wxU87R+UH7kkDYby/GURvg+V+hvL3HENJW3nlMJSbrjCJ/CHhrCznJkhjdI3pCAtfCIdnFVyRhJCDS/rO+DE1R/V5kMtw9sKOHlBOWP7OJuncaABSp7MzPFao86Q+LQPkAwJjBGALLcNwovykDPi5E1NLFKZg6IWmpnOGTNkQUUPdb7keeSscNUllPkYXvLy3NBGZR4OIrHXuBB2xn/uMztA3TO7pqPFcUJnUwxU5UUZZNI1M0jyi0aU5SQkz/p32eGmTsjL6rM8lrbS1Bm/zEZSIFf6jMqn7Qsc2ynIAWds+ZQxdrbEWXrXJxLxEQeaDjZkf8kGskBfQ0pD02H2UECMtYYopky3T7ddbD9xk1amgQ5pM0OI/XQnlfDTRyUo/SI4KuTkR2WqOpO6gfR19ki9gPae07ZGGsSIOsOmacAMb9mm1CuGpqSC10fWnZlNZ550smThoY4iDXtoG8euhOLKjJg6ojwl5sAIv4CHvJat/8N7kUpFW/QV6RJHo8405a6zXNDBqqsHyLMjnYbylnJQuRcBSZtYT8tzhjnlkc92NNRd2enss3mctEAG24ZjHQlGvFDuyHMpmYmc5ygC0QZvx1baVr6Njp/+ZFnyNDgMOpXlLX/AV5QXz+ifY8buwFJ+BY4Jdl6RBembADNN4A+AK23SAFh+ko4zIhWs+xgeSd9OsvTE/qvyhZfIF2ih24CGTwrf+kUafmhAaryZb8g7lN0h1pc8ZtnSn7Q70/DIEgMYnLrjoOBVdgm17WRA94NOSSeO/xmuyeiGF7wuOyumYZ5eiYsKiLxWrIopDFOKLA2scHiKKzTxj9T2S29Ofpifqx7X74v/QnSvZB9+BU418JNm7uU5nKv0qgAnBEkPEe8yiAfm5f/IozK4TJhYZwSlin6UYSAIo1hBTLZxqgGczEOdgZHDUvt9weRhFJVtAshU8aTSRsaYw54+KQEQYSpMHl9yBeLiafJwN3z7on6T2aSCEY63fmwTPVbO5pjW0CUV7Qz0Jqu65Tu0K+oN94GhIDadoQgKFTsKVxSgnj8FUkKgOQD1ztTJQmphmKojya/hWV7kD7mB7xobDUG/U5X8IS8ws3YscLhHuCj43Q0xnrMI2iohCqHPbV9D3xxoEGJZ26TwtK/wLJ5OlEC5PQJJL5XpNRxRAjKLZF2gV7aQJ2222k9NqK/pwcPDuqMoO5AhxDXuNMqyuYa/FQYqihHgKD0OaAjm8ITKD4NJnrEhQsLffO/HAYUBwx0UAYo3kDYAFw1kvcnlPYRAwI+yFRkADfQK2m7eSy89wuAh9WcqfhpGqQN5057cMUDVOq5ScOPxtn6GA0kj8Ch4wA/s4ol4cKFz3qtw+47QyVF2N2PYsVwHIIicMFiVAOEGM/4Q6ikP571Gl+9lHAbmbJbhC5UWM8CQCdfToKFu1qXaSWFrgv4hrzt8aoRlFs98pB8GAr/9hAbgllAUcqfcAYY4RHGhWL8xcgyztTzXmKWe8rqKBhzkIK3xVngCS+MRtEMXlUGVLEAGw46mfSmbt/A+CpoKgrSw3aj3YEQmZE/5RDrrI+4xmlUGxdMPdM9ABJ8ZHpnLMlXe5PWkKV6LUd6VLpWK7MiooUTZUa74VdQRCs+pm8dMBDeVZ/AT09BQ/lXB0gkgjuDht4agOLrrpHWTlxOinIGRclJ3lDp5O/SwjYFJveVljamsLQuNbTtxod4qcf72uTSGN8M/4KHjwmMFbK/U1yykCd7pc/ZT7sjjzKewMiuj40jlWjICw1m3OFVoj4Rcpmx+24E6He2T6asq7dItSPH1NV5SVBjRB6uygVT14B3/04fti4aefU1lpiIdw/ptSy9f0QNoN40f6ZY+L9/TLouU4idvadhJlCV8l2HVb94nZ89t2sVPSjdkWtmonHQmB7oaej20q/Kg5DR9UENZnJxl0hCwreRHDTt4bHzwWviK9xrv9kudKvKXKMgfzpw5Q9blh2VI70TEICPdNCZhW/APgEETRO0/4ox8HLkWC74V/TGzJ15R5jX4oFljbMn5Xz1KJGXDHyrnOreyZs2+LWSBiBf4Z38C+5H6jPwqrsJDHhZ94X+dZ+oKGib2MfAK/wtER6J9jOiQOEUcI5SxKvmObsLhmeVmvwFlHuNWDFrro/HmM9+rD/ZyRU89SydgdgEVJ+gq3d0a3zJrbKPv7LjIqcyThjrGjLiyjWMAUk/bmbqG9mlPaKuBKw7ZLMjxkb7Ku/CEY6Uy1pBI04Nm1lLRzsGDzd1i3Nue1CV08reGHW2dmT1DN2n/GTM2WcdoeKB10JATpuOMdIVn3GTPXS1tJPtf2spv+d0x3HrI95G/vT2lM/gHpvyIHEo4cCKSSGubWGfG5hgb0t0yvdKHSGP7S2Nra3uKDzBdj5ZNTsKv0MG2tB2WLnJLlu0rsMlvG+XDWyuSylSynXm4s+9I56owv3dAXMAenuZb+mJIu+5e2D6rv5U8aaRZCuu0TIpKOQBNuuFGKAtct9Ntwx0wlz6MK9ByqNd2mg4sOBUdw0/Q4uIreSxGnTK0vQTKxVm+bveTyW2vep3CyQ4TJeCrAK2ikMW1entkHL2TMmKa4WkAstIDLdNZ6PwSM8z9JPnTOBcXI7P5jD9+hHvZC0LDzFFEHKwjIJ80w05IKYhiaCw90olxVqGhM8frbWpx4bqkKv15/4ohY8n5dBQc6lSmFs8FRJkleOmkDFbe24GjuAMMsVxl8Xs53yW/eTAYZzE6UlZ/1vG1uLQtfFE7jqJY6ZVkRio8YqWe5Ar5SQI/B6cRXhY96yPPpYPPonylPrwXjnUZ4JnZz9JV4WXUL4MT/LXzdU8JJDsXdEu4IIlKkGCcKOm5VGAcYOo4Au4VgpblgM37CHlomkEFfo6H0H6BYFIJMARRpVIPe+ihYFGhtNMqiMwTgwNBrbdQOhnm4WCkYhEeAX8G8+l5lAnqkw04KFklV+9edv+DJ3OmmIpA6KUBQN9iwIgxJtXE0/LtL/KwMFAkM4tou1lhyk/9pIv8Th5nctxIpGYlTMQ701sP0rnlftZWFQSgYuiIB/UTRowiy1q0Ae3iDAyDk31qIUPsG641wmiULtmwiPIppPjP3wHCvQObgy/3aYPuUVbxKUW3PNkaX1nXYX3Ir4E7rHXRA10bm/COfG6mUiEc3AM1zhnqaThfFDpomVBs3m1fVMpbZzWBl15FOUGzJ9r+TVr5yg91XeLgBbiEn5BBUiXUysHe0DzCcDPwO+AFILRAacu5bulbKjbQwrZAiZkQOuUGINKpQ6Np+QWeWV8ozhmEHGytAzjLp4Y/q7xIW2VTlBMMSJQQ11Vq5GZmT3paB8p2ds2ZIY0f3y0PbuFncKq1iBbTN1CBR50ZzsyH4TnApWJLH/hlcJRlV76Opynsk8j+MbIhfchstheeZWmTeg/9wHqGPryiL41RMq1X1kgpbLjkP3cndBlU6KVzQiWStvegXGd2y0AEfhdQGroDn+rcqD6DAk+erB2kb27hDZc+0jbOFGmm1IUHM3NuH8+MCzSEtqE9dUq/DVPRXp0XBlrb78A49SzsrcFXf5lXgySRGfzO2LYDDCmUIzpmMERTh/DdjkRP4yYlWUJ9Lg4lCu9ZI9rXGQPkW2SfXull6NxUuK9854sdbxcp5fXQTLoNn556GIc0nHWaJS0yKrsL229oqyyV0FAUXYwGdRTX3yr77B+GEads5CgcUmvPrIOyzPa1v9reGG3ZFp9yZuop5I0SL++qxNOOhh7WRbk+14gnXdabAT9GljJcBxj4xYCyz3a5l7BKDR/Ltf+CW6IHoJ1LPeJEoR/EEPZbI0/5J+26gh4lnX6Wfs1j1/kG/1CHpPYjysxM2SCrMd6coZo7E6J8Tf+CmtLPujluWQ/rZGn0ldQZOiW0WJpLI3GmzKwTM70y1FA7NmrTeIxRnQSBgjyAjt4ji8qQTE34Yz5geW6nfVE8HF873cMwZEubCmq4hCVdxUX+49sZmIRi8k4ZkFDWrp9m/IOGcSQQsildIi/kld4GMeSsf/AArrO5wEldHe8dUzVONbKQEaGv44Ew6G+jHl4bkuJUTlghM9OuNUweaWa/TAYwBM+C6XiObFEnSB+zTkWuWhcKH9k20sEPf/yXPk6fi8MAnsyMoLONzKKG9zUAyRcaJZ9561q+pSdUm8CDjsiXu6JW9fKlydydWdGTwje2xy7X8NT+69rVkWvtHS9s410uZXC291cnsM7WUzrtkjZ9nndivOv7RZ6ltxqyS7fVFsODJUim2+2CCAOFIve4uwx2u+X+Qz+bTG6+63WiO45n9DJIXlSMDGnHipdHb7mdQuXaaW6Vyss03kVg6jZw6AAMekOYRzYDEMZAx4sz+i603U4j8TRMSmDxHaXKb9Ps9iG9uA4dIQoAjU/amlreLY8F+OGSCAoAO2MUFu7tPCqjvu6fnjrPLv/HVDIw35bvBwA+XXysg1Dp8JmhsYM7ixJ6k+7i9Mt5F79hLjsOaV0QrtIVga5Qzz8SUkaxYKXN7IGzJwqqy1yAq2tAdrgH0pjQqIQ9yCMI9YSSOsAqUPm7yJvyvSs61IDNb+qtUq9CNGGHL4V5whul0aIcf9RdPS3IO96zY1QOyNZTbjF6VyM0TLWdN+WaQOEcnPwqLJ2N81f4zG9nMxTCDKC165TeXOjkAMDgqfCR3n4bQpl1TM4QKtgzwwNdrQ/vHFA0ciOE4CtnwTTYa+MM2kKFPQoH4G1D+SHCRxqBjHSzXG/8L32kXd75mN/wegzJCKNOvzAO72Kgiz+DQ9pAMJYJP+AplK8TViQBArsXpWc0xp11qMIsM7tAOhtpMvF2oIoApk4MJJNDN0TYe1h14sqzrsg1asxs6OmmHJXjHEprvaCh7ZfD7aUpeCb8SrkjnTQUVRrNaLtalm0clKQf/Ge5ekZp2xjIaU0xTKv6I3ndXCBntmmoq2DZxvW2/7UUnlFOzhNMdvojb5fThX55MvyyjciLIiXO/vbyrW0dA07clUXgPuUcOXGbOAPKdw5ujZySHuSjbyW0j+QJXTSvbQesbGLigMrvzLZK/5TJoEy8adawyaviIh4dF9spcoXyozhRkPh5jQytQpGz7oYeOduUrkFeZ1rTPwjDiuEXeCIJPsioHAvCurTwpMCoR9oNHF23KP5R6qhDZqbsW/YZynDmMP0oeDrWTBJenHAmZxYWF++8KNMDw1XswzPwRY6gkB8IcbYPpM8NfUZFWq+4RqYK6oC79JTX4L3IXZST8JmzS9RpynpQ16tWmfCDfRQ+dCZVpXZM+hy3ECX94rF1oLlc87VewLCtwV2jURpl9sNQOI2P1KPDzm/pA47hoa+1TPLZrLS3u4NaRna+k1bhL+4dDzUyVIpd55T+UzxUrGTdk1VsgqZ8cfEncoQ2Co+Ft6vsguFvxxfkrI4x0mVNnHKVDFY3JYpD10tyQLI4asQ6Bmk82Ac0gMyAbHbNbmR6FR4i5bBpDRgVWuFaP/nVm8weQGsjPjAWEw4p7E6LrE/TAMjsX6eRM+04AxPKSJvV+rGuizhOYqykHJ0D6hcJAwUvHW/UbwY/x6BR17AOppE3NdAo1/DEOG6QG66/F1YUePuydZRPbETDD62TdegzRiGauCuzyegMTjY0iQwim0cRKSPcJMNdNXW8aPhZD/GRN5wVhEaZjaL9E3WDU0VaZMbDPqOxihEXHVLZbFkWzngzMo+0TP+jzIFGVsS+SpvpYFvwS+UEL/je3Tu9tw0YGyo8Fp5Q1/FgMutmv/eSDq5ZpT9nSY1GbWbF8jJ1wYNY9PORfCYMrvQ1y1CWOE5o1GesAD55xspbZ9KgxViaqavZ7pZnfaUvzrKx7THU0/qLk/1TWYLcmWsc+oy6xwC0X7m2TR7QWSasICRS0I42yOHROuvk2R4dl3QawdJGR85lZQDv7TPIZGcRx7bp5S7Q3L4Yn9ArlOlx+luXXS/rxgvb0jSdz4akeZWbnh94mS0Nn9LuA58MGRbfWCGM7+riNSYtXix++Nyxq+QRj4PD4nX9gO7bOOyepmMGHHCDx2aG1zMexPjeDeZFRXw9b1cs1A5TDSrqT+NKDWAoOozKaBa+qvDGmIDZBqZ6KlDCoch4rGxIB0obQQXTjhpi7IJTOmEHLgw+KkBO4WbNhMKXTlRe913yD1l73jQE+YdbcaJpuPfJzktoAyNkal2hGW8SeWD2eMgUOGZLwkth7ITonZ1wKJ3fXcEWr7pEqPCxU888tNcOaEezrKQLZj397l+BQNskvEUlGfq6eYZnlqhUBgUFx5A9cBUeAx7Di53f2+l3Phd+YsxV+PTsC0dG7wKp6lR57DZSwUXdIsCeEbAkT8VXxVwB7Cu9ScJQcQudtnETj2q3gpk3PIwyFUNDrzrw2PExu5sBZ8hdtfbOD8Kgt+HABwr2HHxtCBb5EnpjMfKog2p4vvLX9voMYiLExh0ROvC3PJqZVfpN2i1lVQlTB1Hex9hR0ZT/uaBcvscesWDfYJCYsSasgFMXiSXNUj6P7Uc8q1rw0zL9+DTvBGf6embaOCD6oFH56m/qZCU0klRaGPjMFWWH+2zbDV1dPD0bscgeRSVtYr0d5A33MC5fD6+eZ72J8G9i+hX2KMyuSdvisHFnlDRWNYiCWRQ2a2ddoIsDn6xIH493vIdciL7d3bZZQZFQSYjx69oQyug1wRPLDJfr36Jwa3DzDgVcOlbPkiyWw0AsDBU50rh2bc5aA8+ms1pkyF9h55gDlRA8iVO2yraO4W3geC1oKQ25ST34aZosmvc36ZxBcrewTb3OlJP6W74vqVzurcvAk/SjMQv1dWqkbVUWoI2X/BWFgHU7Wyo0KvIYeuTgLUYFbamcmiqrTD/Uy34h/Q/A39afA4unKB6hE+lytASb2Eif6fGvpH0zm51ei/Js6CHKSJQ1zpeSpqmdNKXvipaGmbwTOlg2/2JYcd6SkQQJV7XS9K9smOUMgnKJvlD9QKjUA1zdtMU2qElMa0KZ3Lj+dIzi4WHpOgKioJJuRVqhaOWA+b5eMO0tnihEMdzOMBYyaxADQBnDzKczpjMO9l0RFrwTo4TNCNJXpVPvdyAACvaRutJ0oUJab3jMd72x9v7/w10CAD58aj+xvyprMjbsCtiyuf5Q5dqerL+JkepvZqWkp+H1dtDh0jDCySI+6bgUKo5f1RVeYIxT8aXMOCsNZZOnbW/7Cnw80/Cmf7u5CJzIO8qB7yxR2SDPRGYlbJEH9n3TeG6ZzinHBvlUBfwgvDAhBM4QNhVgZTF0HfNtGcqhubNKbh1PWakfY1vknTMmGjPHHqZQ5LA85G/LAlcA1bdyShnhR0XcsYw6zT2sGDnAwYFkoR4aKo53jgWRnyUzDfOLzuVsjjoPskIecJfW0QX6IfU1JHDkZjzW3e3+CTvMujPaKLOIyjk/8gLLJKSWP8duwmDZZ6Gzzgx4PsaQMsYU4iJNXRvPE+mX7eU1yKyjNNt3DY/B3TPJnL3EyBy7gzEySWdu8NMQsa6tGyiGccozAJ/r+JOOtpf079fIcxnlCaWB62ppi9AwCEE79ceuFwjD9lRqZx0suSID00eqrgULutmH5V2NWM+jlGlSOR/bbl48UMYz/icSyOfi71E34mr7OZnhujXe9ezJ5kYoVVb/ykuJCG6hpzimB/PMMZL6iSe8nTJcxkJZ2RBrCHOVDMifJo0dm8PoPHSzMOkg3PSToFBlkcVxPJvjcKYcP0ABPhXW4gI58Hd2N8dFLGpiokWtFqmHH8Ffhx50rDFseLPzO7SWZ6W3IFO2cOsmt0Mfliqkm2jQSxPx2gmu39Ge1MNzaWPLhGcuTenOxDpEZnzGOI4rjFd9aaleZEt/ok1njBn2oTg4bO9FafVDkkefISQ96zzNG1iXlj3k/Xp/T1b2X/86GzoN+TShB738gcAKFo1AO46Mkw721QCCMCqPeHji6QksFUGeKeCe5AoBSRYBYh/RE9W9E/FyqMAEzycBsnh1UVmWn7wDcy2995UMaGNFSYK5FP56jXc04NMpHBgKSQRDbQYBQzlYDMUHP+HshFVCR6FVFfBLEVDX8N1vh6ehKYIB4WYIRjo5YUXZnluBmzrtzLPr3TJ4Oxb3GchSfmESxHxhG9JxwhZ6rBwUTN/xDg3zUuztsB04X0BO8VnI7UDHlYFYWusw6J3KHD1X0gy/8+0fwAQGg0yEi8IWfs0rygvduBF28tSb/PU+G7GIF4PisBFNBsgFvaApSmrW16h0hpYW26EN6bjV+42aXDWzvLwzHcJFAcNAOb2gwJJmPgd5DLesJTM9A7HheLM5g4eDtkLY2YO+Jbb8WFTzb9XHGa/UP/0cmJWAb36g0GfmT03YQcMSwcmcY7yNzmCsyC8oIzHywd8dTm3AhMVqEImnSoTtYl5xUqGSj2nzODYYOFIfy4wiZDgThckT5uMyNDVbufd6zwyjE2fw1/gCaPBy5jO7+4V2lIXS4Hl28ejCFzMVbCppeVHGhc1glyMWKD+b4wz4Knu8/M5/6qbB0WE7y5QB0XvfBzfbG6eCa21ot7SDBqsDhzxpmpQtXO6hq9/pDhJ/eJd0lTx5HLgy+Jqm42R66OWMuZsf2ScS8TB4YU1KX3ZXQdtzwFtFypnhrAMThhd1iNKkVxaltdaJkM1Xtr0DlsosfJXt3W2bXCJjQf7lX5RJ6s0DsakLzKBByoc3fG715E8PTnfmynMB5aso1OY2AXhX6CH8Lm9IK78ZD1z/5lmH8o/9xn9BwgLlcz41Q+0DL1JAZEuXb8JL3CcfZVXYGu9UFHt7KpsSemse6hUDmHfOaLlmMSFWOFeye6D8LC7AInXHx19Ll4a37aVxZ35nQ4L3Upqv6ud2SZWt7rdBgItKNMp4ZgN1JlmmtP2qrw7bvCE1NAsc7+sj70Xxp33kBuV4ZnXSvyvbkLdwENDFl+XQLxZX55dOp+KptFp40d30ovQ7ZolHlzNmjyGkoUi9M3PA+4wtfMtGHaPK5zPKEKNB1g/jieFZbg4xzzgDbkaOYGRktz9hwxvhH3mAA9pTlsq84YI6eDQYMDKj9CL/pY1nqim3M9PlIdKUkQveSFiiuDg7qKKunNCTz1ls0afyrJTsRE10GZIZQmktf9FPbY/FuhtlgPk1JOVxygue0ke9Ctky338tRhXhto5TwIlRpaGJTE2/MHQcg9g+WsYQ3xJykGNVA/on+W0P299xiH6UmU037sg74IgnY1VwNKHGnDLcBnDcoK+Yx2gKd5KMLuVYI91iWKAXOc5hAA67CmbZAGNWwlydwXJss94aHMNsVmiOHLMN+9hi8c6gLXZStz69PTLzT4KiAe2rQYYcjMNZuc69R0jY97NboWvmsqYbmNQ345gy03FNujuO27bW049//O+Y425bGvzIp6xz06GG3HXMcXwbWxfaxmUnElcjVL5JqKUbVkkb241QJjeHCm/Qfiks/N3LE8bglAcv32cGj5nQHCFgHTUW5YvIa26lUYch2tGhUwlhXnzZZ8nAf5PkIw2Uq5e7wFvDWgMqzpLkS0k7clQftf8WDdP3l+W/WXZcpAMR6xfnzuVwpoLKs+gnmb0cdKwlYDZm4ENjHSJ+LkExhKpM/Byri0oI+kzJyyV4/4l/6ppNB/zayrFmEEHPKw1XyFsRrkExqruqn4X118NjK10C+QkYkk6vFz/pQsXtZLv8CsMFHg1jeTBlGtsXMEpCInbJt/ujoTy+5UEVWh9Fadxm1mrNDoHGznqQTbxeKkAycLV+T/AUX8K3HBha743KSxbOKgTCFJfvDLLsQCarm/uU3fHO6GUBS5ev4EY7fUIYInipm504eZfSPtlP4OSS5hMGcpV7cReRSDPeDt9yP0IoijwID46CAYT09Hf1mxB+gUmw549ec71REaRR+Bn05DfraBuIjIk70P413Fpp1kRhXDsLqBDUuxovUKL0AcEQo+IMkAzo/hqACLY0gRQQBc7CFFQ+t37iwsCZsA6eJewUL2kGNnINiFSbmcePL3zF7zQzZWuYkL+8fir8/PalHryuGMJwEIQ+J4COV3ZedNBcY0ZDIakCNwy4DnB6CU3ugaoIOfG1XJVtz6tSmdBjOsMjHZABTXsa0gm9MivqrKWKSeobxKNAG8sf7xPtopGYeVSUOxVgDZ9pvNzA0mMKjxju5CAa5ZhBLAd7K5zBc8wMj/3XfB6RkB29KCp9AtgqBPG6M8jNY8CqQJCDowECF/hsF8NsGWJNZSX14A/wA0s+0ti1XDy+0lcKF3H44t+U9WkrKBPuHJdZVgZw6VUXaXPx7SDqF2XJh5kdsD+E0LTpIh2/GUxj3IOf9S1DZ4DVkw7pg09/JhjbSr4A5wxotbAusjLGuw2GMjQmRHieIy6KLaSZZToIOzsWhUmw5HdTmmz8oCEmTaJ8UA95CIpEDlGvbCCTcBtlO22rbNZRB28twmXMYRsYToWX2LBC4UnLzA4MMhF4E2exxAUapfYqMipyGn7yRj3lPb8cYAmDjNc5ePNH8kL3kbuXAm9qJILv+hXnjOHJZ+Rxd9xkMxNobyvPCEeNsmNbBieS8NvNcgxVdeAP3uJjnzENclIjMTjynoxmCv/4u2acrElhLu/6WweCDrLwRNqwI/g1fIWO5hNX+UwjPzzWgfHbIxpmJ6AFbV4zFuJ5aWGFab0a0Bq+h9TWxHRxig4Pd8CCD5QhzArIL9VHuuMijZE/4Hkx5AGY3wPAlMQ9aa0bPBDe6jhEFlpX6Jq29adpAto83Be2/qhreJx3i0ehnUkDTtkvHdOefPFw3p1SwYg/oYM8Y//KQ/BTpm4SEncWJVtnnoq9M7ac4WgS5XKzf+P0Sn5kSHjEQuGj+bzGnZw/plINr2U9dvLCf87qaSjIa/KpUHU0unHZ/uuBDy5uhGI/1GChL+VwbB3XyilDLp0Js49Yp250hIeYuYmRpbwK4eBf+mvNJAb70ChhaGPkvsarOIiLs2rsiOwMxthZPTcKUQ64dox+Ehr19fHhQfPwGWks6NRKn5Um1CjjrBWmTGlAH46D1P6mjLEM3kZ9cPdbHXfohTEmCNs0rH6UssjPDJ1OLY2m4lpyItuyNs9QafEDpq2Z9cQnGTc1lqDB/9/c/fZYshv3Hb+7VxYgBI6TZxHy/t9arCAIYNmJ7Di4M/5+fuw+e2Z3Zu/KApRw90x3809VsVgsVpFs9t57bRV/h8+ZtOLs2InGkYITSzjzf/xD8Gu7T+GpArNzV5HSV8/4ZFKVnGj/1S9q7vH31LrM0Vbap1Yit5WU8yrvf/qvo6eH6P1ttk51Ca6dS2sVbTBZSKJyJrajaW2IrcHjvPW8zJXZVV/qFF796XMrip9+a1txfSgZefm75MgHyOE2CePKGdWOyYydRuMlmf1ewIvGWvgebboimPNOwJ8Cvb7vJX4PPPrZOXhGLm4efq8M4AsfZ5rtyRlm/z74epd7Lo4PVt2zOcf7t3lURZ03RuATvr3N8ld7+vlv3v2QN3K+R5LGuNO7fl2BO+m5GuKuyn4pZ8MpIQAAF19JREFUe8ERb+DF2H9XADxYMw4z0jGdsbkZ5PeI+QjJUW2rTzMdkxuKiPAjVbhQPd0kZGeAUe4onitfeYf9iYQ36eAlDVsRYzhsNs0sTIbDZk8uAMp/9APjOW0Dk7j3y04gGUyUjWDrwgzzeFYA6gGv2zf03nhijFnmV0YbR7mPQXtBfmWVuUB0OeFq97XLnamUwdYb1iOurFcRl0fWyu8lcLNpZiaHwd/D77r7+XfxH9zHb7mLIBMM/8pvloYRKg0SbWB1zqpFCkZ3BPGBvyx32CSF+hRWz27n9HF2Vs/wkJlwHUfs5NwLu/CgsSgQ/GbzdzeIpVEynuRauruUCaN/GA1gjAH5ArRy16rJYDM4DZpTPJmUHek8w1xGbWamdXQWEQ8Y+eo6RYm/KaajtAwG4UjJz3jSl8wWU6hrs4zG5Oa1b/eByeiYgROtW8lhTBporA5xvkM3x6FDJLzT9ZKC9v7blKBByKwwRzIy1XPH8qNZPayIGewNMnCarb3abzxhtMCHG/UbRuUXDuJjMACuX70kpxyRbZHE71NqLPGwcnAE45xOZwAZ5OXdfbjNzm0wrcze8zEw4Osj13WHxxwODpU6+HGK8Fb2Hw3hU401nXaPV1vlwQfttomvU2s8m7GPNv3lCPkwjUbGp/aMVxu05WMcolEfgER7NglxVp8rWtynTqc8E0xmbRHvF1nSzKqG936HDCVLyxia/BkQGVfgmjAKna1rv+nkP7jNwp93szRUpckH2sn9ZPnGVtocLLJcHQS0GFDbbvabv/v9cbqSqfWT+rO+453GTazMYSUP8FQ0w3YGILoy2LZl1n2THavDcB+aVqZxwYriSse/w4eB+vJn9Bwj+qb6S+JXdzcb370mudFpu+K+82jWHE6GG54//apQacnI4g7Wr0HCLE74+nrHLj5Q27YY3jlV4TxtIPXwzjblvXdJjtR3QcH97+mOk+D++XfHVTfR9FvOjnc6tyqzvAEqbR8tlm58bKL4k6PTlw7GjwXkBS0y+8t4N2nFubLiKh4Ymdgf+qfYjPmzglG8/uSTH8YOhvf4XDR6rDCh3eqyHQPRaUsdRypODfZ5TaWJixy78x5WbZcjttVueouTxkkK7naGcCIuHYsnO/1y7Vr/SvbZCXMqvEfHyaAPG4c36WGCxFbFMO+4ebIS/zahvVjjSTcC2W4C49P/rX3VmU7SD3ewiXG2vNeHv2cD4UNbZVd/k4rezzKx1hb4GcUBXnl80XfrR4Nr5Y09RceMI13o0I0p186fERVfcir10618aHOT+uiPvtGg3Fa/0qvac3qxfGvEssFp0qay+s4Oz9JmeGV10RH/6cptC1WfYG8XGf2RzjnvynGCK2OsQ0tysXqDR078FnpOl25VjzN8nSxqJXUHkJgQI1NX3UKwevuI++pvvLMNFO/Ls+395feds9k54x8pugI4xhmdpjT42C3Oj7DKu082VHbUjebj2HLyJhtkJx05Rz5apj9y+j6Tl+TPR6ihuE8IvdF+e01fozd727tya3MFH3z5tsRipOMn/d990vVtmeDs4BkrxdoE7R/BhfNH8D6Rc8a7ePoOTLpuvFtad/rH1wF97JDa7mFDf53nr/j8828uBy5WFBIsDOH9f0qA36vA8q2au3v3TwYDeOQVozZzLONdzBWTbibezzIsXjomX/keBXt+JxCFZWHY6uyMWKsQ6vLDAbKEUqc1A2M/MwGtI7851Ws0IRPO+xeejUTvIJNfkPW67vnpz4SUcjGTUsfbaXE3b57yffdWXVNujJjRZgXvo/YTj0cUxQajQ6S/s/VuRCf6fnq6hsvAw2nR0gx1gw/lsn9PWa/bdfinOh2bsrLVe6fXGWhSguPpVeZGP7qK2+y7h/vXC8/amOL7xIlc+af08k1RLH95w+9ZJ64bHjj4ph7XNq8qUxtcRsmN575edD3wg+8hRTNwDf6TFYPoZO/CY3D2IjoFGo8YvKv/9MPNMUiew3k2dK09yWF0bTufdg7GVYH4kpJrNWMHkez0vlPX0ZA825rICdsHZg0oD7mId9HGaH/JyN0hJYMaYQZKsmEgY0TPWA7uKpphWX0cT78DAvAAPUhqkAYPzh7mQGwwplsajLftspRl5vRX5vO+zZOj2MPaxwA7WbpWCJt5Hc8yLnxIHFdP/aGtjNUapBn8zQzjB8DyjaiTb5luY+A7/XUwV/7AOBVDc+GCu3sTHzPiyO0SF/34QwaSCZMcty6csVqZNzAfBT6+Gdo7OVyckm2HREN1vp3J1dtAxIDsnYA5dwwB9QUkmvadQivRten4OuaVzFBnPNaGL973wM/KoB17fYNvRs1lIN7kSNz7awyy5xA676Nt+y4A8NM7k8H0bHRtosrz2qV02fzLCPocjefdnxOPx7tLbz1OQ2XMzlRGpH7Y1QQGoq77ycfkOcNhM9+lpb+2smHVg97AM/KejK08wxS+/VCUoTPnLeOfcei9FHVhZOCRjMIp0KX+I35RD0DLd/Jz4MszRbBccn75LS0tlc6wxWqHP3Fw1JVxnLF9B9Vcn7779QWT9P/ID97li945094FCufe+aPn8cTs/sVnVUyKiovfC+gWnuh/c39Sv/x9zh8s33Vsm5wV/3urKt4Jq5rJXRMUVowX7vJhnCEq8kvcyfP0t6TTL+InJ4puamJp7UBm6dP6BwjHeG5VeuPi0bMPyGgiR+MzoKXjC9qsFnGAUDwdXLoJZXk4GfQE/c9BTCfbQnbbFZ9+14SAVTTjjr76t/8lSoLn/Tdjx/DWDnQo3CbVLnir1+rQGJgu0Nc+zfhNnm0lp7vJNn1qhYl9gw50q4vVLZN62lJF4TJRIC09YNJmZeZ8BSoHDsyttKEZvPovR9YE3rYJXhM0F0dH95nMDKd+Ho71SX2sPjWnDU/gTJg5BFudJId2eE3uLtrqq3Ok8efi5aEd8Ve/3jbYnvGek2S7ezzb1kT0toI3Pqpr9Lyw99RFO+pMHC/OYzKwzwoU5923tUV1V2yCiS46R1vctpSdJ5wqzESfO3JrB8oYHPzK7DMD8tWX5Z/8pbd22A1nDD14RV/hC5z9ttplLL62cL5Y7a2eO4k3W2r6lJNETtCGB8quPdO3bKVbpkr37bzXfZahsTk5IifqtjIVextKuAhZ39EW6l1bTA7fZn560uZnwlwbbyVs9fHnq7Co5CMCtso1ufw6X+1BftnneKhNxpyvYHmcclQlGk691EFbvA1Lry9sEjqefwgPpHTiC7kl92/B/NWffnMqhowqFk90ite/7UVwg3mG6AThzyYrWP6vQyZEBpSPavocv3sMFlCG6cr6ndgzi3PdXxf5ZNjgbOuVcrfQ3+DeFvnmaWV0mJbdJ+AGdcJuoKbgdPwJA0JU7pA1QB4vQfkCeJTXsRr4bbMI9nY/yfBMU3Wb4+NABUpDB1q48FxP370sa/jMxFBU6pHyPobSt8J6iP82/gtZ3+Ke3CPiwgWHweo4Q93BucRvy67Y1xoBvyjtBu5tN6oz7qVnCmt5B13RBVAH/rqMVnJVO1Ni+xhv7fTJNsFbWYzRp1Yr/2C8uGJENjDtvYfK2BmyraX/UlsvnFLLdxU5jXfFq7989pKnxL2HdOQIX1JUPU0KbGXTLjHRoH0Oazg4ZmtR6MBU5jkclXPFxJNPtiwcjCcSGerawP3i5euF8mWMnAMNghdNTlzEp83ukrcrpw5vFWynaCV3nMPR6yV2fNFGDXajY7QFL4X6ibPrg9klT64dsW5mW1qO5Flxi7gGwG3nVNYJhhTuLSccD8YKg8NL9lOqOQ6MDH1Y3Xo/c4ZyiPCTcUep713ZaBvPyjZHxsvjd1DHqz8+8oDnoRqq97n3/G1Ytv25054eLrhLGU8CBeR7QZtZAeJQGGiUZZxAThYG65IRdI3G0sRX9ooY5GLehvTT6z8zzkqZriM7hyeuL8EXM+MIrOGSRf6e6fn9g6d84hh7zebT23P8GFjlX/t3tU1vNF71Ho0NpFsdZRQzgMo9eHCW5h28nzlLYJIHxkxp67poaZVvxkeAUXJkvvgebG86sCrrH/lsNt+nPDbh4B0cxjLDg6HGgGmF+hQ6/e+VE/i7HCAvo2dgW1HYxmnG1RyC9HL/Dr8P7eMn2gr7ewgLfjzDVMYDgyzYn/53bYv/d95LGFbuLjzleddvWavLgX+e3vkrXRa8Cv7ptRGCr+NUl2cQvwbvHRR31DOYvUNoMgxw/DY5N2eRjjo5dwCP+/Vr+W5IP3pVQD3OZVsRrygTDz4hwYDDo6OP0hHvoDlG44GDLQ+oouR37TcYK98DJ7h6Td/oAxy3K7+cYCws8r7veie84XNjRu8eN80UzWd75EqQDRNJtgjrV1YNjWtWqga3dG3KYWvMf/ltfchqCrnC03/6QzZYu1vou+L3nh15Lc0BKp+dTkuPNvlgFZt8bGsjGls1fWGg/4czcbfVODskfsop4RhYgcrwnKHPOVfepM2fMsbBrH/5pMFWaf7pv4enNoiu+93QZoaKy2Ep77apv4Znla4+8PtsjrHOqZPV2STRjPwZ2UnQVf+9g29Fv39spH3bjcP0x78fTzZJof9bOYdLO05HcTDSK+kbK4yazrbE7eCC3zbLtghO7/U4LRh/ztbDnsH4j78/vP3n+BeEz40dW+Et3yZzOhjEeL1XTYzXm1xoNboKboJ/ByipNYSjoMuRo+0wKM6Ez5HZ7tPVL8bLaOZUL8Eqp35lzKR3k4PXvuP6k0PlrBaCS6eWf7b4dO7pgcdOwJNLL0ozLmYfwLyVoUgbq5FXQKk/nzsI5uV3bWPkuPcpo9fs263wkmtt9K85/VcZRd6GrxNOPUfr24yPp+m57KPx41F81DzyvL0Jpu2TfUh+fWH1fpvjxmelju32eB/x62xVWLu/1kfx6rN2S5COE4cdt34prhOS9YMX7/3/sTbCLGR+zYzgcMh/7jcf4xucf92IawslpiE2mrfMn/CahdChOBRT4D9OWEP9eTEzQ28v/pq1ueD/OBTkIAgjKdzuMROcj4L0/WLyr+X9CkYlL/g1pEGfEkxRbHYqPjzCE9yjjK9yw3vlWp7KUggJ2ZQC+j8K8jEqdeTKggvEj4cE0cBnxsogwNkEIKfiz2274R6TT4MhY233TAzY8JgdMcBzcDcrfNP9K8RLNjDYgmEAMdOXseh9wk+/ZOCh/znMaholxV7XwegxOd02zsidIWlwirbT/jIVrst58OjfU0L12SwYZWFGyYzmcwMkBxO857gb2H1d2kWUe7ddDVgv1dGAPYPCQB6Nt9HHZDgzrc0Im7m8KAN2IG7437uGg1JfnUfCFyju9g0yONE1DHcn6rlbTiUJVH404mU071Cd6B00Zc//nO7kjPONpmRgxr4y2qItcY6T3/a3DJdz6mODZNszHGSx/txJcjuCnl6xOnUZ+BC8lnZ4HUX6X3n20Wl4bBXi9B3M5++qUvtoOzStjgg7wXi9oA1LO4935JX25lLa6vqXX7XJDI++fcbJPqsIHLgDe7Q94aLqqsT6xbb2eH5K//Y+/tEd6jWQp35mrLeFMt19VhKCY4IEf/RZs7sGaxMOlcezitd+rcRa8eEQIeaG6UqPtf3V6pTB+BhispQv3bN3HtXRxN8tG9rEbHH607cEf7Fd25givvD6n3+fns0wtaV09Vh0sEuPhrPFbZSFiJkcttC99D6mQw3m4Bmn6B9UMbSMV2ViOGAfPe4Uuk38JQOLE5/Mz0A7NRDzCOPGxXf19A/ewSLD0bJ6m2ywHaqnE+7r9fi4fBT/yPD+DdxmuRmyjGLjEEN/+uj9In95bBVFLuOxicfpQ1v81mb/znp8Q9SBs78NLk523I4O9U3/bgWmfq8Jrj+7Tk7l8dN5ZHj85PXYH41Fd1z/lrDka1yIl9rv9U/xkpMB3jc0fidCZm0wZyf9Re/RoLZdk+OCMXNH5htPGKSj07iGyGUpb+1qzLvel3ai4U5PNOFDXwfP6ZfTeVbZ61dblW6iZCDgaifEvgHofv0vXE1kmEhb30KbPmGVaXzuuXp/Vm905fBwVnYACGOXo9jPmD7Hi66YvCM9PomfPVS7NeavHLsFRfpcNp9tnZ+aCDcxOFh6Hb0Ty2xrfO1zQJxE450TGvc9uwziz+g3oWvlsfpvGya4xgdXuI0BeK+vt1Xy0BYMfI7pPrFwDiW5eOwyeWgc26JEY5K4bDyOi88gbOeJdiDjJW7rJd2pHL6aGBdfsdkYbB1p6jVg/riPJ8qRLROZtZdFEO3xAlfxRz/Fi56mQ+LpJiajjcy85ICvvsH/5dKjOw00FLeernDoKs9esNAQH4yT6zsmsLIDd/JoPP+M7+u7MPpFQ7zdtkkyQn7QCyRdjAX0v7H5mxCER71BE+7reXr7N1zB4ZBywtF70/I239dPwcS778AOcvWI19pCTv3rqzBSyWw8uHcBPefTAo8gn7YjR4XlewfmnfYMZwX+H/1Jg5yA1nnLWtJyOWFcBZ8qeWf+tasVCZ03oHMEvfBsRmpCAcEPhlpgx+VSPDkj5+X/yn8EYi0WGuA/yvMhaqUqxPj/XzpdDhxj8WH4fgdvJce/i2NQrDPYNmcVjxK2CjKiLjwyvQnFT2i/RP64kFSWMuZUnYY8hpp7vz8j6MoGpNGaUp2h9hEICjwD7bAarlPDaaJfwbkBGG91arNP+E7ZMBrsF3rw6iPkVzxZPQQEo/JkgCacJ4IIRH0EQ3L4zBIaFNwbOJb9KLWIycDoQAttm8Er6UIH+OP59JVgfB3Qk1J9TRbMSDLiN9iLnxHQDKMDUEJqZvvVuxR/bj8ZzkPV6Bj9p84nNoPT6HMeuikNT6x+jed3QqUpWn13L3tHj4KMRkyRrQHN99dsofTo/betrqxcg6G+X8omFG7lyingoJvRH5hTV++GcZw3w9oAegzxoJbJ7lg8fw3XL967mBK2pY9iP7ppsrpZ2voZahjU010hGXWVV1fyEI9962eDpb6oLR5Mkf+Eic9u0Vi5vyCc0mhILv5PK5xDc+Eq8dTiC6UG7n1/xwpITt/P/9jMcrm+T8aB9zWla9d/bcULhIwqqxzDuKO4u8sA/kze8PhCoO1fao+tBPieW/xRfs7ggVTTFLdIVy2g/3SK3Euz9bXh/W7m6hZpL7Uxg+EnRy1b0ctC2KE42iUHfysBrIbDnK7xyipCOuHzP/7PS7ZCyLi07W3vSSUrrQR8chIbONGc0vrp8z/8QRVDUSw5scJQmVcrFmWbLJhpNeMvrP13s8f7DxCDc0Xsubz76CxAc3LTBerLkViGu/TH13KOjpNjTx9nHlB5qkd9YO88cea8c1MfXL0feb4D5s9KqiJ40nutP738j+mHV9+UC9stIwMXWfCr9pdaXE/r4D/IEMDKv4Nt/gYe/YQhTk5+BcaS3+Z50GIis7Z3UNLn9NOBJbW6Wd3z/qqteXipXd+CKd8PhNp9Y3wkD5axW92FW5b3DPgt30+I3NZ/pvdbOXm1jZytIJ7u/Yf/lnwDhRdxW97k4Ce7Q/QFqEx82nFCzo2j4Zm+3opH9M0eCDfa6LwcxE0m4zle4xM7h5OxiZd4Eb+2kp3uZvy/+k6n96Y4gsaKjNzNp9IdJvno0V+OET1+oFfcHfRNP7BMBOSsbrIX702UFsDY+Mup2va+aLZa+EtyzyExEU3SjBHkE450vQmpvY9EZgq2GztQ5IQnXivyp+TgT+G3OmriCk2NHa+/zSnm8MSDlVh7BuG2xSi7+O5TCFbz5sBa7eLscCDvSSvv3aVj96kGhyKhiR1V+ZfLDvwlvpts/tm739XjUFicRicrxrh05XbEIAFGTgVZmyxdVavtyMVLp/Q6yOZzB61Mz7Ezfb+NPdG/XxrHX1tNdEricU4v+aSz2m6kTScH6Zil1Kbez1P2vUCeXnp/dPCMtTeP3su8uOBkl34iQ/GBbJK8Hwr4/p1g6/949p08D/v5mnCY7LzJr54XHvDYMOr+htdvCvx/9/BvQZo9510pvwIAAAAASUVORK5CYII=" alt="">
  (Session info: chrome=123.0.6312.59)
Build info: version: '4.16.0', revision: '15400459dd*'
System info: os.name: 'Windows 11', os.arch: 'amd64', os.version: '10.0', java.version: '17.0.10'
Driver info: org.openqa.selenium.chrome.ChromeDriver
Command: [534244f91706bf3c7b6c6378ac820e6b, clickElement {id=f.1FC6AAC78AC2A0343A68192B0869CDC9.d.889C5502FFB2BA40A6053012B9A7B8CF.e.69}]
Capabilities {acceptInsecureCerts: false, browserName: chrome, browserVersion: 123.0.6312.59, chrome: {chromedriverVersion: 123.0.6312.86 (9b72c47a0536..., userDataDir: C:\Users\SANTHI~1.PAL\AppDa...}, fedcm:accounts: true, goog:chromeOptions: {debuggerAddress: localhost:50630}, networkConnectionEnabled: false, pageLoadStrategy: normal, platformName: windows, proxy: Proxy(), se:cdp: ws://localhost:50630/devtoo..., se:cdpVersion: 123.0.6312.59, setWindowRect: true, strictFileInteractability: false, timeouts: {implicit: 0, pageLoad: 300000, script: 30000}, unhandledPromptBehavior: dismiss and notify, webauthn:extension:credBlob: true, webauthn:extension:largeBlob: true, webauthn:extension:minPinLength: true, webauthn:extension:prf: true, webauthn:virtualAuthenticators: true}
Element: [[ChromeDriver: chrome on windows (534244f91706bf3c7b6c6378ac820e6b)] -> xpath: //a[@title='Quality Review']]
Session ID: 534244f91706bf3c7b6c6378ac820e6b
at java.base/jdk.internal.reflect.NativeConstructorAccessorImpl.newInstance0(Native Method)
at java.base/jdk.internal.reflect.NativeConstructorAccessorImpl.newInstance(NativeConstructorAccessorImpl.java:77)
at java.base/jdk.internal.reflect.DelegatingConstructorAccessorImpl.newInstance(DelegatingConstructorAccessorImpl.java:45)
at java.base/java.lang.reflect.Constructor.newInstanceWithCaller(Constructor.java:499)
at java.base/java.lang.reflect.Constructor.newInstance(Constructor.java:480)
at org.openqa.selenium.remote.codec.w3c.W3CHttpResponseCodec.createException(W3CHttpResponseCodec.java:200)
at org.openqa.selenium.remote.codec.w3c.W3CHttpResponseCodec.decode(W3CHttpResponseCodec.java:133)
at org.openqa.selenium.remote.codec.w3c.W3CHttpResponseCodec.decode(W3CHttpResponseCodec.java:52)
at org.openqa.selenium.remote.HttpCommandExecutor.execute(HttpCommandExecutor.java:191)
at org.openqa.selenium.remote.service.DriverCommandExecutor.invokeExecute(DriverCommandExecutor.java:200)
at org.openqa.selenium.remote.service.DriverCommandExecutor.execute(DriverCommandExecutor.java:175)
at org.openqa.selenium.remote.RemoteWebDriver.execute(RemoteWebDriver.java:523)
at org.openqa.selenium.remote.RemoteWebElement.execute(RemoteWebElement.java:224)
at org.openqa.selenium.remote.RemoteWebElement.click(RemoteWebElement.java:77)
at java.base/jdk.internal.reflect.NativeMethodAccessorImpl.invoke0(Native Method)
at java.base/jdk.internal.reflect.NativeMethodAccessorImpl.invoke(NativeMethodAccessorImpl.java:77)
at java.base/jdk.internal.reflect.DelegatingMethodAccessorImpl.invoke(DelegatingMethodAccessorImpl.java:43)
at java.base/java.lang.reflect.Method.invoke(Method.java:568)
at org.openqa.selenium.support.pagefactory.internal.LocatingElementHandler.invoke(LocatingElementHandler.java:51)
at jdk.proxy2/jdk.proxy2.$Proxy12.click(Unknown Source)
at base.UtilityClass.buttonClick(UtilityClass.java:127)
at com.execute.Audit.t1(Audit.java:59)
at java.base/jdk.internal.reflect.NativeMethodAccessorImpl.invoke0(Native Method)
at java.base/jdk.internal.reflect.NativeMethodAccessorImpl.invoke(NativeMethodAccessorImpl.java:77)
at java.base/jdk.internal.reflect.DelegatingMethodAccessorImpl.invoke(DelegatingMethodAccessorImpl.java:43)
at java.base/java.lang.reflect.Method.invoke(Method.java:568)
at org.testng.internal.invokers.MethodInvocationHelper.invokeMethod(MethodInvocationHelper.java:139)
at org.testng.internal.invokers.TestInvoker.invokeMethod(TestInvoker.java:664)
at org.testng.internal.invokers.TestInvoker.invokeTestMethod(TestInvoker.java:228)
at org.testng.internal.invokers.MethodRunner.runInSequence(MethodRunner.java:63)
at org.testng.internal.invokers.TestInvoker$MethodInvocationAgent.invoke(TestInvoker.java:961)
at org.testng.internal.invokers.TestInvoker.invokeTestMethods(TestInvoker.java:201)
at org.testng.internal.invokers.TestMethodWorker.invokeTestMethods(TestMethodWorker.java:148)
at org.testng.internal.invokers.TestMethodWorker.run(TestMethodWorker.java:128)
at java.base/java.util.ArrayList.forEach(ArrayList.java:1511)
at org.testng.TestRunner.privateRun(TestRunner.java:819)
at org.testng.TestRunner.run(TestRunner.java:619)
at org.testng.SuiteRunner.runTest(SuiteRunner.java:443)
at org.testng.SuiteRunner.runSequentially(SuiteRunner.java:437)
at org.testng.SuiteRunner.privateRun(SuiteRunner.java:397)
at org.testng.SuiteRunner.run(SuiteRunner.java:336)
at org.testng.SuiteRunnerWorker.runSuite(SuiteRunnerWorker.java:52)
at org.testng.SuiteRunnerWorker.run(SuiteRunnerWorker.java:95)
at org.testng.TestNG.runSuitesSequentially(TestNG.java:1301)
at org.testng.TestNG.runSuitesLocally(TestNG.java:1228)
at org.testng.TestNG.runSuites(TestNG.java:1134)
at org.testng.TestNG.run(TestNG.java:1101)
at org.testng.remote.AbstractRemoteTestNG.run(AbstractRemoteTestNG.java:115)
at org.testng.remote.RemoteTestNG.initAndRun(RemoteTestNG.java:251)
at org.testng.remote.RemoteTestNG.main(RemoteTestNG.java:77)
]]>
    </error>
  </testcase> <!-- t1 -->
</testsuite> <!-- com.execute.Audit -->
