<?xml version="1.0" encoding="UTF-8"?>
<!-- Generated by org.testng.reporters.JUnitReportReporter -->
<testsuite hostname="TINMA2-LW1-0046" failures="0" tests="1" name="com.mass.MassCoding" time="124.548" errors="0" timestamp="2024-02-27T11:49:34 IST" skipped="0">
  <testcase classname="com.mass.MassCoding" name="test" time="124.548"/>
</testsuite> <!-- com.mass.MassCoding -->
