<?xml version="1.0" encoding="UTF-8"?>
<!-- Generated by org.testng.reporters.JUnitReportReporter -->
<testsuite hostname="TINDEL-LW1-0019" failures="0" tests="1" name="com.execute.MassCoding" time="125.790" errors="0" timestamp="2024-03-27T18:27:55 IST" skipped="0">
  <testcase classname="com.execute.MassCoding" name="test" time="125.790"/>
</testsuite> <!-- com.execute.MassCoding -->
